<?xml version="1.0" encoding="UTF-8"?>
<testsuite xmlns:xsi="http://www.w3.org/2001/XMLSchema-instance" xsi:schemaLocation="https://maven.apache.org/surefire/maven-surefire-plugin/xsd/surefire-test-report.xsd" name="org.apache.jena.riot.process.TS_Process" time="0.047" tests="60" errors="0" skipped="0" failures="0">
  <properties>
    <property name="java.runtime.name" value="Java(TM) SE Runtime Environment"/>
    <property name="sun.boot.library.path" value="/usr/lib/jvm/java-8-oracle/jre/lib/amd64"/>
    <property name="java.vm.version" value="25.111-b14"/>
    <property name="java.vm.vendor" value="Oracle Corporation"/>
    <property name="java.vendor.url" value="http://java.oracle.com/"/>
    <property name="path.separator" value=":"/>
    <property name="guice.disable.misplaced.annotation.check" value="true"/>
    <property name="java.vm.name" value="Java HotSpot(TM) 64-Bit Server VM"/>
    <property name="file.encoding.pkg" value="sun.io"/>
    <property name="user.country" value="US"/>
    <property name="sun.java.launcher" value="SUN_STANDARD"/>
    <property name="sun.os.patch.level" value="unknown"/>
    <property name="java.vm.specification.name" value="Java Virtual Machine Specification"/>
    <property name="user.dir" value="/home/ubuntu/research/jena"/>
    <property name="java.runtime.version" value="1.8.0_111-b14"/>
    <property name="java.awt.graphicsenv" value="sun.awt.X11GraphicsEnvironment"/>
    <property name="java.endorsed.dirs" value="/usr/lib/jvm/java-8-oracle/jre/lib/endorsed"/>
    <property name="os.arch" value="amd64"/>
    <property name="java.io.tmpdir" value="/tmp"/>
    <property name="line.separator" value="&#10;"/>
    <property name="java.vm.specification.vendor" value="Oracle Corporation"/>
    <property name="os.name" value="Linux"/>
    <property name="classworlds.conf" value="/usr/share/maven/bin/m2.conf"/>
    <property name="sun.jnu.encoding" value="UTF-8"/>
    <property name="java.library.path" value="/usr/java/packages/lib/amd64:/usr/lib64:/lib64:/lib:/usr/lib"/>
    <property name="java.specification.name" value="Java Platform API Specification"/>
    <property name="java.class.version" value="52.0"/>
    <property name="sun.management.compiler" value="HotSpot 64-Bit Tiered Compilers"/>
    <property name="os.version" value="4.2.0-27-generic"/>
    <property name="user.home" value="/root"/>
    <property name="user.timezone" value="America/Los_Angeles"/>
    <property name="java.awt.printerjob" value="sun.print.PSPrinterJob"/>
    <property name="file.encoding" value="UTF-8"/>
    <property name="java.specification.version" value="1.8"/>
    <property name="user.name" value="root"/>
    <property name="java.class.path" value="/usr/share/maven/boot/plexus-classworlds-2.x.jar"/>
    <property name="java.vm.specification.version" value="1.8"/>
    <property name="sun.arch.data.model" value="64"/>
    <property name="java.home" value="/usr/lib/jvm/java-8-oracle/jre"/>
    <property name="sun.java.command" value="org.codehaus.plexus.classworlds.launcher.Launcher package"/>
    <property name="java.specification.vendor" value="Oracle Corporation"/>
    <property name="user.language" value="en"/>
    <property name="awt.toolkit" value="sun.awt.X11.XToolkit"/>
    <property name="java.vm.info" value="mixed mode"/>
    <property name="java.version" value="1.8.0_111"/>
    <property name="java.ext.dirs" value="/usr/lib/jvm/java-8-oracle/jre/lib/ext:/usr/java/packages/lib/ext"/>
    <property name="securerandom.source" value="file:/dev/./urandom"/>
    <property name="sun.boot.class.path" value="/usr/lib/jvm/java-8-oracle/jre/lib/resources.jar:/usr/lib/jvm/java-8-oracle/jre/lib/rt.jar:/usr/lib/jvm/java-8-oracle/jre/lib/sunrsasign.jar:/usr/lib/jvm/java-8-oracle/jre/lib/jsse.jar:/usr/lib/jvm/java-8-oracle/jre/lib/jce.jar:/usr/lib/jvm/java-8-oracle/jre/lib/charsets.jar:/usr/lib/jvm/java-8-oracle/jre/lib/jfr.jar:/usr/lib/jvm/java-8-oracle/jre/classes"/>
    <property name="java.vendor" value="Oracle Corporation"/>
    <property name="maven.home" value="/usr/share/maven"/>
    <property name="file.separator" value="/"/>
    <property name="java.vendor.url.bug" value="http://bugreport.sun.com/bugreport/"/>
    <property name="sun.cpu.endian" value="little"/>
    <property name="sun.io.unicode.encoding" value="UnicodeLittle"/>
    <property name="sun.desktop" value="gnome"/>
    <property name="sun.cpu.isalist" value=""/>
  </properties>
  <testcase name="normalize_double_01" classname="org.apache.jena.riot.process.TestNormalization" time="0.014"/>
  <testcase name="normalize_double_02" classname="org.apache.jena.riot.process.TestNormalization" time="0"/>
  <testcase name="normalize_double_03" classname="org.apache.jena.riot.process.TestNormalization" time="0"/>
  <testcase name="normalize_double_04" classname="org.apache.jena.riot.process.TestNormalization" time="0.001"/>
  <testcase name="normalize_double_05" classname="org.apache.jena.riot.process.TestNormalization" time="0"/>
  <testcase name="normalize_double_10" classname="org.apache.jena.riot.process.TestNormalization" time="0"/>
  <testcase name="normalize_double_11" classname="org.apache.jena.riot.process.TestNormalization" time="0"/>
  <testcase name="normalize_double_12" classname="org.apache.jena.riot.process.TestNormalization" time="0"/>
  <testcase name="normalize_double_13" classname="org.apache.jena.riot.process.TestNormalization" time="0"/>
  <testcase name="normalize_double_14" classname="org.apache.jena.riot.process.TestNormalization" time="0"/>
  <testcase name="normalize_double_15" classname="org.apache.jena.riot.process.TestNormalization" time="0"/>
  <testcase name="normalize_double_16" classname="org.apache.jena.riot.process.TestNormalization" time="0"/>
  <testcase name="normalize_double_17" classname="org.apache.jena.riot.process.TestNormalization" time="0"/>
  <testcase name="normalize_lang_01" classname="org.apache.jena.riot.process.TestNormalization" time="0"/>
  <testcase name="normalize_lang_02" classname="org.apache.jena.riot.process.TestNormalization" time="0"/>
  <testcase name="normalize_lang_03" classname="org.apache.jena.riot.process.TestNormalization" time="0"/>
  <testcase name="normalize_lang_04" classname="org.apache.jena.riot.process.TestNormalization" time="0"/>
  <testcase name="normalize_lang_05" classname="org.apache.jena.riot.process.TestNormalization" time="0"/>
  <testcase name="normalize_lang_06" classname="org.apache.jena.riot.process.TestNormalization" time="0"/>
  <testcase name="normalize_datetime_01" classname="org.apache.jena.riot.process.TestNormalization" time="0.001"/>
  <testcase name="normalize_datetime_02" classname="org.apache.jena.riot.process.TestNormalization" time="0"/>
  <testcase name="normalize_datetime_03" classname="org.apache.jena.riot.process.TestNormalization" time="0"/>
  <testcase name="normalize_datetime_04" classname="org.apache.jena.riot.process.TestNormalization" time="0"/>
  <testcase name="normalize_datetime_05" classname="org.apache.jena.riot.process.TestNormalization" time="0"/>
  <testcase name="normalize_int_01" classname="org.apache.jena.riot.process.TestNormalization" time="0"/>
  <testcase name="normalize_int_02" classname="org.apache.jena.riot.process.TestNormalization" time="0"/>
  <testcase name="normalize_int_03" classname="org.apache.jena.riot.process.TestNormalization" time="0"/>
  <testcase name="normalize_int_04" classname="org.apache.jena.riot.process.TestNormalization" time="0"/>
  <testcase name="normalize_int_05" classname="org.apache.jena.riot.process.TestNormalization" time="0"/>
  <testcase name="normalize_int_06" classname="org.apache.jena.riot.process.TestNormalization" time="0"/>
  <testcase name="normalize_int_07" classname="org.apache.jena.riot.process.TestNormalization" time="0"/>
  <testcase name="normalize_int_08" classname="org.apache.jena.riot.process.TestNormalization" time="0"/>
  <testcase name="normalize_int_09" classname="org.apache.jena.riot.process.TestNormalization" time="0"/>
  <testcase name="normalize_int_10" classname="org.apache.jena.riot.process.TestNormalization" time="0"/>
  <testcase name="normalize_int_11" classname="org.apache.jena.riot.process.TestNormalization" time="0"/>
  <testcase name="normalize_int_20" classname="org.apache.jena.riot.process.TestNormalization" time="0"/>
  <testcase name="normalize_int_21" classname="org.apache.jena.riot.process.TestNormalization" time="0.001"/>
  <testcase name="normalize_int_22" classname="org.apache.jena.riot.process.TestNormalization" time="0"/>
  <testcase name="normalize_int_23" classname="org.apache.jena.riot.process.TestNormalization" time="0"/>
  <testcase name="normalize_int_24" classname="org.apache.jena.riot.process.TestNormalization" time="0"/>
  <testcase name="normalize_int_25" classname="org.apache.jena.riot.process.TestNormalization" time="0"/>
  <testcase name="normalize_decimal_01" classname="org.apache.jena.riot.process.TestNormalization" time="0"/>
  <testcase name="normalize_decimal_02" classname="org.apache.jena.riot.process.TestNormalization" time="0"/>
  <testcase name="normalize_decimal_03" classname="org.apache.jena.riot.process.TestNormalization" time="0"/>
  <testcase name="normalize_decimal_04" classname="org.apache.jena.riot.process.TestNormalization" time="0"/>
  <testcase name="normalize_decimal_05" classname="org.apache.jena.riot.process.TestNormalization" time="0"/>
  <testcase name="normalize_decimal_06" classname="org.apache.jena.riot.process.TestNormalization" time="0"/>
  <testcase name="normalize_decimal_07" classname="org.apache.jena.riot.process.TestNormalization" time="0.001"/>
  <testcase name="normalize_decimal_08" classname="org.apache.jena.riot.process.TestNormalization" time="0"/>
  <testcase name="normalize_decimal_09" classname="org.apache.jena.riot.process.TestNormalization" time="0"/>
  <testcase name="normalize_decimal_10" classname="org.apache.jena.riot.process.TestNormalization" time="0.001"/>
  <testcase name="normalize_decimal_11" classname="org.apache.jena.riot.process.TestNormalization" time="0.006"/>
  <testcase name="normalize_decimal_12" classname="org.apache.jena.riot.process.TestNormalization" time="0.001"/>
  <testcase name="normalize_decimal_13" classname="org.apache.jena.riot.process.TestNormalization" time="0"/>
  <testcase name="normalize_decimal_14" classname="org.apache.jena.riot.process.TestNormalization" time="0"/>
  <testcase name="normalize_decimal_15" classname="org.apache.jena.riot.process.TestNormalization" time="0"/>
  <testcase name="normalize_boolean_01" classname="org.apache.jena.riot.process.TestNormalization" time="0"/>
  <testcase name="normalize_boolean_02" classname="org.apache.jena.riot.process.TestNormalization" time="0"/>
  <testcase name="normalize_boolean_03" classname="org.apache.jena.riot.process.TestNormalization" time="0"/>
  <testcase name="normalize_boolean_04" classname="org.apache.jena.riot.process.TestNormalization" time="0"/>
</testsuite>