<?xml version="1.0" encoding="UTF-8"?>
<testsuite xmlns:xsi="http://www.w3.org/2001/XMLSchema-instance" xsi:schemaLocation="https://maven.apache.org/surefire/maven-surefire-plugin/xsd/surefire-test-report.xsd" name="org.apache.jena.sparql.path.TS_Path" time="0.242" tests="116" errors="0" skipped="0" failures="0">
  <properties>
    <property name="java.runtime.name" value="Java(TM) SE Runtime Environment"/>
    <property name="sun.boot.library.path" value="/usr/lib/jvm/java-8-oracle/jre/lib/amd64"/>
    <property name="java.vm.version" value="25.111-b14"/>
    <property name="java.vm.vendor" value="Oracle Corporation"/>
    <property name="java.vendor.url" value="http://java.oracle.com/"/>
    <property name="path.separator" value=":"/>
    <property name="guice.disable.misplaced.annotation.check" value="true"/>
    <property name="java.vm.name" value="Java HotSpot(TM) 64-Bit Server VM"/>
    <property name="file.encoding.pkg" value="sun.io"/>
    <property name="user.country" value="US"/>
    <property name="sun.java.launcher" value="SUN_STANDARD"/>
    <property name="sun.os.patch.level" value="unknown"/>
    <property name="java.vm.specification.name" value="Java Virtual Machine Specification"/>
    <property name="user.dir" value="/home/ubuntu/research/jena"/>
    <property name="java.runtime.version" value="1.8.0_111-b14"/>
    <property name="java.awt.graphicsenv" value="sun.awt.X11GraphicsEnvironment"/>
    <property name="java.endorsed.dirs" value="/usr/lib/jvm/java-8-oracle/jre/lib/endorsed"/>
    <property name="os.arch" value="amd64"/>
    <property name="java.io.tmpdir" value="/tmp"/>
    <property name="line.separator" value="&#10;"/>
    <property name="java.vm.specification.vendor" value="Oracle Corporation"/>
    <property name="os.name" value="Linux"/>
    <property name="classworlds.conf" value="/usr/share/maven/bin/m2.conf"/>
    <property name="sun.jnu.encoding" value="UTF-8"/>
    <property name="java.library.path" value="/usr/java/packages/lib/amd64:/usr/lib64:/lib64:/lib:/usr/lib"/>
    <property name="java.specification.name" value="Java Platform API Specification"/>
    <property name="java.class.version" value="52.0"/>
    <property name="sun.management.compiler" value="HotSpot 64-Bit Tiered Compilers"/>
    <property name="os.version" value="4.2.0-27-generic"/>
    <property name="user.home" value="/root"/>
    <property name="user.timezone" value="America/Los_Angeles"/>
    <property name="java.awt.printerjob" value="sun.print.PSPrinterJob"/>
    <property name="file.encoding" value="UTF-8"/>
    <property name="java.specification.version" value="1.8"/>
    <property name="user.name" value="root"/>
    <property name="java.class.path" value="/usr/share/maven/boot/plexus-classworlds-2.x.jar"/>
    <property name="java.vm.specification.version" value="1.8"/>
    <property name="sun.arch.data.model" value="64"/>
    <property name="java.home" value="/usr/lib/jvm/java-8-oracle/jre"/>
    <property name="sun.java.command" value="org.codehaus.plexus.classworlds.launcher.Launcher package"/>
    <property name="java.specification.vendor" value="Oracle Corporation"/>
    <property name="user.language" value="en"/>
    <property name="awt.toolkit" value="sun.awt.X11.XToolkit"/>
    <property name="java.vm.info" value="mixed mode"/>
    <property name="java.version" value="1.8.0_111"/>
    <property name="java.ext.dirs" value="/usr/lib/jvm/java-8-oracle/jre/lib/ext:/usr/java/packages/lib/ext"/>
    <property name="securerandom.source" value="file:/dev/./urandom"/>
    <property name="sun.boot.class.path" value="/usr/lib/jvm/java-8-oracle/jre/lib/resources.jar:/usr/lib/jvm/java-8-oracle/jre/lib/rt.jar:/usr/lib/jvm/java-8-oracle/jre/lib/sunrsasign.jar:/usr/lib/jvm/java-8-oracle/jre/lib/jsse.jar:/usr/lib/jvm/java-8-oracle/jre/lib/jce.jar:/usr/lib/jvm/java-8-oracle/jre/lib/charsets.jar:/usr/lib/jvm/java-8-oracle/jre/lib/jfr.jar:/usr/lib/jvm/java-8-oracle/jre/classes"/>
    <property name="java.vendor" value="Oracle Corporation"/>
    <property name="maven.home" value="/usr/share/maven"/>
    <property name="file.separator" value="/"/>
    <property name="java.vendor.url.bug" value="http://bugreport.sun.com/bugreport/"/>
    <property name="sun.cpu.endian" value="little"/>
    <property name="sun.io.unicode.encoding" value="UnicodeLittle"/>
    <property name="sun.desktop" value="gnome"/>
    <property name="sun.cpu.isalist" value=""/>
  </properties>
  <testcase name="parsePathShortest1" classname="org.apache.jena.sparql.path.TestPath" time="0.001"/>
  <testcase name="parsePathShortest2" classname="org.apache.jena.sparql.path.TestPath" time="0.001"/>
  <testcase name="parsePathShortest3" classname="org.apache.jena.sparql.path.TestPath" time="0.001"/>
  <testcase name="parsePathShortest4" classname="org.apache.jena.sparql.path.TestPath" time="0.001"/>
  <testcase name="parsePathShortest5" classname="org.apache.jena.sparql.path.TestPath" time="0.005"/>
  <testcase name="parsePathShortest6" classname="org.apache.jena.sparql.path.TestPath" time="0"/>
  <testcase name="path_01" classname="org.apache.jena.sparql.path.TestPath" time="0.013"/>
  <testcase name="path_02" classname="org.apache.jena.sparql.path.TestPath" time="0.001"/>
  <testcase name="path_03" classname="org.apache.jena.sparql.path.TestPath" time="0"/>
  <testcase name="path_04" classname="org.apache.jena.sparql.path.TestPath" time="0.001"/>
  <testcase name="path_05" classname="org.apache.jena.sparql.path.TestPath" time="0.004"/>
  <testcase name="path_06" classname="org.apache.jena.sparql.path.TestPath" time="0"/>
  <testcase name="path_07" classname="org.apache.jena.sparql.path.TestPath" time="0.001"/>
  <testcase name="path_08" classname="org.apache.jena.sparql.path.TestPath" time="0.001"/>
  <testcase name="path_09" classname="org.apache.jena.sparql.path.TestPath" time="0.001"/>
  <testcase name="path_10" classname="org.apache.jena.sparql.path.TestPath" time="0.001"/>
  <testcase name="path_11" classname="org.apache.jena.sparql.path.TestPath" time="0"/>
  <testcase name="path_12" classname="org.apache.jena.sparql.path.TestPath" time="0.002"/>
  <testcase name="path_13" classname="org.apache.jena.sparql.path.TestPath" time="0.001"/>
  <testcase name="path_14" classname="org.apache.jena.sparql.path.TestPath" time="0.001"/>
  <testcase name="path_15" classname="org.apache.jena.sparql.path.TestPath" time="0.003"/>
  <testcase name="path_16" classname="org.apache.jena.sparql.path.TestPath" time="0"/>
  <testcase name="path_17" classname="org.apache.jena.sparql.path.TestPath" time="0"/>
  <testcase name="path_18" classname="org.apache.jena.sparql.path.TestPath" time="0.001"/>
  <testcase name="path_20" classname="org.apache.jena.sparql.path.TestPath" time="0"/>
  <testcase name="path_21" classname="org.apache.jena.sparql.path.TestPath" time="0.001"/>
  <testcase name="path_22" classname="org.apache.jena.sparql.path.TestPath" time="0"/>
  <testcase name="path_23" classname="org.apache.jena.sparql.path.TestPath" time="0.001"/>
  <testcase name="path_24" classname="org.apache.jena.sparql.path.TestPath" time="0"/>
  <testcase name="path_25" classname="org.apache.jena.sparql.path.TestPath" time="0"/>
  <testcase name="path_30" classname="org.apache.jena.sparql.path.TestPath" time="0.001"/>
  <testcase name="path_31" classname="org.apache.jena.sparql.path.TestPath" time="0.002"/>
  <testcase name="path_32" classname="org.apache.jena.sparql.path.TestPath" time="0"/>
  <testcase name="path_33" classname="org.apache.jena.sparql.path.TestPath" time="0"/>
  <testcase name="path_34" classname="org.apache.jena.sparql.path.TestPath" time="0.001"/>
  <testcase name="path_35" classname="org.apache.jena.sparql.path.TestPath" time="0.005"/>
  <testcase name="path_36" classname="org.apache.jena.sparql.path.TestPath" time="0.003"/>
  <testcase name="path_37" classname="org.apache.jena.sparql.path.TestPath" time="0.003"/>
  <testcase name="path_38" classname="org.apache.jena.sparql.path.TestPath" time="0"/>
  <testcase name="path_39" classname="org.apache.jena.sparql.path.TestPath" time="0.001"/>
  <testcase name="parsePathErr_01" classname="org.apache.jena.sparql.path.TestPath" time="0"/>
  <testcase name="parsePathErr_02" classname="org.apache.jena.sparql.path.TestPath" time="0.001"/>
  <testcase name="parsePathErr_03" classname="org.apache.jena.sparql.path.TestPath" time="0"/>
  <testcase name="parseEquals_1" classname="org.apache.jena.sparql.path.TestPath" time="0.004"/>
  <testcase name="parseEquals_2" classname="org.apache.jena.sparql.path.TestPath" time="0"/>
  <testcase name="parseEquals_3" classname="org.apache.jena.sparql.path.TestPath" time="0"/>
  <testcase name="parseEquals_4" classname="org.apache.jena.sparql.path.TestPath" time="0"/>
  <testcase name="parseEquals_5" classname="org.apache.jena.sparql.path.TestPath" time="0.001"/>
  <testcase name="parseEquals_6" classname="org.apache.jena.sparql.path.TestPath" time="0"/>
  <testcase name="parseEquals_7" classname="org.apache.jena.sparql.path.TestPath" time="0.001"/>
  <testcase name="parseEquals_8" classname="org.apache.jena.sparql.path.TestPath" time="0.001"/>
  <testcase name="parseEquals_9" classname="org.apache.jena.sparql.path.TestPath" time="0"/>
  <testcase name="parsePathDistinct1" classname="org.apache.jena.sparql.path.TestPath" time="0"/>
  <testcase name="parsePathDistinct2" classname="org.apache.jena.sparql.path.TestPath" time="0.001"/>
  <testcase name="parsePathDistinct3" classname="org.apache.jena.sparql.path.TestPath" time="0"/>
  <testcase name="parsePathDistinct4" classname="org.apache.jena.sparql.path.TestPath" time="0"/>
  <testcase name="parsePathDistinct5" classname="org.apache.jena.sparql.path.TestPath" time="0"/>
  <testcase name="parsePath_01" classname="org.apache.jena.sparql.path.TestPath" time="0.002"/>
  <testcase name="parsePath_02" classname="org.apache.jena.sparql.path.TestPath" time="0.001"/>
  <testcase name="parsePath_03" classname="org.apache.jena.sparql.path.TestPath" time="0"/>
  <testcase name="parsePath_04" classname="org.apache.jena.sparql.path.TestPath" time="0.002"/>
  <testcase name="parsePath_05" classname="org.apache.jena.sparql.path.TestPath" time="0"/>
  <testcase name="parsePath_06" classname="org.apache.jena.sparql.path.TestPath" time="0.001"/>
  <testcase name="parsePath_10" classname="org.apache.jena.sparql.path.TestPath" time="0"/>
  <testcase name="parsePath_11" classname="org.apache.jena.sparql.path.TestPath" time="0"/>
  <testcase name="parsePath_12" classname="org.apache.jena.sparql.path.TestPath" time="0.001"/>
  <testcase name="parsePath_13" classname="org.apache.jena.sparql.path.TestPath" time="0.001"/>
  <testcase name="parsePath_14" classname="org.apache.jena.sparql.path.TestPath" time="0.001"/>
  <testcase name="parsePath_15" classname="org.apache.jena.sparql.path.TestPath" time="0"/>
  <testcase name="parsePath_20" classname="org.apache.jena.sparql.path.TestPath" time="0"/>
  <testcase name="parsePath_21" classname="org.apache.jena.sparql.path.TestPath" time="0.001"/>
  <testcase name="parsePath_22" classname="org.apache.jena.sparql.path.TestPath" time="0"/>
  <testcase name="parsePath_23" classname="org.apache.jena.sparql.path.TestPath" time="0.001"/>
  <testcase name="parsePath_24" classname="org.apache.jena.sparql.path.TestPath" time="0"/>
  <testcase name="parsePath_25" classname="org.apache.jena.sparql.path.TestPath" time="0.002"/>
  <testcase name="parsePath_30" classname="org.apache.jena.sparql.path.TestPath" time="0.001"/>
  <testcase name="parsePath_31" classname="org.apache.jena.sparql.path.TestPath" time="0.001"/>
  <testcase name="parsePath_32" classname="org.apache.jena.sparql.path.TestPath" time="0"/>
  <testcase name="path_01" classname="org.apache.jena.sparql.path.TestPath2" time="0.001"/>
  <testcase name="path_02" classname="org.apache.jena.sparql.path.TestPath2" time="0"/>
  <testcase name="path_03" classname="org.apache.jena.sparql.path.TestPath2" time="0"/>
  <testcase name="path_04" classname="org.apache.jena.sparql.path.TestPath2" time="0"/>
  <testcase name="path_05" classname="org.apache.jena.sparql.path.TestPath2" time="0.001"/>
  <testcase name="path_06" classname="org.apache.jena.sparql.path.TestPath2" time="0"/>
  <testcase name="path_07" classname="org.apache.jena.sparql.path.TestPath2" time="0.004"/>
  <testcase name="path_08" classname="org.apache.jena.sparql.path.TestPath2" time="0.001"/>
  <testcase name="path_09" classname="org.apache.jena.sparql.path.TestPath2" time="0.001"/>
  <testcase name="path_10" classname="org.apache.jena.sparql.path.TestPath2" time="0.001"/>
  <testcase name="path_11" classname="org.apache.jena.sparql.path.TestPath2" time="0.001"/>
  <testcase name="path_12" classname="org.apache.jena.sparql.path.TestPath2" time="0.003"/>
  <testcase name="path_13" classname="org.apache.jena.sparql.path.TestPath2" time="0.001"/>
  <testcase name="path_14" classname="org.apache.jena.sparql.path.TestPath2" time="0"/>
  <testcase name="path_15" classname="org.apache.jena.sparql.path.TestPath2" time="0"/>
  <testcase name="path_16" classname="org.apache.jena.sparql.path.TestPath2" time="0"/>
  <testcase name="path_17" classname="org.apache.jena.sparql.path.TestPath2" time="0.001"/>
  <testcase name="path_18" classname="org.apache.jena.sparql.path.TestPath2" time="0.001"/>
  <testcase name="path_19" classname="org.apache.jena.sparql.path.TestPath2" time="0.004"/>
  <testcase name="path_20" classname="org.apache.jena.sparql.path.TestPath2" time="0.001"/>
  <testcase name="path_21" classname="org.apache.jena.sparql.path.TestPath2" time="0.001"/>
  <testcase name="path_30" classname="org.apache.jena.sparql.path.TestPath2" time="0.001"/>
  <testcase name="path_31" classname="org.apache.jena.sparql.path.TestPath2" time="0.001"/>
  <testcase name="path_32" classname="org.apache.jena.sparql.path.TestPath2" time="0.001"/>
  <testcase name="path_33" classname="org.apache.jena.sparql.path.TestPath2" time="0.001"/>
  <testcase name="path_34" classname="org.apache.jena.sparql.path.TestPath2" time="0.002"/>
  <testcase name="path_35" classname="org.apache.jena.sparql.path.TestPath2" time="0.001"/>
  <testcase name="path_36" classname="org.apache.jena.sparql.path.TestPath2" time="0.001"/>
  <testcase name="path_37" classname="org.apache.jena.sparql.path.TestPath2" time="0.001"/>
  <testcase name="path_pf_00" classname="org.apache.jena.sparql.path.TestPathPF" time="0.001"/>
  <testcase name="path_pf_01" classname="org.apache.jena.sparql.path.TestPathPF" time="0.001"/>
  <testcase name="path_pf_02" classname="org.apache.jena.sparql.path.TestPathPF" time="0"/>
  <testcase name="path_pf_03" classname="org.apache.jena.sparql.path.TestPathPF" time="0"/>
  <testcase name="path_pf_10" classname="org.apache.jena.sparql.path.TestPathPF" time="0.006"/>
  <testcase name="path_pf_11" classname="org.apache.jena.sparql.path.TestPathPF" time="0.001"/>
  <testcase name="path_pf_12" classname="org.apache.jena.sparql.path.TestPathPF" time="0"/>
  <testcase name="path_pf_13" classname="org.apache.jena.sparql.path.TestPathPF" time="0.001"/>
  <testcase name="path_pf_14" classname="org.apache.jena.sparql.path.TestPathPF" time="0"/>
</testsuite>