<?xml version="1.0" encoding="UTF-8"?>
<testsuite xmlns:xsi="http://www.w3.org/2001/XMLSchema-instance" xsi:schemaLocation="https://maven.apache.org/surefire/maven-surefire-plugin/xsd/surefire-test-report.xsd" name="org.apache.jena.riot.out.TS_Out" time="0.079" tests="128" errors="0" skipped="0" failures="0">
  <properties>
    <property name="java.runtime.name" value="Java(TM) SE Runtime Environment"/>
    <property name="sun.boot.library.path" value="/usr/lib/jvm/java-8-oracle/jre/lib/amd64"/>
    <property name="java.vm.version" value="25.111-b14"/>
    <property name="java.vm.vendor" value="Oracle Corporation"/>
    <property name="java.vendor.url" value="http://java.oracle.com/"/>
    <property name="path.separator" value=":"/>
    <property name="guice.disable.misplaced.annotation.check" value="true"/>
    <property name="java.vm.name" value="Java HotSpot(TM) 64-Bit Server VM"/>
    <property name="file.encoding.pkg" value="sun.io"/>
    <property name="user.country" value="US"/>
    <property name="sun.java.launcher" value="SUN_STANDARD"/>
    <property name="sun.os.patch.level" value="unknown"/>
    <property name="java.vm.specification.name" value="Java Virtual Machine Specification"/>
    <property name="user.dir" value="/home/ubuntu/research/jena"/>
    <property name="java.runtime.version" value="1.8.0_111-b14"/>
    <property name="java.awt.graphicsenv" value="sun.awt.X11GraphicsEnvironment"/>
    <property name="java.endorsed.dirs" value="/usr/lib/jvm/java-8-oracle/jre/lib/endorsed"/>
    <property name="os.arch" value="amd64"/>
    <property name="java.io.tmpdir" value="/tmp"/>
    <property name="line.separator" value="&#10;"/>
    <property name="java.vm.specification.vendor" value="Oracle Corporation"/>
    <property name="os.name" value="Linux"/>
    <property name="classworlds.conf" value="/usr/share/maven/bin/m2.conf"/>
    <property name="sun.jnu.encoding" value="UTF-8"/>
    <property name="java.library.path" value="/usr/java/packages/lib/amd64:/usr/lib64:/lib64:/lib:/usr/lib"/>
    <property name="java.specification.name" value="Java Platform API Specification"/>
    <property name="java.class.version" value="52.0"/>
    <property name="sun.management.compiler" value="HotSpot 64-Bit Tiered Compilers"/>
    <property name="os.version" value="4.2.0-27-generic"/>
    <property name="user.home" value="/root"/>
    <property name="user.timezone" value="America/Los_Angeles"/>
    <property name="java.awt.printerjob" value="sun.print.PSPrinterJob"/>
    <property name="file.encoding" value="UTF-8"/>
    <property name="java.specification.version" value="1.8"/>
    <property name="user.name" value="root"/>
    <property name="java.class.path" value="/usr/share/maven/boot/plexus-classworlds-2.x.jar"/>
    <property name="java.vm.specification.version" value="1.8"/>
    <property name="sun.arch.data.model" value="64"/>
    <property name="java.home" value="/usr/lib/jvm/java-8-oracle/jre"/>
    <property name="sun.java.command" value="org.codehaus.plexus.classworlds.launcher.Launcher package"/>
    <property name="java.specification.vendor" value="Oracle Corporation"/>
    <property name="user.language" value="en"/>
    <property name="awt.toolkit" value="sun.awt.X11.XToolkit"/>
    <property name="java.vm.info" value="mixed mode"/>
    <property name="java.version" value="1.8.0_111"/>
    <property name="java.ext.dirs" value="/usr/lib/jvm/java-8-oracle/jre/lib/ext:/usr/java/packages/lib/ext"/>
    <property name="securerandom.source" value="file:/dev/./urandom"/>
    <property name="sun.boot.class.path" value="/usr/lib/jvm/java-8-oracle/jre/lib/resources.jar:/usr/lib/jvm/java-8-oracle/jre/lib/rt.jar:/usr/lib/jvm/java-8-oracle/jre/lib/sunrsasign.jar:/usr/lib/jvm/java-8-oracle/jre/lib/jsse.jar:/usr/lib/jvm/java-8-oracle/jre/lib/jce.jar:/usr/lib/jvm/java-8-oracle/jre/lib/charsets.jar:/usr/lib/jvm/java-8-oracle/jre/lib/jfr.jar:/usr/lib/jvm/java-8-oracle/jre/classes"/>
    <property name="java.vendor" value="Oracle Corporation"/>
    <property name="maven.home" value="/usr/share/maven"/>
    <property name="file.separator" value="/"/>
    <property name="java.vendor.url.bug" value="http://bugreport.sun.com/bugreport/"/>
    <property name="sun.cpu.endian" value="little"/>
    <property name="sun.io.unicode.encoding" value="UnicodeLittle"/>
    <property name="sun.desktop" value="gnome"/>
    <property name="sun.cpu.isalist" value=""/>
  </properties>
  <testcase name="escape_nt_00" classname="org.apache.jena.riot.out.TestQuotedStringOutput" time="0.004"/>
  <testcase name="escape_nt_01" classname="org.apache.jena.riot.out.TestQuotedStringOutput" time="0"/>
  <testcase name="escape_nt_02" classname="org.apache.jena.riot.out.TestQuotedStringOutput" time="0"/>
  <testcase name="escape_nt_03" classname="org.apache.jena.riot.out.TestQuotedStringOutput" time="0.001"/>
  <testcase name="escape_nt_04" classname="org.apache.jena.riot.out.TestQuotedStringOutput" time="0"/>
  <testcase name="escape_nt_05" classname="org.apache.jena.riot.out.TestQuotedStringOutput" time="0"/>
  <testcase name="escape_ttl_singleline_quote1_multiline_str0" classname="org.apache.jena.riot.out.TestQuotedStringOutput" time="0"/>
  <testcase name="escape_ttl_singleline_quote1_multiline_str1" classname="org.apache.jena.riot.out.TestQuotedStringOutput" time="0"/>
  <testcase name="escape_ttl_singleline_quote1_multiline_str2" classname="org.apache.jena.riot.out.TestQuotedStringOutput" time="0"/>
  <testcase name="escape_ttl_singleline_quote1_multiline_str3" classname="org.apache.jena.riot.out.TestQuotedStringOutput" time="0"/>
  <testcase name="escape_ttl_singleline_quote1_multiline_str4" classname="org.apache.jena.riot.out.TestQuotedStringOutput" time="0"/>
  <testcase name="escape_ttl_singleline_quote1_multiline_str5" classname="org.apache.jena.riot.out.TestQuotedStringOutput" time="0"/>
  <testcase name="escape_ttl_singleline_quote1_00" classname="org.apache.jena.riot.out.TestQuotedStringOutput" time="0"/>
  <testcase name="escape_ttl_singleline_quote1_01" classname="org.apache.jena.riot.out.TestQuotedStringOutput" time="0"/>
  <testcase name="escape_ttl_singleline_quote1_02" classname="org.apache.jena.riot.out.TestQuotedStringOutput" time="0"/>
  <testcase name="escape_ttl_singleline_quote1_03" classname="org.apache.jena.riot.out.TestQuotedStringOutput" time="0"/>
  <testcase name="escape_ttl_singleline_quote1_04" classname="org.apache.jena.riot.out.TestQuotedStringOutput" time="0"/>
  <testcase name="escape_ttl_singleline_quote1_05" classname="org.apache.jena.riot.out.TestQuotedStringOutput" time="0"/>
  <testcase name="escape_ttl_singleline_quote2_00" classname="org.apache.jena.riot.out.TestQuotedStringOutput" time="0"/>
  <testcase name="escape_ttl_singleline_quote2_01" classname="org.apache.jena.riot.out.TestQuotedStringOutput" time="0.001"/>
  <testcase name="escape_ttl_singleline_quote2_02" classname="org.apache.jena.riot.out.TestQuotedStringOutput" time="0"/>
  <testcase name="escape_ttl_singleline_quote2_03" classname="org.apache.jena.riot.out.TestQuotedStringOutput" time="0"/>
  <testcase name="escape_ttl_singleline_quote2_04" classname="org.apache.jena.riot.out.TestQuotedStringOutput" time="0"/>
  <testcase name="escape_ttl_singleline_quote2_05" classname="org.apache.jena.riot.out.TestQuotedStringOutput" time="0.001"/>
  <testcase name="escape_ttl_singleline_quote2_multiline_str0" classname="org.apache.jena.riot.out.TestQuotedStringOutput" time="0"/>
  <testcase name="escape_ttl_singleline_quote2_multiline_str1" classname="org.apache.jena.riot.out.TestQuotedStringOutput" time="0"/>
  <testcase name="escape_ttl_singleline_quote2_multiline_str2" classname="org.apache.jena.riot.out.TestQuotedStringOutput" time="0.004"/>
  <testcase name="escape_ttl_singleline_quote2_multiline_str3" classname="org.apache.jena.riot.out.TestQuotedStringOutput" time="0"/>
  <testcase name="escape_ttl_singleline_quote2_multiline_str4" classname="org.apache.jena.riot.out.TestQuotedStringOutput" time="0"/>
  <testcase name="escape_ttl_singleline_quote2_multiline_str5" classname="org.apache.jena.riot.out.TestQuotedStringOutput" time="0"/>
  <testcase name="nodefmt_rdf11_01" classname="org.apache.jena.riot.out.TestNodeFmt" time="0.001"/>
  <testcase name="nodefmt_rdf11_02" classname="org.apache.jena.riot.out.TestNodeFmt" time="0"/>
  <testcase name="prefixedname_01" classname="org.apache.jena.riot.out.TestNodeFmt" time="0"/>
  <testcase name="nodefmt_nt_05a" classname="org.apache.jena.riot.out.TestNodeFmt" time="0"/>
  <testcase name="nodefmt_nt_06a" classname="org.apache.jena.riot.out.TestNodeFmt" time="0"/>
  <testcase name="nodefmt_nt_07a" classname="org.apache.jena.riot.out.TestNodeFmt" time="0"/>
  <testcase name="nodefmt_ttl_01" classname="org.apache.jena.riot.out.TestNodeFmt" time="0"/>
  <testcase name="nodefmt_ttl_02" classname="org.apache.jena.riot.out.TestNodeFmt" time="0"/>
  <testcase name="nodefmt_ttl_03" classname="org.apache.jena.riot.out.TestNodeFmt" time="0"/>
  <testcase name="nodefmt_ttl_04" classname="org.apache.jena.riot.out.TestNodeFmt" time="0"/>
  <testcase name="nodefmt_ttl_05" classname="org.apache.jena.riot.out.TestNodeFmt" time="0"/>
  <testcase name="nodefmt_ttl_06" classname="org.apache.jena.riot.out.TestNodeFmt" time="0"/>
  <testcase name="nodefmt_ttl_07" classname="org.apache.jena.riot.out.TestNodeFmt" time="0"/>
  <testcase name="nodefmt_ttl_08" classname="org.apache.jena.riot.out.TestNodeFmt" time="0"/>
  <testcase name="nodefmt_ttl_11" classname="org.apache.jena.riot.out.TestNodeFmt" time="0"/>
  <testcase name="nodefmt_ttl_12" classname="org.apache.jena.riot.out.TestNodeFmt" time="0"/>
  <testcase name="nodefmt_ttl_13" classname="org.apache.jena.riot.out.TestNodeFmt" time="0"/>
  <testcase name="nodefmt_ttl_14" classname="org.apache.jena.riot.out.TestNodeFmt" time="0"/>
  <testcase name="nodefmt_ttl_15" classname="org.apache.jena.riot.out.TestNodeFmt" time="0"/>
  <testcase name="nodefmt_ttl_16" classname="org.apache.jena.riot.out.TestNodeFmt" time="0"/>
  <testcase name="nodefmt_ttl_17" classname="org.apache.jena.riot.out.TestNodeFmt" time="0"/>
  <testcase name="nodefmt_ttl_18" classname="org.apache.jena.riot.out.TestNodeFmt" time="0.001"/>
  <testcase name="nodefmt_ttl_19" classname="org.apache.jena.riot.out.TestNodeFmt" time="0"/>
  <testcase name="nodefmt_ttl_20" classname="org.apache.jena.riot.out.TestNodeFmt" time="0"/>
  <testcase name="nodefmt_ttl_21" classname="org.apache.jena.riot.out.TestNodeFmt" time="0"/>
  <testcase name="nodefmt_ttl_29" classname="org.apache.jena.riot.out.TestNodeFmt" time="0"/>
  <testcase name="nodefmt_ttl_30" classname="org.apache.jena.riot.out.TestNodeFmt" time="0"/>
  <testcase name="nodefmt_ttl_31" classname="org.apache.jena.riot.out.TestNodeFmt" time="0"/>
  <testcase name="nodefmt_ttl_32" classname="org.apache.jena.riot.out.TestNodeFmt" time="0.002"/>
  <testcase name="nodefmt_ttl_33" classname="org.apache.jena.riot.out.TestNodeFmt" time="0"/>
  <testcase name="nodefmt_ttl_34" classname="org.apache.jena.riot.out.TestNodeFmt" time="0"/>
  <testcase name="nodefmt_ttl_35" classname="org.apache.jena.riot.out.TestNodeFmt" time="0.001"/>
  <testcase name="nodefmt_ttl_40" classname="org.apache.jena.riot.out.TestNodeFmt" time="0"/>
  <testcase name="nodefmt_ttl_41" classname="org.apache.jena.riot.out.TestNodeFmt" time="0"/>
  <testcase name="nodefmt_ttl_42" classname="org.apache.jena.riot.out.TestNodeFmt" time="0.001"/>
  <testcase name="nodefmt_ttl_43" classname="org.apache.jena.riot.out.TestNodeFmt" time="0"/>
  <testcase name="nodefmt_ttl_44" classname="org.apache.jena.riot.out.TestNodeFmt" time="0"/>
  <testcase name="nodefmt_ttl_45" classname="org.apache.jena.riot.out.TestNodeFmt" time="0"/>
  <testcase name="nodefmt_ttl_46" classname="org.apache.jena.riot.out.TestNodeFmt" time="0"/>
  <testcase name="nodefmt_ttl_47" classname="org.apache.jena.riot.out.TestNodeFmt" time="0"/>
  <testcase name="nodefmt_ttl_48" classname="org.apache.jena.riot.out.TestNodeFmt" time="0"/>
  <testcase name="nodefmt_ttl_49" classname="org.apache.jena.riot.out.TestNodeFmt" time="0"/>
  <testcase name="nodefmt_ttl_50" classname="org.apache.jena.riot.out.TestNodeFmt" time="0"/>
  <testcase name="nodefmt_ttl_51" classname="org.apache.jena.riot.out.TestNodeFmt" time="0"/>
  <testcase name="nodefmt_ttl_52" classname="org.apache.jena.riot.out.TestNodeFmt" time="0.001"/>
  <testcase name="nodefmt_ttl_53" classname="org.apache.jena.riot.out.TestNodeFmt" time="0"/>
  <testcase name="nodefmt_ttl_54" classname="org.apache.jena.riot.out.TestNodeFmt" time="0"/>
  <testcase name="nodefmt_ttl_55" classname="org.apache.jena.riot.out.TestNodeFmt" time="0"/>
  <testcase name="nodefmt_ttl_56" classname="org.apache.jena.riot.out.TestNodeFmt" time="0"/>
  <testcase name="nodefmt_ttl_57" classname="org.apache.jena.riot.out.TestNodeFmt" time="0"/>
  <testcase name="nodefmt_ttl_58" classname="org.apache.jena.riot.out.TestNodeFmt" time="0.001"/>
  <testcase name="nodefmt_ttl_59" classname="org.apache.jena.riot.out.TestNodeFmt" time="0"/>
  <testcase name="nodefmt_ttl_60" classname="org.apache.jena.riot.out.TestNodeFmt" time="0"/>
  <testcase name="nodefmt_ttl_61" classname="org.apache.jena.riot.out.TestNodeFmt" time="0"/>
  <testcase name="nodefmt_ttl_62" classname="org.apache.jena.riot.out.TestNodeFmt" time="0"/>
  <testcase name="nodefmt_ttl_70" classname="org.apache.jena.riot.out.TestNodeFmt" time="0"/>
  <testcase name="nodefmt_ttl_71" classname="org.apache.jena.riot.out.TestNodeFmt" time="0.001"/>
  <testcase name="nodefmt_ttl_72" classname="org.apache.jena.riot.out.TestNodeFmt" time="0"/>
  <testcase name="nodefmt_ttl_73" classname="org.apache.jena.riot.out.TestNodeFmt" time="0"/>
  <testcase name="nodefmt_ttl_74" classname="org.apache.jena.riot.out.TestNodeFmt" time="0.001"/>
  <testcase name="nodefmt_ttl_75" classname="org.apache.jena.riot.out.TestNodeFmt" time="0"/>
  <testcase name="nodefmt_nt_01" classname="org.apache.jena.riot.out.TestNodeFmt" time="0"/>
  <testcase name="nodefmt_nt_02" classname="org.apache.jena.riot.out.TestNodeFmt" time="0"/>
  <testcase name="nodefmt_nt_03" classname="org.apache.jena.riot.out.TestNodeFmt" time="0"/>
  <testcase name="nodefmt_nt_04" classname="org.apache.jena.riot.out.TestNodeFmt" time="0"/>
  <testcase name="nodefmt_nt_05" classname="org.apache.jena.riot.out.TestNodeFmt" time="0"/>
  <testcase name="nodefmt_nt_06" classname="org.apache.jena.riot.out.TestNodeFmt" time="0"/>
  <testcase name="nodefmt_nt_07" classname="org.apache.jena.riot.out.TestNodeFmt" time="0"/>
  <testcase name="nodefmt_nt_08" classname="org.apache.jena.riot.out.TestNodeFmt" time="0"/>
  <testcase name="nodefmt_nt_09" classname="org.apache.jena.riot.out.TestNodeFmt" time="0"/>
  <testcase name="nodefmt_nt_10" classname="org.apache.jena.riot.out.TestNodeFmt" time="0"/>
  <testcase name="nodefmt_nt_11" classname="org.apache.jena.riot.out.TestNodeFmt" time="0.002"/>
  <testcase name="nodefmt_nt_12" classname="org.apache.jena.riot.out.TestNodeFmt" time="0"/>
  <testcase name="nodefmt_nt_13" classname="org.apache.jena.riot.out.TestNodeFmt" time="0"/>
  <testcase name="nodefmt_nt_14" classname="org.apache.jena.riot.out.TestNodeFmt" time="0"/>
  <testcase name="nodefmt_nt_15" classname="org.apache.jena.riot.out.TestNodeFmt" time="0"/>
  <testcase name="nodefmt_ttl_ML_01" classname="org.apache.jena.riot.out.TestNodeFmt" time="0"/>
  <testcase name="nodefmt_ttl_ML_02" classname="org.apache.jena.riot.out.TestNodeFmt" time="0.001"/>
  <testcase name="nodefmt_ttl_ML_03" classname="org.apache.jena.riot.out.TestNodeFmt" time="0.001"/>
  <testcase name="rt_01" classname="org.apache.jena.riot.out.TestNodeFmtLib" time="0"/>
  <testcase name="rt_02" classname="org.apache.jena.riot.out.TestNodeFmtLib" time="0"/>
  <testcase name="rt_03" classname="org.apache.jena.riot.out.TestNodeFmtLib" time="0"/>
  <testcase name="rt_04" classname="org.apache.jena.riot.out.TestNodeFmtLib" time="0.001"/>
  <testcase name="rt_05" classname="org.apache.jena.riot.out.TestNodeFmtLib" time="0"/>
  <testcase name="rt_06" classname="org.apache.jena.riot.out.TestNodeFmtLib" time="0"/>
  <testcase name="rt_07" classname="org.apache.jena.riot.out.TestNodeFmtLib" time="0"/>
  <testcase name="encode_01" classname="org.apache.jena.riot.out.TestNodeFmtLib" time="0"/>
  <testcase name="encode_02" classname="org.apache.jena.riot.out.TestNodeFmtLib" time="0"/>
  <testcase name="encode_03" classname="org.apache.jena.riot.out.TestNodeFmtLib" time="0"/>
  <testcase name="encode_04" classname="org.apache.jena.riot.out.TestNodeFmtLib" time="0"/>
  <testcase name="encode_05" classname="org.apache.jena.riot.out.TestNodeFmtLib" time="0"/>
  <testcase name="fmtNode_01" classname="org.apache.jena.riot.out.TestNodeFmtLib" time="0.001"/>
  <testcase name="fmtNode_02" classname="org.apache.jena.riot.out.TestNodeFmtLib" time="0"/>
  <testcase name="fmtNode_03" classname="org.apache.jena.riot.out.TestNodeFmtLib" time="0"/>
  <testcase name="fmtNode_04" classname="org.apache.jena.riot.out.TestNodeFmtLib" time="0"/>
  <testcase name="fmtNode_05" classname="org.apache.jena.riot.out.TestNodeFmtLib" time="0.001"/>
  <testcase name="fmtNode_06" classname="org.apache.jena.riot.out.TestNodeFmtLib" time="0"/>
  <testcase name="fmtNode_07" classname="org.apache.jena.riot.out.TestNodeFmtLib" time="0.001"/>
</testsuite>