<?xml version="1.0" encoding="UTF-8"?>
<testsuite xmlns:xsi="http://www.w3.org/2001/XMLSchema-instance" xsi:schemaLocation="https://maven.apache.org/surefire/maven-surefire-plugin/xsd/surefire-test-report.xsd" name="org.apache.jena.riot.system.TS_RiotSystem" time="0.397" tests="310" errors="0" skipped="0" failures="0">
  <properties>
    <property name="java.runtime.name" value="Java(TM) SE Runtime Environment"/>
    <property name="sun.boot.library.path" value="/usr/lib/jvm/java-8-oracle/jre/lib/amd64"/>
    <property name="java.vm.version" value="25.111-b14"/>
    <property name="java.vm.vendor" value="Oracle Corporation"/>
    <property name="java.vendor.url" value="http://java.oracle.com/"/>
    <property name="path.separator" value=":"/>
    <property name="guice.disable.misplaced.annotation.check" value="true"/>
    <property name="java.vm.name" value="Java HotSpot(TM) 64-Bit Server VM"/>
    <property name="file.encoding.pkg" value="sun.io"/>
    <property name="user.country" value="US"/>
    <property name="sun.java.launcher" value="SUN_STANDARD"/>
    <property name="sun.os.patch.level" value="unknown"/>
    <property name="java.vm.specification.name" value="Java Virtual Machine Specification"/>
    <property name="user.dir" value="/home/ubuntu/research/jena"/>
    <property name="java.runtime.version" value="1.8.0_111-b14"/>
    <property name="java.awt.graphicsenv" value="sun.awt.X11GraphicsEnvironment"/>
    <property name="java.endorsed.dirs" value="/usr/lib/jvm/java-8-oracle/jre/lib/endorsed"/>
    <property name="os.arch" value="amd64"/>
    <property name="java.io.tmpdir" value="/tmp"/>
    <property name="line.separator" value="&#10;"/>
    <property name="java.vm.specification.vendor" value="Oracle Corporation"/>
    <property name="os.name" value="Linux"/>
    <property name="classworlds.conf" value="/usr/share/maven/bin/m2.conf"/>
    <property name="sun.jnu.encoding" value="UTF-8"/>
    <property name="java.library.path" value="/usr/java/packages/lib/amd64:/usr/lib64:/lib64:/lib:/usr/lib"/>
    <property name="java.specification.name" value="Java Platform API Specification"/>
    <property name="java.class.version" value="52.0"/>
    <property name="sun.management.compiler" value="HotSpot 64-Bit Tiered Compilers"/>
    <property name="os.version" value="4.2.0-27-generic"/>
    <property name="user.home" value="/root"/>
    <property name="user.timezone" value="America/Los_Angeles"/>
    <property name="java.awt.printerjob" value="sun.print.PSPrinterJob"/>
    <property name="file.encoding" value="UTF-8"/>
    <property name="java.specification.version" value="1.8"/>
    <property name="user.name" value="root"/>
    <property name="java.class.path" value="/usr/share/maven/boot/plexus-classworlds-2.x.jar"/>
    <property name="java.vm.specification.version" value="1.8"/>
    <property name="sun.arch.data.model" value="64"/>
    <property name="java.home" value="/usr/lib/jvm/java-8-oracle/jre"/>
    <property name="sun.java.command" value="org.codehaus.plexus.classworlds.launcher.Launcher package"/>
    <property name="java.specification.vendor" value="Oracle Corporation"/>
    <property name="user.language" value="en"/>
    <property name="awt.toolkit" value="sun.awt.X11.XToolkit"/>
    <property name="java.vm.info" value="mixed mode"/>
    <property name="java.version" value="1.8.0_111"/>
    <property name="java.ext.dirs" value="/usr/lib/jvm/java-8-oracle/jre/lib/ext:/usr/java/packages/lib/ext"/>
    <property name="securerandom.source" value="file:/dev/./urandom"/>
    <property name="sun.boot.class.path" value="/usr/lib/jvm/java-8-oracle/jre/lib/resources.jar:/usr/lib/jvm/java-8-oracle/jre/lib/rt.jar:/usr/lib/jvm/java-8-oracle/jre/lib/sunrsasign.jar:/usr/lib/jvm/java-8-oracle/jre/lib/jsse.jar:/usr/lib/jvm/java-8-oracle/jre/lib/jce.jar:/usr/lib/jvm/java-8-oracle/jre/lib/charsets.jar:/usr/lib/jvm/java-8-oracle/jre/lib/jfr.jar:/usr/lib/jvm/java-8-oracle/jre/classes"/>
    <property name="java.vendor" value="Oracle Corporation"/>
    <property name="maven.home" value="/usr/share/maven"/>
    <property name="file.separator" value="/"/>
    <property name="java.vendor.url.bug" value="http://bugreport.sun.com/bugreport/"/>
    <property name="sun.cpu.endian" value="little"/>
    <property name="sun.io.unicode.encoding" value="UnicodeLittle"/>
    <property name="sun.desktop" value="gnome"/>
    <property name="sun.cpu.isalist" value=""/>
  </properties>
  <testcase name="checker01" classname="org.apache.jena.riot.system.TestChecker" time="0"/>
  <testcase name="checker02" classname="org.apache.jena.riot.system.TestChecker" time="0"/>
  <testcase name="checker03" classname="org.apache.jena.riot.system.TestChecker" time="0"/>
  <testcase name="checker04" classname="org.apache.jena.riot.system.TestChecker" time="0"/>
  <testcase name="checker05" classname="org.apache.jena.riot.system.TestChecker" time="0"/>
  <testcase name="checker06" classname="org.apache.jena.riot.system.TestChecker" time="0"/>
  <testcase name="checker07" classname="org.apache.jena.riot.system.TestChecker" time="0"/>
  <testcase name="checker10" classname="org.apache.jena.riot.system.TestChecker" time="0.001"/>
  <testcase name="checker11" classname="org.apache.jena.riot.system.TestChecker" time="0"/>
  <testcase name="checker12" classname="org.apache.jena.riot.system.TestChecker" time="0"/>
  <testcase name="checker13" classname="org.apache.jena.riot.system.TestChecker" time="0"/>
  <testcase name="checker14" classname="org.apache.jena.riot.system.TestChecker" time="0.001"/>
  <testcase name="checker15" classname="org.apache.jena.riot.system.TestChecker" time="0.001"/>
  <testcase name="checker16" classname="org.apache.jena.riot.system.TestChecker" time="0"/>
  <testcase name="checker17" classname="org.apache.jena.riot.system.TestChecker" time="0"/>
  <testcase name="checker20" classname="org.apache.jena.riot.system.TestChecker" time="0.002"/>
  <testcase name="checker21" classname="org.apache.jena.riot.system.TestChecker" time="0"/>
  <testcase name="checker30" classname="org.apache.jena.riot.system.TestChecker" time="0.001"/>
  <testcase name="checker40" classname="org.apache.jena.riot.system.TestChecker" time="0.002"/>
  <testcase name="checker41" classname="org.apache.jena.riot.system.TestChecker" time="0.022"/>
  <testcase name="checker42" classname="org.apache.jena.riot.system.TestChecker" time="0.002"/>
  <testcase name="checker43" classname="org.apache.jena.riot.system.TestChecker" time="0.001"/>
  <testcase name="checker44" classname="org.apache.jena.riot.system.TestChecker" time="0.002"/>
  <testcase name="checker45" classname="org.apache.jena.riot.system.TestChecker" time="0.001"/>
  <testcase name="stream_count_01" classname="org.apache.jena.riot.system.TestStreamRDF" time="0.001"/>
  <testcase name="stream_count_02" classname="org.apache.jena.riot.system.TestStreamRDF" time="0"/>
  <testcase name="factoryRDF_blanknode_01" classname="org.apache.jena.riot.system.TestFactoryRDF" time="0"/>
  <testcase name="factoryRDF_blanknode_02" classname="org.apache.jena.riot.system.TestFactoryRDF" time="0"/>
  <testcase name="factoryRDF_blanknode_03" classname="org.apache.jena.riot.system.TestFactoryRDF" time="0"/>
  <testcase name="factoryRDF_literal_01" classname="org.apache.jena.riot.system.TestFactoryRDF" time="0"/>
  <testcase name="factoryRDF_literal_02" classname="org.apache.jena.riot.system.TestFactoryRDF" time="0"/>
  <testcase name="factoryRDF_literal_03" classname="org.apache.jena.riot.system.TestFactoryRDF" time="0.001"/>
  <testcase name="factoryRDF_triple_01" classname="org.apache.jena.riot.system.TestFactoryRDF" time="0"/>
  <testcase name="factoryRDF_uri_02" classname="org.apache.jena.riot.system.TestFactoryRDF" time="0"/>
  <testcase name="factoryRDF_uri_03" classname="org.apache.jena.riot.system.TestFactoryRDF" time="0"/>
  <testcase name="factoryRDF_quad_01" classname="org.apache.jena.riot.system.TestFactoryRDF" time="0"/>
  <testcase name="factory_cache_01" classname="org.apache.jena.riot.system.TestFactoryRDFCaching" time="0"/>
  <testcase name="factory_cache_02" classname="org.apache.jena.riot.system.TestFactoryRDFCaching" time="0"/>
  <testcase name="factoryRDF_blanknode_01" classname="org.apache.jena.riot.system.TestFactoryRDFCaching" time="0"/>
  <testcase name="factoryRDF_blanknode_02" classname="org.apache.jena.riot.system.TestFactoryRDFCaching" time="0"/>
  <testcase name="factoryRDF_blanknode_03" classname="org.apache.jena.riot.system.TestFactoryRDFCaching" time="0"/>
  <testcase name="factoryRDF_literal_01" classname="org.apache.jena.riot.system.TestFactoryRDFCaching" time="0"/>
  <testcase name="factoryRDF_literal_02" classname="org.apache.jena.riot.system.TestFactoryRDFCaching" time="0"/>
  <testcase name="factoryRDF_literal_03" classname="org.apache.jena.riot.system.TestFactoryRDFCaching" time="0"/>
  <testcase name="factoryRDF_triple_01" classname="org.apache.jena.riot.system.TestFactoryRDFCaching" time="0"/>
  <testcase name="factoryRDF_uri_02" classname="org.apache.jena.riot.system.TestFactoryRDFCaching" time="0"/>
  <testcase name="factoryRDF_uri_03" classname="org.apache.jena.riot.system.TestFactoryRDFCaching" time="0"/>
  <testcase name="factoryRDF_quad_01" classname="org.apache.jena.riot.system.TestFactoryRDFCaching" time="0"/>
  <testcase name="prefixMap_delete_01" classname="org.apache.jena.riot.system.TestPrefixMap" time="0"/>
  <testcase name="prefixMap_delete_02" classname="org.apache.jena.riot.system.TestPrefixMap" time="0"/>
  <testcase name="prefixMap_abbrev_01" classname="org.apache.jena.riot.system.TestPrefixMap" time="0"/>
  <testcase name="prefixMap_abbrev_02" classname="org.apache.jena.riot.system.TestPrefixMap" time="0"/>
  <testcase name="prefixMap_abbrev_03" classname="org.apache.jena.riot.system.TestPrefixMap" time="0"/>
  <testcase name="prefixMap_abbrev_04" classname="org.apache.jena.riot.system.TestPrefixMap" time="0"/>
  <testcase name="prefixMap_abbrev_05" classname="org.apache.jena.riot.system.TestPrefixMap" time="0"/>
  <testcase name="prefixMap_abbrev_06" classname="org.apache.jena.riot.system.TestPrefixMap" time="0"/>
  <testcase name="prefixMap_abbrev_10" classname="org.apache.jena.riot.system.TestPrefixMap" time="0.001"/>
  <testcase name="prefixMap_abbrev_11" classname="org.apache.jena.riot.system.TestPrefixMap" time="0"/>
  <testcase name="prefixMap_abbrev_12" classname="org.apache.jena.riot.system.TestPrefixMap" time="0"/>
  <testcase name="prefixMap_abbrev_13" classname="org.apache.jena.riot.system.TestPrefixMap" time="0"/>
  <testcase name="prefixMap_abbrev_14" classname="org.apache.jena.riot.system.TestPrefixMap" time="0"/>
  <testcase name="prefixMap_abbrev_15" classname="org.apache.jena.riot.system.TestPrefixMap" time="0"/>
  <testcase name="prefixMap_abbrev_16" classname="org.apache.jena.riot.system.TestPrefixMap" time="0"/>
  <testcase name="prefixMap_abbrev_17" classname="org.apache.jena.riot.system.TestPrefixMap" time="0"/>
  <testcase name="prefixMap_abbrev_18" classname="org.apache.jena.riot.system.TestPrefixMap" time="0"/>
  <testcase name="prefixMap_basic_01" classname="org.apache.jena.riot.system.TestPrefixMap" time="0.006"/>
  <testcase name="prefixMap_basic_02" classname="org.apache.jena.riot.system.TestPrefixMap" time="0"/>
  <testcase name="prefixMap_basic_03" classname="org.apache.jena.riot.system.TestPrefixMap" time="0"/>
  <testcase name="prefixMap_basic_04" classname="org.apache.jena.riot.system.TestPrefixMap" time="0.001"/>
  <testcase name="prefixMap_expand_01" classname="org.apache.jena.riot.system.TestPrefixMap" time="0"/>
  <testcase name="prefixMap_expand_02" classname="org.apache.jena.riot.system.TestPrefixMap" time="0"/>
  <testcase name="prefixMap_expand_03" classname="org.apache.jena.riot.system.TestPrefixMap" time="0"/>
  <testcase name="prefixMap_expand_04" classname="org.apache.jena.riot.system.TestPrefixMap" time="0"/>
  <testcase name="prefixMap_delete_01" classname="org.apache.jena.riot.system.TestPrefixMapWrapper" time="0"/>
  <testcase name="prefixMap_delete_02" classname="org.apache.jena.riot.system.TestPrefixMapWrapper" time="0"/>
  <testcase name="prefixMap_abbrev_01" classname="org.apache.jena.riot.system.TestPrefixMapWrapper" time="0"/>
  <testcase name="prefixMap_abbrev_02" classname="org.apache.jena.riot.system.TestPrefixMapWrapper" time="0"/>
  <testcase name="prefixMap_abbrev_03" classname="org.apache.jena.riot.system.TestPrefixMapWrapper" time="0"/>
  <testcase name="prefixMap_abbrev_04" classname="org.apache.jena.riot.system.TestPrefixMapWrapper" time="0.001"/>
  <testcase name="prefixMap_abbrev_05" classname="org.apache.jena.riot.system.TestPrefixMapWrapper" time="0"/>
  <testcase name="prefixMap_abbrev_06" classname="org.apache.jena.riot.system.TestPrefixMapWrapper" time="0"/>
  <testcase name="prefixMap_abbrev_10" classname="org.apache.jena.riot.system.TestPrefixMapWrapper" time="0.004"/>
  <testcase name="prefixMap_abbrev_11" classname="org.apache.jena.riot.system.TestPrefixMapWrapper" time="0"/>
  <testcase name="prefixMap_abbrev_12" classname="org.apache.jena.riot.system.TestPrefixMapWrapper" time="0.001"/>
  <testcase name="prefixMap_abbrev_13" classname="org.apache.jena.riot.system.TestPrefixMapWrapper" time="0"/>
  <testcase name="prefixMap_abbrev_14" classname="org.apache.jena.riot.system.TestPrefixMapWrapper" time="0"/>
  <testcase name="prefixMap_abbrev_15" classname="org.apache.jena.riot.system.TestPrefixMapWrapper" time="0"/>
  <testcase name="prefixMap_abbrev_16" classname="org.apache.jena.riot.system.TestPrefixMapWrapper" time="0"/>
  <testcase name="prefixMap_abbrev_17" classname="org.apache.jena.riot.system.TestPrefixMapWrapper" time="0"/>
  <testcase name="prefixMap_abbrev_18" classname="org.apache.jena.riot.system.TestPrefixMapWrapper" time="0.001"/>
  <testcase name="prefixMap_basic_01" classname="org.apache.jena.riot.system.TestPrefixMapWrapper" time="0"/>
  <testcase name="prefixMap_basic_02" classname="org.apache.jena.riot.system.TestPrefixMapWrapper" time="0"/>
  <testcase name="prefixMap_basic_03" classname="org.apache.jena.riot.system.TestPrefixMapWrapper" time="0"/>
  <testcase name="prefixMap_basic_04" classname="org.apache.jena.riot.system.TestPrefixMapWrapper" time="0"/>
  <testcase name="prefixMap_expand_01" classname="org.apache.jena.riot.system.TestPrefixMapWrapper" time="0"/>
  <testcase name="prefixMap_expand_02" classname="org.apache.jena.riot.system.TestPrefixMapWrapper" time="0"/>
  <testcase name="prefixMap_expand_03" classname="org.apache.jena.riot.system.TestPrefixMapWrapper" time="0"/>
  <testcase name="prefixMap_expand_04" classname="org.apache.jena.riot.system.TestPrefixMapWrapper" time="0"/>
  <testcase name="other_01" classname="org.apache.jena.riot.system.TestPrefixMapOther" time="0"/>
  <testcase name="other_02" classname="org.apache.jena.riot.system.TestPrefixMapOther" time="0.001"/>
  <testcase name="other_10" classname="org.apache.jena.riot.system.TestPrefixMapOther" time="0"/>
  <testcase name="other_11" classname="org.apache.jena.riot.system.TestPrefixMapOther" time="0"/>
  <testcase name="prefixMap_delete_01" classname="org.apache.jena.riot.system.TestFastAbbreviatingPrefixMap" time="0"/>
  <testcase name="prefixMap_delete_02" classname="org.apache.jena.riot.system.TestFastAbbreviatingPrefixMap" time="0"/>
  <testcase name="prefixMap_abbrev_01" classname="org.apache.jena.riot.system.TestFastAbbreviatingPrefixMap" time="0"/>
  <testcase name="prefixMap_abbrev_02" classname="org.apache.jena.riot.system.TestFastAbbreviatingPrefixMap" time="0"/>
  <testcase name="prefixMap_abbrev_03" classname="org.apache.jena.riot.system.TestFastAbbreviatingPrefixMap" time="0"/>
  <testcase name="prefixMap_abbrev_04" classname="org.apache.jena.riot.system.TestFastAbbreviatingPrefixMap" time="0"/>
  <testcase name="prefixMap_abbrev_05" classname="org.apache.jena.riot.system.TestFastAbbreviatingPrefixMap" time="0"/>
  <testcase name="prefixMap_abbrev_06" classname="org.apache.jena.riot.system.TestFastAbbreviatingPrefixMap" time="0.003"/>
  <testcase name="prefixMap_abbrev_10" classname="org.apache.jena.riot.system.TestFastAbbreviatingPrefixMap" time="0"/>
  <testcase name="prefixMap_abbrev_11" classname="org.apache.jena.riot.system.TestFastAbbreviatingPrefixMap" time="0"/>
  <testcase name="prefixMap_abbrev_12" classname="org.apache.jena.riot.system.TestFastAbbreviatingPrefixMap" time="0"/>
  <testcase name="prefixMap_abbrev_13" classname="org.apache.jena.riot.system.TestFastAbbreviatingPrefixMap" time="0"/>
  <testcase name="prefixMap_abbrev_14" classname="org.apache.jena.riot.system.TestFastAbbreviatingPrefixMap" time="0"/>
  <testcase name="prefixMap_abbrev_15" classname="org.apache.jena.riot.system.TestFastAbbreviatingPrefixMap" time="0"/>
  <testcase name="prefixMap_abbrev_16" classname="org.apache.jena.riot.system.TestFastAbbreviatingPrefixMap" time="0"/>
  <testcase name="prefixMap_abbrev_17" classname="org.apache.jena.riot.system.TestFastAbbreviatingPrefixMap" time="0"/>
  <testcase name="prefixMap_abbrev_18" classname="org.apache.jena.riot.system.TestFastAbbreviatingPrefixMap" time="0"/>
  <testcase name="prefixMap_basic_01" classname="org.apache.jena.riot.system.TestFastAbbreviatingPrefixMap" time="0.001"/>
  <testcase name="prefixMap_basic_02" classname="org.apache.jena.riot.system.TestFastAbbreviatingPrefixMap" time="0"/>
  <testcase name="prefixMap_basic_03" classname="org.apache.jena.riot.system.TestFastAbbreviatingPrefixMap" time="0"/>
  <testcase name="prefixMap_basic_04" classname="org.apache.jena.riot.system.TestFastAbbreviatingPrefixMap" time="0"/>
  <testcase name="prefixMap_expand_01" classname="org.apache.jena.riot.system.TestFastAbbreviatingPrefixMap" time="0.007"/>
  <testcase name="prefixMap_expand_02" classname="org.apache.jena.riot.system.TestFastAbbreviatingPrefixMap" time="0"/>
  <testcase name="prefixMap_expand_03" classname="org.apache.jena.riot.system.TestFastAbbreviatingPrefixMap" time="0"/>
  <testcase name="prefixMap_expand_04" classname="org.apache.jena.riot.system.TestFastAbbreviatingPrefixMap" time="0"/>
  <testcase name="prefixMap_delete_01" classname="org.apache.jena.riot.system.TestPrefixMapExtended1" time="0.001"/>
  <testcase name="prefixMap_delete_02" classname="org.apache.jena.riot.system.TestPrefixMapExtended1" time="0"/>
  <testcase name="prefixMap_abbrev_01" classname="org.apache.jena.riot.system.TestPrefixMapExtended1" time="0"/>
  <testcase name="prefixMap_abbrev_02" classname="org.apache.jena.riot.system.TestPrefixMapExtended1" time="0"/>
  <testcase name="prefixMap_abbrev_03" classname="org.apache.jena.riot.system.TestPrefixMapExtended1" time="0"/>
  <testcase name="prefixMap_abbrev_04" classname="org.apache.jena.riot.system.TestPrefixMapExtended1" time="0"/>
  <testcase name="prefixMap_abbrev_05" classname="org.apache.jena.riot.system.TestPrefixMapExtended1" time="0.001"/>
  <testcase name="prefixMap_abbrev_06" classname="org.apache.jena.riot.system.TestPrefixMapExtended1" time="0"/>
  <testcase name="prefixMap_abbrev_10" classname="org.apache.jena.riot.system.TestPrefixMapExtended1" time="0"/>
  <testcase name="prefixMap_abbrev_11" classname="org.apache.jena.riot.system.TestPrefixMapExtended1" time="0.001"/>
  <testcase name="prefixMap_abbrev_12" classname="org.apache.jena.riot.system.TestPrefixMapExtended1" time="0"/>
  <testcase name="prefixMap_abbrev_13" classname="org.apache.jena.riot.system.TestPrefixMapExtended1" time="0"/>
  <testcase name="prefixMap_abbrev_14" classname="org.apache.jena.riot.system.TestPrefixMapExtended1" time="0"/>
  <testcase name="prefixMap_abbrev_15" classname="org.apache.jena.riot.system.TestPrefixMapExtended1" time="0"/>
  <testcase name="prefixMap_abbrev_16" classname="org.apache.jena.riot.system.TestPrefixMapExtended1" time="0"/>
  <testcase name="prefixMap_abbrev_17" classname="org.apache.jena.riot.system.TestPrefixMapExtended1" time="0"/>
  <testcase name="prefixMap_abbrev_18" classname="org.apache.jena.riot.system.TestPrefixMapExtended1" time="0"/>
  <testcase name="prefixMap_basic_01" classname="org.apache.jena.riot.system.TestPrefixMapExtended1" time="0"/>
  <testcase name="prefixMap_basic_02" classname="org.apache.jena.riot.system.TestPrefixMapExtended1" time="0"/>
  <testcase name="prefixMap_basic_03" classname="org.apache.jena.riot.system.TestPrefixMapExtended1" time="0"/>
  <testcase name="prefixMap_basic_04" classname="org.apache.jena.riot.system.TestPrefixMapExtended1" time="0"/>
  <testcase name="prefixMap_expand_01" classname="org.apache.jena.riot.system.TestPrefixMapExtended1" time="0"/>
  <testcase name="prefixMap_expand_02" classname="org.apache.jena.riot.system.TestPrefixMapExtended1" time="0"/>
  <testcase name="prefixMap_expand_03" classname="org.apache.jena.riot.system.TestPrefixMapExtended1" time="0"/>
  <testcase name="prefixMap_expand_04" classname="org.apache.jena.riot.system.TestPrefixMapExtended1" time="0"/>
  <testcase name="prefixMap_delete_01" classname="org.apache.jena.riot.system.TestPrefixMapExtended2" time="0"/>
  <testcase name="prefixMap_delete_02" classname="org.apache.jena.riot.system.TestPrefixMapExtended2" time="0"/>
  <testcase name="prefixMap_abbrev_01" classname="org.apache.jena.riot.system.TestPrefixMapExtended2" time="0"/>
  <testcase name="prefixMap_abbrev_02" classname="org.apache.jena.riot.system.TestPrefixMapExtended2" time="0"/>
  <testcase name="prefixMap_abbrev_03" classname="org.apache.jena.riot.system.TestPrefixMapExtended2" time="0"/>
  <testcase name="prefixMap_abbrev_04" classname="org.apache.jena.riot.system.TestPrefixMapExtended2" time="0"/>
  <testcase name="prefixMap_abbrev_05" classname="org.apache.jena.riot.system.TestPrefixMapExtended2" time="0"/>
  <testcase name="prefixMap_abbrev_06" classname="org.apache.jena.riot.system.TestPrefixMapExtended2" time="0.002"/>
  <testcase name="prefixMap_abbrev_10" classname="org.apache.jena.riot.system.TestPrefixMapExtended2" time="0"/>
  <testcase name="prefixMap_abbrev_11" classname="org.apache.jena.riot.system.TestPrefixMapExtended2" time="0.001"/>
  <testcase name="prefixMap_abbrev_12" classname="org.apache.jena.riot.system.TestPrefixMapExtended2" time="0"/>
  <testcase name="prefixMap_abbrev_13" classname="org.apache.jena.riot.system.TestPrefixMapExtended2" time="0"/>
  <testcase name="prefixMap_abbrev_14" classname="org.apache.jena.riot.system.TestPrefixMapExtended2" time="0"/>
  <testcase name="prefixMap_abbrev_15" classname="org.apache.jena.riot.system.TestPrefixMapExtended2" time="0"/>
  <testcase name="prefixMap_abbrev_16" classname="org.apache.jena.riot.system.TestPrefixMapExtended2" time="0.001"/>
  <testcase name="prefixMap_abbrev_17" classname="org.apache.jena.riot.system.TestPrefixMapExtended2" time="0"/>
  <testcase name="prefixMap_abbrev_18" classname="org.apache.jena.riot.system.TestPrefixMapExtended2" time="0.006"/>
  <testcase name="prefixMap_basic_01" classname="org.apache.jena.riot.system.TestPrefixMapExtended2" time="0"/>
  <testcase name="prefixMap_basic_02" classname="org.apache.jena.riot.system.TestPrefixMapExtended2" time="0"/>
  <testcase name="prefixMap_basic_03" classname="org.apache.jena.riot.system.TestPrefixMapExtended2" time="0.001"/>
  <testcase name="prefixMap_basic_04" classname="org.apache.jena.riot.system.TestPrefixMapExtended2" time="0"/>
  <testcase name="prefixMap_expand_01" classname="org.apache.jena.riot.system.TestPrefixMapExtended2" time="0"/>
  <testcase name="prefixMap_expand_02" classname="org.apache.jena.riot.system.TestPrefixMapExtended2" time="0"/>
  <testcase name="prefixMap_expand_03" classname="org.apache.jena.riot.system.TestPrefixMapExtended2" time="0"/>
  <testcase name="prefixMap_expand_04" classname="org.apache.jena.riot.system.TestPrefixMapExtended2" time="0"/>
  <testcase name="wireIntoJena" classname="org.apache.jena.riot.system.TestIO_JenaReaders" time="0"/>
  <testcase name="resetJena" classname="org.apache.jena.riot.system.TestIO_JenaReaders" time="0.004"/>
  <testcase name="testResetJena" classname="org.apache.jena.riot.system.TestIO_JenaWriters" time="0.007"/>
  <testcase name="testWireIntoJena" classname="org.apache.jena.riot.system.TestIO_JenaWriters" time="0.001"/>
  <testcase name="jenaSystem_write_1[NULL -- Lang:rdf/null true true]" classname="org.apache.jena.riot.system.TestLangRegistration" time="0"/>
  <testcase name="jenaSystem_write_2[NULL -- Lang:rdf/null true true]" classname="org.apache.jena.riot.system.TestLangRegistration" time="0"/>
  <testcase name="jenaSystem_read_1[NULL -- Lang:rdf/null true true]" classname="org.apache.jena.riot.system.TestLangRegistration" time="0"/>
  <testcase name="jenaSystem_read_2[NULL -- Lang:rdf/null true true]" classname="org.apache.jena.riot.system.TestLangRegistration" time="0"/>
  <testcase name="jenaSystem_write_1[RDFXML -- Lang:RDF/XML true false]" classname="org.apache.jena.riot.system.TestLangRegistration" time="0"/>
  <testcase name="jenaSystem_write_2[RDFXML -- Lang:RDF/XML true false]" classname="org.apache.jena.riot.system.TestLangRegistration" time="0"/>
  <testcase name="jenaSystem_read_1[RDFXML -- Lang:RDF/XML true false]" classname="org.apache.jena.riot.system.TestLangRegistration" time="0"/>
  <testcase name="jenaSystem_read_2[RDFXML -- Lang:RDF/XML true false]" classname="org.apache.jena.riot.system.TestLangRegistration" time="0"/>
  <testcase name="jenaSystem_write_1[NTRIPLES -- Lang:N-Triples true false]" classname="org.apache.jena.riot.system.TestLangRegistration" time="0"/>
  <testcase name="jenaSystem_write_2[NTRIPLES -- Lang:N-Triples true false]" classname="org.apache.jena.riot.system.TestLangRegistration" time="0"/>
  <testcase name="jenaSystem_read_1[NTRIPLES -- Lang:N-Triples true false]" classname="org.apache.jena.riot.system.TestLangRegistration" time="0"/>
  <testcase name="jenaSystem_read_2[NTRIPLES -- Lang:N-Triples true false]" classname="org.apache.jena.riot.system.TestLangRegistration" time="0"/>
  <testcase name="jenaSystem_write_1[NT -- Lang:N-Triples true false]" classname="org.apache.jena.riot.system.TestLangRegistration" time="0"/>
  <testcase name="jenaSystem_write_2[NT -- Lang:N-Triples true false]" classname="org.apache.jena.riot.system.TestLangRegistration" time="0"/>
  <testcase name="jenaSystem_read_1[NT -- Lang:N-Triples true false]" classname="org.apache.jena.riot.system.TestLangRegistration" time="0"/>
  <testcase name="jenaSystem_read_2[NT -- Lang:N-Triples true false]" classname="org.apache.jena.riot.system.TestLangRegistration" time="0"/>
  <testcase name="jenaSystem_write_1[N3 -- Lang:N3 true false]" classname="org.apache.jena.riot.system.TestLangRegistration" time="0.001"/>
  <testcase name="jenaSystem_write_2[N3 -- Lang:N3 true false]" classname="org.apache.jena.riot.system.TestLangRegistration" time="0"/>
  <testcase name="jenaSystem_read_1[N3 -- Lang:N3 true false]" classname="org.apache.jena.riot.system.TestLangRegistration" time="0"/>
  <testcase name="jenaSystem_read_2[N3 -- Lang:N3 true false]" classname="org.apache.jena.riot.system.TestLangRegistration" time="0"/>
  <testcase name="jenaSystem_write_1[TURTLE -- Lang:Turtle true false]" classname="org.apache.jena.riot.system.TestLangRegistration" time="0"/>
  <testcase name="jenaSystem_write_2[TURTLE -- Lang:Turtle true false]" classname="org.apache.jena.riot.system.TestLangRegistration" time="0"/>
  <testcase name="jenaSystem_read_1[TURTLE -- Lang:Turtle true false]" classname="org.apache.jena.riot.system.TestLangRegistration" time="0"/>
  <testcase name="jenaSystem_read_2[TURTLE -- Lang:Turtle true false]" classname="org.apache.jena.riot.system.TestLangRegistration" time="0"/>
  <testcase name="jenaSystem_write_1[TTL -- Lang:Turtle true false]" classname="org.apache.jena.riot.system.TestLangRegistration" time="0"/>
  <testcase name="jenaSystem_write_2[TTL -- Lang:Turtle true false]" classname="org.apache.jena.riot.system.TestLangRegistration" time="0"/>
  <testcase name="jenaSystem_read_1[TTL -- Lang:Turtle true false]" classname="org.apache.jena.riot.system.TestLangRegistration" time="0"/>
  <testcase name="jenaSystem_read_2[TTL -- Lang:Turtle true false]" classname="org.apache.jena.riot.system.TestLangRegistration" time="0"/>
  <testcase name="jenaSystem_write_1[JSONLD -- Lang:JSON-LD true true]" classname="org.apache.jena.riot.system.TestLangRegistration" time="0"/>
  <testcase name="jenaSystem_write_2[JSONLD -- Lang:JSON-LD true true]" classname="org.apache.jena.riot.system.TestLangRegistration" time="0"/>
  <testcase name="jenaSystem_read_1[JSONLD -- Lang:JSON-LD true true]" classname="org.apache.jena.riot.system.TestLangRegistration" time="0"/>
  <testcase name="jenaSystem_read_2[JSONLD -- Lang:JSON-LD true true]" classname="org.apache.jena.riot.system.TestLangRegistration" time="0"/>
  <testcase name="jenaSystem_write_1[RDFJSON -- Lang:RDF/JSON true false]" classname="org.apache.jena.riot.system.TestLangRegistration" time="0"/>
  <testcase name="jenaSystem_write_2[RDFJSON -- Lang:RDF/JSON true false]" classname="org.apache.jena.riot.system.TestLangRegistration" time="0"/>
  <testcase name="jenaSystem_read_1[RDFJSON -- Lang:RDF/JSON true false]" classname="org.apache.jena.riot.system.TestLangRegistration" time="0"/>
  <testcase name="jenaSystem_read_2[RDFJSON -- Lang:RDF/JSON true false]" classname="org.apache.jena.riot.system.TestLangRegistration" time="0"/>
  <testcase name="jenaSystem_write_1[NQUADS -- Lang:N-Quads false true]" classname="org.apache.jena.riot.system.TestLangRegistration" time="0"/>
  <testcase name="jenaSystem_write_2[NQUADS -- Lang:N-Quads false true]" classname="org.apache.jena.riot.system.TestLangRegistration" time="0"/>
  <testcase name="jenaSystem_read_1[NQUADS -- Lang:N-Quads false true]" classname="org.apache.jena.riot.system.TestLangRegistration" time="0"/>
  <testcase name="jenaSystem_read_2[NQUADS -- Lang:N-Quads false true]" classname="org.apache.jena.riot.system.TestLangRegistration" time="0"/>
  <testcase name="jenaSystem_write_1[NQ -- Lang:N-Quads false true]" classname="org.apache.jena.riot.system.TestLangRegistration" time="0"/>
  <testcase name="jenaSystem_write_2[NQ -- Lang:N-Quads false true]" classname="org.apache.jena.riot.system.TestLangRegistration" time="0"/>
  <testcase name="jenaSystem_read_1[NQ -- Lang:N-Quads false true]" classname="org.apache.jena.riot.system.TestLangRegistration" time="0"/>
  <testcase name="jenaSystem_read_2[NQ -- Lang:N-Quads false true]" classname="org.apache.jena.riot.system.TestLangRegistration" time="0.001"/>
  <testcase name="jenaSystem_write_1[TRIG -- Lang:TriG false true]" classname="org.apache.jena.riot.system.TestLangRegistration" time="0"/>
  <testcase name="jenaSystem_write_2[TRIG -- Lang:TriG false true]" classname="org.apache.jena.riot.system.TestLangRegistration" time="0"/>
  <testcase name="jenaSystem_read_1[TRIG -- Lang:TriG false true]" classname="org.apache.jena.riot.system.TestLangRegistration" time="0"/>
  <testcase name="jenaSystem_read_2[TRIG -- Lang:TriG false true]" classname="org.apache.jena.riot.system.TestLangRegistration" time="0"/>
  <testcase name="jenaSystem_write_1[TRIX -- Lang:TriX true true]" classname="org.apache.jena.riot.system.TestLangRegistration" time="0"/>
  <testcase name="jenaSystem_write_2[TRIX -- Lang:TriX true true]" classname="org.apache.jena.riot.system.TestLangRegistration" time="0"/>
  <testcase name="jenaSystem_read_1[TRIX -- Lang:TriX true true]" classname="org.apache.jena.riot.system.TestLangRegistration" time="0"/>
  <testcase name="jenaSystem_read_2[TRIX -- Lang:TriX true true]" classname="org.apache.jena.riot.system.TestLangRegistration" time="0"/>
  <testcase name="jenaSystem_write_1[TRDF -- Lang:RDF-THRIFT true true]" classname="org.apache.jena.riot.system.TestLangRegistration" time="0"/>
  <testcase name="jenaSystem_write_2[TRDF -- Lang:RDF-THRIFT true true]" classname="org.apache.jena.riot.system.TestLangRegistration" time="0"/>
  <testcase name="jenaSystem_read_1[TRDF -- Lang:RDF-THRIFT true true]" classname="org.apache.jena.riot.system.TestLangRegistration" time="0"/>
  <testcase name="jenaSystem_read_2[TRDF -- Lang:RDF-THRIFT true true]" classname="org.apache.jena.riot.system.TestLangRegistration" time="0"/>
  <testcase name="jenaSystem_write_1[NULL -- rdf/null false false]" classname="org.apache.jena.riot.system.TestFormatRegistration" time="0"/>
  <testcase name="jenaSystem_write_2[NULL -- rdf/null false false]" classname="org.apache.jena.riot.system.TestFormatRegistration" time="0"/>
  <testcase name="jenaSystem_write_3[NULL -- rdf/null false false]" classname="org.apache.jena.riot.system.TestFormatRegistration" time="0.002"/>
  <testcase name="jenaSystem_write_1[RDFXML -- RDF/XML/pretty true false]" classname="org.apache.jena.riot.system.TestFormatRegistration" time="0"/>
  <testcase name="jenaSystem_write_1[RDFXML -- RDF/XML/pretty true false]" classname="org.apache.jena.riot.system.TestFormatRegistration" time="0"/>
  <testcase name="jenaSystem_write_2[RDFXML -- RDF/XML/pretty true false]" classname="org.apache.jena.riot.system.TestFormatRegistration" time="0"/>
  <testcase name="jenaSystem_write_2[RDFXML -- RDF/XML/pretty true false]" classname="org.apache.jena.riot.system.TestFormatRegistration" time="0"/>
  <testcase name="jenaSystem_write_3[RDFXML -- RDF/XML/pretty true false]" classname="org.apache.jena.riot.system.TestFormatRegistration" time="0"/>
  <testcase name="jenaSystem_write_3[RDFXML -- RDF/XML/pretty true false]" classname="org.apache.jena.riot.system.TestFormatRegistration" time="0"/>
  <testcase name="jenaSystem_write_1[RDFXML -- RDF/XML/plain true false]" classname="org.apache.jena.riot.system.TestFormatRegistration" time="0"/>
  <testcase name="jenaSystem_write_1[RDFXML -- RDF/XML/plain true false]" classname="org.apache.jena.riot.system.TestFormatRegistration" time="0"/>
  <testcase name="jenaSystem_write_2[RDFXML -- RDF/XML/plain true false]" classname="org.apache.jena.riot.system.TestFormatRegistration" time="0"/>
  <testcase name="jenaSystem_write_2[RDFXML -- RDF/XML/plain true false]" classname="org.apache.jena.riot.system.TestFormatRegistration" time="0"/>
  <testcase name="jenaSystem_write_3[RDFXML -- RDF/XML/plain true false]" classname="org.apache.jena.riot.system.TestFormatRegistration" time="0"/>
  <testcase name="jenaSystem_write_3[RDFXML -- RDF/XML/plain true false]" classname="org.apache.jena.riot.system.TestFormatRegistration" time="0.001"/>
  <testcase name="jenaSystem_write_1[NTRIPLES -- N-Triples/utf-8 true false]" classname="org.apache.jena.riot.system.TestFormatRegistration" time="0"/>
  <testcase name="jenaSystem_write_2[NTRIPLES -- N-Triples/utf-8 true false]" classname="org.apache.jena.riot.system.TestFormatRegistration" time="0"/>
  <testcase name="jenaSystem_write_3[NTRIPLES -- N-Triples/utf-8 true false]" classname="org.apache.jena.riot.system.TestFormatRegistration" time="0"/>
  <testcase name="jenaSystem_write_1[NT -- N-Triples/utf-8 true false]" classname="org.apache.jena.riot.system.TestFormatRegistration" time="0"/>
  <testcase name="jenaSystem_write_2[NT -- N-Triples/utf-8 true false]" classname="org.apache.jena.riot.system.TestFormatRegistration" time="0"/>
  <testcase name="jenaSystem_write_3[NT -- N-Triples/utf-8 true false]" classname="org.apache.jena.riot.system.TestFormatRegistration" time="0"/>
  <testcase name="jenaSystem_write_1[TURTLE -- Turtle/pretty true false]" classname="org.apache.jena.riot.system.TestFormatRegistration" time="0"/>
  <testcase name="jenaSystem_write_2[TURTLE -- Turtle/pretty true false]" classname="org.apache.jena.riot.system.TestFormatRegistration" time="0"/>
  <testcase name="jenaSystem_write_3[TURTLE -- Turtle/pretty true false]" classname="org.apache.jena.riot.system.TestFormatRegistration" time="0.001"/>
  <testcase name="jenaSystem_write_1[TTL -- Turtle/pretty true false]" classname="org.apache.jena.riot.system.TestFormatRegistration" time="0"/>
  <testcase name="jenaSystem_write_2[TTL -- Turtle/pretty true false]" classname="org.apache.jena.riot.system.TestFormatRegistration" time="0"/>
  <testcase name="jenaSystem_write_3[TTL -- Turtle/pretty true false]" classname="org.apache.jena.riot.system.TestFormatRegistration" time="0"/>
  <testcase name="jenaSystem_write_1[JSONLD -- JSON-LD/compact pretty true true]" classname="org.apache.jena.riot.system.TestFormatRegistration" time="0"/>
  <testcase name="jenaSystem_write_2[JSONLD -- JSON-LD/compact pretty true true]" classname="org.apache.jena.riot.system.TestFormatRegistration" time="0"/>
  <testcase name="jenaSystem_write_3[JSONLD -- JSON-LD/compact pretty true true]" classname="org.apache.jena.riot.system.TestFormatRegistration" time="0.001"/>
  <testcase name="jenaSystem_write_1[RDFJSON -- RDF/JSON true false]" classname="org.apache.jena.riot.system.TestFormatRegistration" time="0"/>
  <testcase name="jenaSystem_write_2[RDFJSON -- RDF/JSON true false]" classname="org.apache.jena.riot.system.TestFormatRegistration" time="0.001"/>
  <testcase name="jenaSystem_write_3[RDFJSON -- RDF/JSON true false]" classname="org.apache.jena.riot.system.TestFormatRegistration" time="0.001"/>
  <testcase name="jenaSystem_write_1[NQUADS -- N-Quads/utf-8 true true]" classname="org.apache.jena.riot.system.TestFormatRegistration" time="0"/>
  <testcase name="jenaSystem_write_2[NQUADS -- N-Quads/utf-8 true true]" classname="org.apache.jena.riot.system.TestFormatRegistration" time="0"/>
  <testcase name="jenaSystem_write_3[NQUADS -- N-Quads/utf-8 true true]" classname="org.apache.jena.riot.system.TestFormatRegistration" time="0"/>
  <testcase name="jenaSystem_write_1[NQ -- N-Quads/utf-8 true true]" classname="org.apache.jena.riot.system.TestFormatRegistration" time="0.001"/>
  <testcase name="jenaSystem_write_2[NQ -- N-Quads/utf-8 true true]" classname="org.apache.jena.riot.system.TestFormatRegistration" time="0"/>
  <testcase name="jenaSystem_write_3[NQ -- N-Quads/utf-8 true true]" classname="org.apache.jena.riot.system.TestFormatRegistration" time="0"/>
  <testcase name="jenaSystem_write_1[TRIG -- TriG/pretty true true]" classname="org.apache.jena.riot.system.TestFormatRegistration" time="0"/>
  <testcase name="jenaSystem_write_2[TRIG -- TriG/pretty true true]" classname="org.apache.jena.riot.system.TestFormatRegistration" time="0"/>
  <testcase name="jenaSystem_write_3[TRIG -- TriG/pretty true true]" classname="org.apache.jena.riot.system.TestFormatRegistration" time="0.001"/>
  <testcase name="jenaSystem_write_1[TRIX -- TriX true true]" classname="org.apache.jena.riot.system.TestFormatRegistration" time="0"/>
  <testcase name="jenaSystem_write_2[TRIX -- TriX true true]" classname="org.apache.jena.riot.system.TestFormatRegistration" time="0"/>
  <testcase name="jenaSystem_write_3[TRIX -- TriX true true]" classname="org.apache.jena.riot.system.TestFormatRegistration" time="0.001"/>
  <testcase name="jenaSystem_write_1[TRDF -- RDF-THRIFT true true]" classname="org.apache.jena.riot.system.TestFormatRegistration" time="0"/>
  <testcase name="jenaSystem_write_2[TRDF -- RDF-THRIFT true true]" classname="org.apache.jena.riot.system.TestFormatRegistration" time="0"/>
  <testcase name="jenaSystem_write_3[TRDF -- RDF-THRIFT true true]" classname="org.apache.jena.riot.system.TestFormatRegistration" time="0.006"/>
  <testcase name="jenaSystem_write_1[TRDF -- RDF-THRIFT/Value true true]" classname="org.apache.jena.riot.system.TestFormatRegistration" time="0"/>
  <testcase name="jenaSystem_write_2[TRDF -- RDF-THRIFT/Value true true]" classname="org.apache.jena.riot.system.TestFormatRegistration" time="0"/>
  <testcase name="jenaSystem_write_3[TRDF -- RDF-THRIFT/Value true true]" classname="org.apache.jena.riot.system.TestFormatRegistration" time="0"/>
  <testcase name="roundtrip_01" classname="org.apache.jena.riot.system.TestJsonLDReadWrite" time="0.077"/>
  <testcase name="roundtrip_02" classname="org.apache.jena.riot.system.TestJsonLDReadWrite" time="0.013"/>
  <testcase name="roundtrip_03" classname="org.apache.jena.riot.system.TestJsonLDReadWrite" time="0.005"/>
  <testcase name="read_ds01" classname="org.apache.jena.riot.system.TestJsonLDReadWrite" time="0.011"/>
  <testcase name="read_ds02" classname="org.apache.jena.riot.system.TestJsonLDReadWrite" time="0.01"/>
  <testcase name="read_ds03" classname="org.apache.jena.riot.system.TestJsonLDReadWrite" time="0.003"/>
  <testcase name="read_g01" classname="org.apache.jena.riot.system.TestJsonLDReadWrite" time="0.006"/>
  <testcase name="read_g02" classname="org.apache.jena.riot.system.TestJsonLDReadWrite" time="0.003"/>
  <testcase name="serialize_triple_01" classname="org.apache.jena.riot.system.TestSerializable" time="0.015"/>
  <testcase name="serialize_triple_02" classname="org.apache.jena.riot.system.TestSerializable" time="0.001"/>
  <testcase name="serialize_triple_03" classname="org.apache.jena.riot.system.TestSerializable" time="0"/>
  <testcase name="serialize_triple_04" classname="org.apache.jena.riot.system.TestSerializable" time="0.001"/>
  <testcase name="serialize_node_01" classname="org.apache.jena.riot.system.TestSerializable" time="0.003"/>
  <testcase name="serialize_node_02" classname="org.apache.jena.riot.system.TestSerializable" time="0.001"/>
  <testcase name="serialize_node_03" classname="org.apache.jena.riot.system.TestSerializable" time="0.004"/>
  <testcase name="serialize_node_04" classname="org.apache.jena.riot.system.TestSerializable" time="0.002"/>
  <testcase name="serialize_node_05" classname="org.apache.jena.riot.system.TestSerializable" time="0.001"/>
  <testcase name="serialize_node_06" classname="org.apache.jena.riot.system.TestSerializable" time="0"/>
  <testcase name="serialize_quad_01" classname="org.apache.jena.riot.system.TestSerializable" time="0.003"/>
  <testcase name="serialize_quad_02" classname="org.apache.jena.riot.system.TestSerializable" time="0"/>
  <testcase name="serialize_quad_03" classname="org.apache.jena.riot.system.TestSerializable" time="0.001"/>
  <testcase name="serialize_quad_04" classname="org.apache.jena.riot.system.TestSerializable" time="0.001"/>
</testsuite>