<?xml version="1.0" encoding="UTF-8"?>
<testsuite xmlns:xsi="http://www.w3.org/2001/XMLSchema-instance" xsi:schemaLocation="https://maven.apache.org/surefire/maven-surefire-plugin/xsd/surefire-test-report.xsd" name="org.apache.jena.sparql.lang.TS_Lang" time="0.05" tests="57" errors="0" skipped="0" failures="0">
  <properties>
    <property name="java.runtime.name" value="Java(TM) SE Runtime Environment"/>
    <property name="sun.boot.library.path" value="/usr/lib/jvm/java-8-oracle/jre/lib/amd64"/>
    <property name="java.vm.version" value="25.111-b14"/>
    <property name="java.vm.vendor" value="Oracle Corporation"/>
    <property name="java.vendor.url" value="http://java.oracle.com/"/>
    <property name="path.separator" value=":"/>
    <property name="guice.disable.misplaced.annotation.check" value="true"/>
    <property name="java.vm.name" value="Java HotSpot(TM) 64-Bit Server VM"/>
    <property name="file.encoding.pkg" value="sun.io"/>
    <property name="user.country" value="US"/>
    <property name="sun.java.launcher" value="SUN_STANDARD"/>
    <property name="sun.os.patch.level" value="unknown"/>
    <property name="java.vm.specification.name" value="Java Virtual Machine Specification"/>
    <property name="user.dir" value="/home/ubuntu/research/jena"/>
    <property name="java.runtime.version" value="1.8.0_111-b14"/>
    <property name="java.awt.graphicsenv" value="sun.awt.X11GraphicsEnvironment"/>
    <property name="java.endorsed.dirs" value="/usr/lib/jvm/java-8-oracle/jre/lib/endorsed"/>
    <property name="os.arch" value="amd64"/>
    <property name="java.io.tmpdir" value="/tmp"/>
    <property name="line.separator" value="&#10;"/>
    <property name="java.vm.specification.vendor" value="Oracle Corporation"/>
    <property name="os.name" value="Linux"/>
    <property name="classworlds.conf" value="/usr/share/maven/bin/m2.conf"/>
    <property name="sun.jnu.encoding" value="UTF-8"/>
    <property name="java.library.path" value="/usr/java/packages/lib/amd64:/usr/lib64:/lib64:/lib:/usr/lib"/>
    <property name="java.specification.name" value="Java Platform API Specification"/>
    <property name="java.class.version" value="52.0"/>
    <property name="sun.management.compiler" value="HotSpot 64-Bit Tiered Compilers"/>
    <property name="os.version" value="4.2.0-27-generic"/>
    <property name="user.home" value="/root"/>
    <property name="user.timezone" value="America/Los_Angeles"/>
    <property name="java.awt.printerjob" value="sun.print.PSPrinterJob"/>
    <property name="file.encoding" value="UTF-8"/>
    <property name="java.specification.version" value="1.8"/>
    <property name="user.name" value="root"/>
    <property name="java.class.path" value="/usr/share/maven/boot/plexus-classworlds-2.x.jar"/>
    <property name="java.vm.specification.version" value="1.8"/>
    <property name="sun.arch.data.model" value="64"/>
    <property name="java.home" value="/usr/lib/jvm/java-8-oracle/jre"/>
    <property name="sun.java.command" value="org.codehaus.plexus.classworlds.launcher.Launcher package"/>
    <property name="java.specification.vendor" value="Oracle Corporation"/>
    <property name="user.language" value="en"/>
    <property name="awt.toolkit" value="sun.awt.X11.XToolkit"/>
    <property name="java.vm.info" value="mixed mode"/>
    <property name="java.version" value="1.8.0_111"/>
    <property name="java.ext.dirs" value="/usr/lib/jvm/java-8-oracle/jre/lib/ext:/usr/java/packages/lib/ext"/>
    <property name="securerandom.source" value="file:/dev/./urandom"/>
    <property name="sun.boot.class.path" value="/usr/lib/jvm/java-8-oracle/jre/lib/resources.jar:/usr/lib/jvm/java-8-oracle/jre/lib/rt.jar:/usr/lib/jvm/java-8-oracle/jre/lib/sunrsasign.jar:/usr/lib/jvm/java-8-oracle/jre/lib/jsse.jar:/usr/lib/jvm/java-8-oracle/jre/lib/jce.jar:/usr/lib/jvm/java-8-oracle/jre/lib/charsets.jar:/usr/lib/jvm/java-8-oracle/jre/lib/jfr.jar:/usr/lib/jvm/java-8-oracle/jre/classes"/>
    <property name="java.vendor" value="Oracle Corporation"/>
    <property name="maven.home" value="/usr/share/maven"/>
    <property name="file.separator" value="/"/>
    <property name="java.vendor.url.bug" value="http://bugreport.sun.com/bugreport/"/>
    <property name="sun.cpu.endian" value="little"/>
    <property name="sun.io.unicode.encoding" value="UnicodeLittle"/>
    <property name="sun.desktop" value="gnome"/>
    <property name="sun.cpu.isalist" value=""/>
  </properties>
  <testcase name="testEscUni01" classname="org.apache.jena.sparql.lang.TestUnescape" time="0"/>
  <testcase name="testEscUni02" classname="org.apache.jena.sparql.lang.TestUnescape" time="0"/>
  <testcase name="testEscUni03" classname="org.apache.jena.sparql.lang.TestUnescape" time="0"/>
  <testcase name="testEscUni04" classname="org.apache.jena.sparql.lang.TestUnescape" time="0"/>
  <testcase name="testEscUni05" classname="org.apache.jena.sparql.lang.TestUnescape" time="0"/>
  <testcase name="testEscUni06" classname="org.apache.jena.sparql.lang.TestUnescape" time="0"/>
  <testcase name="testEscUni07" classname="org.apache.jena.sparql.lang.TestUnescape" time="0"/>
  <testcase name="testEscUni08" classname="org.apache.jena.sparql.lang.TestUnescape" time="0"/>
  <testcase name="testEscUni09" classname="org.apache.jena.sparql.lang.TestUnescape" time="0"/>
  <testcase name="testEscUni10" classname="org.apache.jena.sparql.lang.TestUnescape" time="0.001"/>
  <testcase name="testEscUni11" classname="org.apache.jena.sparql.lang.TestUnescape" time="0"/>
  <testcase name="testEscUni12" classname="org.apache.jena.sparql.lang.TestUnescape" time="0"/>
  <testcase name="testEscUni13" classname="org.apache.jena.sparql.lang.TestUnescape" time="0"/>
  <testcase name="testEscUni14" classname="org.apache.jena.sparql.lang.TestUnescape" time="0"/>
  <testcase name="testEscUni15" classname="org.apache.jena.sparql.lang.TestUnescape" time="0"/>
  <testcase name="testEscUni16" classname="org.apache.jena.sparql.lang.TestUnescape" time="0"/>
  <testcase name="testEscUni17" classname="org.apache.jena.sparql.lang.TestUnescape" time="0"/>
  <testcase name="testEscUni18" classname="org.apache.jena.sparql.lang.TestUnescape" time="0"/>
  <testcase name="testEsc01" classname="org.apache.jena.sparql.lang.TestUnescape" time="0.001"/>
  <testcase name="testEsc02" classname="org.apache.jena.sparql.lang.TestUnescape" time="0"/>
  <testcase name="testEsc03" classname="org.apache.jena.sparql.lang.TestUnescape" time="0"/>
  <testcase name="testEsc04" classname="org.apache.jena.sparql.lang.TestUnescape" time="0"/>
  <testcase name="testEsc05" classname="org.apache.jena.sparql.lang.TestUnescape" time="0"/>
  <testcase name="testEsc06" classname="org.apache.jena.sparql.lang.TestUnescape" time="0.004"/>
  <testcase name="scope_01" classname="org.apache.jena.sparql.lang.TestVarScope" time="0.001"/>
  <testcase name="scope_02" classname="org.apache.jena.sparql.lang.TestVarScope" time="0.004"/>
  <testcase name="scope_03" classname="org.apache.jena.sparql.lang.TestVarScope" time="0.002"/>
  <testcase name="scope_04" classname="org.apache.jena.sparql.lang.TestVarScope" time="0"/>
  <testcase name="scope_05" classname="org.apache.jena.sparql.lang.TestVarScope" time="0"/>
  <testcase name="scope_06" classname="org.apache.jena.sparql.lang.TestVarScope" time="0.001"/>
  <testcase name="scope_07" classname="org.apache.jena.sparql.lang.TestVarScope" time="0"/>
  <testcase name="scope_08" classname="org.apache.jena.sparql.lang.TestVarScope" time="0"/>
  <testcase name="scope_09" classname="org.apache.jena.sparql.lang.TestVarScope" time="0.001"/>
  <testcase name="scope_10" classname="org.apache.jena.sparql.lang.TestVarScope" time="0.001"/>
  <testcase name="scope_15" classname="org.apache.jena.sparql.lang.TestVarScope" time="0"/>
  <testcase name="scope_16" classname="org.apache.jena.sparql.lang.TestVarScope" time="0"/>
  <testcase name="scope_17" classname="org.apache.jena.sparql.lang.TestVarScope" time="0"/>
  <testcase name="scope_20" classname="org.apache.jena.sparql.lang.TestVarScope" time="0"/>
  <testcase name="scope_21" classname="org.apache.jena.sparql.lang.TestVarScope" time="0"/>
  <testcase name="scope_22" classname="org.apache.jena.sparql.lang.TestVarScope" time="0"/>
  <testcase name="scope_23" classname="org.apache.jena.sparql.lang.TestVarScope" time="0"/>
  <testcase name="scope_24" classname="org.apache.jena.sparql.lang.TestVarScope" time="0.001"/>
  <testcase name="scope_25" classname="org.apache.jena.sparql.lang.TestVarScope" time="0"/>
  <testcase name="scope_26" classname="org.apache.jena.sparql.lang.TestVarScope" time="0"/>
  <testcase name="scope_27" classname="org.apache.jena.sparql.lang.TestVarScope" time="0"/>
  <testcase name="scope_28" classname="org.apache.jena.sparql.lang.TestVarScope" time="0.001"/>
  <testcase name="scope_29" classname="org.apache.jena.sparql.lang.TestVarScope" time="0.001"/>
  <testcase name="scope_30" classname="org.apache.jena.sparql.lang.TestVarScope" time="0"/>
  <testcase name="scope_34" classname="org.apache.jena.sparql.lang.TestVarScope" time="0"/>
  <testcase name="scope_35" classname="org.apache.jena.sparql.lang.TestVarScope" time="0.001"/>
  <testcase name="scope_50" classname="org.apache.jena.sparql.lang.TestVarScope" time="0"/>
  <testcase name="scope_51" classname="org.apache.jena.sparql.lang.TestVarScope" time="0"/>
  <testcase name="scope_52" classname="org.apache.jena.sparql.lang.TestVarScope" time="0"/>
  <testcase name="scope_63" classname="org.apache.jena.sparql.lang.TestVarScope" time="0"/>
  <testcase name="scope_64" classname="org.apache.jena.sparql.lang.TestVarScope" time="0"/>
  <testcase name="scope_65" classname="org.apache.jena.sparql.lang.TestVarScope" time="0"/>
  <testcase name="scope_66" classname="org.apache.jena.sparql.lang.TestVarScope" time="0"/>
</testsuite>