<?xml version="1.0" encoding="UTF-8"?>
<testsuite xmlns:xsi="http://www.w3.org/2001/XMLSchema-instance" xsi:schemaLocation="https://maven.apache.org/surefire/maven-surefire-plugin/xsd/surefire-test-report.xsd" name="org.apache.jena.sparql.resultset.TS_ResultSet" time="0.262" tests="136" errors="0" skipped="0" failures="0">
  <properties>
    <property name="java.runtime.name" value="Java(TM) SE Runtime Environment"/>
    <property name="sun.boot.library.path" value="/usr/lib/jvm/java-8-oracle/jre/lib/amd64"/>
    <property name="java.vm.version" value="25.111-b14"/>
    <property name="java.vm.vendor" value="Oracle Corporation"/>
    <property name="java.vendor.url" value="http://java.oracle.com/"/>
    <property name="path.separator" value=":"/>
    <property name="guice.disable.misplaced.annotation.check" value="true"/>
    <property name="java.vm.name" value="Java HotSpot(TM) 64-Bit Server VM"/>
    <property name="file.encoding.pkg" value="sun.io"/>
    <property name="user.country" value="US"/>
    <property name="sun.java.launcher" value="SUN_STANDARD"/>
    <property name="sun.os.patch.level" value="unknown"/>
    <property name="java.vm.specification.name" value="Java Virtual Machine Specification"/>
    <property name="user.dir" value="/home/ubuntu/research/jena"/>
    <property name="java.runtime.version" value="1.8.0_111-b14"/>
    <property name="java.awt.graphicsenv" value="sun.awt.X11GraphicsEnvironment"/>
    <property name="java.endorsed.dirs" value="/usr/lib/jvm/java-8-oracle/jre/lib/endorsed"/>
    <property name="os.arch" value="amd64"/>
    <property name="java.io.tmpdir" value="/tmp"/>
    <property name="line.separator" value="&#10;"/>
    <property name="java.vm.specification.vendor" value="Oracle Corporation"/>
    <property name="os.name" value="Linux"/>
    <property name="classworlds.conf" value="/usr/share/maven/bin/m2.conf"/>
    <property name="sun.jnu.encoding" value="UTF-8"/>
    <property name="java.library.path" value="/usr/java/packages/lib/amd64:/usr/lib64:/lib64:/lib:/usr/lib"/>
    <property name="java.specification.name" value="Java Platform API Specification"/>
    <property name="java.class.version" value="52.0"/>
    <property name="sun.management.compiler" value="HotSpot 64-Bit Tiered Compilers"/>
    <property name="os.version" value="4.2.0-27-generic"/>
    <property name="user.home" value="/root"/>
    <property name="user.timezone" value="America/Los_Angeles"/>
    <property name="java.awt.printerjob" value="sun.print.PSPrinterJob"/>
    <property name="file.encoding" value="UTF-8"/>
    <property name="java.specification.version" value="1.8"/>
    <property name="user.name" value="root"/>
    <property name="java.class.path" value="/usr/share/maven/boot/plexus-classworlds-2.x.jar"/>
    <property name="java.vm.specification.version" value="1.8"/>
    <property name="sun.arch.data.model" value="64"/>
    <property name="java.home" value="/usr/lib/jvm/java-8-oracle/jre"/>
    <property name="sun.java.command" value="org.codehaus.plexus.classworlds.launcher.Launcher package"/>
    <property name="java.specification.vendor" value="Oracle Corporation"/>
    <property name="user.language" value="en"/>
    <property name="awt.toolkit" value="sun.awt.X11.XToolkit"/>
    <property name="java.vm.info" value="mixed mode"/>
    <property name="java.version" value="1.8.0_111"/>
    <property name="java.ext.dirs" value="/usr/lib/jvm/java-8-oracle/jre/lib/ext:/usr/java/packages/lib/ext"/>
    <property name="securerandom.source" value="file:/dev/./urandom"/>
    <property name="sun.boot.class.path" value="/usr/lib/jvm/java-8-oracle/jre/lib/resources.jar:/usr/lib/jvm/java-8-oracle/jre/lib/rt.jar:/usr/lib/jvm/java-8-oracle/jre/lib/sunrsasign.jar:/usr/lib/jvm/java-8-oracle/jre/lib/jsse.jar:/usr/lib/jvm/java-8-oracle/jre/lib/jce.jar:/usr/lib/jvm/java-8-oracle/jre/lib/charsets.jar:/usr/lib/jvm/java-8-oracle/jre/lib/jfr.jar:/usr/lib/jvm/java-8-oracle/jre/classes"/>
    <property name="java.vendor" value="Oracle Corporation"/>
    <property name="maven.home" value="/usr/share/maven"/>
    <property name="file.separator" value="/"/>
    <property name="java.vendor.url.bug" value="http://bugreport.sun.com/bugreport/"/>
    <property name="sun.cpu.endian" value="little"/>
    <property name="sun.io.unicode.encoding" value="UnicodeLittle"/>
    <property name="sun.desktop" value="gnome"/>
    <property name="sun.cpu.isalist" value=""/>
  </properties>
  <testcase name="test_RS_union_1" classname="org.apache.jena.sparql.resultset.TestResultSet" time="0"/>
  <testcase name="test_RS_union_2" classname="org.apache.jena.sparql.resultset.TestResultSet" time="0.001"/>
  <testcase name="test_RS_peeking_1" classname="org.apache.jena.sparql.resultset.TestResultSet" time="0"/>
  <testcase name="test_RS_peeking_2" classname="org.apache.jena.sparql.resultset.TestResultSet" time="0"/>
  <testcase name="test_RS_peeking_3" classname="org.apache.jena.sparql.resultset.TestResultSet" time="0"/>
  <testcase name="test_RS_peeking_4" classname="org.apache.jena.sparql.resultset.TestResultSet" time="0"/>
  <testcase name="test_RS_peeking_5" classname="org.apache.jena.sparql.resultset.TestResultSet" time="0"/>
  <testcase name="test_RS_peeking_6" classname="org.apache.jena.sparql.resultset.TestResultSet" time="0"/>
  <testcase name="test_RS_peeking_7" classname="org.apache.jena.sparql.resultset.TestResultSet" time="0"/>
  <testcase name="test_RS_peeking_8" classname="org.apache.jena.sparql.resultset.TestResultSet" time="0"/>
  <testcase name="test_RS_peeking_9" classname="org.apache.jena.sparql.resultset.TestResultSet" time="0"/>
  <testcase name="test_RS_1" classname="org.apache.jena.sparql.resultset.TestResultSet" time="0.009"/>
  <testcase name="test_RS_2" classname="org.apache.jena.sparql.resultset.TestResultSet" time="0.003"/>
  <testcase name="test_RS_3" classname="org.apache.jena.sparql.resultset.TestResultSet" time="0"/>
  <testcase name="test_RS_4" classname="org.apache.jena.sparql.resultset.TestResultSet" time="0.001"/>
  <testcase name="test_RS_5" classname="org.apache.jena.sparql.resultset.TestResultSet" time="0.002"/>
  <testcase name="test_RS_6" classname="org.apache.jena.sparql.resultset.TestResultSet" time="0"/>
  <testcase name="test_RS_7" classname="org.apache.jena.sparql.resultset.TestResultSet" time="0.009"/>
  <testcase name="test_RS_8" classname="org.apache.jena.sparql.resultset.TestResultSet" time="0.01"/>
  <testcase name="test_RS_9" classname="org.apache.jena.sparql.resultset.TestResultSet" time="0.047"/>
  <testcase name="test_RS_1_str" classname="org.apache.jena.sparql.resultset.TestResultSet" time="0.001"/>
  <testcase name="test_RS_2_str" classname="org.apache.jena.sparql.resultset.TestResultSet" time="0.001"/>
  <testcase name="test_RS_cmp_1" classname="org.apache.jena.sparql.resultset.TestResultSet" time="0"/>
  <testcase name="test_RS_cmp_2" classname="org.apache.jena.sparql.resultset.TestResultSet" time="0"/>
  <testcase name="test_RS_cmp_3" classname="org.apache.jena.sparql.resultset.TestResultSet" time="0"/>
  <testcase name="test_RS_cmp_4" classname="org.apache.jena.sparql.resultset.TestResultSet" time="0"/>
  <testcase name="test_RS_cmp_5" classname="org.apache.jena.sparql.resultset.TestResultSet" time="0.003"/>
  <testcase name="test_RS_cmp_6" classname="org.apache.jena.sparql.resultset.TestResultSet" time="0"/>
  <testcase name="test_RS_iso_1" classname="org.apache.jena.sparql.resultset.TestResultSet" time="0.009"/>
  <testcase name="test_RS_cmp_value_1" classname="org.apache.jena.sparql.resultset.TestResultSet" time="0.007"/>
  <testcase name="test_RS_10" classname="org.apache.jena.sparql.resultset.TestResultSet" time="0.001"/>
  <testcase name="resultset_01[0]" classname="org.apache.jena.sparql.resultset.TestResultSetFormat1" time="0.001"/>
  <testcase name="resultset_02[0]" classname="org.apache.jena.sparql.resultset.TestResultSetFormat1" time="0.001"/>
  <testcase name="resultset_03[0]" classname="org.apache.jena.sparql.resultset.TestResultSetFormat1" time="0.001"/>
  <testcase name="resultset_04[0]" classname="org.apache.jena.sparql.resultset.TestResultSetFormat1" time="0.001"/>
  <testcase name="resultset_05[0]" classname="org.apache.jena.sparql.resultset.TestResultSetFormat1" time="0.001"/>
  <testcase name="resultset_01[1]" classname="org.apache.jena.sparql.resultset.TestResultSetFormat1" time="0"/>
  <testcase name="resultset_02[1]" classname="org.apache.jena.sparql.resultset.TestResultSetFormat1" time="0.001"/>
  <testcase name="resultset_03[1]" classname="org.apache.jena.sparql.resultset.TestResultSetFormat1" time="0.001"/>
  <testcase name="resultset_04[1]" classname="org.apache.jena.sparql.resultset.TestResultSetFormat1" time="0.001"/>
  <testcase name="resultset_05[1]" classname="org.apache.jena.sparql.resultset.TestResultSetFormat1" time="0"/>
  <testcase name="resultset_01[2]" classname="org.apache.jena.sparql.resultset.TestResultSetFormat1" time="0"/>
  <testcase name="resultset_02[2]" classname="org.apache.jena.sparql.resultset.TestResultSetFormat1" time="0.003"/>
  <testcase name="resultset_03[2]" classname="org.apache.jena.sparql.resultset.TestResultSetFormat1" time="0.002"/>
  <testcase name="resultset_04[2]" classname="org.apache.jena.sparql.resultset.TestResultSetFormat1" time="0.004"/>
  <testcase name="resultset_05[2]" classname="org.apache.jena.sparql.resultset.TestResultSetFormat1" time="0.001"/>
  <testcase name="resultset_01[3]" classname="org.apache.jena.sparql.resultset.TestResultSetFormat1" time="0"/>
  <testcase name="resultset_02[3]" classname="org.apache.jena.sparql.resultset.TestResultSetFormat1" time="0.002"/>
  <testcase name="resultset_03[3]" classname="org.apache.jena.sparql.resultset.TestResultSetFormat1" time="0.003"/>
  <testcase name="resultset_04[3]" classname="org.apache.jena.sparql.resultset.TestResultSetFormat1" time="0.001"/>
  <testcase name="resultset_05[3]" classname="org.apache.jena.sparql.resultset.TestResultSetFormat1" time="0"/>
  <testcase name="resultset_01[4]" classname="org.apache.jena.sparql.resultset.TestResultSetFormat1" time="0"/>
  <testcase name="resultset_02[4]" classname="org.apache.jena.sparql.resultset.TestResultSetFormat1" time="0.001"/>
  <testcase name="resultset_03[4]" classname="org.apache.jena.sparql.resultset.TestResultSetFormat1" time="0.005"/>
  <testcase name="resultset_04[4]" classname="org.apache.jena.sparql.resultset.TestResultSetFormat1" time="0.001"/>
  <testcase name="resultset_05[4]" classname="org.apache.jena.sparql.resultset.TestResultSetFormat1" time="0.001"/>
  <testcase name="resultset_01[5]" classname="org.apache.jena.sparql.resultset.TestResultSetFormat1" time="0"/>
  <testcase name="resultset_02[5]" classname="org.apache.jena.sparql.resultset.TestResultSetFormat1" time="0.002"/>
  <testcase name="resultset_03[5]" classname="org.apache.jena.sparql.resultset.TestResultSetFormat1" time="0.003"/>
  <testcase name="resultset_04[5]" classname="org.apache.jena.sparql.resultset.TestResultSetFormat1" time="0.001"/>
  <testcase name="resultset_05[5]" classname="org.apache.jena.sparql.resultset.TestResultSetFormat1" time="0"/>
  <testcase name="resultset_01[6]" classname="org.apache.jena.sparql.resultset.TestResultSetFormat1" time="0.002"/>
  <testcase name="resultset_02[6]" classname="org.apache.jena.sparql.resultset.TestResultSetFormat1" time="0.004"/>
  <testcase name="resultset_03[6]" classname="org.apache.jena.sparql.resultset.TestResultSetFormat1" time="0.002"/>
  <testcase name="resultset_04[6]" classname="org.apache.jena.sparql.resultset.TestResultSetFormat1" time="0.006"/>
  <testcase name="resultset_05[6]" classname="org.apache.jena.sparql.resultset.TestResultSetFormat1" time="0.001"/>
  <testcase name="resultset_01[7]" classname="org.apache.jena.sparql.resultset.TestResultSetFormat1" time="0"/>
  <testcase name="resultset_02[7]" classname="org.apache.jena.sparql.resultset.TestResultSetFormat1" time="0.001"/>
  <testcase name="resultset_03[7]" classname="org.apache.jena.sparql.resultset.TestResultSetFormat1" time="0.002"/>
  <testcase name="resultset_04[7]" classname="org.apache.jena.sparql.resultset.TestResultSetFormat1" time="0.001"/>
  <testcase name="resultset_05[7]" classname="org.apache.jena.sparql.resultset.TestResultSetFormat1" time="0"/>
  <testcase name="resultset_01[8]" classname="org.apache.jena.sparql.resultset.TestResultSetFormat1" time="0.001"/>
  <testcase name="resultset_02[8]" classname="org.apache.jena.sparql.resultset.TestResultSetFormat1" time="0.001"/>
  <testcase name="resultset_03[8]" classname="org.apache.jena.sparql.resultset.TestResultSetFormat1" time="0.001"/>
  <testcase name="resultset_04[8]" classname="org.apache.jena.sparql.resultset.TestResultSetFormat1" time="0"/>
  <testcase name="resultset_05[8]" classname="org.apache.jena.sparql.resultset.TestResultSetFormat1" time="0"/>
  <testcase name="resultset_01[9]" classname="org.apache.jena.sparql.resultset.TestResultSetFormat1" time="0"/>
  <testcase name="resultset_02[9]" classname="org.apache.jena.sparql.resultset.TestResultSetFormat1" time="0.001"/>
  <testcase name="resultset_03[9]" classname="org.apache.jena.sparql.resultset.TestResultSetFormat1" time="0"/>
  <testcase name="resultset_04[9]" classname="org.apache.jena.sparql.resultset.TestResultSetFormat1" time="0"/>
  <testcase name="resultset_05[9]" classname="org.apache.jena.sparql.resultset.TestResultSetFormat1" time="0"/>
  <testcase name="resultset_01[10]" classname="org.apache.jena.sparql.resultset.TestResultSetFormat1" time="0.005"/>
  <testcase name="resultset_02[10]" classname="org.apache.jena.sparql.resultset.TestResultSetFormat1" time="0"/>
  <testcase name="resultset_03[10]" classname="org.apache.jena.sparql.resultset.TestResultSetFormat1" time="0.001"/>
  <testcase name="resultset_04[10]" classname="org.apache.jena.sparql.resultset.TestResultSetFormat1" time="0.001"/>
  <testcase name="resultset_05[10]" classname="org.apache.jena.sparql.resultset.TestResultSetFormat1" time="0"/>
  <testcase name="resultset_01[11]" classname="org.apache.jena.sparql.resultset.TestResultSetFormat1" time="0"/>
  <testcase name="resultset_02[11]" classname="org.apache.jena.sparql.resultset.TestResultSetFormat1" time="0.001"/>
  <testcase name="resultset_03[11]" classname="org.apache.jena.sparql.resultset.TestResultSetFormat1" time="0"/>
  <testcase name="resultset_04[11]" classname="org.apache.jena.sparql.resultset.TestResultSetFormat1" time="0.001"/>
  <testcase name="resultset_05[11]" classname="org.apache.jena.sparql.resultset.TestResultSetFormat1" time="0"/>
  <testcase name="resultset_csv_01" classname="org.apache.jena.sparql.resultset.TestResultSetFormat2" time="0.01"/>
  <testcase name="resultset_csv_02" classname="org.apache.jena.sparql.resultset.TestResultSetFormat2" time="0"/>
  <testcase name="resultset_tsv_01" classname="org.apache.jena.sparql.resultset.TestResultSetFormat2" time="0"/>
  <testcase name="resultset_tsv_02" classname="org.apache.jena.sparql.resultset.TestResultSetFormat2" time="0"/>
  <testcase name="resultset_tsv_03" classname="org.apache.jena.sparql.resultset.TestResultSetFormat2" time="0"/>
  <testcase name="resultset_tsv_04" classname="org.apache.jena.sparql.resultset.TestResultSetFormat2" time="0"/>
  <testcase name="resultset_tsv_05" classname="org.apache.jena.sparql.resultset.TestResultSetFormat2" time="0"/>
  <testcase name="resultset_tsv_06" classname="org.apache.jena.sparql.resultset.TestResultSetFormat2" time="0"/>
  <testcase name="resultset_tsv_07" classname="org.apache.jena.sparql.resultset.TestResultSetFormat2" time="0"/>
  <testcase name="resultset_tsv_08" classname="org.apache.jena.sparql.resultset.TestResultSetFormat2" time="0"/>
  <testcase name="resultset_tsv_09" classname="org.apache.jena.sparql.resultset.TestResultSetFormat2" time="0.003"/>
  <testcase name="resultset_tsv_11" classname="org.apache.jena.sparql.resultset.TestResultSetFormat2" time="0"/>
  <testcase name="resultset_tsv_12" classname="org.apache.jena.sparql.resultset.TestResultSetFormat2" time="0"/>
  <testcase name="resultset_tsv_13" classname="org.apache.jena.sparql.resultset.TestResultSetFormat2" time="0"/>
  <testcase name="resultset_tsv_14" classname="org.apache.jena.sparql.resultset.TestResultSetFormat2" time="0"/>
  <testcase name="resultset_bad_tsv_boolean_01" classname="org.apache.jena.sparql.resultset.TestResultSetFormat2" time="0"/>
  <testcase name="resultset_bad_tsv_boolean_02" classname="org.apache.jena.sparql.resultset.TestResultSetFormat2" time="0"/>
  <testcase name="resultset_bad_tsv_boolean_03" classname="org.apache.jena.sparql.resultset.TestResultSetFormat2" time="0.001"/>
  <testcase name="resultset_bad_tsv_boolean_04" classname="org.apache.jena.sparql.resultset.TestResultSetFormat2" time="0"/>
  <testcase name="resultset_bad_tsv_boolean_05" classname="org.apache.jena.sparql.resultset.TestResultSetFormat2" time="0"/>
  <testcase name="resultset_json_01" classname="org.apache.jena.sparql.resultset.TestResultSetFormat2" time="0"/>
  <testcase name="resultset_json_02" classname="org.apache.jena.sparql.resultset.TestResultSetFormat2" time="0"/>
  <testcase name="resultset_json_03" classname="org.apache.jena.sparql.resultset.TestResultSetFormat2" time="0"/>
  <testcase name="resultset_json_04" classname="org.apache.jena.sparql.resultset.TestResultSetFormat2" time="0"/>
  <testcase name="resultset_bad_tsv_01" classname="org.apache.jena.sparql.resultset.TestResultSetFormat2" time="0"/>
  <testcase name="resultset_bad_tsv_02" classname="org.apache.jena.sparql.resultset.TestResultSetFormat2" time="0"/>
  <testcase name="resultset_bad_tsv_03" classname="org.apache.jena.sparql.resultset.TestResultSetFormat2" time="0"/>
  <testcase name="resultset_bad_tsv_04" classname="org.apache.jena.sparql.resultset.TestResultSetFormat2" time="0"/>
  <testcase name="resultset_bad_tsv_05" classname="org.apache.jena.sparql.resultset.TestResultSetFormat2" time="0.001"/>
  <testcase name="resultset_bad_tsv_06" classname="org.apache.jena.sparql.resultset.TestResultSetFormat2" time="0"/>
  <testcase name="resultset_bad_tsv_07" classname="org.apache.jena.sparql.resultset.TestResultSetFormat2" time="0"/>
  <testcase name="resultset_bad_tsv_08" classname="org.apache.jena.sparql.resultset.TestResultSetFormat2" time="0"/>
  <testcase name="resultset_bad_tsv_09" classname="org.apache.jena.sparql.resultset.TestResultSetFormat2" time="0.001"/>
  <testcase name="resultset_tsv_boolean_01" classname="org.apache.jena.sparql.resultset.TestResultSetFormat2" time="0"/>
  <testcase name="resultset_tsv_boolean_02" classname="org.apache.jena.sparql.resultset.TestResultSetFormat2" time="0"/>
  <testcase name="resultset_tsv_boolean_03" classname="org.apache.jena.sparql.resultset.TestResultSetFormat2" time="0"/>
  <testcase name="resultset_tsv_boolean_04" classname="org.apache.jena.sparql.resultset.TestResultSetFormat2" time="0"/>
  <testcase name="resultset_tsv_boolean_05" classname="org.apache.jena.sparql.resultset.TestResultSetFormat2" time="0"/>
  <testcase name="resultset_tsv_boolean_06" classname="org.apache.jena.sparql.resultset.TestResultSetFormat2" time="0"/>
  <testcase name="resultset_tsv_boolean_07" classname="org.apache.jena.sparql.resultset.TestResultSetFormat2" time="0"/>
  <testcase name="resultset_tsv_boolean_08" classname="org.apache.jena.sparql.resultset.TestResultSetFormat2" time="0"/>
  <testcase name="resultset_tsv_boolean_09" classname="org.apache.jena.sparql.resultset.TestResultSetFormat2" time="0.001"/>
  <testcase name="resultset_tsv_boolean_10" classname="org.apache.jena.sparql.resultset.TestResultSetFormat2" time="0"/>
  <testcase name="resultset_tsv_boolean_11" classname="org.apache.jena.sparql.resultset.TestResultSetFormat2" time="0"/>
  <testcase name="resultset_tsv_boolean_12" classname="org.apache.jena.sparql.resultset.TestResultSetFormat2" time="0"/>
</testsuite>