<?xml version="1.0" encoding="UTF-8"?>
<testsuite xmlns:xsi="http://www.w3.org/2001/XMLSchema-instance" xsi:schemaLocation="https://maven.apache.org/surefire/maven-surefire-plugin/xsd/surefire-test-report.xsd" name="org.apache.jena.sparql.syntax.TS_Syntax" time="0.148" tests="89" errors="0" skipped="0" failures="0">
  <properties>
    <property name="java.runtime.name" value="Java(TM) SE Runtime Environment"/>
    <property name="sun.boot.library.path" value="/usr/lib/jvm/java-8-oracle/jre/lib/amd64"/>
    <property name="java.vm.version" value="25.111-b14"/>
    <property name="java.vm.vendor" value="Oracle Corporation"/>
    <property name="java.vendor.url" value="http://java.oracle.com/"/>
    <property name="path.separator" value=":"/>
    <property name="guice.disable.misplaced.annotation.check" value="true"/>
    <property name="java.vm.name" value="Java HotSpot(TM) 64-Bit Server VM"/>
    <property name="file.encoding.pkg" value="sun.io"/>
    <property name="user.country" value="US"/>
    <property name="sun.java.launcher" value="SUN_STANDARD"/>
    <property name="sun.os.patch.level" value="unknown"/>
    <property name="java.vm.specification.name" value="Java Virtual Machine Specification"/>
    <property name="user.dir" value="/home/ubuntu/research/jena"/>
    <property name="java.runtime.version" value="1.8.0_111-b14"/>
    <property name="java.awt.graphicsenv" value="sun.awt.X11GraphicsEnvironment"/>
    <property name="java.endorsed.dirs" value="/usr/lib/jvm/java-8-oracle/jre/lib/endorsed"/>
    <property name="os.arch" value="amd64"/>
    <property name="java.io.tmpdir" value="/tmp"/>
    <property name="line.separator" value="&#10;"/>
    <property name="java.vm.specification.vendor" value="Oracle Corporation"/>
    <property name="os.name" value="Linux"/>
    <property name="classworlds.conf" value="/usr/share/maven/bin/m2.conf"/>
    <property name="sun.jnu.encoding" value="UTF-8"/>
    <property name="java.library.path" value="/usr/java/packages/lib/amd64:/usr/lib64:/lib64:/lib:/usr/lib"/>
    <property name="java.specification.name" value="Java Platform API Specification"/>
    <property name="java.class.version" value="52.0"/>
    <property name="sun.management.compiler" value="HotSpot 64-Bit Tiered Compilers"/>
    <property name="os.version" value="4.2.0-27-generic"/>
    <property name="user.home" value="/root"/>
    <property name="user.timezone" value="America/Los_Angeles"/>
    <property name="java.awt.printerjob" value="sun.print.PSPrinterJob"/>
    <property name="file.encoding" value="UTF-8"/>
    <property name="java.specification.version" value="1.8"/>
    <property name="user.name" value="root"/>
    <property name="java.class.path" value="/usr/share/maven/boot/plexus-classworlds-2.x.jar"/>
    <property name="java.vm.specification.version" value="1.8"/>
    <property name="sun.arch.data.model" value="64"/>
    <property name="java.home" value="/usr/lib/jvm/java-8-oracle/jre"/>
    <property name="sun.java.command" value="org.codehaus.plexus.classworlds.launcher.Launcher package"/>
    <property name="java.specification.vendor" value="Oracle Corporation"/>
    <property name="user.language" value="en"/>
    <property name="awt.toolkit" value="sun.awt.X11.XToolkit"/>
    <property name="java.vm.info" value="mixed mode"/>
    <property name="java.version" value="1.8.0_111"/>
    <property name="java.ext.dirs" value="/usr/lib/jvm/java-8-oracle/jre/lib/ext:/usr/java/packages/lib/ext"/>
    <property name="securerandom.source" value="file:/dev/./urandom"/>
    <property name="sun.boot.class.path" value="/usr/lib/jvm/java-8-oracle/jre/lib/resources.jar:/usr/lib/jvm/java-8-oracle/jre/lib/rt.jar:/usr/lib/jvm/java-8-oracle/jre/lib/sunrsasign.jar:/usr/lib/jvm/java-8-oracle/jre/lib/jsse.jar:/usr/lib/jvm/java-8-oracle/jre/lib/jce.jar:/usr/lib/jvm/java-8-oracle/jre/lib/charsets.jar:/usr/lib/jvm/java-8-oracle/jre/lib/jfr.jar:/usr/lib/jvm/java-8-oracle/jre/classes"/>
    <property name="java.vendor" value="Oracle Corporation"/>
    <property name="maven.home" value="/usr/share/maven"/>
    <property name="file.separator" value="/"/>
    <property name="java.vendor.url.bug" value="http://bugreport.sun.com/bugreport/"/>
    <property name="sun.cpu.endian" value="little"/>
    <property name="sun.io.unicode.encoding" value="UnicodeLittle"/>
    <property name="sun.desktop" value="gnome"/>
    <property name="sun.cpu.isalist" value=""/>
  </properties>
  <testcase name="test_Dots_1" classname="org.apache.jena.sparql.syntax.TestSerialization" time="0.003"/>
  <testcase name="test_Dots_2" classname="org.apache.jena.sparql.syntax.TestSerialization" time="0"/>
  <testcase name="test_Dots_3" classname="org.apache.jena.sparql.syntax.TestSerialization" time="0.004"/>
  <testcase name="testOpToSyntax_01" classname="org.apache.jena.sparql.syntax.TestSerialization" time="0.021"/>
  <testcase name="testOpToSyntax_02" classname="org.apache.jena.sparql.syntax.TestSerialization" time="0.008"/>
  <testcase name="testOpToSyntax_03" classname="org.apache.jena.sparql.syntax.TestSerialization" time="0"/>
  <testcase name="testOpToSyntax_04" classname="org.apache.jena.sparql.syntax.TestSerialization" time="0.001"/>
  <testcase name="testOpToSyntax_05" classname="org.apache.jena.sparql.syntax.TestSerialization" time="0"/>
  <testcase name="testOpToSyntax_06" classname="org.apache.jena.sparql.syntax.TestSerialization" time="0.001"/>
  <testcase name="testOpToSyntax_07" classname="org.apache.jena.sparql.syntax.TestSerialization" time="0"/>
  <testcase name="testQueryComment1" classname="org.apache.jena.sparql.syntax.TestSerialization" time="0"/>
  <testcase name="test_URI_10" classname="org.apache.jena.sparql.syntax.TestSerialization" time="0.001"/>
  <testcase name="test_URI_11" classname="org.apache.jena.sparql.syntax.TestSerialization" time="0"/>
  <testcase name="test_PName_1" classname="org.apache.jena.sparql.syntax.TestSerialization" time="0"/>
  <testcase name="test_PName_2" classname="org.apache.jena.sparql.syntax.TestSerialization" time="0"/>
  <testcase name="test_PName_3" classname="org.apache.jena.sparql.syntax.TestSerialization" time="0"/>
  <testcase name="test_PName_4" classname="org.apache.jena.sparql.syntax.TestSerialization" time="0"/>
  <testcase name="test_PName_5" classname="org.apache.jena.sparql.syntax.TestSerialization" time="0"/>
  <testcase name="test_PName_6" classname="org.apache.jena.sparql.syntax.TestSerialization" time="0"/>
  <testcase name="testQueryExpr1" classname="org.apache.jena.sparql.syntax.TestSerialization" time="0"/>
  <testcase name="testQueryExpr2" classname="org.apache.jena.sparql.syntax.TestSerialization" time="0"/>
  <testcase name="testQueryExpr3" classname="org.apache.jena.sparql.syntax.TestSerialization" time="0"/>
  <testcase name="testQueryExpr4" classname="org.apache.jena.sparql.syntax.TestSerialization" time="0.001"/>
  <testcase name="test_PName_Bad_1" classname="org.apache.jena.sparql.syntax.TestSerialization" time="0"/>
  <testcase name="test_PName_Bad_2" classname="org.apache.jena.sparql.syntax.TestSerialization" time="0"/>
  <testcase name="test_PName_Bad_3" classname="org.apache.jena.sparql.syntax.TestSerialization" time="0"/>
  <testcase name="test_PName_Bad_4" classname="org.apache.jena.sparql.syntax.TestSerialization" time="0"/>
  <testcase name="test_PName_Bad_5" classname="org.apache.jena.sparql.syntax.TestSerialization" time="0"/>
  <testcase name="test_PName_Bad_6" classname="org.apache.jena.sparql.syntax.TestSerialization" time="0"/>
  <testcase name="test_PName_Bad_7" classname="org.apache.jena.sparql.syntax.TestSerialization" time="0"/>
  <testcase name="testQueryPattern1" classname="org.apache.jena.sparql.syntax.TestSerialization" time="0"/>
  <testcase name="testQueryPattern2" classname="org.apache.jena.sparql.syntax.TestSerialization" time="0"/>
  <testcase name="testQuery1" classname="org.apache.jena.sparql.syntax.TestSerialization" time="0.001"/>
  <testcase name="test_URI_1" classname="org.apache.jena.sparql.syntax.TestSerialization" time="0"/>
  <testcase name="test_URI_2" classname="org.apache.jena.sparql.syntax.TestSerialization" time="0"/>
  <testcase name="test_URI_3" classname="org.apache.jena.sparql.syntax.TestSerialization" time="0"/>
  <testcase name="test_URI_4" classname="org.apache.jena.sparql.syntax.TestSerialization" time="0"/>
  <testcase name="test_URI_5" classname="org.apache.jena.sparql.syntax.TestSerialization" time="0"/>
  <testcase name="test_URI_6" classname="org.apache.jena.sparql.syntax.TestSerialization" time="0"/>
  <testcase name="test_URI_7" classname="org.apache.jena.sparql.syntax.TestSerialization" time="0"/>
  <testcase name="test_URI_8" classname="org.apache.jena.sparql.syntax.TestSerialization" time="0"/>
  <testcase name="test_URI_9" classname="org.apache.jena.sparql.syntax.TestSerialization" time="0"/>
  <testcase name="queryOp_01" classname="org.apache.jena.sparql.syntax.syntaxtransform.TestQueryOps" time="0.005"/>
  <testcase name="queryOp_02" classname="org.apache.jena.sparql.syntax.syntaxtransform.TestQueryOps" time="0"/>
  <testcase name="queryOp_03" classname="org.apache.jena.sparql.syntax.syntaxtransform.TestQueryOps" time="0.004"/>
  <testcase name="queryOp_04" classname="org.apache.jena.sparql.syntax.syntaxtransform.TestQueryOps" time="0"/>
  <testcase name="queryOp_05" classname="org.apache.jena.sparql.syntax.syntaxtransform.TestQueryOps" time="0.001"/>
  <testcase name="queryOp_06" classname="org.apache.jena.sparql.syntax.syntaxtransform.TestQueryOps" time="0"/>
  <testcase name="queryOp_07" classname="org.apache.jena.sparql.syntax.syntaxtransform.TestQueryOps" time="0"/>
  <testcase name="queryOp_10" classname="org.apache.jena.sparql.syntax.syntaxtransform.TestQueryOps" time="0.001"/>
  <testcase name="queryOp_11" classname="org.apache.jena.sparql.syntax.syntaxtransform.TestQueryOps" time="0"/>
  <testcase name="queryOp_12" classname="org.apache.jena.sparql.syntax.syntaxtransform.TestQueryOps" time="0"/>
  <testcase name="queryOp_13" classname="org.apache.jena.sparql.syntax.syntaxtransform.TestQueryOps" time="0"/>
  <testcase name="subst_query_01" classname="org.apache.jena.sparql.syntax.syntaxtransform.TestSyntaxTransform" time="0.001"/>
  <testcase name="subst_query_02" classname="org.apache.jena.sparql.syntax.syntaxtransform.TestSyntaxTransform" time="0.001"/>
  <testcase name="subst_query_03" classname="org.apache.jena.sparql.syntax.syntaxtransform.TestSyntaxTransform" time="0.004"/>
  <testcase name="subst_query_04" classname="org.apache.jena.sparql.syntax.syntaxtransform.TestSyntaxTransform" time="0.001"/>
  <testcase name="subst_query_05" classname="org.apache.jena.sparql.syntax.syntaxtransform.TestSyntaxTransform" time="0"/>
  <testcase name="subst_query_09" classname="org.apache.jena.sparql.syntax.syntaxtransform.TestSyntaxTransform" time="0"/>
  <testcase name="subst_query_10" classname="org.apache.jena.sparql.syntax.syntaxtransform.TestSyntaxTransform" time="0"/>
  <testcase name="subst_query_11" classname="org.apache.jena.sparql.syntax.syntaxtransform.TestSyntaxTransform" time="0"/>
  <testcase name="subst_query_20" classname="org.apache.jena.sparql.syntax.syntaxtransform.TestSyntaxTransform" time="0.002"/>
  <testcase name="subst_query_21" classname="org.apache.jena.sparql.syntax.syntaxtransform.TestSyntaxTransform" time="0"/>
  <testcase name="subst_query_30" classname="org.apache.jena.sparql.syntax.syntaxtransform.TestSyntaxTransform" time="0.001"/>
  <testcase name="subst_update_01" classname="org.apache.jena.sparql.syntax.syntaxtransform.TestSyntaxTransform" time="0.004"/>
  <testcase name="subst_update_02" classname="org.apache.jena.sparql.syntax.syntaxtransform.TestSyntaxTransform" time="0.007"/>
  <testcase name="subst_update_03" classname="org.apache.jena.sparql.syntax.syntaxtransform.TestSyntaxTransform" time="0.001"/>
  <testcase name="subst_update_09" classname="org.apache.jena.sparql.syntax.syntaxtransform.TestSyntaxTransform" time="0.002"/>
  <testcase name="test_flatten_arq_01" classname="org.apache.jena.sparql.syntax.syntaxtransform.TestFlattenSyntax" time="0.003"/>
  <testcase name="test_flatten_arq_02" classname="org.apache.jena.sparql.syntax.syntaxtransform.TestFlattenSyntax" time="0"/>
  <testcase name="test_flatten_basic_01" classname="org.apache.jena.sparql.syntax.syntaxtransform.TestFlattenSyntax" time="0.001"/>
  <testcase name="test_flatten_basic_02" classname="org.apache.jena.sparql.syntax.syntaxtransform.TestFlattenSyntax" time="0.006"/>
  <testcase name="test_flatten_basic_03" classname="org.apache.jena.sparql.syntax.syntaxtransform.TestFlattenSyntax" time="0.001"/>
  <testcase name="test_flatten_basic_04" classname="org.apache.jena.sparql.syntax.syntaxtransform.TestFlattenSyntax" time="0"/>
  <testcase name="test_flatten_fileter_02" classname="org.apache.jena.sparql.syntax.syntaxtransform.TestFlattenSyntax" time="0.001"/>
  <testcase name="test_flatten_pattern_01" classname="org.apache.jena.sparql.syntax.syntaxtransform.TestFlattenSyntax" time="0"/>
  <testcase name="test_flatten_pattern_02" classname="org.apache.jena.sparql.syntax.syntaxtransform.TestFlattenSyntax" time="0.001"/>
  <testcase name="test_flatten_pattern_03" classname="org.apache.jena.sparql.syntax.syntaxtransform.TestFlattenSyntax" time="0.002"/>
  <testcase name="test_flatten_pattern_04" classname="org.apache.jena.sparql.syntax.syntaxtransform.TestFlattenSyntax" time="0"/>
  <testcase name="test_flatten_optional_01" classname="org.apache.jena.sparql.syntax.syntaxtransform.TestFlattenSyntax" time="0.002"/>
  <testcase name="test_flatten_optional_02" classname="org.apache.jena.sparql.syntax.syntaxtransform.TestFlattenSyntax" time="0.001"/>
  <testcase name="test_flatten_optional_03" classname="org.apache.jena.sparql.syntax.syntaxtransform.TestFlattenSyntax" time="0.001"/>
  <testcase name="test_flatten_optional_04" classname="org.apache.jena.sparql.syntax.syntaxtransform.TestFlattenSyntax" time="0"/>
  <testcase name="test_flatten_optional_05" classname="org.apache.jena.sparql.syntax.syntaxtransform.TestFlattenSyntax" time="0"/>
  <testcase name="test_flatten_optional_06" classname="org.apache.jena.sparql.syntax.syntaxtransform.TestFlattenSyntax" time="0.001"/>
  <testcase name="test_flatten_filter_01" classname="org.apache.jena.sparql.syntax.syntaxtransform.TestFlattenSyntax" time="0"/>
  <testcase name="test_flatten_filter_03" classname="org.apache.jena.sparql.syntax.syntaxtransform.TestFlattenSyntax" time="0"/>
  <testcase name="test_flatten_expr_01" classname="org.apache.jena.sparql.syntax.syntaxtransform.TestFlattenSyntax" time="0"/>
  <testcase name="test_flatten_expr_02" classname="org.apache.jena.sparql.syntax.syntaxtransform.TestFlattenSyntax" time="0"/>
</testsuite>