<?xml version="1.0" encoding="UTF-8"?>
<testsuite xmlns:xsi="http://www.w3.org/2001/XMLSchema-instance" xsi:schemaLocation="https://maven.apache.org/surefire/maven-surefire-plugin/xsd/surefire-test-report.xsd" name="org.apache.jena.sparql.core.TS_Core" time="0.212" tests="245" errors="0" skipped="0" failures="0">
  <properties>
    <property name="java.runtime.name" value="Java(TM) SE Runtime Environment"/>
    <property name="sun.boot.library.path" value="/usr/lib/jvm/java-8-oracle/jre/lib/amd64"/>
    <property name="java.vm.version" value="25.111-b14"/>
    <property name="java.vm.vendor" value="Oracle Corporation"/>
    <property name="java.vendor.url" value="http://java.oracle.com/"/>
    <property name="path.separator" value=":"/>
    <property name="guice.disable.misplaced.annotation.check" value="true"/>
    <property name="java.vm.name" value="Java HotSpot(TM) 64-Bit Server VM"/>
    <property name="file.encoding.pkg" value="sun.io"/>
    <property name="user.country" value="US"/>
    <property name="sun.java.launcher" value="SUN_STANDARD"/>
    <property name="sun.os.patch.level" value="unknown"/>
    <property name="java.vm.specification.name" value="Java Virtual Machine Specification"/>
    <property name="user.dir" value="/home/ubuntu/research/jena"/>
    <property name="java.runtime.version" value="1.8.0_111-b14"/>
    <property name="java.awt.graphicsenv" value="sun.awt.X11GraphicsEnvironment"/>
    <property name="java.endorsed.dirs" value="/usr/lib/jvm/java-8-oracle/jre/lib/endorsed"/>
    <property name="os.arch" value="amd64"/>
    <property name="java.io.tmpdir" value="/tmp"/>
    <property name="line.separator" value="&#10;"/>
    <property name="java.vm.specification.vendor" value="Oracle Corporation"/>
    <property name="os.name" value="Linux"/>
    <property name="classworlds.conf" value="/usr/share/maven/bin/m2.conf"/>
    <property name="sun.jnu.encoding" value="UTF-8"/>
    <property name="java.library.path" value="/usr/java/packages/lib/amd64:/usr/lib64:/lib64:/lib:/usr/lib"/>
    <property name="java.specification.name" value="Java Platform API Specification"/>
    <property name="java.class.version" value="52.0"/>
    <property name="sun.management.compiler" value="HotSpot 64-Bit Tiered Compilers"/>
    <property name="os.version" value="4.2.0-27-generic"/>
    <property name="user.home" value="/root"/>
    <property name="user.timezone" value="America/Los_Angeles"/>
    <property name="java.awt.printerjob" value="sun.print.PSPrinterJob"/>
    <property name="file.encoding" value="UTF-8"/>
    <property name="java.specification.version" value="1.8"/>
    <property name="user.name" value="root"/>
    <property name="java.class.path" value="/usr/share/maven/boot/plexus-classworlds-2.x.jar"/>
    <property name="java.vm.specification.version" value="1.8"/>
    <property name="sun.arch.data.model" value="64"/>
    <property name="java.home" value="/usr/lib/jvm/java-8-oracle/jre"/>
    <property name="sun.java.command" value="org.codehaus.plexus.classworlds.launcher.Launcher package"/>
    <property name="java.specification.vendor" value="Oracle Corporation"/>
    <property name="user.language" value="en"/>
    <property name="awt.toolkit" value="sun.awt.X11.XToolkit"/>
    <property name="java.vm.info" value="mixed mode"/>
    <property name="java.version" value="1.8.0_111"/>
    <property name="java.ext.dirs" value="/usr/lib/jvm/java-8-oracle/jre/lib/ext:/usr/java/packages/lib/ext"/>
    <property name="securerandom.source" value="file:/dev/./urandom"/>
    <property name="sun.boot.class.path" value="/usr/lib/jvm/java-8-oracle/jre/lib/resources.jar:/usr/lib/jvm/java-8-oracle/jre/lib/rt.jar:/usr/lib/jvm/java-8-oracle/jre/lib/sunrsasign.jar:/usr/lib/jvm/java-8-oracle/jre/lib/jsse.jar:/usr/lib/jvm/java-8-oracle/jre/lib/jce.jar:/usr/lib/jvm/java-8-oracle/jre/lib/charsets.jar:/usr/lib/jvm/java-8-oracle/jre/lib/jfr.jar:/usr/lib/jvm/java-8-oracle/jre/classes"/>
    <property name="java.vendor" value="Oracle Corporation"/>
    <property name="maven.home" value="/usr/share/maven"/>
    <property name="file.separator" value="/"/>
    <property name="java.vendor.url.bug" value="http://bugreport.sun.com/bugreport/"/>
    <property name="sun.cpu.endian" value="little"/>
    <property name="sun.io.unicode.encoding" value="UnicodeLittle"/>
    <property name="sun.desktop" value="gnome"/>
    <property name="sun.cpu.isalist" value=""/>
  </properties>
  <testcase name="testCxt1" classname="org.apache.jena.sparql.core.TestContext" time="0.007"/>
  <testcase name="testCxt2" classname="org.apache.jena.sparql.core.TestContext" time="0"/>
  <testcase name="testCxt3" classname="org.apache.jena.sparql.core.TestContext" time="0"/>
  <testcase name="testCxt4" classname="org.apache.jena.sparql.core.TestContext" time="0"/>
  <testcase name="testCxt5" classname="org.apache.jena.sparql.core.TestContext" time="0"/>
  <testcase name="testCxt6" classname="org.apache.jena.sparql.core.TestContext" time="0"/>
  <testcase name="testCxt7" classname="org.apache.jena.sparql.core.TestContext" time="0"/>
  <testcase name="testCxt8" classname="org.apache.jena.sparql.core.TestContext" time="0"/>
  <testcase name="testCxt9" classname="org.apache.jena.sparql.core.TestContext" time="0.001"/>
  <testcase name="deleteAny_01" classname="org.apache.jena.sparql.core.TestDatasetGraphMem" time="0"/>
  <testcase name="deleteAny_02" classname="org.apache.jena.sparql.core.TestDatasetGraphMem" time="0.001"/>
  <testcase name="find_01" classname="org.apache.jena.sparql.core.TestDatasetGraphMem" time="0.001"/>
  <testcase name="graph_00" classname="org.apache.jena.sparql.core.TestDatasetGraphMem" time="0.001"/>
  <testcase name="graph_01" classname="org.apache.jena.sparql.core.TestDatasetGraphMem" time="0"/>
  <testcase name="graph_02" classname="org.apache.jena.sparql.core.TestDatasetGraphMem" time="0"/>
  <testcase name="graph_03" classname="org.apache.jena.sparql.core.TestDatasetGraphMem" time="0"/>
  <testcase name="quad_01" classname="org.apache.jena.sparql.core.TestDatasetGraphMem" time="0"/>
  <testcase name="quad_02" classname="org.apache.jena.sparql.core.TestDatasetGraphMem" time="0"/>
  <testcase name="quad_03" classname="org.apache.jena.sparql.core.TestDatasetGraphMem" time="0.001"/>
  <testcase name="quad_04" classname="org.apache.jena.sparql.core.TestDatasetGraphMem" time="0"/>
  <testcase name="quad_05" classname="org.apache.jena.sparql.core.TestDatasetGraphMem" time="0"/>
  <testcase name="clear_01" classname="org.apache.jena.sparql.core.TestDatasetGraphMem" time="0"/>
  <testcase name="create_1" classname="org.apache.jena.sparql.core.TestDatasetGraphMem" time="0"/>
  <testcase name="deleteAny_01" classname="org.apache.jena.sparql.core.TestDatasetGraphMemTriplesQuads" time="0.006"/>
  <testcase name="deleteAny_02" classname="org.apache.jena.sparql.core.TestDatasetGraphMemTriplesQuads" time="0"/>
  <testcase name="find_01" classname="org.apache.jena.sparql.core.TestDatasetGraphMemTriplesQuads" time="0"/>
  <testcase name="graph_00" classname="org.apache.jena.sparql.core.TestDatasetGraphMemTriplesQuads" time="0"/>
  <testcase name="graph_01" classname="org.apache.jena.sparql.core.TestDatasetGraphMemTriplesQuads" time="0"/>
  <testcase name="graph_02" classname="org.apache.jena.sparql.core.TestDatasetGraphMemTriplesQuads" time="0"/>
  <testcase name="graph_03" classname="org.apache.jena.sparql.core.TestDatasetGraphMemTriplesQuads" time="0"/>
  <testcase name="quad_01" classname="org.apache.jena.sparql.core.TestDatasetGraphMemTriplesQuads" time="0"/>
  <testcase name="quad_02" classname="org.apache.jena.sparql.core.TestDatasetGraphMemTriplesQuads" time="0"/>
  <testcase name="quad_03" classname="org.apache.jena.sparql.core.TestDatasetGraphMemTriplesQuads" time="0.001"/>
  <testcase name="quad_04" classname="org.apache.jena.sparql.core.TestDatasetGraphMemTriplesQuads" time="0.025"/>
  <testcase name="quad_05" classname="org.apache.jena.sparql.core.TestDatasetGraphMemTriplesQuads" time="0"/>
  <testcase name="clear_01" classname="org.apache.jena.sparql.core.TestDatasetGraphMemTriplesQuads" time="0"/>
  <testcase name="create_1" classname="org.apache.jena.sparql.core.TestDatasetGraphMemTriplesQuads" time="0"/>
  <testcase name="dataset_01" classname="org.apache.jena.sparql.core.TestDatasetGeneral" time="0"/>
  <testcase name="dataset_02" classname="org.apache.jena.sparql.core.TestDatasetGeneral" time="0"/>
  <testcase name="dataset_03" classname="org.apache.jena.sparql.core.TestDatasetGeneral" time="0"/>
  <testcase name="dataset_04" classname="org.apache.jena.sparql.core.TestDatasetGeneral" time="0.001"/>
  <testcase name="dataset_05" classname="org.apache.jena.sparql.core.TestDatasetGeneral" time="0"/>
  <testcase name="graphDSG_view_union_1" classname="org.apache.jena.sparql.core.TestDatasetGraphsRegular" time="0"/>
  <testcase name="graphDGS_update_1" classname="org.apache.jena.sparql.core.TestDatasetGraphsRegular" time="0"/>
  <testcase name="graphDGS_update_2" classname="org.apache.jena.sparql.core.TestDatasetGraphsRegular" time="0"/>
  <testcase name="graphDSG_contains_1" classname="org.apache.jena.sparql.core.TestDatasetGraphsRegular" time="0"/>
  <testcase name="graphDSG_contains_2" classname="org.apache.jena.sparql.core.TestDatasetGraphsRegular" time="0"/>
  <testcase name="graphDSG_view_1" classname="org.apache.jena.sparql.core.TestDatasetGraphsRegular" time="0"/>
  <testcase name="graphDSG_view_2" classname="org.apache.jena.sparql.core.TestDatasetGraphsRegular" time="0"/>
  <testcase name="graphDSG_view_3" classname="org.apache.jena.sparql.core.TestDatasetGraphsRegular" time="0"/>
  <testcase name="graphDSG_view_4" classname="org.apache.jena.sparql.core.TestDatasetGraphsRegular" time="0"/>
  <testcase name="graphDSG_prefixes_1" classname="org.apache.jena.sparql.core.TestDatasetGraphsRegular" time="0"/>
  <testcase name="graphDSG_prefixes_2" classname="org.apache.jena.sparql.core.TestDatasetGraphsRegular" time="0"/>
  <testcase name="graphDSG_prefixes_3" classname="org.apache.jena.sparql.core.TestDatasetGraphsRegular" time="0"/>
  <testcase name="graphDSG_prefixes_4" classname="org.apache.jena.sparql.core.TestDatasetGraphsRegular" time="0"/>
  <testcase name="copyAdd_01" classname="org.apache.jena.sparql.core.TestDatasetGraphCopyAdd" time="0"/>
  <testcase name="deleteAny_01" classname="org.apache.jena.sparql.core.TestDatasetGraphCopyAdd" time="0"/>
  <testcase name="deleteAny_02" classname="org.apache.jena.sparql.core.TestDatasetGraphCopyAdd" time="0"/>
  <testcase name="find_01" classname="org.apache.jena.sparql.core.TestDatasetGraphCopyAdd" time="0"/>
  <testcase name="graph_00" classname="org.apache.jena.sparql.core.TestDatasetGraphCopyAdd" time="0"/>
  <testcase name="graph_01" classname="org.apache.jena.sparql.core.TestDatasetGraphCopyAdd" time="0"/>
  <testcase name="graph_02" classname="org.apache.jena.sparql.core.TestDatasetGraphCopyAdd" time="0"/>
  <testcase name="graph_03" classname="org.apache.jena.sparql.core.TestDatasetGraphCopyAdd" time="0"/>
  <testcase name="quad_01" classname="org.apache.jena.sparql.core.TestDatasetGraphCopyAdd" time="0"/>
  <testcase name="quad_02" classname="org.apache.jena.sparql.core.TestDatasetGraphCopyAdd" time="0"/>
  <testcase name="quad_03" classname="org.apache.jena.sparql.core.TestDatasetGraphCopyAdd" time="0"/>
  <testcase name="quad_04" classname="org.apache.jena.sparql.core.TestDatasetGraphCopyAdd" time="0"/>
  <testcase name="quad_05" classname="org.apache.jena.sparql.core.TestDatasetGraphCopyAdd" time="0"/>
  <testcase name="clear_01" classname="org.apache.jena.sparql.core.TestDatasetGraphCopyAdd" time="0.001"/>
  <testcase name="create_1" classname="org.apache.jena.sparql.core.TestDatasetGraphCopyAdd" time="0.001"/>
  <testcase name="graphDSG_view_union_1" classname="org.apache.jena.sparql.core.TestGraphOverDatasetMem" time="0"/>
  <testcase name="graphDGS_update_1" classname="org.apache.jena.sparql.core.TestGraphOverDatasetMem" time="0"/>
  <testcase name="graphDGS_update_2" classname="org.apache.jena.sparql.core.TestGraphOverDatasetMem" time="0"/>
  <testcase name="graphDSG_contains_1" classname="org.apache.jena.sparql.core.TestGraphOverDatasetMem" time="0"/>
  <testcase name="graphDSG_contains_2" classname="org.apache.jena.sparql.core.TestGraphOverDatasetMem" time="0"/>
  <testcase name="graphDSG_view_1" classname="org.apache.jena.sparql.core.TestGraphOverDatasetMem" time="0"/>
  <testcase name="graphDSG_view_2" classname="org.apache.jena.sparql.core.TestGraphOverDatasetMem" time="0"/>
  <testcase name="graphDSG_view_3" classname="org.apache.jena.sparql.core.TestGraphOverDatasetMem" time="0"/>
  <testcase name="graphDSG_view_4" classname="org.apache.jena.sparql.core.TestGraphOverDatasetMem" time="0"/>
  <testcase name="graphDSG_prefixes_1" classname="org.apache.jena.sparql.core.TestGraphOverDatasetMem" time="0.001"/>
  <testcase name="graphDSG_prefixes_2" classname="org.apache.jena.sparql.core.TestGraphOverDatasetMem" time="0"/>
  <testcase name="graphDSG_prefixes_3" classname="org.apache.jena.sparql.core.TestGraphOverDatasetMem" time="0"/>
  <testcase name="graphDSG_prefixes_4" classname="org.apache.jena.sparql.core.TestGraphOverDatasetMem" time="0"/>
  <testcase name="graphDSG_view_union_2" classname="org.apache.jena.sparql.core.TestDatasetGraphViewGraphs" time="0"/>
  <testcase name="graphDSG_view_union_3" classname="org.apache.jena.sparql.core.TestDatasetGraphViewGraphs" time="0"/>
  <testcase name="graphDSG_basic_1" classname="org.apache.jena.sparql.core.TestDatasetGraphViewGraphs" time="0"/>
  <testcase name="graphDSG_basic_2" classname="org.apache.jena.sparql.core.TestDatasetGraphViewGraphs" time="0"/>
  <testcase name="graphDSG_view_union_1" classname="org.apache.jena.sparql.core.TestDatasetGraphViewGraphs" time="0"/>
  <testcase name="graphDGS_update_1" classname="org.apache.jena.sparql.core.TestDatasetGraphViewGraphs" time="0.001"/>
  <testcase name="graphDGS_update_2" classname="org.apache.jena.sparql.core.TestDatasetGraphViewGraphs" time="0"/>
  <testcase name="graphDSG_contains_1" classname="org.apache.jena.sparql.core.TestDatasetGraphViewGraphs" time="0"/>
  <testcase name="graphDSG_contains_2" classname="org.apache.jena.sparql.core.TestDatasetGraphViewGraphs" time="0"/>
  <testcase name="graphDSG_view_1" classname="org.apache.jena.sparql.core.TestDatasetGraphViewGraphs" time="0"/>
  <testcase name="graphDSG_view_2" classname="org.apache.jena.sparql.core.TestDatasetGraphViewGraphs" time="0"/>
  <testcase name="graphDSG_view_3" classname="org.apache.jena.sparql.core.TestDatasetGraphViewGraphs" time="0"/>
  <testcase name="graphDSG_view_4" classname="org.apache.jena.sparql.core.TestDatasetGraphViewGraphs" time="0"/>
  <testcase name="graphDSG_prefixes_1" classname="org.apache.jena.sparql.core.TestDatasetGraphViewGraphs" time="0"/>
  <testcase name="graphDSG_prefixes_2" classname="org.apache.jena.sparql.core.TestDatasetGraphViewGraphs" time="0"/>
  <testcase name="graphDSG_prefixes_3" classname="org.apache.jena.sparql.core.TestDatasetGraphViewGraphs" time="0"/>
  <testcase name="graphDSG_prefixes_4" classname="org.apache.jena.sparql.core.TestDatasetGraphViewGraphs" time="0"/>
  <testcase name="countChanges_01" classname="org.apache.jena.sparql.core.TestDatasetMonitor" time="0.001"/>
  <testcase name="countChanges_02" classname="org.apache.jena.sparql.core.TestDatasetMonitor" time="0"/>
  <testcase name="countChanges_03" classname="org.apache.jena.sparql.core.TestDatasetMonitor" time="0"/>
  <testcase name="countChanges_04" classname="org.apache.jena.sparql.core.TestDatasetMonitor" time="0"/>
  <testcase name="captureChanges_01" classname="org.apache.jena.sparql.core.TestDatasetMonitor" time="0.001"/>
  <testcase name="captureChanges_02" classname="org.apache.jena.sparql.core.TestDatasetMonitor" time="0"/>
  <testcase name="dataset_01" classname="org.apache.jena.sparql.core.TestDatasetGraphWithLock" time="0.002"/>
  <testcase name="dataset_02" classname="org.apache.jena.sparql.core.TestDatasetGraphWithLock" time="0"/>
  <testcase name="dataset_03" classname="org.apache.jena.sparql.core.TestDatasetGraphWithLock" time="0"/>
  <testcase name="dataset_04" classname="org.apache.jena.sparql.core.TestDatasetGraphWithLock" time="0"/>
  <testcase name="dataset_05" classname="org.apache.jena.sparql.core.TestDatasetGraphWithLock" time="0.001"/>
  <testcase name="find_union_01" classname="org.apache.jena.sparql.core.TestDatasetGraphBaseFind_General" time="0"/>
  <testcase name="find_union_01" classname="org.apache.jena.sparql.core.TestDatasetGraphBaseFind_General" time="0.001"/>
  <testcase name="find_specific_01" classname="org.apache.jena.sparql.core.TestDatasetGraphBaseFind_General" time="0"/>
  <testcase name="find_specific_01" classname="org.apache.jena.sparql.core.TestDatasetGraphBaseFind_General" time="0"/>
  <testcase name="find_specific_02" classname="org.apache.jena.sparql.core.TestDatasetGraphBaseFind_General" time="0"/>
  <testcase name="find_specific_02" classname="org.apache.jena.sparql.core.TestDatasetGraphBaseFind_General" time="0"/>
  <testcase name="find_quad_01" classname="org.apache.jena.sparql.core.TestDatasetGraphBaseFind_General" time="0.001"/>
  <testcase name="find_quad_01" classname="org.apache.jena.sparql.core.TestDatasetGraphBaseFind_General" time="0"/>
  <testcase name="find_quad_02" classname="org.apache.jena.sparql.core.TestDatasetGraphBaseFind_General" time="0"/>
  <testcase name="find_quad_02" classname="org.apache.jena.sparql.core.TestDatasetGraphBaseFind_General" time="0.001"/>
  <testcase name="find_ng_01" classname="org.apache.jena.sparql.core.TestDatasetGraphBaseFind_General" time="0"/>
  <testcase name="find_ng_01" classname="org.apache.jena.sparql.core.TestDatasetGraphBaseFind_General" time="0"/>
  <testcase name="find_ng_02" classname="org.apache.jena.sparql.core.TestDatasetGraphBaseFind_General" time="0"/>
  <testcase name="find_ng_02" classname="org.apache.jena.sparql.core.TestDatasetGraphBaseFind_General" time="0"/>
  <testcase name="find_dft_01" classname="org.apache.jena.sparql.core.TestDatasetGraphBaseFind_General" time="0"/>
  <testcase name="find_dft_01" classname="org.apache.jena.sparql.core.TestDatasetGraphBaseFind_General" time="0"/>
  <testcase name="find_dft_02" classname="org.apache.jena.sparql.core.TestDatasetGraphBaseFind_General" time="0"/>
  <testcase name="find_dft_02" classname="org.apache.jena.sparql.core.TestDatasetGraphBaseFind_General" time="0"/>
  <testcase name="find_dft_03" classname="org.apache.jena.sparql.core.TestDatasetGraphBaseFind_General" time="0"/>
  <testcase name="find_dft_03" classname="org.apache.jena.sparql.core.TestDatasetGraphBaseFind_General" time="0"/>
  <testcase name="find_dsgFind_union_02" classname="org.apache.jena.sparql.core.TestDatasetGraphBaseFind_General" time="0"/>
  <testcase name="find_dsgFind_union_02" classname="org.apache.jena.sparql.core.TestDatasetGraphBaseFind_General" time="0"/>
  <testcase name="find_dsgFind_union_03" classname="org.apache.jena.sparql.core.TestDatasetGraphBaseFind_General" time="0"/>
  <testcase name="find_dsgFind_union_03" classname="org.apache.jena.sparql.core.TestDatasetGraphBaseFind_General" time="0.001"/>
  <testcase name="find_dsgFind_union_04" classname="org.apache.jena.sparql.core.TestDatasetGraphBaseFind_General" time="0"/>
  <testcase name="find_dsgFind_union_04" classname="org.apache.jena.sparql.core.TestDatasetGraphBaseFind_General" time="0"/>
  <testcase name="find_dsgFind_union_05" classname="org.apache.jena.sparql.core.TestDatasetGraphBaseFind_General" time="0"/>
  <testcase name="find_dsgFind_union_05" classname="org.apache.jena.sparql.core.TestDatasetGraphBaseFind_General" time="0"/>
  <testcase name="find_union_01" classname="org.apache.jena.sparql.core.TestDatasetGraphBaseFind_Mem" time="0"/>
  <testcase name="find_specific_01" classname="org.apache.jena.sparql.core.TestDatasetGraphBaseFind_Mem" time="0"/>
  <testcase name="find_specific_02" classname="org.apache.jena.sparql.core.TestDatasetGraphBaseFind_Mem" time="0"/>
  <testcase name="find_quad_01" classname="org.apache.jena.sparql.core.TestDatasetGraphBaseFind_Mem" time="0"/>
  <testcase name="find_quad_02" classname="org.apache.jena.sparql.core.TestDatasetGraphBaseFind_Mem" time="0"/>
  <testcase name="find_ng_01" classname="org.apache.jena.sparql.core.TestDatasetGraphBaseFind_Mem" time="0"/>
  <testcase name="find_ng_02" classname="org.apache.jena.sparql.core.TestDatasetGraphBaseFind_Mem" time="0"/>
  <testcase name="find_dft_01" classname="org.apache.jena.sparql.core.TestDatasetGraphBaseFind_Mem" time="0"/>
  <testcase name="find_dft_02" classname="org.apache.jena.sparql.core.TestDatasetGraphBaseFind_Mem" time="0.001"/>
  <testcase name="find_dft_03" classname="org.apache.jena.sparql.core.TestDatasetGraphBaseFind_Mem" time="0"/>
  <testcase name="find_dsgFind_union_02" classname="org.apache.jena.sparql.core.TestDatasetGraphBaseFind_Mem" time="0"/>
  <testcase name="find_dsgFind_union_03" classname="org.apache.jena.sparql.core.TestDatasetGraphBaseFind_Mem" time="0"/>
  <testcase name="find_dsgFind_union_04" classname="org.apache.jena.sparql.core.TestDatasetGraphBaseFind_Mem" time="0"/>
  <testcase name="find_dsgFind_union_05" classname="org.apache.jena.sparql.core.TestDatasetGraphBaseFind_Mem" time="0"/>
  <testcase name="find_quad_00" classname="org.apache.jena.sparql.core.TestDatasetGraphBaseFindPattern_General" time="0"/>
  <testcase name="find_pattern_g" classname="org.apache.jena.sparql.core.TestDatasetGraphBaseFindPattern_General" time="0"/>
  <testcase name="find_pattern_o" classname="org.apache.jena.sparql.core.TestDatasetGraphBaseFindPattern_General" time="0"/>
  <testcase name="find_pattern_p" classname="org.apache.jena.sparql.core.TestDatasetGraphBaseFindPattern_General" time="0"/>
  <testcase name="find_pattern_s" classname="org.apache.jena.sparql.core.TestDatasetGraphBaseFindPattern_General" time="0"/>
  <testcase name="find_pattern_gspo" classname="org.apache.jena.sparql.core.TestDatasetGraphBaseFindPattern_General" time="0"/>
  <testcase name="find_pattern_go" classname="org.apache.jena.sparql.core.TestDatasetGraphBaseFindPattern_General" time="0"/>
  <testcase name="find_pattern_gp" classname="org.apache.jena.sparql.core.TestDatasetGraphBaseFindPattern_General" time="0"/>
  <testcase name="find_pattern_gs" classname="org.apache.jena.sparql.core.TestDatasetGraphBaseFindPattern_General" time="0.001"/>
  <testcase name="find_pattern_po" classname="org.apache.jena.sparql.core.TestDatasetGraphBaseFindPattern_General" time="0"/>
  <testcase name="find_pattern_so" classname="org.apache.jena.sparql.core.TestDatasetGraphBaseFindPattern_General" time="0"/>
  <testcase name="find_pattern_sp" classname="org.apache.jena.sparql.core.TestDatasetGraphBaseFindPattern_General" time="0"/>
  <testcase name="find_pattern_gpo" classname="org.apache.jena.sparql.core.TestDatasetGraphBaseFindPattern_General" time="0"/>
  <testcase name="find_pattern_gso" classname="org.apache.jena.sparql.core.TestDatasetGraphBaseFindPattern_General" time="0"/>
  <testcase name="find_pattern_gsp" classname="org.apache.jena.sparql.core.TestDatasetGraphBaseFindPattern_General" time="0"/>
  <testcase name="find_pattern_spo" classname="org.apache.jena.sparql.core.TestDatasetGraphBaseFindPattern_General" time="0"/>
  <testcase name="find_quad_00" classname="org.apache.jena.sparql.core.TestDatasetGraphBaseFindPattern_Mem" time="0"/>
  <testcase name="find_pattern_g" classname="org.apache.jena.sparql.core.TestDatasetGraphBaseFindPattern_Mem" time="0"/>
  <testcase name="find_pattern_o" classname="org.apache.jena.sparql.core.TestDatasetGraphBaseFindPattern_Mem" time="0"/>
  <testcase name="find_pattern_p" classname="org.apache.jena.sparql.core.TestDatasetGraphBaseFindPattern_Mem" time="0.001"/>
  <testcase name="find_pattern_s" classname="org.apache.jena.sparql.core.TestDatasetGraphBaseFindPattern_Mem" time="0"/>
  <testcase name="find_pattern_gspo" classname="org.apache.jena.sparql.core.TestDatasetGraphBaseFindPattern_Mem" time="0"/>
  <testcase name="find_pattern_go" classname="org.apache.jena.sparql.core.TestDatasetGraphBaseFindPattern_Mem" time="0"/>
  <testcase name="find_pattern_gp" classname="org.apache.jena.sparql.core.TestDatasetGraphBaseFindPattern_Mem" time="0"/>
  <testcase name="find_pattern_gs" classname="org.apache.jena.sparql.core.TestDatasetGraphBaseFindPattern_Mem" time="0"/>
  <testcase name="find_pattern_po" classname="org.apache.jena.sparql.core.TestDatasetGraphBaseFindPattern_Mem" time="0"/>
  <testcase name="find_pattern_so" classname="org.apache.jena.sparql.core.TestDatasetGraphBaseFindPattern_Mem" time="0.001"/>
  <testcase name="find_pattern_sp" classname="org.apache.jena.sparql.core.TestDatasetGraphBaseFindPattern_Mem" time="0"/>
  <testcase name="find_pattern_gpo" classname="org.apache.jena.sparql.core.TestDatasetGraphBaseFindPattern_Mem" time="0"/>
  <testcase name="find_pattern_gso" classname="org.apache.jena.sparql.core.TestDatasetGraphBaseFindPattern_Mem" time="0"/>
  <testcase name="find_pattern_gsp" classname="org.apache.jena.sparql.core.TestDatasetGraphBaseFindPattern_Mem" time="0"/>
  <testcase name="find_pattern_spo" classname="org.apache.jena.sparql.core.TestDatasetGraphBaseFindPattern_Mem" time="0"/>
  <testcase name="direct_3q[0: General]" classname="org.apache.jena.sparql.core.TestSpecialGraphs" time="0.006"/>
  <testcase name="direct_3t[0: General]" classname="org.apache.jena.sparql.core.TestSpecialGraphs" time="0.001"/>
  <testcase name="graph_dftg_1q[0: General]" classname="org.apache.jena.sparql.core.TestSpecialGraphs" time="0"/>
  <testcase name="graph_dftg_1t[0: General]" classname="org.apache.jena.sparql.core.TestSpecialGraphs" time="0.001"/>
  <testcase name="graph_dftg_2q[0: General]" classname="org.apache.jena.sparql.core.TestSpecialGraphs" time="0.001"/>
  <testcase name="graph_dftg_2t[0: General]" classname="org.apache.jena.sparql.core.TestSpecialGraphs" time="0"/>
  <testcase name="union_dft_1q[0: General]" classname="org.apache.jena.sparql.core.TestSpecialGraphs" time="0.004"/>
  <testcase name="union_dft_1t[0: General]" classname="org.apache.jena.sparql.core.TestSpecialGraphs" time="0.001"/>
  <testcase name="direct_4[0: General]" classname="org.apache.jena.sparql.core.TestSpecialGraphs" time="0"/>
  <testcase name="direct_5[0: General]" classname="org.apache.jena.sparql.core.TestSpecialGraphs" time="0"/>
  <testcase name="graph_union_1q[0: General]" classname="org.apache.jena.sparql.core.TestSpecialGraphs" time="0.001"/>
  <testcase name="graph_union_1t[0: General]" classname="org.apache.jena.sparql.core.TestSpecialGraphs" time="0"/>
  <testcase name="graph_union_2q[0: General]" classname="org.apache.jena.sparql.core.TestSpecialGraphs" time="0.001"/>
  <testcase name="graph_union_2t[0: General]" classname="org.apache.jena.sparql.core.TestSpecialGraphs" time="0.001"/>
  <testcase name="graph_dft_1q[0: General]" classname="org.apache.jena.sparql.core.TestSpecialGraphs" time="0"/>
  <testcase name="graph_dft_1t[0: General]" classname="org.apache.jena.sparql.core.TestSpecialGraphs" time="0.001"/>
  <testcase name="graph_dft_2q[0: General]" classname="org.apache.jena.sparql.core.TestSpecialGraphs" time="0"/>
  <testcase name="graph_dft_2t[0: General]" classname="org.apache.jena.sparql.core.TestSpecialGraphs" time="0"/>
  <testcase name="graph_dft_3q[0: General]" classname="org.apache.jena.sparql.core.TestSpecialGraphs" time="0"/>
  <testcase name="graph_dft_3t[0: General]" classname="org.apache.jena.sparql.core.TestSpecialGraphs" time="0"/>
  <testcase name="direct_3q[1: Plain]" classname="org.apache.jena.sparql.core.TestSpecialGraphs" time="0"/>
  <testcase name="direct_3t[1: Plain]" classname="org.apache.jena.sparql.core.TestSpecialGraphs" time="0.007"/>
  <testcase name="graph_dftg_1q[1: Plain]" classname="org.apache.jena.sparql.core.TestSpecialGraphs" time="0"/>
  <testcase name="graph_dftg_1t[1: Plain]" classname="org.apache.jena.sparql.core.TestSpecialGraphs" time="0.001"/>
  <testcase name="graph_dftg_2q[1: Plain]" classname="org.apache.jena.sparql.core.TestSpecialGraphs" time="0"/>
  <testcase name="graph_dftg_2t[1: Plain]" classname="org.apache.jena.sparql.core.TestSpecialGraphs" time="0"/>
  <testcase name="union_dft_1q[1: Plain]" classname="org.apache.jena.sparql.core.TestSpecialGraphs" time="0.002"/>
  <testcase name="union_dft_1t[1: Plain]" classname="org.apache.jena.sparql.core.TestSpecialGraphs" time="0"/>
  <testcase name="direct_4[1: Plain]" classname="org.apache.jena.sparql.core.TestSpecialGraphs" time="0"/>
  <testcase name="direct_5[1: Plain]" classname="org.apache.jena.sparql.core.TestSpecialGraphs" time="0"/>
  <testcase name="graph_union_1q[1: Plain]" classname="org.apache.jena.sparql.core.TestSpecialGraphs" time="0"/>
  <testcase name="graph_union_1t[1: Plain]" classname="org.apache.jena.sparql.core.TestSpecialGraphs" time="0"/>
  <testcase name="graph_union_2q[1: Plain]" classname="org.apache.jena.sparql.core.TestSpecialGraphs" time="0.001"/>
  <testcase name="graph_union_2t[1: Plain]" classname="org.apache.jena.sparql.core.TestSpecialGraphs" time="0.001"/>
  <testcase name="graph_dft_1q[1: Plain]" classname="org.apache.jena.sparql.core.TestSpecialGraphs" time="0"/>
  <testcase name="graph_dft_1t[1: Plain]" classname="org.apache.jena.sparql.core.TestSpecialGraphs" time="0"/>
  <testcase name="graph_dft_2q[1: Plain]" classname="org.apache.jena.sparql.core.TestSpecialGraphs" time="0"/>
  <testcase name="graph_dft_2t[1: Plain]" classname="org.apache.jena.sparql.core.TestSpecialGraphs" time="0"/>
  <testcase name="graph_dft_3q[1: Plain]" classname="org.apache.jena.sparql.core.TestSpecialGraphs" time="0.001"/>
  <testcase name="graph_dft_3t[1: Plain]" classname="org.apache.jena.sparql.core.TestSpecialGraphs" time="0.001"/>
  <testcase name="direct_3q[2: TxnMem]" classname="org.apache.jena.sparql.core.TestSpecialGraphs" time="0.001"/>
  <testcase name="direct_3t[2: TxnMem]" classname="org.apache.jena.sparql.core.TestSpecialGraphs" time="0"/>
  <testcase name="graph_dftg_1q[2: TxnMem]" classname="org.apache.jena.sparql.core.TestSpecialGraphs" time="0"/>
  <testcase name="graph_dftg_1t[2: TxnMem]" classname="org.apache.jena.sparql.core.TestSpecialGraphs" time="0"/>
  <testcase name="graph_dftg_2q[2: TxnMem]" classname="org.apache.jena.sparql.core.TestSpecialGraphs" time="0"/>
  <testcase name="graph_dftg_2t[2: TxnMem]" classname="org.apache.jena.sparql.core.TestSpecialGraphs" time="0"/>
  <testcase name="union_dft_1q[2: TxnMem]" classname="org.apache.jena.sparql.core.TestSpecialGraphs" time="0.001"/>
  <testcase name="union_dft_1t[2: TxnMem]" classname="org.apache.jena.sparql.core.TestSpecialGraphs" time="0.002"/>
  <testcase name="direct_4[2: TxnMem]" classname="org.apache.jena.sparql.core.TestSpecialGraphs" time="0"/>
  <testcase name="direct_5[2: TxnMem]" classname="org.apache.jena.sparql.core.TestSpecialGraphs" time="0.001"/>
  <testcase name="graph_union_1q[2: TxnMem]" classname="org.apache.jena.sparql.core.TestSpecialGraphs" time="0"/>
  <testcase name="graph_union_1t[2: TxnMem]" classname="org.apache.jena.sparql.core.TestSpecialGraphs" time="0"/>
  <testcase name="graph_union_2q[2: TxnMem]" classname="org.apache.jena.sparql.core.TestSpecialGraphs" time="0.006"/>
  <testcase name="graph_union_2t[2: TxnMem]" classname="org.apache.jena.sparql.core.TestSpecialGraphs" time="0.001"/>
  <testcase name="graph_dft_1q[2: TxnMem]" classname="org.apache.jena.sparql.core.TestSpecialGraphs" time="0"/>
  <testcase name="graph_dft_1t[2: TxnMem]" classname="org.apache.jena.sparql.core.TestSpecialGraphs" time="0"/>
  <testcase name="graph_dft_2q[2: TxnMem]" classname="org.apache.jena.sparql.core.TestSpecialGraphs" time="0"/>
  <testcase name="graph_dft_2t[2: TxnMem]" classname="org.apache.jena.sparql.core.TestSpecialGraphs" time="0"/>
  <testcase name="graph_dft_3q[2: TxnMem]" classname="org.apache.jena.sparql.core.TestSpecialGraphs" time="0.003"/>
  <testcase name="graph_dft_3t[2: TxnMem]" classname="org.apache.jena.sparql.core.TestSpecialGraphs" time="0.001"/>
</testsuite>