<?xml version="1.0" encoding="UTF-8"?>
<testsuite xmlns:xsi="http://www.w3.org/2001/XMLSchema-instance" xsi:schemaLocation="https://maven.apache.org/surefire/maven-surefire-plugin/xsd/surefire-test-report.xsd" name="org.apache.jena.riot.TS_RiotGeneral" time="0.675" tests="122" errors="0" skipped="0" failures="0">
  <properties>
    <property name="java.runtime.name" value="Java(TM) SE Runtime Environment"/>
    <property name="sun.boot.library.path" value="/usr/lib/jvm/java-8-oracle/jre/lib/amd64"/>
    <property name="java.vm.version" value="25.111-b14"/>
    <property name="java.vm.vendor" value="Oracle Corporation"/>
    <property name="java.vendor.url" value="http://java.oracle.com/"/>
    <property name="path.separator" value=":"/>
    <property name="guice.disable.misplaced.annotation.check" value="true"/>
    <property name="java.vm.name" value="Java HotSpot(TM) 64-Bit Server VM"/>
    <property name="file.encoding.pkg" value="sun.io"/>
    <property name="user.country" value="US"/>
    <property name="sun.java.launcher" value="SUN_STANDARD"/>
    <property name="sun.os.patch.level" value="unknown"/>
    <property name="java.vm.specification.name" value="Java Virtual Machine Specification"/>
    <property name="user.dir" value="/home/ubuntu/research/jena"/>
    <property name="java.runtime.version" value="1.8.0_111-b14"/>
    <property name="java.awt.graphicsenv" value="sun.awt.X11GraphicsEnvironment"/>
    <property name="java.endorsed.dirs" value="/usr/lib/jvm/java-8-oracle/jre/lib/endorsed"/>
    <property name="os.arch" value="amd64"/>
    <property name="java.io.tmpdir" value="/tmp"/>
    <property name="line.separator" value="&#10;"/>
    <property name="java.vm.specification.vendor" value="Oracle Corporation"/>
    <property name="os.name" value="Linux"/>
    <property name="classworlds.conf" value="/usr/share/maven/bin/m2.conf"/>
    <property name="sun.jnu.encoding" value="UTF-8"/>
    <property name="java.library.path" value="/usr/java/packages/lib/amd64:/usr/lib64:/lib64:/lib:/usr/lib"/>
    <property name="java.specification.name" value="Java Platform API Specification"/>
    <property name="java.class.version" value="52.0"/>
    <property name="sun.management.compiler" value="HotSpot 64-Bit Tiered Compilers"/>
    <property name="os.version" value="4.2.0-27-generic"/>
    <property name="user.home" value="/root"/>
    <property name="user.timezone" value="America/Los_Angeles"/>
    <property name="java.awt.printerjob" value="sun.print.PSPrinterJob"/>
    <property name="file.encoding" value="UTF-8"/>
    <property name="java.specification.version" value="1.8"/>
    <property name="user.name" value="root"/>
    <property name="java.class.path" value="/usr/share/maven/boot/plexus-classworlds-2.x.jar"/>
    <property name="java.vm.specification.version" value="1.8"/>
    <property name="sun.arch.data.model" value="64"/>
    <property name="java.home" value="/usr/lib/jvm/java-8-oracle/jre"/>
    <property name="sun.java.command" value="org.codehaus.plexus.classworlds.launcher.Launcher package"/>
    <property name="java.specification.vendor" value="Oracle Corporation"/>
    <property name="user.language" value="en"/>
    <property name="awt.toolkit" value="sun.awt.X11.XToolkit"/>
    <property name="java.vm.info" value="mixed mode"/>
    <property name="java.version" value="1.8.0_111"/>
    <property name="java.ext.dirs" value="/usr/lib/jvm/java-8-oracle/jre/lib/ext:/usr/java/packages/lib/ext"/>
    <property name="securerandom.source" value="file:/dev/./urandom"/>
    <property name="sun.boot.class.path" value="/usr/lib/jvm/java-8-oracle/jre/lib/resources.jar:/usr/lib/jvm/java-8-oracle/jre/lib/rt.jar:/usr/lib/jvm/java-8-oracle/jre/lib/sunrsasign.jar:/usr/lib/jvm/java-8-oracle/jre/lib/jsse.jar:/usr/lib/jvm/java-8-oracle/jre/lib/jce.jar:/usr/lib/jvm/java-8-oracle/jre/lib/charsets.jar:/usr/lib/jvm/java-8-oracle/jre/lib/jfr.jar:/usr/lib/jvm/java-8-oracle/jre/classes"/>
    <property name="java.vendor" value="Oracle Corporation"/>
    <property name="maven.home" value="/usr/share/maven"/>
    <property name="file.separator" value="/"/>
    <property name="java.vendor.url.bug" value="http://bugreport.sun.com/bugreport/"/>
    <property name="sun.cpu.endian" value="little"/>
    <property name="sun.io.unicode.encoding" value="UnicodeLittle"/>
    <property name="sun.desktop" value="gnome"/>
    <property name="sun.cpu.isalist" value=""/>
  </properties>
  <testcase name="guess_01" classname="org.apache.jena.riot.TestLangRIOT" time="0"/>
  <testcase name="guess_02" classname="org.apache.jena.riot.TestLangRIOT" time="0"/>
  <testcase name="guess_03" classname="org.apache.jena.riot.TestLangRIOT" time="0"/>
  <testcase name="guess_04" classname="org.apache.jena.riot.TestLangRIOT" time="0"/>
  <testcase name="guess_06" classname="org.apache.jena.riot.TestLangRIOT" time="0"/>
  <testcase name="guess_08" classname="org.apache.jena.riot.TestLangRIOT" time="0"/>
  <testcase name="guess_09" classname="org.apache.jena.riot.TestLangRIOT" time="0"/>
  <testcase name="guess_10" classname="org.apache.jena.riot.TestLangRIOT" time="0"/>
  <testcase name="lang_01" classname="org.apache.jena.riot.TestLangRIOT" time="0"/>
  <testcase name="lang_02" classname="org.apache.jena.riot.TestLangRIOT" time="0.006"/>
  <testcase name="lang_03" classname="org.apache.jena.riot.TestLangRIOT" time="0"/>
  <testcase name="lang_04" classname="org.apache.jena.riot.TestLangRIOT" time="0"/>
  <testcase name="lang_05" classname="org.apache.jena.riot.TestLangRIOT" time="0"/>
  <testcase name="lang_11" classname="org.apache.jena.riot.TestLangRIOT" time="0"/>
  <testcase name="lang_12" classname="org.apache.jena.riot.TestLangRIOT" time="0"/>
  <testcase name="lang_21" classname="org.apache.jena.riot.TestLangRIOT" time="0"/>
  <testcase name="lang_22" classname="org.apache.jena.riot.TestLangRIOT" time="0"/>
  <testcase name="lang_23" classname="org.apache.jena.riot.TestLangRIOT" time="0"/>
  <testcase name="lang_30" classname="org.apache.jena.riot.TestLangRIOT" time="0"/>
  <testcase name="lang_31" classname="org.apache.jena.riot.TestLangRIOT" time="0"/>
  <testcase name="lang_40" classname="org.apache.jena.riot.TestLangRIOT" time="0"/>
  <testcase name="lang_41" classname="org.apache.jena.riot.TestLangRIOT" time="0"/>
  <testcase name="lang_50" classname="org.apache.jena.riot.TestLangRIOT" time="0"/>
  <testcase name="lang_51" classname="org.apache.jena.riot.TestLangRIOT" time="0"/>
  <testcase name="lang_52" classname="org.apache.jena.riot.TestLangRIOT" time="0"/>
  <testcase name="syntaxDetermination[Test-ext-ttl-1 -- http://sparql.org/D.ttl text/turtle Lang:Turtle Lang:Turtle]" classname="org.apache.jena.riot.TestSyntaxDetermination" time="0.001"/>
  <testcase name="syntaxDetermination[Test-ext-ttl-2 -- http://sparql.org/D.ttl text/turtle Lang:RDF/XML Lang:Turtle]" classname="org.apache.jena.riot.TestSyntaxDetermination" time="0"/>
  <testcase name="syntaxDetermination[Test-ext-ttl-3 -- http://sparql.org/D.ttl text/plain null Lang:Turtle]" classname="org.apache.jena.riot.TestSyntaxDetermination" time="0"/>
  <testcase name="syntaxDetermination[Test-ext-ttl-4 -- http://sparql.org/D.ttl text/plain Lang:RDF/XML Lang:RDF/XML]" classname="org.apache.jena.riot.TestSyntaxDetermination" time="0"/>
  <testcase name="syntaxDetermination[Test-ext-ttl-5 -- http://sparql.org/D.ttl null Lang:Turtle Lang:Turtle]" classname="org.apache.jena.riot.TestSyntaxDetermination" time="0"/>
  <testcase name="syntaxDetermination[Test-ext-ttl-6 -- http://sparql.org/D.ttl null null Lang:Turtle]" classname="org.apache.jena.riot.TestSyntaxDetermination" time="0"/>
  <testcase name="syntaxDetermination[Test-no-ext-1 -- http://sparql.org/D text/turtle Lang:Turtle Lang:Turtle]" classname="org.apache.jena.riot.TestSyntaxDetermination" time="0.001"/>
  <testcase name="syntaxDetermination[Test-no-ext-2 -- http://sparql.org/D text/turtle Lang:RDF/XML Lang:Turtle]" classname="org.apache.jena.riot.TestSyntaxDetermination" time="0"/>
  <testcase name="syntaxDetermination[Test-no-ext-3 -- http://sparql.org/D text/plain null null]" classname="org.apache.jena.riot.TestSyntaxDetermination" time="0"/>
  <testcase name="syntaxDetermination[Test-no-ext-4 -- http://sparql.org/D text/plain Lang:RDF/XML Lang:RDF/XML]" classname="org.apache.jena.riot.TestSyntaxDetermination" time="0"/>
  <testcase name="syntaxDetermination[Test-no-ext-5 -- http://sparql.org/D null Lang:N-Triples Lang:N-Triples]" classname="org.apache.jena.riot.TestSyntaxDetermination" time="0"/>
  <testcase name="syntaxDetermination[Test-no-ext-6 -- http://sparql.org/D null null null]" classname="org.apache.jena.riot.TestSyntaxDetermination" time="0"/>
  <testcase name="syntaxDetermination[Test-ext-rdf-1 -- http://sparql.org/D.rdf text/turtle Lang:Turtle Lang:Turtle]" classname="org.apache.jena.riot.TestSyntaxDetermination" time="0"/>
  <testcase name="syntaxDetermination[Test-ext-rdf-2 -- http://sparql.org/D.rdf text/turtle Lang:RDF/XML Lang:Turtle]" classname="org.apache.jena.riot.TestSyntaxDetermination" time="0"/>
  <testcase name="syntaxDetermination[Test-ext-rdf-3 -- http://sparql.org/D.rdf text/plain null Lang:RDF/XML]" classname="org.apache.jena.riot.TestSyntaxDetermination" time="0"/>
  <testcase name="syntaxDetermination[Test-ext-rdf-4 -- http://sparql.org/D.rdf text/plain Lang:RDF/XML Lang:RDF/XML]" classname="org.apache.jena.riot.TestSyntaxDetermination" time="0"/>
  <testcase name="syntaxDetermination[Test-ext-rdf-5 -- http://sparql.org/D.rdf null Lang:Turtle Lang:Turtle]" classname="org.apache.jena.riot.TestSyntaxDetermination" time="0"/>
  <testcase name="syntaxDetermination[Test-ext-rdf-6 -- http://sparql.org/D.rdf null null Lang:RDF/XML]" classname="org.apache.jena.riot.TestSyntaxDetermination" time="0"/>
  <testcase name="syntaxDetermination[Test-unknown-ext-1 -- http://sparql.org/D.xyz text/turtle Lang:Turtle Lang:Turtle]" classname="org.apache.jena.riot.TestSyntaxDetermination" time="0"/>
  <testcase name="syntaxDetermination[Test-unknown-ext-2 -- http://sparql.org/D.xyz text/turtle Lang:RDF/XML Lang:Turtle]" classname="org.apache.jena.riot.TestSyntaxDetermination" time="0"/>
  <testcase name="syntaxDetermination[Test-unknown-ext-3 -- http://sparql.org/D.xyz text/plain null null]" classname="org.apache.jena.riot.TestSyntaxDetermination" time="0.001"/>
  <testcase name="syntaxDetermination[Test-unknown-ext-4 -- http://sparql.org/D.xyz text/plain Lang:RDF/XML Lang:RDF/XML]" classname="org.apache.jena.riot.TestSyntaxDetermination" time="0"/>
  <testcase name="syntaxDetermination[Test-unknown-ext-5 -- http://sparql.org/D.xyz null Lang:N-Triples Lang:N-Triples]" classname="org.apache.jena.riot.TestSyntaxDetermination" time="0"/>
  <testcase name="syntaxDetermination[Test-unknown-ext-6 -- http://sparql.org/D.xyz null null null]" classname="org.apache.jena.riot.TestSyntaxDetermination" time="0"/>
  <testcase name="read_input_1" classname="org.apache.jena.riot.TestJenaReaderRIOT" time="0.007"/>
  <testcase name="read_input_2" classname="org.apache.jena.riot.TestJenaReaderRIOT" time="0.007"/>
  <testcase name="read_base_1" classname="org.apache.jena.riot.TestJenaReaderRIOT" time="0.005"/>
  <testcase name="read_21a" classname="org.apache.jena.riot.TestJenaReaderRIOT" time="0.003"/>
  <testcase name="read_21b" classname="org.apache.jena.riot.TestJenaReaderRIOT" time="0"/>
  <testcase name="read_21c" classname="org.apache.jena.riot.TestJenaReaderRIOT" time="0"/>
  <testcase name="read_21d" classname="org.apache.jena.riot.TestJenaReaderRIOT" time="0"/>
  <testcase name="read_22a" classname="org.apache.jena.riot.TestJenaReaderRIOT" time="0"/>
  <testcase name="read_22b" classname="org.apache.jena.riot.TestJenaReaderRIOT" time="0.001"/>
  <testcase name="read_23a" classname="org.apache.jena.riot.TestJenaReaderRIOT" time="0.005"/>
  <testcase name="read_23b" classname="org.apache.jena.riot.TestJenaReaderRIOT" time="0.009"/>
  <testcase name="read_url_1x" classname="org.apache.jena.riot.TestJenaReaderRIOT" time="0.001"/>
  <testcase name="read_url_2x" classname="org.apache.jena.riot.TestJenaReaderRIOT" time="0.005"/>
  <testcase name="read_url_3x" classname="org.apache.jena.riot.TestJenaReaderRIOT" time="0.001"/>
  <testcase name="read_url_4x" classname="org.apache.jena.riot.TestJenaReaderRIOT" time="0.002"/>
  <testcase name="read_url_1" classname="org.apache.jena.riot.TestJenaReaderRIOT" time="0.001"/>
  <testcase name="read_url_2" classname="org.apache.jena.riot.TestJenaReaderRIOT" time="0"/>
  <testcase name="read_url_3" classname="org.apache.jena.riot.TestJenaReaderRIOT" time="0"/>
  <testcase name="read_url_4" classname="org.apache.jena.riot.TestJenaReaderRIOT" time="0.001"/>
  <testcase name="read_01" classname="org.apache.jena.riot.TestJenaReaderRIOT" time="0"/>
  <testcase name="read_02" classname="org.apache.jena.riot.TestJenaReaderRIOT" time="0"/>
  <testcase name="read_03" classname="org.apache.jena.riot.TestJenaReaderRIOT" time="0"/>
  <testcase name="read_04" classname="org.apache.jena.riot.TestJenaReaderRIOT" time="0.001"/>
  <testcase name="read_05" classname="org.apache.jena.riot.TestJenaReaderRIOT" time="0.006"/>
  <testcase name="read_06" classname="org.apache.jena.riot.TestJenaReaderRIOT" time="0.479"/>
  <testcase name="read_11" classname="org.apache.jena.riot.TestJenaReaderRIOT" time="0.001"/>
  <testcase name="read_12" classname="org.apache.jena.riot.TestJenaReaderRIOT" time="0"/>
  <testcase name="read_13" classname="org.apache.jena.riot.TestJenaReaderRIOT" time="0.006"/>
  <testcase name="read_14" classname="org.apache.jena.riot.TestJenaReaderRIOT" time="0.005"/>
  <testcase name="read_15" classname="org.apache.jena.riot.TestJenaReaderRIOT" time="0.002"/>
  <testcase name="read_16" classname="org.apache.jena.riot.TestJenaReaderRIOT" time="0.006"/>
  <testcase name="read_24" classname="org.apache.jena.riot.TestJenaReaderRIOT" time="0.003"/>
  <testcase name="read_30" classname="org.apache.jena.riot.TestJenaReaderRIOT" time="0.004"/>
  <testcase name="read_StringReader_31" classname="org.apache.jena.riot.TestJenaReaderRIOT" time="0"/>
  <testcase name="read_StringReader_32" classname="org.apache.jena.riot.TestJenaReaderRIOT" time="0.001"/>
  <testcase name="read_input_1" classname="org.apache.jena.riot.TestReadData" time="0.001"/>
  <testcase name="read_input_2" classname="org.apache.jena.riot.TestReadData" time="0.004"/>
  <testcase name="load_01" classname="org.apache.jena.riot.TestReadData" time="0"/>
  <testcase name="load_02" classname="org.apache.jena.riot.TestReadData" time="0.001"/>
  <testcase name="load_03" classname="org.apache.jena.riot.TestReadData" time="0"/>
  <testcase name="load_04" classname="org.apache.jena.riot.TestReadData" time="0"/>
  <testcase name="load_05" classname="org.apache.jena.riot.TestReadData" time="0"/>
  <testcase name="load_06" classname="org.apache.jena.riot.TestReadData" time="0.001"/>
  <testcase name="load_11" classname="org.apache.jena.riot.TestReadData" time="0"/>
  <testcase name="load_12" classname="org.apache.jena.riot.TestReadData" time="0"/>
  <testcase name="load_13" classname="org.apache.jena.riot.TestReadData" time="0"/>
  <testcase name="load_14" classname="org.apache.jena.riot.TestReadData" time="0"/>
  <testcase name="load_15" classname="org.apache.jena.riot.TestReadData" time="0"/>
  <testcase name="load_16" classname="org.apache.jena.riot.TestReadData" time="0"/>
  <testcase name="load_17" classname="org.apache.jena.riot.TestReadData" time="0.001"/>
  <testcase name="load_18" classname="org.apache.jena.riot.TestReadData" time="0.005"/>
  <testcase name="read_01" classname="org.apache.jena.riot.TestReadData" time="0.001"/>
  <testcase name="read_02" classname="org.apache.jena.riot.TestReadData" time="0"/>
  <testcase name="read_03" classname="org.apache.jena.riot.TestReadData" time="0"/>
  <testcase name="read_04" classname="org.apache.jena.riot.TestReadData" time="0.001"/>
  <testcase name="read_11" classname="org.apache.jena.riot.TestReadData" time="0.001"/>
  <testcase name="read_12" classname="org.apache.jena.riot.TestReadData" time="0"/>
  <testcase name="read_13" classname="org.apache.jena.riot.TestReadData" time="0"/>
  <testcase name="read_14" classname="org.apache.jena.riot.TestReadData" time="0.001"/>
  <testcase name="read_15" classname="org.apache.jena.riot.TestReadData" time="0.003"/>
  <testcase name="read_21" classname="org.apache.jena.riot.TestReadData" time="0"/>
  <testcase name="read_22" classname="org.apache.jena.riot.TestReadData" time="0.003"/>
  <testcase name="read_23" classname="org.apache.jena.riot.TestReadData" time="0"/>
  <testcase name="read_24" classname="org.apache.jena.riot.TestReadData" time="0"/>
  <testcase name="testCreateIteratorTriples_01" classname="org.apache.jena.riot.TestRiotReader" time="0"/>
  <testcase name="testCreateIteratorTriples_02" classname="org.apache.jena.riot.TestRiotReader" time="0.006"/>
  <testcase name="testRawUTF8" classname="org.apache.jena.riot.TestRiotReader" time="0"/>
  <testcase name="testEncodedUTF8" classname="org.apache.jena.riot.TestRiotReader" time="0"/>
  <testcase name="parser_registry_is_quads" classname="org.apache.jena.riot.TestParserRegistry" time="0"/>
  <testcase name="parser_registry_is_triples" classname="org.apache.jena.riot.TestParserRegistry" time="0"/>
  <testcase name="chooseBaseIRI_1" classname="org.apache.jena.riot.TestSysRIOT" time="0"/>
  <testcase name="chooseBaseIRI_2" classname="org.apache.jena.riot.TestSysRIOT" time="0"/>
  <testcase name="chooseBaseIRI_10" classname="org.apache.jena.riot.TestSysRIOT" time="0"/>
</testsuite>