<?xml version="1.0" encoding="UTF-8"?>
<testsuite xmlns:xsi="http://www.w3.org/2001/XMLSchema-instance" xsi:schemaLocation="https://maven.apache.org/surefire/maven-surefire-plugin/xsd/surefire-test-report.xsd" name="org.apache.jena.tdb.index.TS_Index" time="1.181" tests="89" errors="0" skipped="0" failures="0">
  <properties>
    <property name="java.runtime.name" value="Java(TM) SE Runtime Environment"/>
    <property name="sun.boot.library.path" value="/usr/lib/jvm/java-8-oracle/jre/lib/amd64"/>
    <property name="java.vm.version" value="25.111-b14"/>
    <property name="java.vm.vendor" value="Oracle Corporation"/>
    <property name="java.vendor.url" value="http://java.oracle.com/"/>
    <property name="path.separator" value=":"/>
    <property name="guice.disable.misplaced.annotation.check" value="true"/>
    <property name="java.vm.name" value="Java HotSpot(TM) 64-Bit Server VM"/>
    <property name="file.encoding.pkg" value="sun.io"/>
    <property name="user.country" value="US"/>
    <property name="sun.java.launcher" value="SUN_STANDARD"/>
    <property name="sun.os.patch.level" value="unknown"/>
    <property name="java.vm.specification.name" value="Java Virtual Machine Specification"/>
    <property name="user.dir" value="/home/ubuntu/research/jena"/>
    <property name="java.runtime.version" value="1.8.0_111-b14"/>
    <property name="java.awt.graphicsenv" value="sun.awt.X11GraphicsEnvironment"/>
    <property name="java.endorsed.dirs" value="/usr/lib/jvm/java-8-oracle/jre/lib/endorsed"/>
    <property name="os.arch" value="amd64"/>
    <property name="java.io.tmpdir" value="/tmp"/>
    <property name="line.separator" value="&#10;"/>
    <property name="java.vm.specification.vendor" value="Oracle Corporation"/>
    <property name="os.name" value="Linux"/>
    <property name="classworlds.conf" value="/usr/share/maven/bin/m2.conf"/>
    <property name="sun.jnu.encoding" value="UTF-8"/>
    <property name="java.library.path" value="/usr/java/packages/lib/amd64:/usr/lib64:/lib64:/lib:/usr/lib"/>
    <property name="java.specification.name" value="Java Platform API Specification"/>
    <property name="java.class.version" value="52.0"/>
    <property name="sun.management.compiler" value="HotSpot 64-Bit Tiered Compilers"/>
    <property name="os.version" value="4.2.0-27-generic"/>
    <property name="user.home" value="/root"/>
    <property name="user.timezone" value="America/Los_Angeles"/>
    <property name="java.awt.printerjob" value="sun.print.PSPrinterJob"/>
    <property name="file.encoding" value="UTF-8"/>
    <property name="java.specification.version" value="1.8"/>
    <property name="user.name" value="root"/>
    <property name="java.class.path" value="/usr/share/maven/boot/plexus-classworlds-2.x.jar"/>
    <property name="java.vm.specification.version" value="1.8"/>
    <property name="sun.arch.data.model" value="64"/>
    <property name="java.home" value="/usr/lib/jvm/java-8-oracle/jre"/>
    <property name="sun.java.command" value="org.codehaus.plexus.classworlds.launcher.Launcher package"/>
    <property name="java.specification.vendor" value="Oracle Corporation"/>
    <property name="user.language" value="en"/>
    <property name="awt.toolkit" value="sun.awt.X11.XToolkit"/>
    <property name="java.vm.info" value="mixed mode"/>
    <property name="java.version" value="1.8.0_111"/>
    <property name="java.ext.dirs" value="/usr/lib/jvm/java-8-oracle/jre/lib/ext:/usr/java/packages/lib/ext"/>
    <property name="securerandom.source" value="file:/dev/./urandom"/>
    <property name="sun.boot.class.path" value="/usr/lib/jvm/java-8-oracle/jre/lib/resources.jar:/usr/lib/jvm/java-8-oracle/jre/lib/rt.jar:/usr/lib/jvm/java-8-oracle/jre/lib/sunrsasign.jar:/usr/lib/jvm/java-8-oracle/jre/lib/jsse.jar:/usr/lib/jvm/java-8-oracle/jre/lib/jce.jar:/usr/lib/jvm/java-8-oracle/jre/lib/charsets.jar:/usr/lib/jvm/java-8-oracle/jre/lib/jfr.jar:/usr/lib/jvm/java-8-oracle/jre/classes"/>
    <property name="java.vendor" value="Oracle Corporation"/>
    <property name="maven.home" value="/usr/share/maven"/>
    <property name="file.separator" value="/"/>
    <property name="java.vendor.url.bug" value="http://bugreport.sun.com/bugreport/"/>
    <property name="sun.cpu.endian" value="little"/>
    <property name="sun.io.unicode.encoding" value="UnicodeLittle"/>
    <property name="sun.desktop" value="gnome"/>
    <property name="sun.cpu.isalist" value=""/>
  </properties>
  <testcase name="tree_iter_0_01" classname="org.apache.jena.tdb.index.bplustree.TestBPlusTree" time="0.004"/>
  <testcase name="tree_iter_0_02" classname="org.apache.jena.tdb.index.bplustree.TestBPlusTree" time="0.001"/>
  <testcase name="tree_iter_0_03" classname="org.apache.jena.tdb.index.bplustree.TestBPlusTree" time="0.001"/>
  <testcase name="tree_iter_0_04" classname="org.apache.jena.tdb.index.bplustree.TestBPlusTree" time="0"/>
  <testcase name="tree_iter_0_05" classname="org.apache.jena.tdb.index.bplustree.TestBPlusTree" time="0"/>
  <testcase name="tree_iter_2_01" classname="org.apache.jena.tdb.index.bplustree.TestBPlusTree" time="0.002"/>
  <testcase name="tree_iter_2_02" classname="org.apache.jena.tdb.index.bplustree.TestBPlusTree" time="0.001"/>
  <testcase name="tree_iter_2_03" classname="org.apache.jena.tdb.index.bplustree.TestBPlusTree" time="0.003"/>
  <testcase name="tree_iter_2_04" classname="org.apache.jena.tdb.index.bplustree.TestBPlusTree" time="0"/>
  <testcase name="tree_iter_2_05" classname="org.apache.jena.tdb.index.bplustree.TestBPlusTree" time="0.001"/>
  <testcase name="tree_iter_2_07" classname="org.apache.jena.tdb.index.bplustree.TestBPlusTree" time="0.002"/>
  <testcase name="tree_iter_2_08" classname="org.apache.jena.tdb.index.bplustree.TestBPlusTree" time="0"/>
  <testcase name="tree_iter_2_09" classname="org.apache.jena.tdb.index.bplustree.TestBPlusTree" time="0"/>
  <testcase name="tree_del_0_1" classname="org.apache.jena.tdb.index.bplustree.TestBPlusTree" time="0.003"/>
  <testcase name="tree_del_0_2" classname="org.apache.jena.tdb.index.bplustree.TestBPlusTree" time="0.001"/>
  <testcase name="tree_del_0_3" classname="org.apache.jena.tdb.index.bplustree.TestBPlusTree" time="0.008"/>
  <testcase name="tree_ins_0_0" classname="org.apache.jena.tdb.index.bplustree.TestBPlusTree" time="0"/>
  <testcase name="tree_ins_0_1" classname="org.apache.jena.tdb.index.bplustree.TestBPlusTree" time="0"/>
  <testcase name="tree_ins_2_01" classname="org.apache.jena.tdb.index.bplustree.TestBPlusTree" time="0.007"/>
  <testcase name="tree_ins_2_02" classname="org.apache.jena.tdb.index.bplustree.TestBPlusTree" time="0"/>
  <testcase name="tree_ins_2_03" classname="org.apache.jena.tdb.index.bplustree.TestBPlusTree" time="0.001"/>
  <testcase name="tree_ins_2_04" classname="org.apache.jena.tdb.index.bplustree.TestBPlusTree" time="0"/>
  <testcase name="tree_ins_2_05" classname="org.apache.jena.tdb.index.bplustree.TestBPlusTree" time="0.001"/>
  <testcase name="tree_clear_00" classname="org.apache.jena.tdb.index.bplustree.TestBPlusTree" time="0"/>
  <testcase name="tree_clear_01" classname="org.apache.jena.tdb.index.bplustree.TestBPlusTree" time="0"/>
  <testcase name="tree_clear_02" classname="org.apache.jena.tdb.index.bplustree.TestBPlusTree" time="0.105"/>
  <testcase name="tree_clear_03" classname="org.apache.jena.tdb.index.bplustree.TestBPlusTree" time="0.049"/>
  <testcase name="tree_clear_04" classname="org.apache.jena.tdb.index.bplustree.TestBPlusTree" time="0.041"/>
  <testcase name="tree_clear_05" classname="org.apache.jena.tdb.index.bplustree.TestBPlusTree" time="0.044"/>
  <testcase name="tree_clear_06" classname="org.apache.jena.tdb.index.bplustree.TestBPlusTree" time="0.288"/>
  <testcase name="tree_del_2_01" classname="org.apache.jena.tdb.index.bplustree.TestBPlusTree" time="0.004"/>
  <testcase name="tree_del_2_02" classname="org.apache.jena.tdb.index.bplustree.TestBPlusTree" time="0.001"/>
  <testcase name="tree_del_2_03" classname="org.apache.jena.tdb.index.bplustree.TestBPlusTree" time="0.001"/>
  <testcase name="tree_del_2_04" classname="org.apache.jena.tdb.index.bplustree.TestBPlusTree" time="0.003"/>
  <testcase name="tree_del_2_05" classname="org.apache.jena.tdb.index.bplustree.TestBPlusTree" time="0"/>
  <testcase name="tree_del_2_06" classname="org.apache.jena.tdb.index.bplustree.TestBPlusTree" time="0.001"/>
  <testcase name="tree_del_2_07" classname="org.apache.jena.tdb.index.bplustree.TestBPlusTree" time="0"/>
  <testcase name="tree_del_2_08" classname="org.apache.jena.tdb.index.bplustree.TestBPlusTree" time="0.001"/>
  <testcase name="tree_del_2_09" classname="org.apache.jena.tdb.index.bplustree.TestBPlusTree" time="0"/>
  <testcase name="tree_del_2_10" classname="org.apache.jena.tdb.index.bplustree.TestBPlusTree" time="0.001"/>
  <testcase name="tree_del_2_11" classname="org.apache.jena.tdb.index.bplustree.TestBPlusTree" time="0.005"/>
  <testcase name="tree_del_2_12" classname="org.apache.jena.tdb.index.bplustree.TestBPlusTree" time="0.002"/>
  <testcase name="tree_ret_1" classname="org.apache.jena.tdb.index.bplustree.TestBPlusTree" time="0"/>
  <testcase name="tree_ret_2" classname="org.apache.jena.tdb.index.bplustree.TestBPlusTree" time="0"/>
  <testcase name="tree_2_N" classname="org.apache.jena.tdb.index.bplustree.TestBPlusTree" time="0.41"/>
  <testcase name="tree_3_N" classname="org.apache.jena.tdb.index.bplustree.TestBPlusTree" time="0.088"/>
  <testcase name="bpt_merge_1" classname="org.apache.jena.tdb.index.bplustree.TestBPTreeRecords" time="0"/>
  <testcase name="bpt_merge_2" classname="org.apache.jena.tdb.index.bplustree.TestBPTreeRecords" time="0"/>
  <testcase name="bpt_records_1" classname="org.apache.jena.tdb.index.bplustree.TestBPTreeRecords" time="0.001"/>
  <testcase name="bpt_records_2" classname="org.apache.jena.tdb.index.bplustree.TestBPTreeRecords" time="0"/>
  <testcase name="bpt_records_3" classname="org.apache.jena.tdb.index.bplustree.TestBPTreeRecords" time="0"/>
  <testcase name="bpt_records_4" classname="org.apache.jena.tdb.index.bplustree.TestBPTreeRecords" time="0"/>
  <testcase name="bpt_records_5" classname="org.apache.jena.tdb.index.bplustree.TestBPTreeRecords" time="0.001"/>
  <testcase name="bpt_records_6" classname="org.apache.jena.tdb.index.bplustree.TestBPTreeRecords" time="0"/>
  <testcase name="bpt_shift_1" classname="org.apache.jena.tdb.index.bplustree.TestBPTreeRecords" time="0"/>
  <testcase name="bpt_shift_2" classname="org.apache.jena.tdb.index.bplustree.TestBPTreeRecords" time="0"/>
  <testcase name="bpt_shift_3" classname="org.apache.jena.tdb.index.bplustree.TestBPTreeRecords" time="0"/>
  <testcase name="bpt_shift_4" classname="org.apache.jena.tdb.index.bplustree.TestBPTreeRecords" time="0"/>
  <testcase name="bpt_rewrite_01" classname="org.apache.jena.tdb.index.bplustree.TestBPlusTreeRewriter" time="0.007"/>
  <testcase name="bpt_rewrite_02" classname="org.apache.jena.tdb.index.bplustree.TestBPlusTreeRewriter" time="0"/>
  <testcase name="bpt_rewrite_03" classname="org.apache.jena.tdb.index.bplustree.TestBPlusTreeRewriter" time="0.009"/>
  <testcase name="bpt_rewrite_04" classname="org.apache.jena.tdb.index.bplustree.TestBPlusTreeRewriter" time="0"/>
  <testcase name="bpt_rewrite_05" classname="org.apache.jena.tdb.index.bplustree.TestBPlusTreeRewriter" time="0"/>
  <testcase name="bpt_rewrite_06" classname="org.apache.jena.tdb.index.bplustree.TestBPlusTreeRewriter" time="0"/>
  <testcase name="bpt_rewrite_07" classname="org.apache.jena.tdb.index.bplustree.TestBPlusTreeRewriter" time="0.003"/>
  <testcase name="bpt_rewrite_08" classname="org.apache.jena.tdb.index.bplustree.TestBPlusTreeRewriter" time="0.002"/>
  <testcase name="bpt_rewrite_99" classname="org.apache.jena.tdb.index.bplustree.TestBPlusTreeRewriter" time="0.011"/>
  <testcase name="index_find_1" classname="org.apache.jena.tdb.index.ext.TestExtHash" time="0.003"/>
  <testcase name="index_find_2" classname="org.apache.jena.tdb.index.ext.TestExtHash" time="0.001"/>
  <testcase name="index_del_1" classname="org.apache.jena.tdb.index.ext.TestExtHash" time="0.001"/>
  <testcase name="index_del_2" classname="org.apache.jena.tdb.index.ext.TestExtHash" time="0.001"/>
  <testcase name="index_del_3" classname="org.apache.jena.tdb.index.ext.TestExtHash" time="0"/>
  <testcase name="index_ins_0" classname="org.apache.jena.tdb.index.ext.TestExtHash" time="0"/>
  <testcase name="index_ins_1" classname="org.apache.jena.tdb.index.ext.TestExtHash" time="0.001"/>
  <testcase name="index_ins_2" classname="org.apache.jena.tdb.index.ext.TestExtHash" time="0.003"/>
  <testcase name="index_ins_3" classname="org.apache.jena.tdb.index.ext.TestExtHash" time="0.001"/>
  <testcase name="index_ins_4" classname="org.apache.jena.tdb.index.ext.TestExtHash" time="0.001"/>
  <testcase name="index_ins_5" classname="org.apache.jena.tdb.index.ext.TestExtHash" time="0.004"/>
  <testcase name="index_find_1" classname="org.apache.jena.tdb.index.TestIndexMem" time="0.003"/>
  <testcase name="index_find_2" classname="org.apache.jena.tdb.index.TestIndexMem" time="0"/>
  <testcase name="index_del_1" classname="org.apache.jena.tdb.index.TestIndexMem" time="0"/>
  <testcase name="index_del_2" classname="org.apache.jena.tdb.index.TestIndexMem" time="0.001"/>
  <testcase name="index_del_3" classname="org.apache.jena.tdb.index.TestIndexMem" time="0"/>
  <testcase name="index_ins_0" classname="org.apache.jena.tdb.index.TestIndexMem" time="0"/>
  <testcase name="index_ins_1" classname="org.apache.jena.tdb.index.TestIndexMem" time="0"/>
  <testcase name="index_ins_2" classname="org.apache.jena.tdb.index.TestIndexMem" time="0"/>
  <testcase name="index_ins_3" classname="org.apache.jena.tdb.index.TestIndexMem" time="0.001"/>
  <testcase name="index_ins_4" classname="org.apache.jena.tdb.index.TestIndexMem" time="0"/>
  <testcase name="index_ins_5" classname="org.apache.jena.tdb.index.TestIndexMem" time="0"/>
</testsuite>