<?xml version="1.0" encoding="UTF-8"?>
<testsuite xmlns:xsi="http://www.w3.org/2001/XMLSchema-instance" xsi:schemaLocation="https://maven.apache.org/surefire/maven-surefire-plugin/xsd/surefire-test-report.xsd" name="org.apache.jena.tdb.transaction.TS_TransactionTDB" time="5.017" tests="178" errors="0" skipped="0" failures="0">
  <properties>
    <property name="java.runtime.name" value="Java(TM) SE Runtime Environment"/>
    <property name="sun.boot.library.path" value="/usr/lib/jvm/java-8-oracle/jre/lib/amd64"/>
    <property name="java.vm.version" value="25.111-b14"/>
    <property name="java.vm.vendor" value="Oracle Corporation"/>
    <property name="java.vendor.url" value="http://java.oracle.com/"/>
    <property name="path.separator" value=":"/>
    <property name="guice.disable.misplaced.annotation.check" value="true"/>
    <property name="java.vm.name" value="Java HotSpot(TM) 64-Bit Server VM"/>
    <property name="file.encoding.pkg" value="sun.io"/>
    <property name="user.country" value="US"/>
    <property name="sun.java.launcher" value="SUN_STANDARD"/>
    <property name="sun.os.patch.level" value="unknown"/>
    <property name="java.vm.specification.name" value="Java Virtual Machine Specification"/>
    <property name="user.dir" value="/home/ubuntu/research/jena"/>
    <property name="java.runtime.version" value="1.8.0_111-b14"/>
    <property name="java.awt.graphicsenv" value="sun.awt.X11GraphicsEnvironment"/>
    <property name="java.endorsed.dirs" value="/usr/lib/jvm/java-8-oracle/jre/lib/endorsed"/>
    <property name="os.arch" value="amd64"/>
    <property name="java.io.tmpdir" value="/tmp"/>
    <property name="line.separator" value="&#10;"/>
    <property name="java.vm.specification.vendor" value="Oracle Corporation"/>
    <property name="os.name" value="Linux"/>
    <property name="classworlds.conf" value="/usr/share/maven/bin/m2.conf"/>
    <property name="sun.jnu.encoding" value="UTF-8"/>
    <property name="java.library.path" value="/usr/java/packages/lib/amd64:/usr/lib64:/lib64:/lib:/usr/lib"/>
    <property name="java.specification.name" value="Java Platform API Specification"/>
    <property name="java.class.version" value="52.0"/>
    <property name="sun.management.compiler" value="HotSpot 64-Bit Tiered Compilers"/>
    <property name="os.version" value="4.2.0-27-generic"/>
    <property name="user.home" value="/root"/>
    <property name="user.timezone" value="America/Los_Angeles"/>
    <property name="java.awt.printerjob" value="sun.print.PSPrinterJob"/>
    <property name="file.encoding" value="UTF-8"/>
    <property name="java.specification.version" value="1.8"/>
    <property name="user.name" value="root"/>
    <property name="java.class.path" value="/usr/share/maven/boot/plexus-classworlds-2.x.jar"/>
    <property name="java.vm.specification.version" value="1.8"/>
    <property name="sun.arch.data.model" value="64"/>
    <property name="java.home" value="/usr/lib/jvm/java-8-oracle/jre"/>
    <property name="sun.java.command" value="org.codehaus.plexus.classworlds.launcher.Launcher package"/>
    <property name="java.specification.vendor" value="Oracle Corporation"/>
    <property name="user.language" value="en"/>
    <property name="awt.toolkit" value="sun.awt.X11.XToolkit"/>
    <property name="java.vm.info" value="mixed mode"/>
    <property name="java.version" value="1.8.0_111"/>
    <property name="java.ext.dirs" value="/usr/lib/jvm/java-8-oracle/jre/lib/ext:/usr/java/packages/lib/ext"/>
    <property name="securerandom.source" value="file:/dev/./urandom"/>
    <property name="sun.boot.class.path" value="/usr/lib/jvm/java-8-oracle/jre/lib/resources.jar:/usr/lib/jvm/java-8-oracle/jre/lib/rt.jar:/usr/lib/jvm/java-8-oracle/jre/lib/sunrsasign.jar:/usr/lib/jvm/java-8-oracle/jre/lib/jsse.jar:/usr/lib/jvm/java-8-oracle/jre/lib/jce.jar:/usr/lib/jvm/java-8-oracle/jre/lib/charsets.jar:/usr/lib/jvm/java-8-oracle/jre/lib/jfr.jar:/usr/lib/jvm/java-8-oracle/jre/classes"/>
    <property name="java.vendor" value="Oracle Corporation"/>
    <property name="maven.home" value="/usr/share/maven"/>
    <property name="file.separator" value="/"/>
    <property name="java.vendor.url.bug" value="http://bugreport.sun.com/bugreport/"/>
    <property name="sun.cpu.endian" value="little"/>
    <property name="sun.io.unicode.encoding" value="UnicodeLittle"/>
    <property name="sun.desktop" value="gnome"/>
    <property name="sun.cpu.isalist" value=""/>
  </properties>
  <testcase name="journal_01" classname="org.apache.jena.tdb.transaction.TestJournal" time="0"/>
  <testcase name="journal_02" classname="org.apache.jena.tdb.transaction.TestJournal" time="0"/>
  <testcase name="journal_03" classname="org.apache.jena.tdb.transaction.TestJournal" time="0"/>
  <testcase name="journal_04" classname="org.apache.jena.tdb.transaction.TestJournal" time="0.001"/>
  <testcase name="journal_05" classname="org.apache.jena.tdb.transaction.TestJournal" time="0"/>
  <testcase name="journal_06" classname="org.apache.jena.tdb.transaction.TestJournal" time="0"/>
  <testcase name="transIter_01" classname="org.apache.jena.tdb.transaction.TestTransIterator" time="0.004"/>
  <testcase name="transIter_02" classname="org.apache.jena.tdb.transaction.TestTransIterator" time="0.001"/>
  <testcase name="transIter_03" classname="org.apache.jena.tdb.transaction.TestTransIterator" time="0"/>
  <testcase name="objFileTrans_01" classname="org.apache.jena.tdb.transaction.TestObjectFileTransMem" time="0"/>
  <testcase name="objFileTrans_02" classname="org.apache.jena.tdb.transaction.TestObjectFileTransMem" time="0"/>
  <testcase name="objFileTrans_03" classname="org.apache.jena.tdb.transaction.TestObjectFileTransMem" time="0"/>
  <testcase name="objFileTrans_04" classname="org.apache.jena.tdb.transaction.TestObjectFileTransMem" time="0"/>
  <testcase name="objFileTrans_05" classname="org.apache.jena.tdb.transaction.TestObjectFileTransMem" time="0"/>
  <testcase name="objFileTrans_06" classname="org.apache.jena.tdb.transaction.TestObjectFileTransMem" time="0"/>
  <testcase name="objFileTrans_01" classname="org.apache.jena.tdb.transaction.TestObjectFileTransStorage" time="0"/>
  <testcase name="objFileTrans_02" classname="org.apache.jena.tdb.transaction.TestObjectFileTransStorage" time="0"/>
  <testcase name="objFileTrans_03" classname="org.apache.jena.tdb.transaction.TestObjectFileTransStorage" time="0"/>
  <testcase name="objFileTrans_04" classname="org.apache.jena.tdb.transaction.TestObjectFileTransStorage" time="0.001"/>
  <testcase name="objFileTrans_05" classname="org.apache.jena.tdb.transaction.TestObjectFileTransStorage" time="0"/>
  <testcase name="objFileTrans_06" classname="org.apache.jena.tdb.transaction.TestObjectFileTransStorage" time="0"/>
  <testcase name="nodetrans_01" classname="org.apache.jena.tdb.transaction.TestNodeTableTransMem" time="0"/>
  <testcase name="nodetrans_02" classname="org.apache.jena.tdb.transaction.TestNodeTableTransMem" time="0"/>
  <testcase name="nodetrans_03" classname="org.apache.jena.tdb.transaction.TestNodeTableTransMem" time="0"/>
  <testcase name="nodetrans_04" classname="org.apache.jena.tdb.transaction.TestNodeTableTransMem" time="0"/>
  <testcase name="nodetrans_05" classname="org.apache.jena.tdb.transaction.TestNodeTableTransMem" time="0"/>
  <testcase name="nodetrans_06" classname="org.apache.jena.tdb.transaction.TestNodeTableTransMem" time="0.001"/>
  <testcase name="nodetrans_07" classname="org.apache.jena.tdb.transaction.TestNodeTableTransMem" time="0"/>
  <testcase name="nodetrans_01" classname="org.apache.jena.tdb.transaction.TestNodeTableTransDisk" time="0.006"/>
  <testcase name="nodetrans_02" classname="org.apache.jena.tdb.transaction.TestNodeTableTransDisk" time="0.005"/>
  <testcase name="nodetrans_03" classname="org.apache.jena.tdb.transaction.TestNodeTableTransDisk" time="0.003"/>
  <testcase name="nodetrans_04" classname="org.apache.jena.tdb.transaction.TestNodeTableTransDisk" time="0.003"/>
  <testcase name="nodetrans_05" classname="org.apache.jena.tdb.transaction.TestNodeTableTransDisk" time="0.004"/>
  <testcase name="nodetrans_06" classname="org.apache.jena.tdb.transaction.TestNodeTableTransDisk" time="0.004"/>
  <testcase name="nodetrans_07" classname="org.apache.jena.tdb.transaction.TestNodeTableTransDisk" time="0.003"/>
  <testcase name="trans_readBlock_01" classname="org.apache.jena.tdb.transaction.TestTransMem" time="0.009"/>
  <testcase name="trans_readBlock_02" classname="org.apache.jena.tdb.transaction.TestTransMem" time="0.01"/>
  <testcase name="trans_readBlock_03" classname="org.apache.jena.tdb.transaction.TestTransMem" time="0.008"/>
  <testcase name="trans_readBlock_04" classname="org.apache.jena.tdb.transaction.TestTransMem" time="0.006"/>
  <testcase name="trans_readBlock_05" classname="org.apache.jena.tdb.transaction.TestTransMem" time="0.011"/>
  <testcase name="trans_readBlock_06" classname="org.apache.jena.tdb.transaction.TestTransMem" time="0.005"/>
  <testcase name="trans_readBlock_07" classname="org.apache.jena.tdb.transaction.TestTransMem" time="0.012"/>
  <testcase name="trans_readBlock_08" classname="org.apache.jena.tdb.transaction.TestTransMem" time="0.005"/>
  <testcase name="trans_readBlock_09" classname="org.apache.jena.tdb.transaction.TestTransMem" time="0.008"/>
  <testcase name="trans_readBlock_10" classname="org.apache.jena.tdb.transaction.TestTransMem" time="0.011"/>
  <testcase name="trans_readBlock_11" classname="org.apache.jena.tdb.transaction.TestTransMem" time="0.007"/>
  <testcase name="trans_01" classname="org.apache.jena.tdb.transaction.TestTransMem" time="0"/>
  <testcase name="trans_02" classname="org.apache.jena.tdb.transaction.TestTransMem" time="0.004"/>
  <testcase name="trans_03" classname="org.apache.jena.tdb.transaction.TestTransMem" time="0.003"/>
  <testcase name="trans_04" classname="org.apache.jena.tdb.transaction.TestTransMem" time="0.001"/>
  <testcase name="trans_05" classname="org.apache.jena.tdb.transaction.TestTransMem" time="0.011"/>
  <testcase name="trans_06" classname="org.apache.jena.tdb.transaction.TestTransMem" time="0.01"/>
  <testcase name="trans_21" classname="org.apache.jena.tdb.transaction.TestTransMem" time="0"/>
  <testcase name="trans_22" classname="org.apache.jena.tdb.transaction.TestTransMem" time="0.001"/>
  <testcase name="trans_readBlock_01" classname="org.apache.jena.tdb.transaction.TestTransDiskDirect" time="0.029"/>
  <testcase name="trans_readBlock_02" classname="org.apache.jena.tdb.transaction.TestTransDiskDirect" time="0.015"/>
  <testcase name="trans_readBlock_03" classname="org.apache.jena.tdb.transaction.TestTransDiskDirect" time="0.033"/>
  <testcase name="trans_readBlock_04" classname="org.apache.jena.tdb.transaction.TestTransDiskDirect" time="0.029"/>
  <testcase name="trans_readBlock_05" classname="org.apache.jena.tdb.transaction.TestTransDiskDirect" time="0.036"/>
  <testcase name="trans_readBlock_06" classname="org.apache.jena.tdb.transaction.TestTransDiskDirect" time="0.049"/>
  <testcase name="trans_readBlock_07" classname="org.apache.jena.tdb.transaction.TestTransDiskDirect" time="0.026"/>
  <testcase name="trans_readBlock_08" classname="org.apache.jena.tdb.transaction.TestTransDiskDirect" time="0.054"/>
  <testcase name="trans_readBlock_09" classname="org.apache.jena.tdb.transaction.TestTransDiskDirect" time="0.033"/>
  <testcase name="trans_readBlock_10" classname="org.apache.jena.tdb.transaction.TestTransDiskDirect" time="0.055"/>
  <testcase name="trans_readBlock_11" classname="org.apache.jena.tdb.transaction.TestTransDiskDirect" time="0.051"/>
  <testcase name="trans_01" classname="org.apache.jena.tdb.transaction.TestTransDiskDirect" time="0.014"/>
  <testcase name="trans_02" classname="org.apache.jena.tdb.transaction.TestTransDiskDirect" time="0.023"/>
  <testcase name="trans_03" classname="org.apache.jena.tdb.transaction.TestTransDiskDirect" time="0.039"/>
  <testcase name="trans_04" classname="org.apache.jena.tdb.transaction.TestTransDiskDirect" time="0.017"/>
  <testcase name="trans_05" classname="org.apache.jena.tdb.transaction.TestTransDiskDirect" time="0.034"/>
  <testcase name="trans_06" classname="org.apache.jena.tdb.transaction.TestTransDiskDirect" time="0.035"/>
  <testcase name="trans_21" classname="org.apache.jena.tdb.transaction.TestTransDiskDirect" time="0.03"/>
  <testcase name="trans_22" classname="org.apache.jena.tdb.transaction.TestTransDiskDirect" time="0.029"/>
  <testcase name="trans_readBlock_01" classname="org.apache.jena.tdb.transaction.TestTransDiskMapped" time="0.061"/>
  <testcase name="trans_readBlock_02" classname="org.apache.jena.tdb.transaction.TestTransDiskMapped" time="0.015"/>
  <testcase name="trans_readBlock_03" classname="org.apache.jena.tdb.transaction.TestTransDiskMapped" time="0.034"/>
  <testcase name="trans_readBlock_04" classname="org.apache.jena.tdb.transaction.TestTransDiskMapped" time="0.024"/>
  <testcase name="trans_readBlock_05" classname="org.apache.jena.tdb.transaction.TestTransDiskMapped" time="0.04"/>
  <testcase name="trans_readBlock_06" classname="org.apache.jena.tdb.transaction.TestTransDiskMapped" time="0.021"/>
  <testcase name="trans_readBlock_07" classname="org.apache.jena.tdb.transaction.TestTransDiskMapped" time="0.021"/>
  <testcase name="trans_readBlock_08" classname="org.apache.jena.tdb.transaction.TestTransDiskMapped" time="0.029"/>
  <testcase name="trans_readBlock_09" classname="org.apache.jena.tdb.transaction.TestTransDiskMapped" time="0.028"/>
  <testcase name="trans_readBlock_10" classname="org.apache.jena.tdb.transaction.TestTransDiskMapped" time="0.027"/>
  <testcase name="trans_readBlock_11" classname="org.apache.jena.tdb.transaction.TestTransDiskMapped" time="0.04"/>
  <testcase name="trans_01" classname="org.apache.jena.tdb.transaction.TestTransDiskMapped" time="0.017"/>
  <testcase name="trans_02" classname="org.apache.jena.tdb.transaction.TestTransDiskMapped" time="0.024"/>
  <testcase name="trans_03" classname="org.apache.jena.tdb.transaction.TestTransDiskMapped" time="0.028"/>
  <testcase name="trans_04" classname="org.apache.jena.tdb.transaction.TestTransDiskMapped" time="0.019"/>
  <testcase name="trans_05" classname="org.apache.jena.tdb.transaction.TestTransDiskMapped" time="0.026"/>
  <testcase name="trans_06" classname="org.apache.jena.tdb.transaction.TestTransDiskMapped" time="0.032"/>
  <testcase name="trans_21" classname="org.apache.jena.tdb.transaction.TestTransDiskMapped" time="0.018"/>
  <testcase name="trans_22" classname="org.apache.jena.tdb.transaction.TestTransDiskMapped" time="0.04"/>
  <testcase name="testTxn" classname="org.apache.jena.tdb.transaction.TestTransRestart" time="0.065"/>
  <testcase name="testPlain" classname="org.apache.jena.tdb.transaction.TestTransRestart" time="0.03"/>
  <testcase name="transaction_50" classname="org.apache.jena.tdb.transaction.TestTransactionTDB" time="0.021"/>
  <testcase name="transaction_err_01" classname="org.apache.jena.tdb.transaction.TestTransactionTDB" time="0.02"/>
  <testcase name="transaction_err_02" classname="org.apache.jena.tdb.transaction.TestTransactionTDB" time="0.018"/>
  <testcase name="transaction_err_03" classname="org.apache.jena.tdb.transaction.TestTransactionTDB" time="0.02"/>
  <testcase name="transaction_err_04" classname="org.apache.jena.tdb.transaction.TestTransactionTDB" time="0.014"/>
  <testcase name="transaction_err_05" classname="org.apache.jena.tdb.transaction.TestTransactionTDB" time="0.032"/>
  <testcase name="transaction_err_06" classname="org.apache.jena.tdb.transaction.TestTransactionTDB" time="0.016"/>
  <testcase name="transaction_err_07" classname="org.apache.jena.tdb.transaction.TestTransactionTDB" time="0.024"/>
  <testcase name="transaction_err_08" classname="org.apache.jena.tdb.transaction.TestTransactionTDB" time="0.02"/>
  <testcase name="transaction_err_09" classname="org.apache.jena.tdb.transaction.TestTransactionTDB" time="0.018"/>
  <testcase name="transaction_err_10" classname="org.apache.jena.tdb.transaction.TestTransactionTDB" time="0.017"/>
  <testcase name="transaction_err_11" classname="org.apache.jena.tdb.transaction.TestTransactionTDB" time="0.015"/>
  <testcase name="transaction_err_12" classname="org.apache.jena.tdb.transaction.TestTransactionTDB" time="0.03"/>
  <testcase name="transaction_pattern_01" classname="org.apache.jena.tdb.transaction.TestTransactionTDB" time="0.024"/>
  <testcase name="transaction_pattern_02" classname="org.apache.jena.tdb.transaction.TestTransactionTDB" time="0.018"/>
  <testcase name="transaction_pattern_03" classname="org.apache.jena.tdb.transaction.TestTransactionTDB" time="0.016"/>
  <testcase name="transaction_pattern_04" classname="org.apache.jena.tdb.transaction.TestTransactionTDB" time="0.031"/>
  <testcase name="transaction_err_nontxn_abort_1" classname="org.apache.jena.tdb.transaction.TestTransactionTDB" time="0.022"/>
  <testcase name="transaction_err_nontxn_abort_2" classname="org.apache.jena.tdb.transaction.TestTransactionTDB" time="0.016"/>
  <testcase name="transaction_err_nontxn_abort_3" classname="org.apache.jena.tdb.transaction.TestTransactionTDB" time="0.023"/>
  <testcase name="transaction_concurrency_reader" classname="org.apache.jena.tdb.transaction.TestTransactionTDB" time="1.045"/>
  <testcase name="transaction_concurrency_writer" classname="org.apache.jena.tdb.transaction.TestTransactionTDB" time="1.06"/>
  <testcase name="transaction_00" classname="org.apache.jena.tdb.transaction.TestTransactionTDB" time="0.039"/>
  <testcase name="transaction_err_nontxn_commit_1" classname="org.apache.jena.tdb.transaction.TestTransactionTDB" time="0.047"/>
  <testcase name="transaction_err_nontxn_commit_2" classname="org.apache.jena.tdb.transaction.TestTransactionTDB" time="0.041"/>
  <testcase name="transaction_err_nontxn_commit_3" classname="org.apache.jena.tdb.transaction.TestTransactionTDB" time="0.041"/>
  <testcase name="transaction_r01" classname="org.apache.jena.tdb.transaction.TestTransactionTDB" time="0.058"/>
  <testcase name="transaction_r02" classname="org.apache.jena.tdb.transaction.TestTransactionTDB" time="0.032"/>
  <testcase name="transaction_r03" classname="org.apache.jena.tdb.transaction.TestTransactionTDB" time="0.051"/>
  <testcase name="transaction_w01" classname="org.apache.jena.tdb.transaction.TestTransactionTDB" time="0.04"/>
  <testcase name="transaction_w02" classname="org.apache.jena.tdb.transaction.TestTransactionTDB" time="0.044"/>
  <testcase name="transaction_w03" classname="org.apache.jena.tdb.transaction.TestTransactionTDB" time="0.034"/>
  <testcase name="transaction_w04" classname="org.apache.jena.tdb.transaction.TestTransactionTDB" time="0.045"/>
  <testcase name="transaction_w05" classname="org.apache.jena.tdb.transaction.TestTransactionTDB" time="0.058"/>
  <testcase name="uniontxn_update" classname="org.apache.jena.tdb.transaction.TestTransactionUnionGraph" time="0.013"/>
  <testcase name="uniontxn05" classname="org.apache.jena.tdb.transaction.TestTransactionUnionGraph" time="0.002"/>
  <testcase name="uniontxn06" classname="org.apache.jena.tdb.transaction.TestTransactionUnionGraph" time="0.004"/>
  <testcase name="uniontxn_ds_rr" classname="org.apache.jena.tdb.transaction.TestTransactionUnionGraph" time="0"/>
  <testcase name="uniontxn_ds_rw" classname="org.apache.jena.tdb.transaction.TestTransactionUnionGraph" time="0.013"/>
  <testcase name="uniontxn_ds_wr" classname="org.apache.jena.tdb.transaction.TestTransactionUnionGraph" time="0.002"/>
  <testcase name="uniontxn_ds_ww" classname="org.apache.jena.tdb.transaction.TestTransactionUnionGraph" time="0.006"/>
  <testcase name="uniontxn_global_r" classname="org.apache.jena.tdb.transaction.TestTransactionUnionGraph" time="0.012"/>
  <testcase name="uniontxn_global_w" classname="org.apache.jena.tdb.transaction.TestTransactionUnionGraph" time="0.002"/>
  <testcase name="uniontxn_ds_r_1" classname="org.apache.jena.tdb.transaction.TestTransactionUnionGraph" time="0.002"/>
  <testcase name="uniontxn_ds_w_1" classname="org.apache.jena.tdb.transaction.TestTransactionUnionGraph" time="0.011"/>
  <testcase name="support" classname="org.apache.jena.tdb.transaction.TestMiscTDB" time="0"/>
  <testcase name="basics_1" classname="org.apache.jena.tdb.transaction.TestTDBInternal" time="0"/>
  <testcase name="basics_2" classname="org.apache.jena.tdb.transaction.TestTDBInternal" time="0.001"/>
  <testcase name="exclusive_1" classname="org.apache.jena.tdb.transaction.TestTDBInternal" time="0"/>
  <testcase name="exclusive_2" classname="org.apache.jena.tdb.transaction.TestTDBInternal" time="0"/>
  <testcase name="exclusive_3" classname="org.apache.jena.tdb.transaction.TestTDBInternal" time="0"/>
  <testcase name="exclusive_4" classname="org.apache.jena.tdb.transaction.TestTDBInternal" time="0.001"/>
  <testcase name="exclusive_5" classname="org.apache.jena.tdb.transaction.TestTDBInternal" time="0.002"/>
  <testcase name="promote_snapshot_01" classname="org.apache.jena.tdb.transaction.TestTransPromoteTDB" time="0.002"/>
  <testcase name="promote_snapshot_02" classname="org.apache.jena.tdb.transaction.TestTransPromoteTDB" time="0.001"/>
  <testcase name="promote_snapshot_03" classname="org.apache.jena.tdb.transaction.TestTransPromoteTDB" time="0"/>
  <testcase name="promote_snapshot_04" classname="org.apache.jena.tdb.transaction.TestTransPromoteTDB" time="0.001"/>
  <testcase name="promote_snapshot_05" classname="org.apache.jena.tdb.transaction.TestTransPromoteTDB" time="0.003"/>
  <testcase name="promote_snapshot_06" classname="org.apache.jena.tdb.transaction.TestTransPromoteTDB" time="0.007"/>
  <testcase name="promote_snapshot_07" classname="org.apache.jena.tdb.transaction.TestTransPromoteTDB" time="0.013"/>
  <testcase name="promote_snapshot_08" classname="org.apache.jena.tdb.transaction.TestTransPromoteTDB" time="0.001"/>
  <testcase name="promote_readCommitted_01" classname="org.apache.jena.tdb.transaction.TestTransPromoteTDB" time="0.002"/>
  <testcase name="promote_readCommitted_02" classname="org.apache.jena.tdb.transaction.TestTransPromoteTDB" time="0"/>
  <testcase name="promote_readCommitted_03" classname="org.apache.jena.tdb.transaction.TestTransPromoteTDB" time="0.004"/>
  <testcase name="promote_readCommitted_04" classname="org.apache.jena.tdb.transaction.TestTransPromoteTDB" time="0"/>
  <testcase name="promote_readCommitted_05" classname="org.apache.jena.tdb.transaction.TestTransPromoteTDB" time="0"/>
  <testcase name="promote_readCommitted_06" classname="org.apache.jena.tdb.transaction.TestTransPromoteTDB" time="0.012"/>
  <testcase name="promote_readCommitted_07" classname="org.apache.jena.tdb.transaction.TestTransPromoteTDB" time="0.002"/>
  <testcase name="promote_readCommitted_08" classname="org.apache.jena.tdb.transaction.TestTransPromoteTDB" time="0.008"/>
  <testcase name="promote_10" classname="org.apache.jena.tdb.transaction.TestTransPromoteTDB" time="0.002"/>
  <testcase name="promote_11" classname="org.apache.jena.tdb.transaction.TestTransPromoteTDB" time="0.003"/>
  <testcase name="promote_12" classname="org.apache.jena.tdb.transaction.TestTransPromoteTDB" time="0.007"/>
  <testcase name="promote_13" classname="org.apache.jena.tdb.transaction.TestTransPromoteTDB" time="0.001"/>
  <testcase name="promote_active_writer_1" classname="org.apache.jena.tdb.transaction.TestTransPromoteTDB" time="0.109"/>
  <testcase name="promote_active_writer_2" classname="org.apache.jena.tdb.transaction.TestTransPromoteTDB" time="0.111"/>
  <testcase name="journalThresholdSize_01" classname="org.apache.jena.tdb.transaction.TestTransControl" time="0.004"/>
  <testcase name="journalThresholdSize_02" classname="org.apache.jena.tdb.transaction.TestTransControl" time="0.006"/>
  <testcase name="journalThresholdSize_03" classname="org.apache.jena.tdb.transaction.TestTransControl" time="0.005"/>
  <testcase name="queueBatchSize_01" classname="org.apache.jena.tdb.transaction.TestTransControl" time="0.006"/>
  <testcase name="queueBatchSize_02" classname="org.apache.jena.tdb.transaction.TestTransControl" time="0.003"/>
  <testcase name="queueBatchSize_03" classname="org.apache.jena.tdb.transaction.TestTransControl" time="0.003"/>
  <testcase name="maxQueueThreshold_01" classname="org.apache.jena.tdb.transaction.TestTransControl" time="0.006"/>
  <testcase name="maxQueueThreshold_02" classname="org.apache.jena.tdb.transaction.TestTransControl" time="0.002"/>
  <testcase name="isolation_01" classname="org.apache.jena.tdb.transaction.TestTransIsolation" time="0.003"/>
</testsuite>