<?xml version="1.0" encoding="UTF-8"?>
<testsuite xmlns:xsi="http://www.w3.org/2001/XMLSchema-instance" xsi:schemaLocation="https://maven.apache.org/surefire/maven-surefire-plugin/xsd/surefire-test-report.xsd" name="org.apache.jena.tdb.graph.TS_Graph" time="2.338" tests="86" errors="0" skipped="4" failures="0">
  <properties>
    <property name="java.runtime.name" value="Java(TM) SE Runtime Environment"/>
    <property name="sun.boot.library.path" value="/usr/lib/jvm/java-8-oracle/jre/lib/amd64"/>
    <property name="java.vm.version" value="25.111-b14"/>
    <property name="java.vm.vendor" value="Oracle Corporation"/>
    <property name="java.vendor.url" value="http://java.oracle.com/"/>
    <property name="path.separator" value=":"/>
    <property name="guice.disable.misplaced.annotation.check" value="true"/>
    <property name="java.vm.name" value="Java HotSpot(TM) 64-Bit Server VM"/>
    <property name="file.encoding.pkg" value="sun.io"/>
    <property name="user.country" value="US"/>
    <property name="sun.java.launcher" value="SUN_STANDARD"/>
    <property name="sun.os.patch.level" value="unknown"/>
    <property name="java.vm.specification.name" value="Java Virtual Machine Specification"/>
    <property name="user.dir" value="/home/ubuntu/research/jena"/>
    <property name="java.runtime.version" value="1.8.0_111-b14"/>
    <property name="java.awt.graphicsenv" value="sun.awt.X11GraphicsEnvironment"/>
    <property name="java.endorsed.dirs" value="/usr/lib/jvm/java-8-oracle/jre/lib/endorsed"/>
    <property name="os.arch" value="amd64"/>
    <property name="java.io.tmpdir" value="/tmp"/>
    <property name="line.separator" value="&#10;"/>
    <property name="java.vm.specification.vendor" value="Oracle Corporation"/>
    <property name="os.name" value="Linux"/>
    <property name="classworlds.conf" value="/usr/share/maven/bin/m2.conf"/>
    <property name="sun.jnu.encoding" value="UTF-8"/>
    <property name="java.library.path" value="/usr/java/packages/lib/amd64:/usr/lib64:/lib64:/lib:/usr/lib"/>
    <property name="java.specification.name" value="Java Platform API Specification"/>
    <property name="java.class.version" value="52.0"/>
    <property name="sun.management.compiler" value="HotSpot 64-Bit Tiered Compilers"/>
    <property name="os.version" value="4.2.0-27-generic"/>
    <property name="user.home" value="/root"/>
    <property name="user.timezone" value="America/Los_Angeles"/>
    <property name="java.awt.printerjob" value="sun.print.PSPrinterJob"/>
    <property name="file.encoding" value="UTF-8"/>
    <property name="java.specification.version" value="1.8"/>
    <property name="user.name" value="root"/>
    <property name="java.class.path" value="/usr/share/maven/boot/plexus-classworlds-2.x.jar"/>
    <property name="java.vm.specification.version" value="1.8"/>
    <property name="sun.arch.data.model" value="64"/>
    <property name="java.home" value="/usr/lib/jvm/java-8-oracle/jre"/>
    <property name="sun.java.command" value="org.codehaus.plexus.classworlds.launcher.Launcher package"/>
    <property name="java.specification.vendor" value="Oracle Corporation"/>
    <property name="user.language" value="en"/>
    <property name="awt.toolkit" value="sun.awt.X11.XToolkit"/>
    <property name="java.vm.info" value="mixed mode"/>
    <property name="java.version" value="1.8.0_111"/>
    <property name="java.ext.dirs" value="/usr/lib/jvm/java-8-oracle/jre/lib/ext:/usr/java/packages/lib/ext"/>
    <property name="securerandom.source" value="file:/dev/./urandom"/>
    <property name="sun.boot.class.path" value="/usr/lib/jvm/java-8-oracle/jre/lib/resources.jar:/usr/lib/jvm/java-8-oracle/jre/lib/rt.jar:/usr/lib/jvm/java-8-oracle/jre/lib/sunrsasign.jar:/usr/lib/jvm/java-8-oracle/jre/lib/jsse.jar:/usr/lib/jvm/java-8-oracle/jre/lib/jce.jar:/usr/lib/jvm/java-8-oracle/jre/lib/charsets.jar:/usr/lib/jvm/java-8-oracle/jre/lib/jfr.jar:/usr/lib/jvm/java-8-oracle/jre/classes"/>
    <property name="java.vendor" value="Oracle Corporation"/>
    <property name="maven.home" value="/usr/share/maven"/>
    <property name="file.separator" value="/"/>
    <property name="java.vendor.url.bug" value="http://bugreport.sun.com/bugreport/"/>
    <property name="sun.cpu.endian" value="little"/>
    <property name="sun.io.unicode.encoding" value="UnicodeLittle"/>
    <property name="sun.desktop" value="gnome"/>
    <property name="sun.cpu.isalist" value=""/>
  </properties>
  <testcase name="persistent1" classname="org.apache.jena.tdb.graph.TestPrefixMappingTDB" time="1.105"/>
  <testcase name="persistent2" classname="org.apache.jena.tdb.graph.TestPrefixMappingTDB" time="0.036"/>
  <testcase name="persistent3" classname="org.apache.jena.tdb.graph.TestPrefixMappingTDB" time="0.115"/>
  <testcase name="multiple1" classname="org.apache.jena.tdb.graph.TestPrefixMappingTDB" time="0.004"/>
  <testcase name="multiple2" classname="org.apache.jena.tdb.graph.TestPrefixMappingTDB" time="0.003"/>
  <testcase name="prefix1" classname="org.apache.jena.tdb.graph.TestPrefixMappingTDB" time="0.001"/>
  <testcase name="prefix2" classname="org.apache.jena.tdb.graph.TestPrefixMappingTDB" time="0.001"/>
  <testcase name="prefix3" classname="org.apache.jena.tdb.graph.TestPrefixMappingTDB" time="0.001"/>
  <testcase name="prefix4" classname="org.apache.jena.tdb.graph.TestPrefixMappingTDB" time="0.002"/>
  <testcase name="prefix5" classname="org.apache.jena.tdb.graph.TestPrefixMappingTDB" time="0.002"/>
  <testcase name="prefix6" classname="org.apache.jena.tdb.graph.TestPrefixMappingTDB" time="0.002"/>
  <testcase name="prefix7" classname="org.apache.jena.tdb.graph.TestPrefixMappingTDB" time="0.003"/>
  <testcase name="prefix8" classname="org.apache.jena.tdb.graph.TestPrefixMappingTDB" time="0.002"/>
  <testcase name="graph_01" classname="org.apache.jena.tdb.graph.TestDatasetGraphTDB" time="0.002"/>
  <testcase name="deleteAny_01" classname="org.apache.jena.tdb.graph.TestDatasetGraphTDB" time="0.004"/>
  <testcase name="deleteAny_02" classname="org.apache.jena.tdb.graph.TestDatasetGraphTDB" time="0.013"/>
  <testcase name="find_01" classname="org.apache.jena.tdb.graph.TestDatasetGraphTDB" time="0.039"/>
  <testcase name="graph_00" classname="org.apache.jena.tdb.graph.TestDatasetGraphTDB" time="0.009"/>
  <testcase name="graph_02" classname="org.apache.jena.tdb.graph.TestDatasetGraphTDB" time="0.008"/>
  <testcase name="graph_03" classname="org.apache.jena.tdb.graph.TestDatasetGraphTDB" time="0.009"/>
  <testcase name="quad_01" classname="org.apache.jena.tdb.graph.TestDatasetGraphTDB" time="0.01"/>
  <testcase name="quad_02" classname="org.apache.jena.tdb.graph.TestDatasetGraphTDB" time="0.002"/>
  <testcase name="quad_03" classname="org.apache.jena.tdb.graph.TestDatasetGraphTDB" time="0.007"/>
  <testcase name="quad_04" classname="org.apache.jena.tdb.graph.TestDatasetGraphTDB" time="0.006"/>
  <testcase name="quad_05" classname="org.apache.jena.tdb.graph.TestDatasetGraphTDB" time="0.007"/>
  <testcase name="clear_01" classname="org.apache.jena.tdb.graph.TestDatasetGraphTDB" time="0.009"/>
  <testcase name="create_1" classname="org.apache.jena.tdb.graph.TestDatasetGraphTDB" time="0.002"/>
  <testcase name="graph_count5" classname="org.apache.jena.tdb.graph.TestGraphsTDB1" time="0">
    <skipped/>
  </testcase>
  <testcase name="graph_count6" classname="org.apache.jena.tdb.graph.TestGraphsTDB1" time="0">
    <skipped/>
  </testcase>
  <testcase name="graph_api1" classname="org.apache.jena.tdb.graph.TestGraphsTDB1" time="0.012"/>
  <testcase name="graph_api2" classname="org.apache.jena.tdb.graph.TestGraphsTDB1" time="0.018"/>
  <testcase name="graph_api3" classname="org.apache.jena.tdb.graph.TestGraphsTDB1" time="0.004"/>
  <testcase name="graph_api4" classname="org.apache.jena.tdb.graph.TestGraphsTDB1" time="0.025"/>
  <testcase name="graph_api5" classname="org.apache.jena.tdb.graph.TestGraphsTDB1" time="0.013"/>
  <testcase name="graph_api6" classname="org.apache.jena.tdb.graph.TestGraphsTDB1" time="0.005"/>
  <testcase name="graph1" classname="org.apache.jena.tdb.graph.TestGraphsTDB1" time="0.249"/>
  <testcase name="graph2" classname="org.apache.jena.tdb.graph.TestGraphsTDB1" time="0.005"/>
  <testcase name="graph3" classname="org.apache.jena.tdb.graph.TestGraphsTDB1" time="0.005"/>
  <testcase name="graph4" classname="org.apache.jena.tdb.graph.TestGraphsTDB1" time="0.012"/>
  <testcase name="graph5" classname="org.apache.jena.tdb.graph.TestGraphsTDB1" time="0.005"/>
  <testcase name="graph6" classname="org.apache.jena.tdb.graph.TestGraphsTDB1" time="0.007"/>
  <testcase name="graph_count1" classname="org.apache.jena.tdb.graph.TestGraphsTDB1" time="0.01"/>
  <testcase name="graph_count2" classname="org.apache.jena.tdb.graph.TestGraphsTDB1" time="0.007"/>
  <testcase name="graph_count3" classname="org.apache.jena.tdb.graph.TestGraphsTDB1" time="0.003"/>
  <testcase name="graph_count4" classname="org.apache.jena.tdb.graph.TestGraphsTDB1" time="0.005"/>
  <testcase name="graph_count7" classname="org.apache.jena.tdb.graph.TestGraphsTDB1" time="0.004"/>
  <testcase name="graph_count5" classname="org.apache.jena.tdb.graph.TestGraphsTDB2" time="0">
    <skipped/>
  </testcase>
  <testcase name="graph_count6" classname="org.apache.jena.tdb.graph.TestGraphsTDB2" time="0">
    <skipped/>
  </testcase>
  <testcase name="graph_api1" classname="org.apache.jena.tdb.graph.TestGraphsTDB2" time="0.018"/>
  <testcase name="graph_api2" classname="org.apache.jena.tdb.graph.TestGraphsTDB2" time="0.019"/>
  <testcase name="graph_api3" classname="org.apache.jena.tdb.graph.TestGraphsTDB2" time="0.01"/>
  <testcase name="graph_api4" classname="org.apache.jena.tdb.graph.TestGraphsTDB2" time="0.014"/>
  <testcase name="graph_api5" classname="org.apache.jena.tdb.graph.TestGraphsTDB2" time="0.005"/>
  <testcase name="graph_api6" classname="org.apache.jena.tdb.graph.TestGraphsTDB2" time="0.009"/>
  <testcase name="graph1" classname="org.apache.jena.tdb.graph.TestGraphsTDB2" time="0.005"/>
  <testcase name="graph2" classname="org.apache.jena.tdb.graph.TestGraphsTDB2" time="0.013"/>
  <testcase name="graph3" classname="org.apache.jena.tdb.graph.TestGraphsTDB2" time="0.008"/>
  <testcase name="graph4" classname="org.apache.jena.tdb.graph.TestGraphsTDB2" time="0.008"/>
  <testcase name="graph5" classname="org.apache.jena.tdb.graph.TestGraphsTDB2" time="0.006"/>
  <testcase name="graph6" classname="org.apache.jena.tdb.graph.TestGraphsTDB2" time="0.007"/>
  <testcase name="graph_count1" classname="org.apache.jena.tdb.graph.TestGraphsTDB2" time="0.007"/>
  <testcase name="graph_count2" classname="org.apache.jena.tdb.graph.TestGraphsTDB2" time="0.013"/>
  <testcase name="graph_count3" classname="org.apache.jena.tdb.graph.TestGraphsTDB2" time="0.008"/>
  <testcase name="graph_count4" classname="org.apache.jena.tdb.graph.TestGraphsTDB2" time="0.007"/>
  <testcase name="graph_count7" classname="org.apache.jena.tdb.graph.TestGraphsTDB2" time="0.002"/>
  <testcase name="get_01" classname="org.apache.jena.tdb.graph.TestDatasetGraphAccessorTDB" time="0.003"/>
  <testcase name="get_02" classname="org.apache.jena.tdb.graph.TestDatasetGraphAccessorTDB" time="0.007"/>
  <testcase name="put_01" classname="org.apache.jena.tdb.graph.TestDatasetGraphAccessorTDB" time="0.007"/>
  <testcase name="put_02" classname="org.apache.jena.tdb.graph.TestDatasetGraphAccessorTDB" time="0.013"/>
  <testcase name="post_01" classname="org.apache.jena.tdb.graph.TestDatasetGraphAccessorTDB" time="0.023"/>
  <testcase name="post_02" classname="org.apache.jena.tdb.graph.TestDatasetGraphAccessorTDB" time="0.002"/>
  <testcase name="delete_01" classname="org.apache.jena.tdb.graph.TestDatasetGraphAccessorTDB" time="0.002"/>
  <testcase name="delete_02" classname="org.apache.jena.tdb.graph.TestDatasetGraphAccessorTDB" time="0.005"/>
  <testcase name="graphDSG_view_union_1" classname="org.apache.jena.tdb.graph.TestGraphOverDatasetTDB" time="0.002"/>
  <testcase name="graphDGS_update_1" classname="org.apache.jena.tdb.graph.TestGraphOverDatasetTDB" time="0.005"/>
  <testcase name="graphDGS_update_2" classname="org.apache.jena.tdb.graph.TestGraphOverDatasetTDB" time="0.001"/>
  <testcase name="graphDSG_contains_1" classname="org.apache.jena.tdb.graph.TestGraphOverDatasetTDB" time="0.002"/>
  <testcase name="graphDSG_contains_2" classname="org.apache.jena.tdb.graph.TestGraphOverDatasetTDB" time="0.002"/>
  <testcase name="graphDSG_view_1" classname="org.apache.jena.tdb.graph.TestGraphOverDatasetTDB" time="0.002"/>
  <testcase name="graphDSG_view_2" classname="org.apache.jena.tdb.graph.TestGraphOverDatasetTDB" time="0.004"/>
  <testcase name="graphDSG_view_3" classname="org.apache.jena.tdb.graph.TestGraphOverDatasetTDB" time="0.004"/>
  <testcase name="graphDSG_view_4" classname="org.apache.jena.tdb.graph.TestGraphOverDatasetTDB" time="0.002"/>
  <testcase name="graphDSG_prefixes_1" classname="org.apache.jena.tdb.graph.TestGraphOverDatasetTDB" time="0.001"/>
  <testcase name="graphDSG_prefixes_2" classname="org.apache.jena.tdb.graph.TestGraphOverDatasetTDB" time="0.001"/>
  <testcase name="graphDSG_prefixes_3" classname="org.apache.jena.tdb.graph.TestGraphOverDatasetTDB" time="0.012"/>
  <testcase name="graphDSG_prefixes_4" classname="org.apache.jena.tdb.graph.TestGraphOverDatasetTDB" time="0.001"/>
</testsuite>