<?xml version="1.0" encoding="UTF-8"?>
<testsuite xmlns:xsi="http://www.w3.org/2001/XMLSchema-instance" xsi:schemaLocation="https://maven.apache.org/surefire/maven-surefire-plugin/xsd/surefire-test-report.xsd" name="org.apache.jena.query.spatial.TS_Spatial" time="5.64" tests="53" errors="0" skipped="0" failures="0">
  <properties>
    <property name="java.runtime.name" value="Java(TM) SE Runtime Environment"/>
    <property name="sun.boot.library.path" value="/usr/lib/jvm/java-8-oracle/jre/lib/amd64"/>
    <property name="java.vm.version" value="25.111-b14"/>
    <property name="java.vm.vendor" value="Oracle Corporation"/>
    <property name="java.vendor.url" value="http://java.oracle.com/"/>
    <property name="path.separator" value=":"/>
    <property name="guice.disable.misplaced.annotation.check" value="true"/>
    <property name="java.vm.name" value="Java HotSpot(TM) 64-Bit Server VM"/>
    <property name="file.encoding.pkg" value="sun.io"/>
    <property name="user.country" value="US"/>
    <property name="sun.java.launcher" value="SUN_STANDARD"/>
    <property name="sun.os.patch.level" value="unknown"/>
    <property name="java.vm.specification.name" value="Java Virtual Machine Specification"/>
    <property name="user.dir" value="/home/ubuntu/research/jena"/>
    <property name="java.runtime.version" value="1.8.0_111-b14"/>
    <property name="java.awt.graphicsenv" value="sun.awt.X11GraphicsEnvironment"/>
    <property name="java.endorsed.dirs" value="/usr/lib/jvm/java-8-oracle/jre/lib/endorsed"/>
    <property name="os.arch" value="amd64"/>
    <property name="java.io.tmpdir" value="/tmp"/>
    <property name="line.separator" value="&#10;"/>
    <property name="java.vm.specification.vendor" value="Oracle Corporation"/>
    <property name="os.name" value="Linux"/>
    <property name="classworlds.conf" value="/usr/share/maven/bin/m2.conf"/>
    <property name="sun.jnu.encoding" value="UTF-8"/>
    <property name="java.library.path" value="/usr/java/packages/lib/amd64:/usr/lib64:/lib64:/lib:/usr/lib"/>
    <property name="java.specification.name" value="Java Platform API Specification"/>
    <property name="java.class.version" value="52.0"/>
    <property name="sun.management.compiler" value="HotSpot 64-Bit Tiered Compilers"/>
    <property name="os.version" value="4.2.0-27-generic"/>
    <property name="user.home" value="/root"/>
    <property name="user.timezone" value="America/Los_Angeles"/>
    <property name="java.awt.printerjob" value="sun.print.PSPrinterJob"/>
    <property name="file.encoding" value="UTF-8"/>
    <property name="java.specification.version" value="1.8"/>
    <property name="user.name" value="root"/>
    <property name="java.class.path" value="/usr/share/maven/boot/plexus-classworlds-2.x.jar"/>
    <property name="java.vm.specification.version" value="1.8"/>
    <property name="sun.arch.data.model" value="64"/>
    <property name="java.home" value="/usr/lib/jvm/java-8-oracle/jre"/>
    <property name="sun.java.command" value="org.codehaus.plexus.classworlds.launcher.Launcher package"/>
    <property name="java.specification.vendor" value="Oracle Corporation"/>
    <property name="user.language" value="en"/>
    <property name="awt.toolkit" value="sun.awt.X11.XToolkit"/>
    <property name="java.vm.info" value="mixed mode"/>
    <property name="java.version" value="1.8.0_111"/>
    <property name="java.ext.dirs" value="/usr/lib/jvm/java-8-oracle/jre/lib/ext:/usr/java/packages/lib/ext"/>
    <property name="securerandom.source" value="file:/dev/./urandom"/>
    <property name="sun.boot.class.path" value="/usr/lib/jvm/java-8-oracle/jre/lib/resources.jar:/usr/lib/jvm/java-8-oracle/jre/lib/rt.jar:/usr/lib/jvm/java-8-oracle/jre/lib/sunrsasign.jar:/usr/lib/jvm/java-8-oracle/jre/lib/jsse.jar:/usr/lib/jvm/java-8-oracle/jre/lib/jce.jar:/usr/lib/jvm/java-8-oracle/jre/lib/charsets.jar:/usr/lib/jvm/java-8-oracle/jre/lib/jfr.jar:/usr/lib/jvm/java-8-oracle/jre/classes"/>
    <property name="java.vendor" value="Oracle Corporation"/>
    <property name="maven.home" value="/usr/share/maven"/>
    <property name="file.separator" value="/"/>
    <property name="java.vendor.url.bug" value="http://bugreport.sun.com/bugreport/"/>
    <property name="sun.cpu.endian" value="little"/>
    <property name="sun.io.unicode.encoding" value="UnicodeLittle"/>
    <property name="sun.desktop" value="gnome"/>
    <property name="sun.cpu.isalist" value=""/>
  </properties>
  <testcase name="testArgumentListSize" classname="org.apache.jena.query.spatial.pfunction.lucene.TestIsWithinCirclePFWithLuceneSpatialIndex" time="2.103"/>
  <testcase name="testMultipleResults" classname="org.apache.jena.query.spatial.pfunction.lucene.TestIsWithinCirclePFWithLuceneSpatialIndex" time="0.113"/>
  <testcase name="testOneSimpleResult" classname="org.apache.jena.query.spatial.pfunction.lucene.TestIsWithinCirclePFWithLuceneSpatialIndex" time="0.054"/>
  <testcase name="testLatLongBound" classname="org.apache.jena.query.spatial.pfunction.lucene.TestIsWithinCirclePFWithLuceneSpatialIndex" time="0.069"/>
  <testcase name="testSearchLimitsResults" classname="org.apache.jena.query.spatial.pfunction.lucene.TestIsWithinCirclePFWithLuceneSpatialIndex" time="0.158"/>
  <testcase name="testDistanceUnits" classname="org.apache.jena.query.spatial.pfunction.lucene.TestIsWithinCirclePFWithLuceneSpatialIndex" time="0.37"/>
  <testcase name="testArgumentListSize" classname="org.apache.jena.query.spatial.pfunction.lucene.TestIsNearByPFWithLuceneSpatialIndex" time="0.043"/>
  <testcase name="testMultipleResults" classname="org.apache.jena.query.spatial.pfunction.lucene.TestIsNearByPFWithLuceneSpatialIndex" time="0.036"/>
  <testcase name="testOneSimpleResult" classname="org.apache.jena.query.spatial.pfunction.lucene.TestIsNearByPFWithLuceneSpatialIndex" time="0.035"/>
  <testcase name="testLatLongBound" classname="org.apache.jena.query.spatial.pfunction.lucene.TestIsNearByPFWithLuceneSpatialIndex" time="0.035"/>
  <testcase name="testSearchLimitsResults" classname="org.apache.jena.query.spatial.pfunction.lucene.TestIsNearByPFWithLuceneSpatialIndex" time="0.085"/>
  <testcase name="testDistanceUnits" classname="org.apache.jena.query.spatial.pfunction.lucene.TestIsNearByPFWithLuceneSpatialIndex" time="0.225"/>
  <testcase name="testArgumentListSize" classname="org.apache.jena.query.spatial.pfunction.lucene.TestIsWithinBoxPFWithLuceneSpatialIndex" time="0.028"/>
  <testcase name="testMultipleResults" classname="org.apache.jena.query.spatial.pfunction.lucene.TestIsWithinBoxPFWithLuceneSpatialIndex" time="0.033"/>
  <testcase name="testOneSimpleResult" classname="org.apache.jena.query.spatial.pfunction.lucene.TestIsWithinBoxPFWithLuceneSpatialIndex" time="0.033"/>
  <testcase name="testSearchLimitsResults" classname="org.apache.jena.query.spatial.pfunction.lucene.TestIsWithinBoxPFWithLuceneSpatialIndex" time="0.063"/>
  <testcase name="testArgumentListSize" classname="org.apache.jena.query.spatial.pfunction.lucene.TestIntersectsBoxPFWithLuceneSpatialIndex" time="0.031"/>
  <testcase name="testMultipleResults" classname="org.apache.jena.query.spatial.pfunction.lucene.TestIntersectsBoxPFWithLuceneSpatialIndex" time="0.037"/>
  <testcase name="testOneSimpleResult" classname="org.apache.jena.query.spatial.pfunction.lucene.TestIntersectsBoxPFWithLuceneSpatialIndex" time="0.028"/>
  <testcase name="testSearchLimitsResults" classname="org.apache.jena.query.spatial.pfunction.lucene.TestIntersectsBoxPFWithLuceneSpatialIndex" time="0.063"/>
  <testcase name="testArgumentListSize" classname="org.apache.jena.query.spatial.pfunction.lucene.TestNorthPFWithLuceneSpatialIndex" time="0.034"/>
  <testcase name="testMultipleResults" classname="org.apache.jena.query.spatial.pfunction.lucene.TestNorthPFWithLuceneSpatialIndex" time="0.029"/>
  <testcase name="testOneSimpleResult" classname="org.apache.jena.query.spatial.pfunction.lucene.TestNorthPFWithLuceneSpatialIndex" time="0.028"/>
  <testcase name="testSearchLimitsResults" classname="org.apache.jena.query.spatial.pfunction.lucene.TestNorthPFWithLuceneSpatialIndex" time="0.06"/>
  <testcase name="testArgumentListSize" classname="org.apache.jena.query.spatial.pfunction.lucene.TestSouthPFWithLuceneSpatialIndex" time="0.025"/>
  <testcase name="testMultipleResults" classname="org.apache.jena.query.spatial.pfunction.lucene.TestSouthPFWithLuceneSpatialIndex" time="0.031"/>
  <testcase name="testOneSimpleResult" classname="org.apache.jena.query.spatial.pfunction.lucene.TestSouthPFWithLuceneSpatialIndex" time="0.022"/>
  <testcase name="testSearchLimitsResults" classname="org.apache.jena.query.spatial.pfunction.lucene.TestSouthPFWithLuceneSpatialIndex" time="0.057"/>
  <testcase name="testArgumentListSize" classname="org.apache.jena.query.spatial.pfunction.lucene.TestEastPFWithLuceneSpatialIndex" time="0.028"/>
  <testcase name="testMultipleResults" classname="org.apache.jena.query.spatial.pfunction.lucene.TestEastPFWithLuceneSpatialIndex" time="0.027"/>
  <testcase name="testOneSimpleResult" classname="org.apache.jena.query.spatial.pfunction.lucene.TestEastPFWithLuceneSpatialIndex" time="0.019"/>
  <testcase name="testSearchLimitsResults" classname="org.apache.jena.query.spatial.pfunction.lucene.TestEastPFWithLuceneSpatialIndex" time="0.059"/>
  <testcase name="testArgumentListSize" classname="org.apache.jena.query.spatial.pfunction.lucene.TestWestPFWithLuceneSpatialIndex" time="0.028"/>
  <testcase name="testMultipleResults" classname="org.apache.jena.query.spatial.pfunction.lucene.TestWestPFWithLuceneSpatialIndex" time="0.027"/>
  <testcase name="testOneSimpleResult" classname="org.apache.jena.query.spatial.pfunction.lucene.TestWestPFWithLuceneSpatialIndex" time="0.017"/>
  <testcase name="testSearchLimitsResults" classname="org.apache.jena.query.spatial.pfunction.lucene.TestWestPFWithLuceneSpatialIndex" time="0.084"/>
  <testcase name="testMultipleResults" classname="org.apache.jena.query.spatial.TestTDBDatasetWithLuceneSpatialIndex" time="0.328"/>
  <testcase name="testOneSimpleResult" classname="org.apache.jena.query.spatial.TestTDBDatasetWithLuceneSpatialIndex" time="0.051"/>
  <testcase name="testIndexingStringLiteral" classname="org.apache.jena.query.spatial.TestIndexingSpatialDataWithLucene" time="0.039"/>
  <testcase name="testIndexingWKTLiteral" classname="org.apache.jena.query.spatial.TestIndexingSpatialDataWithLucene" time="0.041"/>
  <testcase name="EntityHasSpatialContextFactory" classname="org.apache.jena.query.spatial.assembler.TestEntityDefinitionAssembler" time="0.035"/>
  <testcase name="EntityHasEntityField" classname="org.apache.jena.query.spatial.assembler.TestEntityDefinitionAssembler" time="0.014"/>
  <testcase name="errorOnNoGeoField" classname="org.apache.jena.query.spatial.assembler.TestEntityDefinitionAssembler" time="0.001"/>
  <testcase name="EntityHasPair" classname="org.apache.jena.query.spatial.assembler.TestEntityDefinitionAssembler" time="0.02"/>
  <testcase name="EntityHasMultiplePairsAndWKTs" classname="org.apache.jena.query.spatial.assembler.TestEntityDefinitionAssembler" time="0.025"/>
  <testcase name="EntityHasWKT" classname="org.apache.jena.query.spatial.assembler.TestEntityDefinitionAssembler" time="0.017"/>
  <testcase name="EntityHasGeoield" classname="org.apache.jena.query.spatial.assembler.TestEntityDefinitionAssembler" time="0.013"/>
  <testcase name="errorOnNoEntityField" classname="org.apache.jena.query.spatial.assembler.TestEntityDefinitionAssembler" time="0.005"/>
  <testcase name="testErrorOnNoDataset" classname="org.apache.jena.query.spatial.assembler.TestSpatialDatasetAssembler" time="0.394"/>
  <testcase name="testErrorOnNoIndex" classname="org.apache.jena.query.spatial.assembler.TestSpatialDatasetAssembler" time="0.022"/>
  <testcase name="testSimpleDatasetAssembler" classname="org.apache.jena.query.spatial.assembler.TestSpatialDatasetAssembler" time="0.037"/>
  <testcase name="testIndexHasEntityMap" classname="org.apache.jena.query.spatial.assembler.TestSpatialIndexLuceneAssembler" time="0.031"/>
  <testcase name="testEqualsAndHashcode" classname="org.apache.jena.query.spatial.TestSpatialPredicatePairValue" time="0.001"/>
</testsuite>