<?xml version="1.0" encoding="UTF-8"?>
<testsuite xmlns:xsi="http://www.w3.org/2001/XMLSchema-instance" xsi:schemaLocation="https://maven.apache.org/surefire/maven-surefire-plugin/xsd/surefire-test-report.xsd" name="org.apache.jena.permissions.model.SecuredLiteralTest" time="0.233" tests="704" errors="0" skipped="0" failures="0">
  <properties>
    <property name="java.runtime.name" value="Java(TM) SE Runtime Environment"/>
    <property name="sun.boot.library.path" value="/usr/lib/jvm/java-8-oracle/jre/lib/amd64"/>
    <property name="java.vm.version" value="25.111-b14"/>
    <property name="java.vm.vendor" value="Oracle Corporation"/>
    <property name="java.vendor.url" value="http://java.oracle.com/"/>
    <property name="path.separator" value=":"/>
    <property name="guice.disable.misplaced.annotation.check" value="true"/>
    <property name="java.vm.name" value="Java HotSpot(TM) 64-Bit Server VM"/>
    <property name="file.encoding.pkg" value="sun.io"/>
    <property name="user.country" value="US"/>
    <property name="sun.java.launcher" value="SUN_STANDARD"/>
    <property name="sun.os.patch.level" value="unknown"/>
    <property name="java.vm.specification.name" value="Java Virtual Machine Specification"/>
    <property name="user.dir" value="/home/ubuntu/research/jena"/>
    <property name="java.runtime.version" value="1.8.0_111-b14"/>
    <property name="java.awt.graphicsenv" value="sun.awt.X11GraphicsEnvironment"/>
    <property name="java.endorsed.dirs" value="/usr/lib/jvm/java-8-oracle/jre/lib/endorsed"/>
    <property name="os.arch" value="amd64"/>
    <property name="java.io.tmpdir" value="/tmp"/>
    <property name="line.separator" value="&#10;"/>
    <property name="java.vm.specification.vendor" value="Oracle Corporation"/>
    <property name="os.name" value="Linux"/>
    <property name="classworlds.conf" value="/usr/share/maven/bin/m2.conf"/>
    <property name="sun.jnu.encoding" value="UTF-8"/>
    <property name="java.library.path" value="/usr/java/packages/lib/amd64:/usr/lib64:/lib64:/lib:/usr/lib"/>
    <property name="java.specification.name" value="Java Platform API Specification"/>
    <property name="java.class.version" value="52.0"/>
    <property name="sun.management.compiler" value="HotSpot 64-Bit Tiered Compilers"/>
    <property name="os.version" value="4.2.0-27-generic"/>
    <property name="user.home" value="/root"/>
    <property name="user.timezone" value="America/Los_Angeles"/>
    <property name="java.awt.printerjob" value="sun.print.PSPrinterJob"/>
    <property name="file.encoding" value="UTF-8"/>
    <property name="java.specification.version" value="1.8"/>
    <property name="user.name" value="root"/>
    <property name="java.class.path" value="/usr/share/maven/boot/plexus-classworlds-2.x.jar"/>
    <property name="java.vm.specification.version" value="1.8"/>
    <property name="sun.arch.data.model" value="64"/>
    <property name="java.home" value="/usr/lib/jvm/java-8-oracle/jre"/>
    <property name="sun.java.command" value="org.codehaus.plexus.classworlds.launcher.Launcher package"/>
    <property name="java.specification.vendor" value="Oracle Corporation"/>
    <property name="user.language" value="en"/>
    <property name="awt.toolkit" value="sun.awt.X11.XToolkit"/>
    <property name="java.vm.info" value="mixed mode"/>
    <property name="java.version" value="1.8.0_111"/>
    <property name="java.ext.dirs" value="/usr/lib/jvm/java-8-oracle/jre/lib/ext:/usr/java/packages/lib/ext"/>
    <property name="securerandom.source" value="file:/dev/./urandom"/>
    <property name="sun.boot.class.path" value="/usr/lib/jvm/java-8-oracle/jre/lib/resources.jar:/usr/lib/jvm/java-8-oracle/jre/lib/rt.jar:/usr/lib/jvm/java-8-oracle/jre/lib/sunrsasign.jar:/usr/lib/jvm/java-8-oracle/jre/lib/jsse.jar:/usr/lib/jvm/java-8-oracle/jre/lib/jce.jar:/usr/lib/jvm/java-8-oracle/jre/lib/charsets.jar:/usr/lib/jvm/java-8-oracle/jre/lib/jfr.jar:/usr/lib/jvm/java-8-oracle/jre/classes"/>
    <property name="java.vendor" value="Oracle Corporation"/>
    <property name="maven.home" value="/usr/share/maven"/>
    <property name="file.separator" value="/"/>
    <property name="java.vendor.url.bug" value="http://bugreport.sun.com/bugreport/"/>
    <property name="sun.cpu.endian" value="little"/>
    <property name="sun.io.unicode.encoding" value="UnicodeLittle"/>
    <property name="sun.desktop" value="gnome"/>
    <property name="sun.cpu.isalist" value=""/>
  </properties>
  <testcase name="testGetFloat[C:true R:true U:true D:true force:true]" classname="org.apache.jena.permissions.model.SecuredLiteralTest" time="0.005"/>
  <testcase name="testGetShort[C:true R:true U:true D:true force:true]" classname="org.apache.jena.permissions.model.SecuredLiteralTest" time="0.001"/>
  <testcase name="testGetValue[C:true R:true U:true D:true force:true]" classname="org.apache.jena.permissions.model.SecuredLiteralTest" time="0"/>
  <testcase name="testGetDatatypeURI[C:true R:true U:true D:true force:true]" classname="org.apache.jena.permissions.model.SecuredLiteralTest" time="0.001"/>
  <testcase name="testGetDatatype[C:true R:true U:true D:true force:true]" classname="org.apache.jena.permissions.model.SecuredLiteralTest" time="0"/>
  <testcase name="testGetByte[C:true R:true U:true D:true force:true]" classname="org.apache.jena.permissions.model.SecuredLiteralTest" time="0.003"/>
  <testcase name="testGetChar[C:true R:true U:true D:true force:true]" classname="org.apache.jena.permissions.model.SecuredLiteralTest" time="0"/>
  <testcase name="testGetLong[C:true R:true U:true D:true force:true]" classname="org.apache.jena.permissions.model.SecuredLiteralTest" time="0.001"/>
  <testcase name="testAsResource[C:true R:true U:true D:true force:true]" classname="org.apache.jena.permissions.model.SecuredLiteralTest" time="0"/>
  <testcase name="testGetLanguage[C:true R:true U:true D:true force:true]" classname="org.apache.jena.permissions.model.SecuredLiteralTest" time="0"/>
  <testcase name="testGetLexicalForm[C:true R:true U:true D:true force:true]" classname="org.apache.jena.permissions.model.SecuredLiteralTest" time="0"/>
  <testcase name="sameValueAs[C:true R:true U:true D:true force:true]" classname="org.apache.jena.permissions.model.SecuredLiteralTest" time="0"/>
  <testcase name="testGetBoolean[C:true R:true U:true D:true force:true]" classname="org.apache.jena.permissions.model.SecuredLiteralTest" time="0"/>
  <testcase name="testIsWellFormedXML[C:true R:true U:true D:true force:true]" classname="org.apache.jena.permissions.model.SecuredLiteralTest" time="0"/>
  <testcase name="testGetDouble[C:true R:true U:true D:true force:true]" classname="org.apache.jena.permissions.model.SecuredLiteralTest" time="0"/>
  <testcase name="testGetInt[C:true R:true U:true D:true force:true]" classname="org.apache.jena.permissions.model.SecuredLiteralTest" time="0"/>
  <testcase name="testGetString[C:true R:true U:true D:true force:true]" classname="org.apache.jena.permissions.model.SecuredLiteralTest" time="0.001"/>
  <testcase name="testAsLiteral[C:true R:true U:true D:true force:true]" classname="org.apache.jena.permissions.model.SecuredLiteralTest" time="0"/>
  <testcase name="testGetModel[C:true R:true U:true D:true force:true]" classname="org.apache.jena.permissions.model.SecuredLiteralTest" time="0"/>
  <testcase name="testCanAs[C:true R:true U:true D:true force:true]" classname="org.apache.jena.permissions.model.SecuredLiteralTest" time="0.001"/>
  <testcase name="testAsNode[C:true R:true U:true D:true force:true]" classname="org.apache.jena.permissions.model.SecuredLiteralTest" time="0"/>
  <testcase name="testInModel[C:true R:true U:true D:true force:true]" classname="org.apache.jena.permissions.model.SecuredLiteralTest" time="0"/>
  <testcase name="testGetFloat[C:true R:true U:true D:true force:false]" classname="org.apache.jena.permissions.model.SecuredLiteralTest" time="0.001"/>
  <testcase name="testGetShort[C:true R:true U:true D:true force:false]" classname="org.apache.jena.permissions.model.SecuredLiteralTest" time="0"/>
  <testcase name="testGetValue[C:true R:true U:true D:true force:false]" classname="org.apache.jena.permissions.model.SecuredLiteralTest" time="0"/>
  <testcase name="testGetDatatypeURI[C:true R:true U:true D:true force:false]" classname="org.apache.jena.permissions.model.SecuredLiteralTest" time="0.001"/>
  <testcase name="testGetDatatype[C:true R:true U:true D:true force:false]" classname="org.apache.jena.permissions.model.SecuredLiteralTest" time="0.002"/>
  <testcase name="testGetByte[C:true R:true U:true D:true force:false]" classname="org.apache.jena.permissions.model.SecuredLiteralTest" time="0"/>
  <testcase name="testGetChar[C:true R:true U:true D:true force:false]" classname="org.apache.jena.permissions.model.SecuredLiteralTest" time="0"/>
  <testcase name="testGetLong[C:true R:true U:true D:true force:false]" classname="org.apache.jena.permissions.model.SecuredLiteralTest" time="0.001"/>
  <testcase name="testAsResource[C:true R:true U:true D:true force:false]" classname="org.apache.jena.permissions.model.SecuredLiteralTest" time="0"/>
  <testcase name="testGetLanguage[C:true R:true U:true D:true force:false]" classname="org.apache.jena.permissions.model.SecuredLiteralTest" time="0"/>
  <testcase name="testGetLexicalForm[C:true R:true U:true D:true force:false]" classname="org.apache.jena.permissions.model.SecuredLiteralTest" time="0"/>
  <testcase name="sameValueAs[C:true R:true U:true D:true force:false]" classname="org.apache.jena.permissions.model.SecuredLiteralTest" time="0"/>
  <testcase name="testGetBoolean[C:true R:true U:true D:true force:false]" classname="org.apache.jena.permissions.model.SecuredLiteralTest" time="0"/>
  <testcase name="testIsWellFormedXML[C:true R:true U:true D:true force:false]" classname="org.apache.jena.permissions.model.SecuredLiteralTest" time="0"/>
  <testcase name="testGetDouble[C:true R:true U:true D:true force:false]" classname="org.apache.jena.permissions.model.SecuredLiteralTest" time="0"/>
  <testcase name="testGetInt[C:true R:true U:true D:true force:false]" classname="org.apache.jena.permissions.model.SecuredLiteralTest" time="0.001"/>
  <testcase name="testGetString[C:true R:true U:true D:true force:false]" classname="org.apache.jena.permissions.model.SecuredLiteralTest" time="0"/>
  <testcase name="testAsLiteral[C:true R:true U:true D:true force:false]" classname="org.apache.jena.permissions.model.SecuredLiteralTest" time="0"/>
  <testcase name="testGetModel[C:true R:true U:true D:true force:false]" classname="org.apache.jena.permissions.model.SecuredLiteralTest" time="0"/>
  <testcase name="testCanAs[C:true R:true U:true D:true force:false]" classname="org.apache.jena.permissions.model.SecuredLiteralTest" time="0"/>
  <testcase name="testAsNode[C:true R:true U:true D:true force:false]" classname="org.apache.jena.permissions.model.SecuredLiteralTest" time="0"/>
  <testcase name="testInModel[C:true R:true U:true D:true force:false]" classname="org.apache.jena.permissions.model.SecuredLiteralTest" time="0"/>
  <testcase name="testGetFloat[C:true R:true U:true D:false force:true]" classname="org.apache.jena.permissions.model.SecuredLiteralTest" time="0"/>
  <testcase name="testGetShort[C:true R:true U:true D:false force:true]" classname="org.apache.jena.permissions.model.SecuredLiteralTest" time="0"/>
  <testcase name="testGetValue[C:true R:true U:true D:false force:true]" classname="org.apache.jena.permissions.model.SecuredLiteralTest" time="0"/>
  <testcase name="testGetDatatypeURI[C:true R:true U:true D:false force:true]" classname="org.apache.jena.permissions.model.SecuredLiteralTest" time="0"/>
  <testcase name="testGetDatatype[C:true R:true U:true D:false force:true]" classname="org.apache.jena.permissions.model.SecuredLiteralTest" time="0"/>
  <testcase name="testGetByte[C:true R:true U:true D:false force:true]" classname="org.apache.jena.permissions.model.SecuredLiteralTest" time="0"/>
  <testcase name="testGetChar[C:true R:true U:true D:false force:true]" classname="org.apache.jena.permissions.model.SecuredLiteralTest" time="0"/>
  <testcase name="testGetLong[C:true R:true U:true D:false force:true]" classname="org.apache.jena.permissions.model.SecuredLiteralTest" time="0.001"/>
  <testcase name="testAsResource[C:true R:true U:true D:false force:true]" classname="org.apache.jena.permissions.model.SecuredLiteralTest" time="0"/>
  <testcase name="testGetLanguage[C:true R:true U:true D:false force:true]" classname="org.apache.jena.permissions.model.SecuredLiteralTest" time="0"/>
  <testcase name="testGetLexicalForm[C:true R:true U:true D:false force:true]" classname="org.apache.jena.permissions.model.SecuredLiteralTest" time="0"/>
  <testcase name="sameValueAs[C:true R:true U:true D:false force:true]" classname="org.apache.jena.permissions.model.SecuredLiteralTest" time="0"/>
  <testcase name="testGetBoolean[C:true R:true U:true D:false force:true]" classname="org.apache.jena.permissions.model.SecuredLiteralTest" time="0"/>
  <testcase name="testIsWellFormedXML[C:true R:true U:true D:false force:true]" classname="org.apache.jena.permissions.model.SecuredLiteralTest" time="0.001"/>
  <testcase name="testGetDouble[C:true R:true U:true D:false force:true]" classname="org.apache.jena.permissions.model.SecuredLiteralTest" time="0"/>
  <testcase name="testGetInt[C:true R:true U:true D:false force:true]" classname="org.apache.jena.permissions.model.SecuredLiteralTest" time="0"/>
  <testcase name="testGetString[C:true R:true U:true D:false force:true]" classname="org.apache.jena.permissions.model.SecuredLiteralTest" time="0"/>
  <testcase name="testAsLiteral[C:true R:true U:true D:false force:true]" classname="org.apache.jena.permissions.model.SecuredLiteralTest" time="0"/>
  <testcase name="testGetModel[C:true R:true U:true D:false force:true]" classname="org.apache.jena.permissions.model.SecuredLiteralTest" time="0"/>
  <testcase name="testCanAs[C:true R:true U:true D:false force:true]" classname="org.apache.jena.permissions.model.SecuredLiteralTest" time="0"/>
  <testcase name="testAsNode[C:true R:true U:true D:false force:true]" classname="org.apache.jena.permissions.model.SecuredLiteralTest" time="0"/>
  <testcase name="testInModel[C:true R:true U:true D:false force:true]" classname="org.apache.jena.permissions.model.SecuredLiteralTest" time="0"/>
  <testcase name="testGetFloat[C:true R:true U:true D:false force:false]" classname="org.apache.jena.permissions.model.SecuredLiteralTest" time="0"/>
  <testcase name="testGetShort[C:true R:true U:true D:false force:false]" classname="org.apache.jena.permissions.model.SecuredLiteralTest" time="0"/>
  <testcase name="testGetValue[C:true R:true U:true D:false force:false]" classname="org.apache.jena.permissions.model.SecuredLiteralTest" time="0"/>
  <testcase name="testGetDatatypeURI[C:true R:true U:true D:false force:false]" classname="org.apache.jena.permissions.model.SecuredLiteralTest" time="0"/>
  <testcase name="testGetDatatype[C:true R:true U:true D:false force:false]" classname="org.apache.jena.permissions.model.SecuredLiteralTest" time="0"/>
  <testcase name="testGetByte[C:true R:true U:true D:false force:false]" classname="org.apache.jena.permissions.model.SecuredLiteralTest" time="0.001"/>
  <testcase name="testGetChar[C:true R:true U:true D:false force:false]" classname="org.apache.jena.permissions.model.SecuredLiteralTest" time="0"/>
  <testcase name="testGetLong[C:true R:true U:true D:false force:false]" classname="org.apache.jena.permissions.model.SecuredLiteralTest" time="0"/>
  <testcase name="testAsResource[C:true R:true U:true D:false force:false]" classname="org.apache.jena.permissions.model.SecuredLiteralTest" time="0"/>
  <testcase name="testGetLanguage[C:true R:true U:true D:false force:false]" classname="org.apache.jena.permissions.model.SecuredLiteralTest" time="0"/>
  <testcase name="testGetLexicalForm[C:true R:true U:true D:false force:false]" classname="org.apache.jena.permissions.model.SecuredLiteralTest" time="0"/>
  <testcase name="sameValueAs[C:true R:true U:true D:false force:false]" classname="org.apache.jena.permissions.model.SecuredLiteralTest" time="0"/>
  <testcase name="testGetBoolean[C:true R:true U:true D:false force:false]" classname="org.apache.jena.permissions.model.SecuredLiteralTest" time="0.001"/>
  <testcase name="testIsWellFormedXML[C:true R:true U:true D:false force:false]" classname="org.apache.jena.permissions.model.SecuredLiteralTest" time="0"/>
  <testcase name="testGetDouble[C:true R:true U:true D:false force:false]" classname="org.apache.jena.permissions.model.SecuredLiteralTest" time="0"/>
  <testcase name="testGetInt[C:true R:true U:true D:false force:false]" classname="org.apache.jena.permissions.model.SecuredLiteralTest" time="0"/>
  <testcase name="testGetString[C:true R:true U:true D:false force:false]" classname="org.apache.jena.permissions.model.SecuredLiteralTest" time="0"/>
  <testcase name="testAsLiteral[C:true R:true U:true D:false force:false]" classname="org.apache.jena.permissions.model.SecuredLiteralTest" time="0"/>
  <testcase name="testGetModel[C:true R:true U:true D:false force:false]" classname="org.apache.jena.permissions.model.SecuredLiteralTest" time="0"/>
  <testcase name="testCanAs[C:true R:true U:true D:false force:false]" classname="org.apache.jena.permissions.model.SecuredLiteralTest" time="0"/>
  <testcase name="testAsNode[C:true R:true U:true D:false force:false]" classname="org.apache.jena.permissions.model.SecuredLiteralTest" time="0"/>
  <testcase name="testInModel[C:true R:true U:true D:false force:false]" classname="org.apache.jena.permissions.model.SecuredLiteralTest" time="0"/>
  <testcase name="testGetFloat[C:true R:true U:false D:true force:true]" classname="org.apache.jena.permissions.model.SecuredLiteralTest" time="0"/>
  <testcase name="testGetShort[C:true R:true U:false D:true force:true]" classname="org.apache.jena.permissions.model.SecuredLiteralTest" time="0"/>
  <testcase name="testGetValue[C:true R:true U:false D:true force:true]" classname="org.apache.jena.permissions.model.SecuredLiteralTest" time="0"/>
  <testcase name="testGetDatatypeURI[C:true R:true U:false D:true force:true]" classname="org.apache.jena.permissions.model.SecuredLiteralTest" time="0"/>
  <testcase name="testGetDatatype[C:true R:true U:false D:true force:true]" classname="org.apache.jena.permissions.model.SecuredLiteralTest" time="0"/>
  <testcase name="testGetByte[C:true R:true U:false D:true force:true]" classname="org.apache.jena.permissions.model.SecuredLiteralTest" time="0.001"/>
  <testcase name="testGetChar[C:true R:true U:false D:true force:true]" classname="org.apache.jena.permissions.model.SecuredLiteralTest" time="0"/>
  <testcase name="testGetLong[C:true R:true U:false D:true force:true]" classname="org.apache.jena.permissions.model.SecuredLiteralTest" time="0"/>
  <testcase name="testAsResource[C:true R:true U:false D:true force:true]" classname="org.apache.jena.permissions.model.SecuredLiteralTest" time="0"/>
  <testcase name="testGetLanguage[C:true R:true U:false D:true force:true]" classname="org.apache.jena.permissions.model.SecuredLiteralTest" time="0"/>
  <testcase name="testGetLexicalForm[C:true R:true U:false D:true force:true]" classname="org.apache.jena.permissions.model.SecuredLiteralTest" time="0.001"/>
  <testcase name="sameValueAs[C:true R:true U:false D:true force:true]" classname="org.apache.jena.permissions.model.SecuredLiteralTest" time="0"/>
  <testcase name="testGetBoolean[C:true R:true U:false D:true force:true]" classname="org.apache.jena.permissions.model.SecuredLiteralTest" time="0"/>
  <testcase name="testIsWellFormedXML[C:true R:true U:false D:true force:true]" classname="org.apache.jena.permissions.model.SecuredLiteralTest" time="0"/>
  <testcase name="testGetDouble[C:true R:true U:false D:true force:true]" classname="org.apache.jena.permissions.model.SecuredLiteralTest" time="0"/>
  <testcase name="testGetInt[C:true R:true U:false D:true force:true]" classname="org.apache.jena.permissions.model.SecuredLiteralTest" time="0.001"/>
  <testcase name="testGetString[C:true R:true U:false D:true force:true]" classname="org.apache.jena.permissions.model.SecuredLiteralTest" time="0"/>
  <testcase name="testAsLiteral[C:true R:true U:false D:true force:true]" classname="org.apache.jena.permissions.model.SecuredLiteralTest" time="0"/>
  <testcase name="testGetModel[C:true R:true U:false D:true force:true]" classname="org.apache.jena.permissions.model.SecuredLiteralTest" time="0"/>
  <testcase name="testCanAs[C:true R:true U:false D:true force:true]" classname="org.apache.jena.permissions.model.SecuredLiteralTest" time="0"/>
  <testcase name="testAsNode[C:true R:true U:false D:true force:true]" classname="org.apache.jena.permissions.model.SecuredLiteralTest" time="0"/>
  <testcase name="testInModel[C:true R:true U:false D:true force:true]" classname="org.apache.jena.permissions.model.SecuredLiteralTest" time="0"/>
  <testcase name="testGetFloat[C:true R:true U:false D:true force:false]" classname="org.apache.jena.permissions.model.SecuredLiteralTest" time="0"/>
  <testcase name="testGetShort[C:true R:true U:false D:true force:false]" classname="org.apache.jena.permissions.model.SecuredLiteralTest" time="0"/>
  <testcase name="testGetValue[C:true R:true U:false D:true force:false]" classname="org.apache.jena.permissions.model.SecuredLiteralTest" time="0.001"/>
  <testcase name="testGetDatatypeURI[C:true R:true U:false D:true force:false]" classname="org.apache.jena.permissions.model.SecuredLiteralTest" time="0"/>
  <testcase name="testGetDatatype[C:true R:true U:false D:true force:false]" classname="org.apache.jena.permissions.model.SecuredLiteralTest" time="0"/>
  <testcase name="testGetByte[C:true R:true U:false D:true force:false]" classname="org.apache.jena.permissions.model.SecuredLiteralTest" time="0"/>
  <testcase name="testGetChar[C:true R:true U:false D:true force:false]" classname="org.apache.jena.permissions.model.SecuredLiteralTest" time="0"/>
  <testcase name="testGetLong[C:true R:true U:false D:true force:false]" classname="org.apache.jena.permissions.model.SecuredLiteralTest" time="0.001"/>
  <testcase name="testAsResource[C:true R:true U:false D:true force:false]" classname="org.apache.jena.permissions.model.SecuredLiteralTest" time="0"/>
  <testcase name="testGetLanguage[C:true R:true U:false D:true force:false]" classname="org.apache.jena.permissions.model.SecuredLiteralTest" time="0"/>
  <testcase name="testGetLexicalForm[C:true R:true U:false D:true force:false]" classname="org.apache.jena.permissions.model.SecuredLiteralTest" time="0"/>
  <testcase name="sameValueAs[C:true R:true U:false D:true force:false]" classname="org.apache.jena.permissions.model.SecuredLiteralTest" time="0"/>
  <testcase name="testGetBoolean[C:true R:true U:false D:true force:false]" classname="org.apache.jena.permissions.model.SecuredLiteralTest" time="0"/>
  <testcase name="testIsWellFormedXML[C:true R:true U:false D:true force:false]" classname="org.apache.jena.permissions.model.SecuredLiteralTest" time="0"/>
  <testcase name="testGetDouble[C:true R:true U:false D:true force:false]" classname="org.apache.jena.permissions.model.SecuredLiteralTest" time="0.001"/>
  <testcase name="testGetInt[C:true R:true U:false D:true force:false]" classname="org.apache.jena.permissions.model.SecuredLiteralTest" time="0"/>
  <testcase name="testGetString[C:true R:true U:false D:true force:false]" classname="org.apache.jena.permissions.model.SecuredLiteralTest" time="0"/>
  <testcase name="testAsLiteral[C:true R:true U:false D:true force:false]" classname="org.apache.jena.permissions.model.SecuredLiteralTest" time="0"/>
  <testcase name="testGetModel[C:true R:true U:false D:true force:false]" classname="org.apache.jena.permissions.model.SecuredLiteralTest" time="0"/>
  <testcase name="testCanAs[C:true R:true U:false D:true force:false]" classname="org.apache.jena.permissions.model.SecuredLiteralTest" time="0"/>
  <testcase name="testAsNode[C:true R:true U:false D:true force:false]" classname="org.apache.jena.permissions.model.SecuredLiteralTest" time="0"/>
  <testcase name="testInModel[C:true R:true U:false D:true force:false]" classname="org.apache.jena.permissions.model.SecuredLiteralTest" time="0"/>
  <testcase name="testGetFloat[C:true R:true U:false D:false force:true]" classname="org.apache.jena.permissions.model.SecuredLiteralTest" time="0"/>
  <testcase name="testGetShort[C:true R:true U:false D:false force:true]" classname="org.apache.jena.permissions.model.SecuredLiteralTest" time="0.001"/>
  <testcase name="testGetValue[C:true R:true U:false D:false force:true]" classname="org.apache.jena.permissions.model.SecuredLiteralTest" time="0"/>
  <testcase name="testGetDatatypeURI[C:true R:true U:false D:false force:true]" classname="org.apache.jena.permissions.model.SecuredLiteralTest" time="0"/>
  <testcase name="testGetDatatype[C:true R:true U:false D:false force:true]" classname="org.apache.jena.permissions.model.SecuredLiteralTest" time="0"/>
  <testcase name="testGetByte[C:true R:true U:false D:false force:true]" classname="org.apache.jena.permissions.model.SecuredLiteralTest" time="0"/>
  <testcase name="testGetChar[C:true R:true U:false D:false force:true]" classname="org.apache.jena.permissions.model.SecuredLiteralTest" time="0"/>
  <testcase name="testGetLong[C:true R:true U:false D:false force:true]" classname="org.apache.jena.permissions.model.SecuredLiteralTest" time="0"/>
  <testcase name="testAsResource[C:true R:true U:false D:false force:true]" classname="org.apache.jena.permissions.model.SecuredLiteralTest" time="0.001"/>
  <testcase name="testGetLanguage[C:true R:true U:false D:false force:true]" classname="org.apache.jena.permissions.model.SecuredLiteralTest" time="0"/>
  <testcase name="testGetLexicalForm[C:true R:true U:false D:false force:true]" classname="org.apache.jena.permissions.model.SecuredLiteralTest" time="0"/>
  <testcase name="sameValueAs[C:true R:true U:false D:false force:true]" classname="org.apache.jena.permissions.model.SecuredLiteralTest" time="0"/>
  <testcase name="testGetBoolean[C:true R:true U:false D:false force:true]" classname="org.apache.jena.permissions.model.SecuredLiteralTest" time="0"/>
  <testcase name="testIsWellFormedXML[C:true R:true U:false D:false force:true]" classname="org.apache.jena.permissions.model.SecuredLiteralTest" time="0"/>
  <testcase name="testGetDouble[C:true R:true U:false D:false force:true]" classname="org.apache.jena.permissions.model.SecuredLiteralTest" time="0"/>
  <testcase name="testGetInt[C:true R:true U:false D:false force:true]" classname="org.apache.jena.permissions.model.SecuredLiteralTest" time="0.001"/>
  <testcase name="testGetString[C:true R:true U:false D:false force:true]" classname="org.apache.jena.permissions.model.SecuredLiteralTest" time="0"/>
  <testcase name="testAsLiteral[C:true R:true U:false D:false force:true]" classname="org.apache.jena.permissions.model.SecuredLiteralTest" time="0"/>
  <testcase name="testGetModel[C:true R:true U:false D:false force:true]" classname="org.apache.jena.permissions.model.SecuredLiteralTest" time="0"/>
  <testcase name="testCanAs[C:true R:true U:false D:false force:true]" classname="org.apache.jena.permissions.model.SecuredLiteralTest" time="0"/>
  <testcase name="testAsNode[C:true R:true U:false D:false force:true]" classname="org.apache.jena.permissions.model.SecuredLiteralTest" time="0"/>
  <testcase name="testInModel[C:true R:true U:false D:false force:true]" classname="org.apache.jena.permissions.model.SecuredLiteralTest" time="0"/>
  <testcase name="testGetFloat[C:true R:true U:false D:false force:false]" classname="org.apache.jena.permissions.model.SecuredLiteralTest" time="0"/>
  <testcase name="testGetShort[C:true R:true U:false D:false force:false]" classname="org.apache.jena.permissions.model.SecuredLiteralTest" time="0"/>
  <testcase name="testGetValue[C:true R:true U:false D:false force:false]" classname="org.apache.jena.permissions.model.SecuredLiteralTest" time="0"/>
  <testcase name="testGetDatatypeURI[C:true R:true U:false D:false force:false]" classname="org.apache.jena.permissions.model.SecuredLiteralTest" time="0"/>
  <testcase name="testGetDatatype[C:true R:true U:false D:false force:false]" classname="org.apache.jena.permissions.model.SecuredLiteralTest" time="0"/>
  <testcase name="testGetByte[C:true R:true U:false D:false force:false]" classname="org.apache.jena.permissions.model.SecuredLiteralTest" time="0"/>
  <testcase name="testGetChar[C:true R:true U:false D:false force:false]" classname="org.apache.jena.permissions.model.SecuredLiteralTest" time="0"/>
  <testcase name="testGetLong[C:true R:true U:false D:false force:false]" classname="org.apache.jena.permissions.model.SecuredLiteralTest" time="0.001"/>
  <testcase name="testAsResource[C:true R:true U:false D:false force:false]" classname="org.apache.jena.permissions.model.SecuredLiteralTest" time="0"/>
  <testcase name="testGetLanguage[C:true R:true U:false D:false force:false]" classname="org.apache.jena.permissions.model.SecuredLiteralTest" time="0"/>
  <testcase name="testGetLexicalForm[C:true R:true U:false D:false force:false]" classname="org.apache.jena.permissions.model.SecuredLiteralTest" time="0"/>
  <testcase name="sameValueAs[C:true R:true U:false D:false force:false]" classname="org.apache.jena.permissions.model.SecuredLiteralTest" time="0"/>
  <testcase name="testGetBoolean[C:true R:true U:false D:false force:false]" classname="org.apache.jena.permissions.model.SecuredLiteralTest" time="0.001"/>
  <testcase name="testIsWellFormedXML[C:true R:true U:false D:false force:false]" classname="org.apache.jena.permissions.model.SecuredLiteralTest" time="0"/>
  <testcase name="testGetDouble[C:true R:true U:false D:false force:false]" classname="org.apache.jena.permissions.model.SecuredLiteralTest" time="0"/>
  <testcase name="testGetInt[C:true R:true U:false D:false force:false]" classname="org.apache.jena.permissions.model.SecuredLiteralTest" time="0"/>
  <testcase name="testGetString[C:true R:true U:false D:false force:false]" classname="org.apache.jena.permissions.model.SecuredLiteralTest" time="0"/>
  <testcase name="testAsLiteral[C:true R:true U:false D:false force:false]" classname="org.apache.jena.permissions.model.SecuredLiteralTest" time="0"/>
  <testcase name="testGetModel[C:true R:true U:false D:false force:false]" classname="org.apache.jena.permissions.model.SecuredLiteralTest" time="0"/>
  <testcase name="testCanAs[C:true R:true U:false D:false force:false]" classname="org.apache.jena.permissions.model.SecuredLiteralTest" time="0"/>
  <testcase name="testAsNode[C:true R:true U:false D:false force:false]" classname="org.apache.jena.permissions.model.SecuredLiteralTest" time="0"/>
  <testcase name="testInModel[C:true R:true U:false D:false force:false]" classname="org.apache.jena.permissions.model.SecuredLiteralTest" time="0"/>
  <testcase name="testGetFloat[C:true R:false U:true D:true force:true]" classname="org.apache.jena.permissions.model.SecuredLiteralTest" time="0"/>
  <testcase name="testGetShort[C:true R:false U:true D:true force:true]" classname="org.apache.jena.permissions.model.SecuredLiteralTest" time="0"/>
  <testcase name="testGetValue[C:true R:false U:true D:true force:true]" classname="org.apache.jena.permissions.model.SecuredLiteralTest" time="0"/>
  <testcase name="testGetDatatypeURI[C:true R:false U:true D:true force:true]" classname="org.apache.jena.permissions.model.SecuredLiteralTest" time="0"/>
  <testcase name="testGetDatatype[C:true R:false U:true D:true force:true]" classname="org.apache.jena.permissions.model.SecuredLiteralTest" time="0"/>
  <testcase name="testGetByte[C:true R:false U:true D:true force:true]" classname="org.apache.jena.permissions.model.SecuredLiteralTest" time="0"/>
  <testcase name="testGetChar[C:true R:false U:true D:true force:true]" classname="org.apache.jena.permissions.model.SecuredLiteralTest" time="0"/>
  <testcase name="testGetLong[C:true R:false U:true D:true force:true]" classname="org.apache.jena.permissions.model.SecuredLiteralTest" time="0"/>
  <testcase name="testAsResource[C:true R:false U:true D:true force:true]" classname="org.apache.jena.permissions.model.SecuredLiteralTest" time="0"/>
  <testcase name="testGetLanguage[C:true R:false U:true D:true force:true]" classname="org.apache.jena.permissions.model.SecuredLiteralTest" time="0.001"/>
  <testcase name="testGetLexicalForm[C:true R:false U:true D:true force:true]" classname="org.apache.jena.permissions.model.SecuredLiteralTest" time="0"/>
  <testcase name="sameValueAs[C:true R:false U:true D:true force:true]" classname="org.apache.jena.permissions.model.SecuredLiteralTest" time="0"/>
  <testcase name="testGetBoolean[C:true R:false U:true D:true force:true]" classname="org.apache.jena.permissions.model.SecuredLiteralTest" time="0"/>
  <testcase name="testIsWellFormedXML[C:true R:false U:true D:true force:true]" classname="org.apache.jena.permissions.model.SecuredLiteralTest" time="0"/>
  <testcase name="testGetDouble[C:true R:false U:true D:true force:true]" classname="org.apache.jena.permissions.model.SecuredLiteralTest" time="0"/>
  <testcase name="testGetInt[C:true R:false U:true D:true force:true]" classname="org.apache.jena.permissions.model.SecuredLiteralTest" time="0"/>
  <testcase name="testGetString[C:true R:false U:true D:true force:true]" classname="org.apache.jena.permissions.model.SecuredLiteralTest" time="0"/>
  <testcase name="testAsLiteral[C:true R:false U:true D:true force:true]" classname="org.apache.jena.permissions.model.SecuredLiteralTest" time="0"/>
  <testcase name="testGetModel[C:true R:false U:true D:true force:true]" classname="org.apache.jena.permissions.model.SecuredLiteralTest" time="0"/>
  <testcase name="testCanAs[C:true R:false U:true D:true force:true]" classname="org.apache.jena.permissions.model.SecuredLiteralTest" time="0"/>
  <testcase name="testAsNode[C:true R:false U:true D:true force:true]" classname="org.apache.jena.permissions.model.SecuredLiteralTest" time="0"/>
  <testcase name="testInModel[C:true R:false U:true D:true force:true]" classname="org.apache.jena.permissions.model.SecuredLiteralTest" time="0"/>
  <testcase name="testGetFloat[C:true R:false U:true D:true force:false]" classname="org.apache.jena.permissions.model.SecuredLiteralTest" time="0"/>
  <testcase name="testGetShort[C:true R:false U:true D:true force:false]" classname="org.apache.jena.permissions.model.SecuredLiteralTest" time="0.001"/>
  <testcase name="testGetValue[C:true R:false U:true D:true force:false]" classname="org.apache.jena.permissions.model.SecuredLiteralTest" time="0"/>
  <testcase name="testGetDatatypeURI[C:true R:false U:true D:true force:false]" classname="org.apache.jena.permissions.model.SecuredLiteralTest" time="0"/>
  <testcase name="testGetDatatype[C:true R:false U:true D:true force:false]" classname="org.apache.jena.permissions.model.SecuredLiteralTest" time="0"/>
  <testcase name="testGetByte[C:true R:false U:true D:true force:false]" classname="org.apache.jena.permissions.model.SecuredLiteralTest" time="0"/>
  <testcase name="testGetChar[C:true R:false U:true D:true force:false]" classname="org.apache.jena.permissions.model.SecuredLiteralTest" time="0"/>
  <testcase name="testGetLong[C:true R:false U:true D:true force:false]" classname="org.apache.jena.permissions.model.SecuredLiteralTest" time="0"/>
  <testcase name="testAsResource[C:true R:false U:true D:true force:false]" classname="org.apache.jena.permissions.model.SecuredLiteralTest" time="0"/>
  <testcase name="testGetLanguage[C:true R:false U:true D:true force:false]" classname="org.apache.jena.permissions.model.SecuredLiteralTest" time="0"/>
  <testcase name="testGetLexicalForm[C:true R:false U:true D:true force:false]" classname="org.apache.jena.permissions.model.SecuredLiteralTest" time="0"/>
  <testcase name="sameValueAs[C:true R:false U:true D:true force:false]" classname="org.apache.jena.permissions.model.SecuredLiteralTest" time="0"/>
  <testcase name="testGetBoolean[C:true R:false U:true D:true force:false]" classname="org.apache.jena.permissions.model.SecuredLiteralTest" time="0"/>
  <testcase name="testIsWellFormedXML[C:true R:false U:true D:true force:false]" classname="org.apache.jena.permissions.model.SecuredLiteralTest" time="0"/>
  <testcase name="testGetDouble[C:true R:false U:true D:true force:false]" classname="org.apache.jena.permissions.model.SecuredLiteralTest" time="0.001"/>
  <testcase name="testGetInt[C:true R:false U:true D:true force:false]" classname="org.apache.jena.permissions.model.SecuredLiteralTest" time="0"/>
  <testcase name="testGetString[C:true R:false U:true D:true force:false]" classname="org.apache.jena.permissions.model.SecuredLiteralTest" time="0"/>
  <testcase name="testAsLiteral[C:true R:false U:true D:true force:false]" classname="org.apache.jena.permissions.model.SecuredLiteralTest" time="0"/>
  <testcase name="testGetModel[C:true R:false U:true D:true force:false]" classname="org.apache.jena.permissions.model.SecuredLiteralTest" time="0"/>
  <testcase name="testCanAs[C:true R:false U:true D:true force:false]" classname="org.apache.jena.permissions.model.SecuredLiteralTest" time="0"/>
  <testcase name="testAsNode[C:true R:false U:true D:true force:false]" classname="org.apache.jena.permissions.model.SecuredLiteralTest" time="0"/>
  <testcase name="testInModel[C:true R:false U:true D:true force:false]" classname="org.apache.jena.permissions.model.SecuredLiteralTest" time="0.001"/>
  <testcase name="testGetFloat[C:true R:false U:true D:false force:true]" classname="org.apache.jena.permissions.model.SecuredLiteralTest" time="0"/>
  <testcase name="testGetShort[C:true R:false U:true D:false force:true]" classname="org.apache.jena.permissions.model.SecuredLiteralTest" time="0"/>
  <testcase name="testGetValue[C:true R:false U:true D:false force:true]" classname="org.apache.jena.permissions.model.SecuredLiteralTest" time="0"/>
  <testcase name="testGetDatatypeURI[C:true R:false U:true D:false force:true]" classname="org.apache.jena.permissions.model.SecuredLiteralTest" time="0"/>
  <testcase name="testGetDatatype[C:true R:false U:true D:false force:true]" classname="org.apache.jena.permissions.model.SecuredLiteralTest" time="0"/>
  <testcase name="testGetByte[C:true R:false U:true D:false force:true]" classname="org.apache.jena.permissions.model.SecuredLiteralTest" time="0"/>
  <testcase name="testGetChar[C:true R:false U:true D:false force:true]" classname="org.apache.jena.permissions.model.SecuredLiteralTest" time="0"/>
  <testcase name="testGetLong[C:true R:false U:true D:false force:true]" classname="org.apache.jena.permissions.model.SecuredLiteralTest" time="0"/>
  <testcase name="testAsResource[C:true R:false U:true D:false force:true]" classname="org.apache.jena.permissions.model.SecuredLiteralTest" time="0"/>
  <testcase name="testGetLanguage[C:true R:false U:true D:false force:true]" classname="org.apache.jena.permissions.model.SecuredLiteralTest" time="0.001"/>
  <testcase name="testGetLexicalForm[C:true R:false U:true D:false force:true]" classname="org.apache.jena.permissions.model.SecuredLiteralTest" time="0"/>
  <testcase name="sameValueAs[C:true R:false U:true D:false force:true]" classname="org.apache.jena.permissions.model.SecuredLiteralTest" time="0"/>
  <testcase name="testGetBoolean[C:true R:false U:true D:false force:true]" classname="org.apache.jena.permissions.model.SecuredLiteralTest" time="0"/>
  <testcase name="testIsWellFormedXML[C:true R:false U:true D:false force:true]" classname="org.apache.jena.permissions.model.SecuredLiteralTest" time="0"/>
  <testcase name="testGetDouble[C:true R:false U:true D:false force:true]" classname="org.apache.jena.permissions.model.SecuredLiteralTest" time="0"/>
  <testcase name="testGetInt[C:true R:false U:true D:false force:true]" classname="org.apache.jena.permissions.model.SecuredLiteralTest" time="0.001"/>
  <testcase name="testGetString[C:true R:false U:true D:false force:true]" classname="org.apache.jena.permissions.model.SecuredLiteralTest" time="0.003"/>
  <testcase name="testAsLiteral[C:true R:false U:true D:false force:true]" classname="org.apache.jena.permissions.model.SecuredLiteralTest" time="0"/>
  <testcase name="testGetModel[C:true R:false U:true D:false force:true]" classname="org.apache.jena.permissions.model.SecuredLiteralTest" time="0"/>
  <testcase name="testCanAs[C:true R:false U:true D:false force:true]" classname="org.apache.jena.permissions.model.SecuredLiteralTest" time="0.001"/>
  <testcase name="testAsNode[C:true R:false U:true D:false force:true]" classname="org.apache.jena.permissions.model.SecuredLiteralTest" time="0"/>
  <testcase name="testInModel[C:true R:false U:true D:false force:true]" classname="org.apache.jena.permissions.model.SecuredLiteralTest" time="0"/>
  <testcase name="testGetFloat[C:true R:false U:true D:false force:false]" classname="org.apache.jena.permissions.model.SecuredLiteralTest" time="0"/>
  <testcase name="testGetShort[C:true R:false U:true D:false force:false]" classname="org.apache.jena.permissions.model.SecuredLiteralTest" time="0"/>
  <testcase name="testGetValue[C:true R:false U:true D:false force:false]" classname="org.apache.jena.permissions.model.SecuredLiteralTest" time="0"/>
  <testcase name="testGetDatatypeURI[C:true R:false U:true D:false force:false]" classname="org.apache.jena.permissions.model.SecuredLiteralTest" time="0"/>
  <testcase name="testGetDatatype[C:true R:false U:true D:false force:false]" classname="org.apache.jena.permissions.model.SecuredLiteralTest" time="0"/>
  <testcase name="testGetByte[C:true R:false U:true D:false force:false]" classname="org.apache.jena.permissions.model.SecuredLiteralTest" time="0.001"/>
  <testcase name="testGetChar[C:true R:false U:true D:false force:false]" classname="org.apache.jena.permissions.model.SecuredLiteralTest" time="0"/>
  <testcase name="testGetLong[C:true R:false U:true D:false force:false]" classname="org.apache.jena.permissions.model.SecuredLiteralTest" time="0"/>
  <testcase name="testAsResource[C:true R:false U:true D:false force:false]" classname="org.apache.jena.permissions.model.SecuredLiteralTest" time="0"/>
  <testcase name="testGetLanguage[C:true R:false U:true D:false force:false]" classname="org.apache.jena.permissions.model.SecuredLiteralTest" time="0.001"/>
  <testcase name="testGetLexicalForm[C:true R:false U:true D:false force:false]" classname="org.apache.jena.permissions.model.SecuredLiteralTest" time="0"/>
  <testcase name="sameValueAs[C:true R:false U:true D:false force:false]" classname="org.apache.jena.permissions.model.SecuredLiteralTest" time="0"/>
  <testcase name="testGetBoolean[C:true R:false U:true D:false force:false]" classname="org.apache.jena.permissions.model.SecuredLiteralTest" time="0"/>
  <testcase name="testIsWellFormedXML[C:true R:false U:true D:false force:false]" classname="org.apache.jena.permissions.model.SecuredLiteralTest" time="0.001"/>
  <testcase name="testGetDouble[C:true R:false U:true D:false force:false]" classname="org.apache.jena.permissions.model.SecuredLiteralTest" time="0"/>
  <testcase name="testGetInt[C:true R:false U:true D:false force:false]" classname="org.apache.jena.permissions.model.SecuredLiteralTest" time="0"/>
  <testcase name="testGetString[C:true R:false U:true D:false force:false]" classname="org.apache.jena.permissions.model.SecuredLiteralTest" time="0"/>
  <testcase name="testAsLiteral[C:true R:false U:true D:false force:false]" classname="org.apache.jena.permissions.model.SecuredLiteralTest" time="0.001"/>
  <testcase name="testGetModel[C:true R:false U:true D:false force:false]" classname="org.apache.jena.permissions.model.SecuredLiteralTest" time="0"/>
  <testcase name="testCanAs[C:true R:false U:true D:false force:false]" classname="org.apache.jena.permissions.model.SecuredLiteralTest" time="0"/>
  <testcase name="testAsNode[C:true R:false U:true D:false force:false]" classname="org.apache.jena.permissions.model.SecuredLiteralTest" time="0"/>
  <testcase name="testInModel[C:true R:false U:true D:false force:false]" classname="org.apache.jena.permissions.model.SecuredLiteralTest" time="0.001"/>
  <testcase name="testGetFloat[C:true R:false U:false D:true force:true]" classname="org.apache.jena.permissions.model.SecuredLiteralTest" time="0"/>
  <testcase name="testGetShort[C:true R:false U:false D:true force:true]" classname="org.apache.jena.permissions.model.SecuredLiteralTest" time="0"/>
  <testcase name="testGetValue[C:true R:false U:false D:true force:true]" classname="org.apache.jena.permissions.model.SecuredLiteralTest" time="0"/>
  <testcase name="testGetDatatypeURI[C:true R:false U:false D:true force:true]" classname="org.apache.jena.permissions.model.SecuredLiteralTest" time="0"/>
  <testcase name="testGetDatatype[C:true R:false U:false D:true force:true]" classname="org.apache.jena.permissions.model.SecuredLiteralTest" time="0"/>
  <testcase name="testGetByte[C:true R:false U:false D:true force:true]" classname="org.apache.jena.permissions.model.SecuredLiteralTest" time="0.001"/>
  <testcase name="testGetChar[C:true R:false U:false D:true force:true]" classname="org.apache.jena.permissions.model.SecuredLiteralTest" time="0"/>
  <testcase name="testGetLong[C:true R:false U:false D:true force:true]" classname="org.apache.jena.permissions.model.SecuredLiteralTest" time="0.001"/>
  <testcase name="testAsResource[C:true R:false U:false D:true force:true]" classname="org.apache.jena.permissions.model.SecuredLiteralTest" time="0"/>
  <testcase name="testGetLanguage[C:true R:false U:false D:true force:true]" classname="org.apache.jena.permissions.model.SecuredLiteralTest" time="0"/>
  <testcase name="testGetLexicalForm[C:true R:false U:false D:true force:true]" classname="org.apache.jena.permissions.model.SecuredLiteralTest" time="0"/>
  <testcase name="sameValueAs[C:true R:false U:false D:true force:true]" classname="org.apache.jena.permissions.model.SecuredLiteralTest" time="0"/>
  <testcase name="testGetBoolean[C:true R:false U:false D:true force:true]" classname="org.apache.jena.permissions.model.SecuredLiteralTest" time="0"/>
  <testcase name="testIsWellFormedXML[C:true R:false U:false D:true force:true]" classname="org.apache.jena.permissions.model.SecuredLiteralTest" time="0"/>
  <testcase name="testGetDouble[C:true R:false U:false D:true force:true]" classname="org.apache.jena.permissions.model.SecuredLiteralTest" time="0.004"/>
  <testcase name="testGetInt[C:true R:false U:false D:true force:true]" classname="org.apache.jena.permissions.model.SecuredLiteralTest" time="0"/>
  <testcase name="testGetString[C:true R:false U:false D:true force:true]" classname="org.apache.jena.permissions.model.SecuredLiteralTest" time="0"/>
  <testcase name="testAsLiteral[C:true R:false U:false D:true force:true]" classname="org.apache.jena.permissions.model.SecuredLiteralTest" time="0"/>
  <testcase name="testGetModel[C:true R:false U:false D:true force:true]" classname="org.apache.jena.permissions.model.SecuredLiteralTest" time="0.001"/>
  <testcase name="testCanAs[C:true R:false U:false D:true force:true]" classname="org.apache.jena.permissions.model.SecuredLiteralTest" time="0"/>
  <testcase name="testAsNode[C:true R:false U:false D:true force:true]" classname="org.apache.jena.permissions.model.SecuredLiteralTest" time="0"/>
  <testcase name="testInModel[C:true R:false U:false D:true force:true]" classname="org.apache.jena.permissions.model.SecuredLiteralTest" time="0"/>
  <testcase name="testGetFloat[C:true R:false U:false D:true force:false]" classname="org.apache.jena.permissions.model.SecuredLiteralTest" time="0"/>
  <testcase name="testGetShort[C:true R:false U:false D:true force:false]" classname="org.apache.jena.permissions.model.SecuredLiteralTest" time="0"/>
  <testcase name="testGetValue[C:true R:false U:false D:true force:false]" classname="org.apache.jena.permissions.model.SecuredLiteralTest" time="0"/>
  <testcase name="testGetDatatypeURI[C:true R:false U:false D:true force:false]" classname="org.apache.jena.permissions.model.SecuredLiteralTest" time="0.001"/>
  <testcase name="testGetDatatype[C:true R:false U:false D:true force:false]" classname="org.apache.jena.permissions.model.SecuredLiteralTest" time="0"/>
  <testcase name="testGetByte[C:true R:false U:false D:true force:false]" classname="org.apache.jena.permissions.model.SecuredLiteralTest" time="0"/>
  <testcase name="testGetChar[C:true R:false U:false D:true force:false]" classname="org.apache.jena.permissions.model.SecuredLiteralTest" time="0"/>
  <testcase name="testGetLong[C:true R:false U:false D:true force:false]" classname="org.apache.jena.permissions.model.SecuredLiteralTest" time="0"/>
  <testcase name="testAsResource[C:true R:false U:false D:true force:false]" classname="org.apache.jena.permissions.model.SecuredLiteralTest" time="0"/>
  <testcase name="testGetLanguage[C:true R:false U:false D:true force:false]" classname="org.apache.jena.permissions.model.SecuredLiteralTest" time="0"/>
  <testcase name="testGetLexicalForm[C:true R:false U:false D:true force:false]" classname="org.apache.jena.permissions.model.SecuredLiteralTest" time="0"/>
  <testcase name="sameValueAs[C:true R:false U:false D:true force:false]" classname="org.apache.jena.permissions.model.SecuredLiteralTest" time="0"/>
  <testcase name="testGetBoolean[C:true R:false U:false D:true force:false]" classname="org.apache.jena.permissions.model.SecuredLiteralTest" time="0"/>
  <testcase name="testIsWellFormedXML[C:true R:false U:false D:true force:false]" classname="org.apache.jena.permissions.model.SecuredLiteralTest" time="0"/>
  <testcase name="testGetDouble[C:true R:false U:false D:true force:false]" classname="org.apache.jena.permissions.model.SecuredLiteralTest" time="0"/>
  <testcase name="testGetInt[C:true R:false U:false D:true force:false]" classname="org.apache.jena.permissions.model.SecuredLiteralTest" time="0"/>
  <testcase name="testGetString[C:true R:false U:false D:true force:false]" classname="org.apache.jena.permissions.model.SecuredLiteralTest" time="0.001"/>
  <testcase name="testAsLiteral[C:true R:false U:false D:true force:false]" classname="org.apache.jena.permissions.model.SecuredLiteralTest" time="0"/>
  <testcase name="testGetModel[C:true R:false U:false D:true force:false]" classname="org.apache.jena.permissions.model.SecuredLiteralTest" time="0"/>
  <testcase name="testCanAs[C:true R:false U:false D:true force:false]" classname="org.apache.jena.permissions.model.SecuredLiteralTest" time="0"/>
  <testcase name="testAsNode[C:true R:false U:false D:true force:false]" classname="org.apache.jena.permissions.model.SecuredLiteralTest" time="0"/>
  <testcase name="testInModel[C:true R:false U:false D:true force:false]" classname="org.apache.jena.permissions.model.SecuredLiteralTest" time="0"/>
  <testcase name="testGetFloat[C:true R:false U:false D:false force:true]" classname="org.apache.jena.permissions.model.SecuredLiteralTest" time="0"/>
  <testcase name="testGetShort[C:true R:false U:false D:false force:true]" classname="org.apache.jena.permissions.model.SecuredLiteralTest" time="0.001"/>
  <testcase name="testGetValue[C:true R:false U:false D:false force:true]" classname="org.apache.jena.permissions.model.SecuredLiteralTest" time="0"/>
  <testcase name="testGetDatatypeURI[C:true R:false U:false D:false force:true]" classname="org.apache.jena.permissions.model.SecuredLiteralTest" time="0"/>
  <testcase name="testGetDatatype[C:true R:false U:false D:false force:true]" classname="org.apache.jena.permissions.model.SecuredLiteralTest" time="0"/>
  <testcase name="testGetByte[C:true R:false U:false D:false force:true]" classname="org.apache.jena.permissions.model.SecuredLiteralTest" time="0"/>
  <testcase name="testGetChar[C:true R:false U:false D:false force:true]" classname="org.apache.jena.permissions.model.SecuredLiteralTest" time="0.001"/>
  <testcase name="testGetLong[C:true R:false U:false D:false force:true]" classname="org.apache.jena.permissions.model.SecuredLiteralTest" time="0"/>
  <testcase name="testAsResource[C:true R:false U:false D:false force:true]" classname="org.apache.jena.permissions.model.SecuredLiteralTest" time="0"/>
  <testcase name="testGetLanguage[C:true R:false U:false D:false force:true]" classname="org.apache.jena.permissions.model.SecuredLiteralTest" time="0"/>
  <testcase name="testGetLexicalForm[C:true R:false U:false D:false force:true]" classname="org.apache.jena.permissions.model.SecuredLiteralTest" time="0"/>
  <testcase name="sameValueAs[C:true R:false U:false D:false force:true]" classname="org.apache.jena.permissions.model.SecuredLiteralTest" time="0"/>
  <testcase name="testGetBoolean[C:true R:false U:false D:false force:true]" classname="org.apache.jena.permissions.model.SecuredLiteralTest" time="0"/>
  <testcase name="testIsWellFormedXML[C:true R:false U:false D:false force:true]" classname="org.apache.jena.permissions.model.SecuredLiteralTest" time="0"/>
  <testcase name="testGetDouble[C:true R:false U:false D:false force:true]" classname="org.apache.jena.permissions.model.SecuredLiteralTest" time="0"/>
  <testcase name="testGetInt[C:true R:false U:false D:false force:true]" classname="org.apache.jena.permissions.model.SecuredLiteralTest" time="0"/>
  <testcase name="testGetString[C:true R:false U:false D:false force:true]" classname="org.apache.jena.permissions.model.SecuredLiteralTest" time="0"/>
  <testcase name="testAsLiteral[C:true R:false U:false D:false force:true]" classname="org.apache.jena.permissions.model.SecuredLiteralTest" time="0.001"/>
  <testcase name="testGetModel[C:true R:false U:false D:false force:true]" classname="org.apache.jena.permissions.model.SecuredLiteralTest" time="0"/>
  <testcase name="testCanAs[C:true R:false U:false D:false force:true]" classname="org.apache.jena.permissions.model.SecuredLiteralTest" time="0"/>
  <testcase name="testAsNode[C:true R:false U:false D:false force:true]" classname="org.apache.jena.permissions.model.SecuredLiteralTest" time="0"/>
  <testcase name="testInModel[C:true R:false U:false D:false force:true]" classname="org.apache.jena.permissions.model.SecuredLiteralTest" time="0"/>
  <testcase name="testGetFloat[C:true R:false U:false D:false force:false]" classname="org.apache.jena.permissions.model.SecuredLiteralTest" time="0.001"/>
  <testcase name="testGetShort[C:true R:false U:false D:false force:false]" classname="org.apache.jena.permissions.model.SecuredLiteralTest" time="0"/>
  <testcase name="testGetValue[C:true R:false U:false D:false force:false]" classname="org.apache.jena.permissions.model.SecuredLiteralTest" time="0"/>
  <testcase name="testGetDatatypeURI[C:true R:false U:false D:false force:false]" classname="org.apache.jena.permissions.model.SecuredLiteralTest" time="0.001"/>
  <testcase name="testGetDatatype[C:true R:false U:false D:false force:false]" classname="org.apache.jena.permissions.model.SecuredLiteralTest" time="0.001"/>
  <testcase name="testGetByte[C:true R:false U:false D:false force:false]" classname="org.apache.jena.permissions.model.SecuredLiteralTest" time="0"/>
  <testcase name="testGetChar[C:true R:false U:false D:false force:false]" classname="org.apache.jena.permissions.model.SecuredLiteralTest" time="0"/>
  <testcase name="testGetLong[C:true R:false U:false D:false force:false]" classname="org.apache.jena.permissions.model.SecuredLiteralTest" time="0"/>
  <testcase name="testAsResource[C:true R:false U:false D:false force:false]" classname="org.apache.jena.permissions.model.SecuredLiteralTest" time="0"/>
  <testcase name="testGetLanguage[C:true R:false U:false D:false force:false]" classname="org.apache.jena.permissions.model.SecuredLiteralTest" time="0.001"/>
  <testcase name="testGetLexicalForm[C:true R:false U:false D:false force:false]" classname="org.apache.jena.permissions.model.SecuredLiteralTest" time="0"/>
  <testcase name="sameValueAs[C:true R:false U:false D:false force:false]" classname="org.apache.jena.permissions.model.SecuredLiteralTest" time="0"/>
  <testcase name="testGetBoolean[C:true R:false U:false D:false force:false]" classname="org.apache.jena.permissions.model.SecuredLiteralTest" time="0.001"/>
  <testcase name="testIsWellFormedXML[C:true R:false U:false D:false force:false]" classname="org.apache.jena.permissions.model.SecuredLiteralTest" time="0.002"/>
  <testcase name="testGetDouble[C:true R:false U:false D:false force:false]" classname="org.apache.jena.permissions.model.SecuredLiteralTest" time="0"/>
  <testcase name="testGetInt[C:true R:false U:false D:false force:false]" classname="org.apache.jena.permissions.model.SecuredLiteralTest" time="0"/>
  <testcase name="testGetString[C:true R:false U:false D:false force:false]" classname="org.apache.jena.permissions.model.SecuredLiteralTest" time="0.002"/>
  <testcase name="testAsLiteral[C:true R:false U:false D:false force:false]" classname="org.apache.jena.permissions.model.SecuredLiteralTest" time="0"/>
  <testcase name="testGetModel[C:true R:false U:false D:false force:false]" classname="org.apache.jena.permissions.model.SecuredLiteralTest" time="0"/>
  <testcase name="testCanAs[C:true R:false U:false D:false force:false]" classname="org.apache.jena.permissions.model.SecuredLiteralTest" time="0"/>
  <testcase name="testAsNode[C:true R:false U:false D:false force:false]" classname="org.apache.jena.permissions.model.SecuredLiteralTest" time="0"/>
  <testcase name="testInModel[C:true R:false U:false D:false force:false]" classname="org.apache.jena.permissions.model.SecuredLiteralTest" time="0.001"/>
  <testcase name="testGetFloat[C:false R:true U:true D:true force:true]" classname="org.apache.jena.permissions.model.SecuredLiteralTest" time="0"/>
  <testcase name="testGetShort[C:false R:true U:true D:true force:true]" classname="org.apache.jena.permissions.model.SecuredLiteralTest" time="0"/>
  <testcase name="testGetValue[C:false R:true U:true D:true force:true]" classname="org.apache.jena.permissions.model.SecuredLiteralTest" time="0"/>
  <testcase name="testGetDatatypeURI[C:false R:true U:true D:true force:true]" classname="org.apache.jena.permissions.model.SecuredLiteralTest" time="0.001"/>
  <testcase name="testGetDatatype[C:false R:true U:true D:true force:true]" classname="org.apache.jena.permissions.model.SecuredLiteralTest" time="0"/>
  <testcase name="testGetByte[C:false R:true U:true D:true force:true]" classname="org.apache.jena.permissions.model.SecuredLiteralTest" time="0"/>
  <testcase name="testGetChar[C:false R:true U:true D:true force:true]" classname="org.apache.jena.permissions.model.SecuredLiteralTest" time="0"/>
  <testcase name="testGetLong[C:false R:true U:true D:true force:true]" classname="org.apache.jena.permissions.model.SecuredLiteralTest" time="0"/>
  <testcase name="testAsResource[C:false R:true U:true D:true force:true]" classname="org.apache.jena.permissions.model.SecuredLiteralTest" time="0"/>
  <testcase name="testGetLanguage[C:false R:true U:true D:true force:true]" classname="org.apache.jena.permissions.model.SecuredLiteralTest" time="0"/>
  <testcase name="testGetLexicalForm[C:false R:true U:true D:true force:true]" classname="org.apache.jena.permissions.model.SecuredLiteralTest" time="0.001"/>
  <testcase name="sameValueAs[C:false R:true U:true D:true force:true]" classname="org.apache.jena.permissions.model.SecuredLiteralTest" time="0"/>
  <testcase name="testGetBoolean[C:false R:true U:true D:true force:true]" classname="org.apache.jena.permissions.model.SecuredLiteralTest" time="0"/>
  <testcase name="testIsWellFormedXML[C:false R:true U:true D:true force:true]" classname="org.apache.jena.permissions.model.SecuredLiteralTest" time="0"/>
  <testcase name="testGetDouble[C:false R:true U:true D:true force:true]" classname="org.apache.jena.permissions.model.SecuredLiteralTest" time="0"/>
  <testcase name="testGetInt[C:false R:true U:true D:true force:true]" classname="org.apache.jena.permissions.model.SecuredLiteralTest" time="0"/>
  <testcase name="testGetString[C:false R:true U:true D:true force:true]" classname="org.apache.jena.permissions.model.SecuredLiteralTest" time="0"/>
  <testcase name="testAsLiteral[C:false R:true U:true D:true force:true]" classname="org.apache.jena.permissions.model.SecuredLiteralTest" time="0.001"/>
  <testcase name="testGetModel[C:false R:true U:true D:true force:true]" classname="org.apache.jena.permissions.model.SecuredLiteralTest" time="0"/>
  <testcase name="testCanAs[C:false R:true U:true D:true force:true]" classname="org.apache.jena.permissions.model.SecuredLiteralTest" time="0"/>
  <testcase name="testAsNode[C:false R:true U:true D:true force:true]" classname="org.apache.jena.permissions.model.SecuredLiteralTest" time="0"/>
  <testcase name="testInModel[C:false R:true U:true D:true force:true]" classname="org.apache.jena.permissions.model.SecuredLiteralTest" time="0"/>
  <testcase name="testGetFloat[C:false R:true U:true D:true force:false]" classname="org.apache.jena.permissions.model.SecuredLiteralTest" time="0"/>
  <testcase name="testGetShort[C:false R:true U:true D:true force:false]" classname="org.apache.jena.permissions.model.SecuredLiteralTest" time="0"/>
  <testcase name="testGetValue[C:false R:true U:true D:true force:false]" classname="org.apache.jena.permissions.model.SecuredLiteralTest" time="0"/>
  <testcase name="testGetDatatypeURI[C:false R:true U:true D:true force:false]" classname="org.apache.jena.permissions.model.SecuredLiteralTest" time="0"/>
  <testcase name="testGetDatatype[C:false R:true U:true D:true force:false]" classname="org.apache.jena.permissions.model.SecuredLiteralTest" time="0"/>
  <testcase name="testGetByte[C:false R:true U:true D:true force:false]" classname="org.apache.jena.permissions.model.SecuredLiteralTest" time="0"/>
  <testcase name="testGetChar[C:false R:true U:true D:true force:false]" classname="org.apache.jena.permissions.model.SecuredLiteralTest" time="0"/>
  <testcase name="testGetLong[C:false R:true U:true D:true force:false]" classname="org.apache.jena.permissions.model.SecuredLiteralTest" time="0.001"/>
  <testcase name="testAsResource[C:false R:true U:true D:true force:false]" classname="org.apache.jena.permissions.model.SecuredLiteralTest" time="0"/>
  <testcase name="testGetLanguage[C:false R:true U:true D:true force:false]" classname="org.apache.jena.permissions.model.SecuredLiteralTest" time="0"/>
  <testcase name="testGetLexicalForm[C:false R:true U:true D:true force:false]" classname="org.apache.jena.permissions.model.SecuredLiteralTest" time="0"/>
  <testcase name="sameValueAs[C:false R:true U:true D:true force:false]" classname="org.apache.jena.permissions.model.SecuredLiteralTest" time="0"/>
  <testcase name="testGetBoolean[C:false R:true U:true D:true force:false]" classname="org.apache.jena.permissions.model.SecuredLiteralTest" time="0"/>
  <testcase name="testIsWellFormedXML[C:false R:true U:true D:true force:false]" classname="org.apache.jena.permissions.model.SecuredLiteralTest" time="0"/>
  <testcase name="testGetDouble[C:false R:true U:true D:true force:false]" classname="org.apache.jena.permissions.model.SecuredLiteralTest" time="0"/>
  <testcase name="testGetInt[C:false R:true U:true D:true force:false]" classname="org.apache.jena.permissions.model.SecuredLiteralTest" time="0"/>
  <testcase name="testGetString[C:false R:true U:true D:true force:false]" classname="org.apache.jena.permissions.model.SecuredLiteralTest" time="0"/>
  <testcase name="testAsLiteral[C:false R:true U:true D:true force:false]" classname="org.apache.jena.permissions.model.SecuredLiteralTest" time="0"/>
  <testcase name="testGetModel[C:false R:true U:true D:true force:false]" classname="org.apache.jena.permissions.model.SecuredLiteralTest" time="0"/>
  <testcase name="testCanAs[C:false R:true U:true D:true force:false]" classname="org.apache.jena.permissions.model.SecuredLiteralTest" time="0"/>
  <testcase name="testAsNode[C:false R:true U:true D:true force:false]" classname="org.apache.jena.permissions.model.SecuredLiteralTest" time="0"/>
  <testcase name="testInModel[C:false R:true U:true D:true force:false]" classname="org.apache.jena.permissions.model.SecuredLiteralTest" time="0"/>
  <testcase name="testGetFloat[C:false R:true U:true D:false force:true]" classname="org.apache.jena.permissions.model.SecuredLiteralTest" time="0"/>
  <testcase name="testGetShort[C:false R:true U:true D:false force:true]" classname="org.apache.jena.permissions.model.SecuredLiteralTest" time="0"/>
  <testcase name="testGetValue[C:false R:true U:true D:false force:true]" classname="org.apache.jena.permissions.model.SecuredLiteralTest" time="0.001"/>
  <testcase name="testGetDatatypeURI[C:false R:true U:true D:false force:true]" classname="org.apache.jena.permissions.model.SecuredLiteralTest" time="0"/>
  <testcase name="testGetDatatype[C:false R:true U:true D:false force:true]" classname="org.apache.jena.permissions.model.SecuredLiteralTest" time="0"/>
  <testcase name="testGetByte[C:false R:true U:true D:false force:true]" classname="org.apache.jena.permissions.model.SecuredLiteralTest" time="0"/>
  <testcase name="testGetChar[C:false R:true U:true D:false force:true]" classname="org.apache.jena.permissions.model.SecuredLiteralTest" time="0"/>
  <testcase name="testGetLong[C:false R:true U:true D:false force:true]" classname="org.apache.jena.permissions.model.SecuredLiteralTest" time="0"/>
  <testcase name="testAsResource[C:false R:true U:true D:false force:true]" classname="org.apache.jena.permissions.model.SecuredLiteralTest" time="0"/>
  <testcase name="testGetLanguage[C:false R:true U:true D:false force:true]" classname="org.apache.jena.permissions.model.SecuredLiteralTest" time="0"/>
  <testcase name="testGetLexicalForm[C:false R:true U:true D:false force:true]" classname="org.apache.jena.permissions.model.SecuredLiteralTest" time="0"/>
  <testcase name="sameValueAs[C:false R:true U:true D:false force:true]" classname="org.apache.jena.permissions.model.SecuredLiteralTest" time="0"/>
  <testcase name="testGetBoolean[C:false R:true U:true D:false force:true]" classname="org.apache.jena.permissions.model.SecuredLiteralTest" time="0"/>
  <testcase name="testIsWellFormedXML[C:false R:true U:true D:false force:true]" classname="org.apache.jena.permissions.model.SecuredLiteralTest" time="0"/>
  <testcase name="testGetDouble[C:false R:true U:true D:false force:true]" classname="org.apache.jena.permissions.model.SecuredLiteralTest" time="0"/>
  <testcase name="testGetInt[C:false R:true U:true D:false force:true]" classname="org.apache.jena.permissions.model.SecuredLiteralTest" time="0"/>
  <testcase name="testGetString[C:false R:true U:true D:false force:true]" classname="org.apache.jena.permissions.model.SecuredLiteralTest" time="0"/>
  <testcase name="testAsLiteral[C:false R:true U:true D:false force:true]" classname="org.apache.jena.permissions.model.SecuredLiteralTest" time="0"/>
  <testcase name="testGetModel[C:false R:true U:true D:false force:true]" classname="org.apache.jena.permissions.model.SecuredLiteralTest" time="0"/>
  <testcase name="testCanAs[C:false R:true U:true D:false force:true]" classname="org.apache.jena.permissions.model.SecuredLiteralTest" time="0"/>
  <testcase name="testAsNode[C:false R:true U:true D:false force:true]" classname="org.apache.jena.permissions.model.SecuredLiteralTest" time="0"/>
  <testcase name="testInModel[C:false R:true U:true D:false force:true]" classname="org.apache.jena.permissions.model.SecuredLiteralTest" time="0"/>
  <testcase name="testGetFloat[C:false R:true U:true D:false force:false]" classname="org.apache.jena.permissions.model.SecuredLiteralTest" time="0"/>
  <testcase name="testGetShort[C:false R:true U:true D:false force:false]" classname="org.apache.jena.permissions.model.SecuredLiteralTest" time="0"/>
  <testcase name="testGetValue[C:false R:true U:true D:false force:false]" classname="org.apache.jena.permissions.model.SecuredLiteralTest" time="0"/>
  <testcase name="testGetDatatypeURI[C:false R:true U:true D:false force:false]" classname="org.apache.jena.permissions.model.SecuredLiteralTest" time="0.001"/>
  <testcase name="testGetDatatype[C:false R:true U:true D:false force:false]" classname="org.apache.jena.permissions.model.SecuredLiteralTest" time="0"/>
  <testcase name="testGetByte[C:false R:true U:true D:false force:false]" classname="org.apache.jena.permissions.model.SecuredLiteralTest" time="0"/>
  <testcase name="testGetChar[C:false R:true U:true D:false force:false]" classname="org.apache.jena.permissions.model.SecuredLiteralTest" time="0"/>
  <testcase name="testGetLong[C:false R:true U:true D:false force:false]" classname="org.apache.jena.permissions.model.SecuredLiteralTest" time="0"/>
  <testcase name="testAsResource[C:false R:true U:true D:false force:false]" classname="org.apache.jena.permissions.model.SecuredLiteralTest" time="0"/>
  <testcase name="testGetLanguage[C:false R:true U:true D:false force:false]" classname="org.apache.jena.permissions.model.SecuredLiteralTest" time="0"/>
  <testcase name="testGetLexicalForm[C:false R:true U:true D:false force:false]" classname="org.apache.jena.permissions.model.SecuredLiteralTest" time="0"/>
  <testcase name="sameValueAs[C:false R:true U:true D:false force:false]" classname="org.apache.jena.permissions.model.SecuredLiteralTest" time="0.001"/>
  <testcase name="testGetBoolean[C:false R:true U:true D:false force:false]" classname="org.apache.jena.permissions.model.SecuredLiteralTest" time="0"/>
  <testcase name="testIsWellFormedXML[C:false R:true U:true D:false force:false]" classname="org.apache.jena.permissions.model.SecuredLiteralTest" time="0"/>
  <testcase name="testGetDouble[C:false R:true U:true D:false force:false]" classname="org.apache.jena.permissions.model.SecuredLiteralTest" time="0"/>
  <testcase name="testGetInt[C:false R:true U:true D:false force:false]" classname="org.apache.jena.permissions.model.SecuredLiteralTest" time="0"/>
  <testcase name="testGetString[C:false R:true U:true D:false force:false]" classname="org.apache.jena.permissions.model.SecuredLiteralTest" time="0"/>
  <testcase name="testAsLiteral[C:false R:true U:true D:false force:false]" classname="org.apache.jena.permissions.model.SecuredLiteralTest" time="0"/>
  <testcase name="testGetModel[C:false R:true U:true D:false force:false]" classname="org.apache.jena.permissions.model.SecuredLiteralTest" time="0"/>
  <testcase name="testCanAs[C:false R:true U:true D:false force:false]" classname="org.apache.jena.permissions.model.SecuredLiteralTest" time="0.001"/>
  <testcase name="testAsNode[C:false R:true U:true D:false force:false]" classname="org.apache.jena.permissions.model.SecuredLiteralTest" time="0"/>
  <testcase name="testInModel[C:false R:true U:true D:false force:false]" classname="org.apache.jena.permissions.model.SecuredLiteralTest" time="0"/>
  <testcase name="testGetFloat[C:false R:true U:false D:true force:true]" classname="org.apache.jena.permissions.model.SecuredLiteralTest" time="0.006"/>
  <testcase name="testGetShort[C:false R:true U:false D:true force:true]" classname="org.apache.jena.permissions.model.SecuredLiteralTest" time="0"/>
  <testcase name="testGetValue[C:false R:true U:false D:true force:true]" classname="org.apache.jena.permissions.model.SecuredLiteralTest" time="0"/>
  <testcase name="testGetDatatypeURI[C:false R:true U:false D:true force:true]" classname="org.apache.jena.permissions.model.SecuredLiteralTest" time="0"/>
  <testcase name="testGetDatatype[C:false R:true U:false D:true force:true]" classname="org.apache.jena.permissions.model.SecuredLiteralTest" time="0.001"/>
  <testcase name="testGetByte[C:false R:true U:false D:true force:true]" classname="org.apache.jena.permissions.model.SecuredLiteralTest" time="0"/>
  <testcase name="testGetChar[C:false R:true U:false D:true force:true]" classname="org.apache.jena.permissions.model.SecuredLiteralTest" time="0"/>
  <testcase name="testGetLong[C:false R:true U:false D:true force:true]" classname="org.apache.jena.permissions.model.SecuredLiteralTest" time="0"/>
  <testcase name="testAsResource[C:false R:true U:false D:true force:true]" classname="org.apache.jena.permissions.model.SecuredLiteralTest" time="0"/>
  <testcase name="testGetLanguage[C:false R:true U:false D:true force:true]" classname="org.apache.jena.permissions.model.SecuredLiteralTest" time="0"/>
  <testcase name="testGetLexicalForm[C:false R:true U:false D:true force:true]" classname="org.apache.jena.permissions.model.SecuredLiteralTest" time="0"/>
  <testcase name="sameValueAs[C:false R:true U:false D:true force:true]" classname="org.apache.jena.permissions.model.SecuredLiteralTest" time="0"/>
  <testcase name="testGetBoolean[C:false R:true U:false D:true force:true]" classname="org.apache.jena.permissions.model.SecuredLiteralTest" time="0"/>
  <testcase name="testIsWellFormedXML[C:false R:true U:false D:true force:true]" classname="org.apache.jena.permissions.model.SecuredLiteralTest" time="0"/>
  <testcase name="testGetDouble[C:false R:true U:false D:true force:true]" classname="org.apache.jena.permissions.model.SecuredLiteralTest" time="0"/>
  <testcase name="testGetInt[C:false R:true U:false D:true force:true]" classname="org.apache.jena.permissions.model.SecuredLiteralTest" time="0"/>
  <testcase name="testGetString[C:false R:true U:false D:true force:true]" classname="org.apache.jena.permissions.model.SecuredLiteralTest" time="0"/>
  <testcase name="testAsLiteral[C:false R:true U:false D:true force:true]" classname="org.apache.jena.permissions.model.SecuredLiteralTest" time="0"/>
  <testcase name="testGetModel[C:false R:true U:false D:true force:true]" classname="org.apache.jena.permissions.model.SecuredLiteralTest" time="0"/>
  <testcase name="testCanAs[C:false R:true U:false D:true force:true]" classname="org.apache.jena.permissions.model.SecuredLiteralTest" time="0"/>
  <testcase name="testAsNode[C:false R:true U:false D:true force:true]" classname="org.apache.jena.permissions.model.SecuredLiteralTest" time="0"/>
  <testcase name="testInModel[C:false R:true U:false D:true force:true]" classname="org.apache.jena.permissions.model.SecuredLiteralTest" time="0"/>
  <testcase name="testGetFloat[C:false R:true U:false D:true force:false]" classname="org.apache.jena.permissions.model.SecuredLiteralTest" time="0"/>
  <testcase name="testGetShort[C:false R:true U:false D:true force:false]" classname="org.apache.jena.permissions.model.SecuredLiteralTest" time="0"/>
  <testcase name="testGetValue[C:false R:true U:false D:true force:false]" classname="org.apache.jena.permissions.model.SecuredLiteralTest" time="0"/>
  <testcase name="testGetDatatypeURI[C:false R:true U:false D:true force:false]" classname="org.apache.jena.permissions.model.SecuredLiteralTest" time="0"/>
  <testcase name="testGetDatatype[C:false R:true U:false D:true force:false]" classname="org.apache.jena.permissions.model.SecuredLiteralTest" time="0"/>
  <testcase name="testGetByte[C:false R:true U:false D:true force:false]" classname="org.apache.jena.permissions.model.SecuredLiteralTest" time="0.001"/>
  <testcase name="testGetChar[C:false R:true U:false D:true force:false]" classname="org.apache.jena.permissions.model.SecuredLiteralTest" time="0"/>
  <testcase name="testGetLong[C:false R:true U:false D:true force:false]" classname="org.apache.jena.permissions.model.SecuredLiteralTest" time="0"/>
  <testcase name="testAsResource[C:false R:true U:false D:true force:false]" classname="org.apache.jena.permissions.model.SecuredLiteralTest" time="0"/>
  <testcase name="testGetLanguage[C:false R:true U:false D:true force:false]" classname="org.apache.jena.permissions.model.SecuredLiteralTest" time="0"/>
  <testcase name="testGetLexicalForm[C:false R:true U:false D:true force:false]" classname="org.apache.jena.permissions.model.SecuredLiteralTest" time="0"/>
  <testcase name="sameValueAs[C:false R:true U:false D:true force:false]" classname="org.apache.jena.permissions.model.SecuredLiteralTest" time="0"/>
  <testcase name="testGetBoolean[C:false R:true U:false D:true force:false]" classname="org.apache.jena.permissions.model.SecuredLiteralTest" time="0.001"/>
  <testcase name="testIsWellFormedXML[C:false R:true U:false D:true force:false]" classname="org.apache.jena.permissions.model.SecuredLiteralTest" time="0"/>
  <testcase name="testGetDouble[C:false R:true U:false D:true force:false]" classname="org.apache.jena.permissions.model.SecuredLiteralTest" time="0"/>
  <testcase name="testGetInt[C:false R:true U:false D:true force:false]" classname="org.apache.jena.permissions.model.SecuredLiteralTest" time="0"/>
  <testcase name="testGetString[C:false R:true U:false D:true force:false]" classname="org.apache.jena.permissions.model.SecuredLiteralTest" time="0"/>
  <testcase name="testAsLiteral[C:false R:true U:false D:true force:false]" classname="org.apache.jena.permissions.model.SecuredLiteralTest" time="0"/>
  <testcase name="testGetModel[C:false R:true U:false D:true force:false]" classname="org.apache.jena.permissions.model.SecuredLiteralTest" time="0"/>
  <testcase name="testCanAs[C:false R:true U:false D:true force:false]" classname="org.apache.jena.permissions.model.SecuredLiteralTest" time="0"/>
  <testcase name="testAsNode[C:false R:true U:false D:true force:false]" classname="org.apache.jena.permissions.model.SecuredLiteralTest" time="0"/>
  <testcase name="testInModel[C:false R:true U:false D:true force:false]" classname="org.apache.jena.permissions.model.SecuredLiteralTest" time="0"/>
  <testcase name="testGetFloat[C:false R:true U:false D:false force:true]" classname="org.apache.jena.permissions.model.SecuredLiteralTest" time="0"/>
  <testcase name="testGetShort[C:false R:true U:false D:false force:true]" classname="org.apache.jena.permissions.model.SecuredLiteralTest" time="0"/>
  <testcase name="testGetValue[C:false R:true U:false D:false force:true]" classname="org.apache.jena.permissions.model.SecuredLiteralTest" time="0"/>
  <testcase name="testGetDatatypeURI[C:false R:true U:false D:false force:true]" classname="org.apache.jena.permissions.model.SecuredLiteralTest" time="0"/>
  <testcase name="testGetDatatype[C:false R:true U:false D:false force:true]" classname="org.apache.jena.permissions.model.SecuredLiteralTest" time="0"/>
  <testcase name="testGetByte[C:false R:true U:false D:false force:true]" classname="org.apache.jena.permissions.model.SecuredLiteralTest" time="0"/>
  <testcase name="testGetChar[C:false R:true U:false D:false force:true]" classname="org.apache.jena.permissions.model.SecuredLiteralTest" time="0.001"/>
  <testcase name="testGetLong[C:false R:true U:false D:false force:true]" classname="org.apache.jena.permissions.model.SecuredLiteralTest" time="0"/>
  <testcase name="testAsResource[C:false R:true U:false D:false force:true]" classname="org.apache.jena.permissions.model.SecuredLiteralTest" time="0"/>
  <testcase name="testGetLanguage[C:false R:true U:false D:false force:true]" classname="org.apache.jena.permissions.model.SecuredLiteralTest" time="0"/>
  <testcase name="testGetLexicalForm[C:false R:true U:false D:false force:true]" classname="org.apache.jena.permissions.model.SecuredLiteralTest" time="0"/>
  <testcase name="sameValueAs[C:false R:true U:false D:false force:true]" classname="org.apache.jena.permissions.model.SecuredLiteralTest" time="0"/>
  <testcase name="testGetBoolean[C:false R:true U:false D:false force:true]" classname="org.apache.jena.permissions.model.SecuredLiteralTest" time="0"/>
  <testcase name="testIsWellFormedXML[C:false R:true U:false D:false force:true]" classname="org.apache.jena.permissions.model.SecuredLiteralTest" time="0"/>
  <testcase name="testGetDouble[C:false R:true U:false D:false force:true]" classname="org.apache.jena.permissions.model.SecuredLiteralTest" time="0.001"/>
  <testcase name="testGetInt[C:false R:true U:false D:false force:true]" classname="org.apache.jena.permissions.model.SecuredLiteralTest" time="0"/>
  <testcase name="testGetString[C:false R:true U:false D:false force:true]" classname="org.apache.jena.permissions.model.SecuredLiteralTest" time="0.005"/>
  <testcase name="testAsLiteral[C:false R:true U:false D:false force:true]" classname="org.apache.jena.permissions.model.SecuredLiteralTest" time="0"/>
  <testcase name="testGetModel[C:false R:true U:false D:false force:true]" classname="org.apache.jena.permissions.model.SecuredLiteralTest" time="0"/>
  <testcase name="testCanAs[C:false R:true U:false D:false force:true]" classname="org.apache.jena.permissions.model.SecuredLiteralTest" time="0"/>
  <testcase name="testAsNode[C:false R:true U:false D:false force:true]" classname="org.apache.jena.permissions.model.SecuredLiteralTest" time="0"/>
  <testcase name="testInModel[C:false R:true U:false D:false force:true]" classname="org.apache.jena.permissions.model.SecuredLiteralTest" time="0"/>
  <testcase name="testGetFloat[C:false R:true U:false D:false force:false]" classname="org.apache.jena.permissions.model.SecuredLiteralTest" time="0"/>
  <testcase name="testGetShort[C:false R:true U:false D:false force:false]" classname="org.apache.jena.permissions.model.SecuredLiteralTest" time="0"/>
  <testcase name="testGetValue[C:false R:true U:false D:false force:false]" classname="org.apache.jena.permissions.model.SecuredLiteralTest" time="0.001"/>
  <testcase name="testGetDatatypeURI[C:false R:true U:false D:false force:false]" classname="org.apache.jena.permissions.model.SecuredLiteralTest" time="0"/>
  <testcase name="testGetDatatype[C:false R:true U:false D:false force:false]" classname="org.apache.jena.permissions.model.SecuredLiteralTest" time="0"/>
  <testcase name="testGetByte[C:false R:true U:false D:false force:false]" classname="org.apache.jena.permissions.model.SecuredLiteralTest" time="0"/>
  <testcase name="testGetChar[C:false R:true U:false D:false force:false]" classname="org.apache.jena.permissions.model.SecuredLiteralTest" time="0"/>
  <testcase name="testGetLong[C:false R:true U:false D:false force:false]" classname="org.apache.jena.permissions.model.SecuredLiteralTest" time="0"/>
  <testcase name="testAsResource[C:false R:true U:false D:false force:false]" classname="org.apache.jena.permissions.model.SecuredLiteralTest" time="0"/>
  <testcase name="testGetLanguage[C:false R:true U:false D:false force:false]" classname="org.apache.jena.permissions.model.SecuredLiteralTest" time="0"/>
  <testcase name="testGetLexicalForm[C:false R:true U:false D:false force:false]" classname="org.apache.jena.permissions.model.SecuredLiteralTest" time="0"/>
  <testcase name="sameValueAs[C:false R:true U:false D:false force:false]" classname="org.apache.jena.permissions.model.SecuredLiteralTest" time="0"/>
  <testcase name="testGetBoolean[C:false R:true U:false D:false force:false]" classname="org.apache.jena.permissions.model.SecuredLiteralTest" time="0"/>
  <testcase name="testIsWellFormedXML[C:false R:true U:false D:false force:false]" classname="org.apache.jena.permissions.model.SecuredLiteralTest" time="0"/>
  <testcase name="testGetDouble[C:false R:true U:false D:false force:false]" classname="org.apache.jena.permissions.model.SecuredLiteralTest" time="0"/>
  <testcase name="testGetInt[C:false R:true U:false D:false force:false]" classname="org.apache.jena.permissions.model.SecuredLiteralTest" time="0"/>
  <testcase name="testGetString[C:false R:true U:false D:false force:false]" classname="org.apache.jena.permissions.model.SecuredLiteralTest" time="0"/>
  <testcase name="testAsLiteral[C:false R:true U:false D:false force:false]" classname="org.apache.jena.permissions.model.SecuredLiteralTest" time="0"/>
  <testcase name="testGetModel[C:false R:true U:false D:false force:false]" classname="org.apache.jena.permissions.model.SecuredLiteralTest" time="0"/>
  <testcase name="testCanAs[C:false R:true U:false D:false force:false]" classname="org.apache.jena.permissions.model.SecuredLiteralTest" time="0"/>
  <testcase name="testAsNode[C:false R:true U:false D:false force:false]" classname="org.apache.jena.permissions.model.SecuredLiteralTest" time="0"/>
  <testcase name="testInModel[C:false R:true U:false D:false force:false]" classname="org.apache.jena.permissions.model.SecuredLiteralTest" time="0"/>
  <testcase name="testGetFloat[C:false R:false U:true D:true force:true]" classname="org.apache.jena.permissions.model.SecuredLiteralTest" time="0"/>
  <testcase name="testGetShort[C:false R:false U:true D:true force:true]" classname="org.apache.jena.permissions.model.SecuredLiteralTest" time="0"/>
  <testcase name="testGetValue[C:false R:false U:true D:true force:true]" classname="org.apache.jena.permissions.model.SecuredLiteralTest" time="0"/>
  <testcase name="testGetDatatypeURI[C:false R:false U:true D:true force:true]" classname="org.apache.jena.permissions.model.SecuredLiteralTest" time="0.001"/>
  <testcase name="testGetDatatype[C:false R:false U:true D:true force:true]" classname="org.apache.jena.permissions.model.SecuredLiteralTest" time="0"/>
  <testcase name="testGetByte[C:false R:false U:true D:true force:true]" classname="org.apache.jena.permissions.model.SecuredLiteralTest" time="0"/>
  <testcase name="testGetChar[C:false R:false U:true D:true force:true]" classname="org.apache.jena.permissions.model.SecuredLiteralTest" time="0"/>
  <testcase name="testGetLong[C:false R:false U:true D:true force:true]" classname="org.apache.jena.permissions.model.SecuredLiteralTest" time="0"/>
  <testcase name="testAsResource[C:false R:false U:true D:true force:true]" classname="org.apache.jena.permissions.model.SecuredLiteralTest" time="0"/>
  <testcase name="testGetLanguage[C:false R:false U:true D:true force:true]" classname="org.apache.jena.permissions.model.SecuredLiteralTest" time="0"/>
  <testcase name="testGetLexicalForm[C:false R:false U:true D:true force:true]" classname="org.apache.jena.permissions.model.SecuredLiteralTest" time="0.001"/>
  <testcase name="sameValueAs[C:false R:false U:true D:true force:true]" classname="org.apache.jena.permissions.model.SecuredLiteralTest" time="0"/>
  <testcase name="testGetBoolean[C:false R:false U:true D:true force:true]" classname="org.apache.jena.permissions.model.SecuredLiteralTest" time="0"/>
  <testcase name="testIsWellFormedXML[C:false R:false U:true D:true force:true]" classname="org.apache.jena.permissions.model.SecuredLiteralTest" time="0"/>
  <testcase name="testGetDouble[C:false R:false U:true D:true force:true]" classname="org.apache.jena.permissions.model.SecuredLiteralTest" time="0"/>
  <testcase name="testGetInt[C:false R:false U:true D:true force:true]" classname="org.apache.jena.permissions.model.SecuredLiteralTest" time="0"/>
  <testcase name="testGetString[C:false R:false U:true D:true force:true]" classname="org.apache.jena.permissions.model.SecuredLiteralTest" time="0.001"/>
  <testcase name="testAsLiteral[C:false R:false U:true D:true force:true]" classname="org.apache.jena.permissions.model.SecuredLiteralTest" time="0"/>
  <testcase name="testGetModel[C:false R:false U:true D:true force:true]" classname="org.apache.jena.permissions.model.SecuredLiteralTest" time="0"/>
  <testcase name="testCanAs[C:false R:false U:true D:true force:true]" classname="org.apache.jena.permissions.model.SecuredLiteralTest" time="0"/>
  <testcase name="testAsNode[C:false R:false U:true D:true force:true]" classname="org.apache.jena.permissions.model.SecuredLiteralTest" time="0"/>
  <testcase name="testInModel[C:false R:false U:true D:true force:true]" classname="org.apache.jena.permissions.model.SecuredLiteralTest" time="0"/>
  <testcase name="testGetFloat[C:false R:false U:true D:true force:false]" classname="org.apache.jena.permissions.model.SecuredLiteralTest" time="0"/>
  <testcase name="testGetShort[C:false R:false U:true D:true force:false]" classname="org.apache.jena.permissions.model.SecuredLiteralTest" time="0"/>
  <testcase name="testGetValue[C:false R:false U:true D:true force:false]" classname="org.apache.jena.permissions.model.SecuredLiteralTest" time="0.001"/>
  <testcase name="testGetDatatypeURI[C:false R:false U:true D:true force:false]" classname="org.apache.jena.permissions.model.SecuredLiteralTest" time="0"/>
  <testcase name="testGetDatatype[C:false R:false U:true D:true force:false]" classname="org.apache.jena.permissions.model.SecuredLiteralTest" time="0"/>
  <testcase name="testGetByte[C:false R:false U:true D:true force:false]" classname="org.apache.jena.permissions.model.SecuredLiteralTest" time="0"/>
  <testcase name="testGetChar[C:false R:false U:true D:true force:false]" classname="org.apache.jena.permissions.model.SecuredLiteralTest" time="0"/>
  <testcase name="testGetLong[C:false R:false U:true D:true force:false]" classname="org.apache.jena.permissions.model.SecuredLiteralTest" time="0"/>
  <testcase name="testAsResource[C:false R:false U:true D:true force:false]" classname="org.apache.jena.permissions.model.SecuredLiteralTest" time="0"/>
  <testcase name="testGetLanguage[C:false R:false U:true D:true force:false]" classname="org.apache.jena.permissions.model.SecuredLiteralTest" time="0.006"/>
  <testcase name="testGetLexicalForm[C:false R:false U:true D:true force:false]" classname="org.apache.jena.permissions.model.SecuredLiteralTest" time="0"/>
  <testcase name="sameValueAs[C:false R:false U:true D:true force:false]" classname="org.apache.jena.permissions.model.SecuredLiteralTest" time="0"/>
  <testcase name="testGetBoolean[C:false R:false U:true D:true force:false]" classname="org.apache.jena.permissions.model.SecuredLiteralTest" time="0.001"/>
  <testcase name="testIsWellFormedXML[C:false R:false U:true D:true force:false]" classname="org.apache.jena.permissions.model.SecuredLiteralTest" time="0"/>
  <testcase name="testGetDouble[C:false R:false U:true D:true force:false]" classname="org.apache.jena.permissions.model.SecuredLiteralTest" time="0"/>
  <testcase name="testGetInt[C:false R:false U:true D:true force:false]" classname="org.apache.jena.permissions.model.SecuredLiteralTest" time="0"/>
  <testcase name="testGetString[C:false R:false U:true D:true force:false]" classname="org.apache.jena.permissions.model.SecuredLiteralTest" time="0"/>
  <testcase name="testAsLiteral[C:false R:false U:true D:true force:false]" classname="org.apache.jena.permissions.model.SecuredLiteralTest" time="0"/>
  <testcase name="testGetModel[C:false R:false U:true D:true force:false]" classname="org.apache.jena.permissions.model.SecuredLiteralTest" time="0"/>
  <testcase name="testCanAs[C:false R:false U:true D:true force:false]" classname="org.apache.jena.permissions.model.SecuredLiteralTest" time="0"/>
  <testcase name="testAsNode[C:false R:false U:true D:true force:false]" classname="org.apache.jena.permissions.model.SecuredLiteralTest" time="0"/>
  <testcase name="testInModel[C:false R:false U:true D:true force:false]" classname="org.apache.jena.permissions.model.SecuredLiteralTest" time="0"/>
  <testcase name="testGetFloat[C:false R:false U:true D:false force:true]" classname="org.apache.jena.permissions.model.SecuredLiteralTest" time="0"/>
  <testcase name="testGetShort[C:false R:false U:true D:false force:true]" classname="org.apache.jena.permissions.model.SecuredLiteralTest" time="0"/>
  <testcase name="testGetValue[C:false R:false U:true D:false force:true]" classname="org.apache.jena.permissions.model.SecuredLiteralTest" time="0"/>
  <testcase name="testGetDatatypeURI[C:false R:false U:true D:false force:true]" classname="org.apache.jena.permissions.model.SecuredLiteralTest" time="0"/>
  <testcase name="testGetDatatype[C:false R:false U:true D:false force:true]" classname="org.apache.jena.permissions.model.SecuredLiteralTest" time="0.001"/>
  <testcase name="testGetByte[C:false R:false U:true D:false force:true]" classname="org.apache.jena.permissions.model.SecuredLiteralTest" time="0"/>
  <testcase name="testGetChar[C:false R:false U:true D:false force:true]" classname="org.apache.jena.permissions.model.SecuredLiteralTest" time="0"/>
  <testcase name="testGetLong[C:false R:false U:true D:false force:true]" classname="org.apache.jena.permissions.model.SecuredLiteralTest" time="0"/>
  <testcase name="testAsResource[C:false R:false U:true D:false force:true]" classname="org.apache.jena.permissions.model.SecuredLiteralTest" time="0"/>
  <testcase name="testGetLanguage[C:false R:false U:true D:false force:true]" classname="org.apache.jena.permissions.model.SecuredLiteralTest" time="0"/>
  <testcase name="testGetLexicalForm[C:false R:false U:true D:false force:true]" classname="org.apache.jena.permissions.model.SecuredLiteralTest" time="0"/>
  <testcase name="sameValueAs[C:false R:false U:true D:false force:true]" classname="org.apache.jena.permissions.model.SecuredLiteralTest" time="0"/>
  <testcase name="testGetBoolean[C:false R:false U:true D:false force:true]" classname="org.apache.jena.permissions.model.SecuredLiteralTest" time="0.001"/>
  <testcase name="testIsWellFormedXML[C:false R:false U:true D:false force:true]" classname="org.apache.jena.permissions.model.SecuredLiteralTest" time="0"/>
  <testcase name="testGetDouble[C:false R:false U:true D:false force:true]" classname="org.apache.jena.permissions.model.SecuredLiteralTest" time="0"/>
  <testcase name="testGetInt[C:false R:false U:true D:false force:true]" classname="org.apache.jena.permissions.model.SecuredLiteralTest" time="0"/>
  <testcase name="testGetString[C:false R:false U:true D:false force:true]" classname="org.apache.jena.permissions.model.SecuredLiteralTest" time="0"/>
  <testcase name="testAsLiteral[C:false R:false U:true D:false force:true]" classname="org.apache.jena.permissions.model.SecuredLiteralTest" time="0"/>
  <testcase name="testGetModel[C:false R:false U:true D:false force:true]" classname="org.apache.jena.permissions.model.SecuredLiteralTest" time="0"/>
  <testcase name="testCanAs[C:false R:false U:true D:false force:true]" classname="org.apache.jena.permissions.model.SecuredLiteralTest" time="0.001"/>
  <testcase name="testAsNode[C:false R:false U:true D:false force:true]" classname="org.apache.jena.permissions.model.SecuredLiteralTest" time="0"/>
  <testcase name="testInModel[C:false R:false U:true D:false force:true]" classname="org.apache.jena.permissions.model.SecuredLiteralTest" time="0"/>
  <testcase name="testGetFloat[C:false R:false U:true D:false force:false]" classname="org.apache.jena.permissions.model.SecuredLiteralTest" time="0"/>
  <testcase name="testGetShort[C:false R:false U:true D:false force:false]" classname="org.apache.jena.permissions.model.SecuredLiteralTest" time="0"/>
  <testcase name="testGetValue[C:false R:false U:true D:false force:false]" classname="org.apache.jena.permissions.model.SecuredLiteralTest" time="0"/>
  <testcase name="testGetDatatypeURI[C:false R:false U:true D:false force:false]" classname="org.apache.jena.permissions.model.SecuredLiteralTest" time="0"/>
  <testcase name="testGetDatatype[C:false R:false U:true D:false force:false]" classname="org.apache.jena.permissions.model.SecuredLiteralTest" time="0.001"/>
  <testcase name="testGetByte[C:false R:false U:true D:false force:false]" classname="org.apache.jena.permissions.model.SecuredLiteralTest" time="0"/>
  <testcase name="testGetChar[C:false R:false U:true D:false force:false]" classname="org.apache.jena.permissions.model.SecuredLiteralTest" time="0"/>
  <testcase name="testGetLong[C:false R:false U:true D:false force:false]" classname="org.apache.jena.permissions.model.SecuredLiteralTest" time="0"/>
  <testcase name="testAsResource[C:false R:false U:true D:false force:false]" classname="org.apache.jena.permissions.model.SecuredLiteralTest" time="0"/>
  <testcase name="testGetLanguage[C:false R:false U:true D:false force:false]" classname="org.apache.jena.permissions.model.SecuredLiteralTest" time="0"/>
  <testcase name="testGetLexicalForm[C:false R:false U:true D:false force:false]" classname="org.apache.jena.permissions.model.SecuredLiteralTest" time="0"/>
  <testcase name="sameValueAs[C:false R:false U:true D:false force:false]" classname="org.apache.jena.permissions.model.SecuredLiteralTest" time="0"/>
  <testcase name="testGetBoolean[C:false R:false U:true D:false force:false]" classname="org.apache.jena.permissions.model.SecuredLiteralTest" time="0.001"/>
  <testcase name="testIsWellFormedXML[C:false R:false U:true D:false force:false]" classname="org.apache.jena.permissions.model.SecuredLiteralTest" time="0"/>
  <testcase name="testGetDouble[C:false R:false U:true D:false force:false]" classname="org.apache.jena.permissions.model.SecuredLiteralTest" time="0"/>
  <testcase name="testGetInt[C:false R:false U:true D:false force:false]" classname="org.apache.jena.permissions.model.SecuredLiteralTest" time="0"/>
  <testcase name="testGetString[C:false R:false U:true D:false force:false]" classname="org.apache.jena.permissions.model.SecuredLiteralTest" time="0"/>
  <testcase name="testAsLiteral[C:false R:false U:true D:false force:false]" classname="org.apache.jena.permissions.model.SecuredLiteralTest" time="0"/>
  <testcase name="testGetModel[C:false R:false U:true D:false force:false]" classname="org.apache.jena.permissions.model.SecuredLiteralTest" time="0"/>
  <testcase name="testCanAs[C:false R:false U:true D:false force:false]" classname="org.apache.jena.permissions.model.SecuredLiteralTest" time="0"/>
  <testcase name="testAsNode[C:false R:false U:true D:false force:false]" classname="org.apache.jena.permissions.model.SecuredLiteralTest" time="0"/>
  <testcase name="testInModel[C:false R:false U:true D:false force:false]" classname="org.apache.jena.permissions.model.SecuredLiteralTest" time="0"/>
  <testcase name="testGetFloat[C:false R:false U:false D:true force:true]" classname="org.apache.jena.permissions.model.SecuredLiteralTest" time="0"/>
  <testcase name="testGetShort[C:false R:false U:false D:true force:true]" classname="org.apache.jena.permissions.model.SecuredLiteralTest" time="0"/>
  <testcase name="testGetValue[C:false R:false U:false D:true force:true]" classname="org.apache.jena.permissions.model.SecuredLiteralTest" time="0.007"/>
  <testcase name="testGetDatatypeURI[C:false R:false U:false D:true force:true]" classname="org.apache.jena.permissions.model.SecuredLiteralTest" time="0"/>
  <testcase name="testGetDatatype[C:false R:false U:false D:true force:true]" classname="org.apache.jena.permissions.model.SecuredLiteralTest" time="0"/>
  <testcase name="testGetByte[C:false R:false U:false D:true force:true]" classname="org.apache.jena.permissions.model.SecuredLiteralTest" time="0.001"/>
  <testcase name="testGetChar[C:false R:false U:false D:true force:true]" classname="org.apache.jena.permissions.model.SecuredLiteralTest" time="0"/>
  <testcase name="testGetLong[C:false R:false U:false D:true force:true]" classname="org.apache.jena.permissions.model.SecuredLiteralTest" time="0"/>
  <testcase name="testAsResource[C:false R:false U:false D:true force:true]" classname="org.apache.jena.permissions.model.SecuredLiteralTest" time="0"/>
  <testcase name="testGetLanguage[C:false R:false U:false D:true force:true]" classname="org.apache.jena.permissions.model.SecuredLiteralTest" time="0"/>
  <testcase name="testGetLexicalForm[C:false R:false U:false D:true force:true]" classname="org.apache.jena.permissions.model.SecuredLiteralTest" time="0"/>
  <testcase name="sameValueAs[C:false R:false U:false D:true force:true]" classname="org.apache.jena.permissions.model.SecuredLiteralTest" time="0"/>
  <testcase name="testGetBoolean[C:false R:false U:false D:true force:true]" classname="org.apache.jena.permissions.model.SecuredLiteralTest" time="0.001"/>
  <testcase name="testIsWellFormedXML[C:false R:false U:false D:true force:true]" classname="org.apache.jena.permissions.model.SecuredLiteralTest" time="0"/>
  <testcase name="testGetDouble[C:false R:false U:false D:true force:true]" classname="org.apache.jena.permissions.model.SecuredLiteralTest" time="0"/>
  <testcase name="testGetInt[C:false R:false U:false D:true force:true]" classname="org.apache.jena.permissions.model.SecuredLiteralTest" time="0"/>
  <testcase name="testGetString[C:false R:false U:false D:true force:true]" classname="org.apache.jena.permissions.model.SecuredLiteralTest" time="0"/>
  <testcase name="testAsLiteral[C:false R:false U:false D:true force:true]" classname="org.apache.jena.permissions.model.SecuredLiteralTest" time="0"/>
  <testcase name="testGetModel[C:false R:false U:false D:true force:true]" classname="org.apache.jena.permissions.model.SecuredLiteralTest" time="0"/>
  <testcase name="testCanAs[C:false R:false U:false D:true force:true]" classname="org.apache.jena.permissions.model.SecuredLiteralTest" time="0"/>
  <testcase name="testAsNode[C:false R:false U:false D:true force:true]" classname="org.apache.jena.permissions.model.SecuredLiteralTest" time="0"/>
  <testcase name="testInModel[C:false R:false U:false D:true force:true]" classname="org.apache.jena.permissions.model.SecuredLiteralTest" time="0"/>
  <testcase name="testGetFloat[C:false R:false U:false D:true force:false]" classname="org.apache.jena.permissions.model.SecuredLiteralTest" time="0"/>
  <testcase name="testGetShort[C:false R:false U:false D:true force:false]" classname="org.apache.jena.permissions.model.SecuredLiteralTest" time="0"/>
  <testcase name="testGetValue[C:false R:false U:false D:true force:false]" classname="org.apache.jena.permissions.model.SecuredLiteralTest" time="0"/>
  <testcase name="testGetDatatypeURI[C:false R:false U:false D:true force:false]" classname="org.apache.jena.permissions.model.SecuredLiteralTest" time="0"/>
  <testcase name="testGetDatatype[C:false R:false U:false D:true force:false]" classname="org.apache.jena.permissions.model.SecuredLiteralTest" time="0"/>
  <testcase name="testGetByte[C:false R:false U:false D:true force:false]" classname="org.apache.jena.permissions.model.SecuredLiteralTest" time="0.001"/>
  <testcase name="testGetChar[C:false R:false U:false D:true force:false]" classname="org.apache.jena.permissions.model.SecuredLiteralTest" time="0"/>
  <testcase name="testGetLong[C:false R:false U:false D:true force:false]" classname="org.apache.jena.permissions.model.SecuredLiteralTest" time="0"/>
  <testcase name="testAsResource[C:false R:false U:false D:true force:false]" classname="org.apache.jena.permissions.model.SecuredLiteralTest" time="0"/>
  <testcase name="testGetLanguage[C:false R:false U:false D:true force:false]" classname="org.apache.jena.permissions.model.SecuredLiteralTest" time="0"/>
  <testcase name="testGetLexicalForm[C:false R:false U:false D:true force:false]" classname="org.apache.jena.permissions.model.SecuredLiteralTest" time="0"/>
  <testcase name="sameValueAs[C:false R:false U:false D:true force:false]" classname="org.apache.jena.permissions.model.SecuredLiteralTest" time="0"/>
  <testcase name="testGetBoolean[C:false R:false U:false D:true force:false]" classname="org.apache.jena.permissions.model.SecuredLiteralTest" time="0.001"/>
  <testcase name="testIsWellFormedXML[C:false R:false U:false D:true force:false]" classname="org.apache.jena.permissions.model.SecuredLiteralTest" time="0"/>
  <testcase name="testGetDouble[C:false R:false U:false D:true force:false]" classname="org.apache.jena.permissions.model.SecuredLiteralTest" time="0"/>
  <testcase name="testGetInt[C:false R:false U:false D:true force:false]" classname="org.apache.jena.permissions.model.SecuredLiteralTest" time="0"/>
  <testcase name="testGetString[C:false R:false U:false D:true force:false]" classname="org.apache.jena.permissions.model.SecuredLiteralTest" time="0"/>
  <testcase name="testAsLiteral[C:false R:false U:false D:true force:false]" classname="org.apache.jena.permissions.model.SecuredLiteralTest" time="0"/>
  <testcase name="testGetModel[C:false R:false U:false D:true force:false]" classname="org.apache.jena.permissions.model.SecuredLiteralTest" time="0"/>
  <testcase name="testCanAs[C:false R:false U:false D:true force:false]" classname="org.apache.jena.permissions.model.SecuredLiteralTest" time="0"/>
  <testcase name="testAsNode[C:false R:false U:false D:true force:false]" classname="org.apache.jena.permissions.model.SecuredLiteralTest" time="0.001"/>
  <testcase name="testInModel[C:false R:false U:false D:true force:false]" classname="org.apache.jena.permissions.model.SecuredLiteralTest" time="0"/>
  <testcase name="testGetFloat[C:false R:false U:false D:false force:true]" classname="org.apache.jena.permissions.model.SecuredLiteralTest" time="0"/>
  <testcase name="testGetShort[C:false R:false U:false D:false force:true]" classname="org.apache.jena.permissions.model.SecuredLiteralTest" time="0"/>
  <testcase name="testGetValue[C:false R:false U:false D:false force:true]" classname="org.apache.jena.permissions.model.SecuredLiteralTest" time="0"/>
  <testcase name="testGetDatatypeURI[C:false R:false U:false D:false force:true]" classname="org.apache.jena.permissions.model.SecuredLiteralTest" time="0"/>
  <testcase name="testGetDatatype[C:false R:false U:false D:false force:true]" classname="org.apache.jena.permissions.model.SecuredLiteralTest" time="0"/>
  <testcase name="testGetByte[C:false R:false U:false D:false force:true]" classname="org.apache.jena.permissions.model.SecuredLiteralTest" time="0.001"/>
  <testcase name="testGetChar[C:false R:false U:false D:false force:true]" classname="org.apache.jena.permissions.model.SecuredLiteralTest" time="0"/>
  <testcase name="testGetLong[C:false R:false U:false D:false force:true]" classname="org.apache.jena.permissions.model.SecuredLiteralTest" time="0"/>
  <testcase name="testAsResource[C:false R:false U:false D:false force:true]" classname="org.apache.jena.permissions.model.SecuredLiteralTest" time="0"/>
  <testcase name="testGetLanguage[C:false R:false U:false D:false force:true]" classname="org.apache.jena.permissions.model.SecuredLiteralTest" time="0"/>
  <testcase name="testGetLexicalForm[C:false R:false U:false D:false force:true]" classname="org.apache.jena.permissions.model.SecuredLiteralTest" time="0"/>
  <testcase name="sameValueAs[C:false R:false U:false D:false force:true]" classname="org.apache.jena.permissions.model.SecuredLiteralTest" time="0"/>
  <testcase name="testGetBoolean[C:false R:false U:false D:false force:true]" classname="org.apache.jena.permissions.model.SecuredLiteralTest" time="0"/>
  <testcase name="testIsWellFormedXML[C:false R:false U:false D:false force:true]" classname="org.apache.jena.permissions.model.SecuredLiteralTest" time="0"/>
  <testcase name="testGetDouble[C:false R:false U:false D:false force:true]" classname="org.apache.jena.permissions.model.SecuredLiteralTest" time="0"/>
  <testcase name="testGetInt[C:false R:false U:false D:false force:true]" classname="org.apache.jena.permissions.model.SecuredLiteralTest" time="0"/>
  <testcase name="testGetString[C:false R:false U:false D:false force:true]" classname="org.apache.jena.permissions.model.SecuredLiteralTest" time="0"/>
  <testcase name="testAsLiteral[C:false R:false U:false D:false force:true]" classname="org.apache.jena.permissions.model.SecuredLiteralTest" time="0"/>
  <testcase name="testGetModel[C:false R:false U:false D:false force:true]" classname="org.apache.jena.permissions.model.SecuredLiteralTest" time="0"/>
  <testcase name="testCanAs[C:false R:false U:false D:false force:true]" classname="org.apache.jena.permissions.model.SecuredLiteralTest" time="0"/>
  <testcase name="testAsNode[C:false R:false U:false D:false force:true]" classname="org.apache.jena.permissions.model.SecuredLiteralTest" time="0.001"/>
  <testcase name="testInModel[C:false R:false U:false D:false force:true]" classname="org.apache.jena.permissions.model.SecuredLiteralTest" time="0"/>
  <testcase name="testGetFloat[C:false R:false U:false D:false force:false]" classname="org.apache.jena.permissions.model.SecuredLiteralTest" time="0"/>
  <testcase name="testGetShort[C:false R:false U:false D:false force:false]" classname="org.apache.jena.permissions.model.SecuredLiteralTest" time="0"/>
  <testcase name="testGetValue[C:false R:false U:false D:false force:false]" classname="org.apache.jena.permissions.model.SecuredLiteralTest" time="0"/>
  <testcase name="testGetDatatypeURI[C:false R:false U:false D:false force:false]" classname="org.apache.jena.permissions.model.SecuredLiteralTest" time="0"/>
  <testcase name="testGetDatatype[C:false R:false U:false D:false force:false]" classname="org.apache.jena.permissions.model.SecuredLiteralTest" time="0"/>
  <testcase name="testGetByte[C:false R:false U:false D:false force:false]" classname="org.apache.jena.permissions.model.SecuredLiteralTest" time="0"/>
  <testcase name="testGetChar[C:false R:false U:false D:false force:false]" classname="org.apache.jena.permissions.model.SecuredLiteralTest" time="0"/>
  <testcase name="testGetLong[C:false R:false U:false D:false force:false]" classname="org.apache.jena.permissions.model.SecuredLiteralTest" time="0"/>
  <testcase name="testAsResource[C:false R:false U:false D:false force:false]" classname="org.apache.jena.permissions.model.SecuredLiteralTest" time="0"/>
  <testcase name="testGetLanguage[C:false R:false U:false D:false force:false]" classname="org.apache.jena.permissions.model.SecuredLiteralTest" time="0"/>
  <testcase name="testGetLexicalForm[C:false R:false U:false D:false force:false]" classname="org.apache.jena.permissions.model.SecuredLiteralTest" time="0"/>
  <testcase name="sameValueAs[C:false R:false U:false D:false force:false]" classname="org.apache.jena.permissions.model.SecuredLiteralTest" time="0"/>
  <testcase name="testGetBoolean[C:false R:false U:false D:false force:false]" classname="org.apache.jena.permissions.model.SecuredLiteralTest" time="0"/>
  <testcase name="testIsWellFormedXML[C:false R:false U:false D:false force:false]" classname="org.apache.jena.permissions.model.SecuredLiteralTest" time="0.001"/>
  <testcase name="testGetDouble[C:false R:false U:false D:false force:false]" classname="org.apache.jena.permissions.model.SecuredLiteralTest" time="0"/>
  <testcase name="testGetInt[C:false R:false U:false D:false force:false]" classname="org.apache.jena.permissions.model.SecuredLiteralTest" time="0"/>
  <testcase name="testGetString[C:false R:false U:false D:false force:false]" classname="org.apache.jena.permissions.model.SecuredLiteralTest" time="0.001"/>
  <testcase name="testAsLiteral[C:false R:false U:false D:false force:false]" classname="org.apache.jena.permissions.model.SecuredLiteralTest" time="0"/>
  <testcase name="testGetModel[C:false R:false U:false D:false force:false]" classname="org.apache.jena.permissions.model.SecuredLiteralTest" time="0.001"/>
  <testcase name="testCanAs[C:false R:false U:false D:false force:false]" classname="org.apache.jena.permissions.model.SecuredLiteralTest" time="0"/>
  <testcase name="testAsNode[C:false R:false U:false D:false force:false]" classname="org.apache.jena.permissions.model.SecuredLiteralTest" time="0"/>
  <testcase name="testInModel[C:false R:false U:false D:false force:false]" classname="org.apache.jena.permissions.model.SecuredLiteralTest" time="0"/>
</testsuite>