<?xml version="1.0" encoding="UTF-8"?>
<testsuite xmlns:xsi="http://www.w3.org/2001/XMLSchema-instance" xsi:schemaLocation="https://maven.apache.org/surefire/maven-surefire-plugin/xsd/surefire-test-report.xsd" name="org.apache.jena.permissions.model.SecuredRDFListTest" time="0.01" tests="1536" errors="0" skipped="0" failures="0">
  <properties>
    <property name="java.runtime.name" value="Java(TM) SE Runtime Environment"/>
    <property name="sun.boot.library.path" value="/usr/lib/jvm/java-8-oracle/jre/lib/amd64"/>
    <property name="java.vm.version" value="25.111-b14"/>
    <property name="java.vm.vendor" value="Oracle Corporation"/>
    <property name="java.vendor.url" value="http://java.oracle.com/"/>
    <property name="path.separator" value=":"/>
    <property name="guice.disable.misplaced.annotation.check" value="true"/>
    <property name="java.vm.name" value="Java HotSpot(TM) 64-Bit Server VM"/>
    <property name="file.encoding.pkg" value="sun.io"/>
    <property name="user.country" value="US"/>
    <property name="sun.java.launcher" value="SUN_STANDARD"/>
    <property name="sun.os.patch.level" value="unknown"/>
    <property name="java.vm.specification.name" value="Java Virtual Machine Specification"/>
    <property name="user.dir" value="/home/ubuntu/research/jena"/>
    <property name="java.runtime.version" value="1.8.0_111-b14"/>
    <property name="java.awt.graphicsenv" value="sun.awt.X11GraphicsEnvironment"/>
    <property name="java.endorsed.dirs" value="/usr/lib/jvm/java-8-oracle/jre/lib/endorsed"/>
    <property name="os.arch" value="amd64"/>
    <property name="java.io.tmpdir" value="/tmp"/>
    <property name="line.separator" value="&#10;"/>
    <property name="java.vm.specification.vendor" value="Oracle Corporation"/>
    <property name="os.name" value="Linux"/>
    <property name="classworlds.conf" value="/usr/share/maven/bin/m2.conf"/>
    <property name="sun.jnu.encoding" value="UTF-8"/>
    <property name="java.library.path" value="/usr/java/packages/lib/amd64:/usr/lib64:/lib64:/lib:/usr/lib"/>
    <property name="java.specification.name" value="Java Platform API Specification"/>
    <property name="java.class.version" value="52.0"/>
    <property name="sun.management.compiler" value="HotSpot 64-Bit Tiered Compilers"/>
    <property name="os.version" value="4.2.0-27-generic"/>
    <property name="user.home" value="/root"/>
    <property name="user.timezone" value="America/Los_Angeles"/>
    <property name="java.awt.printerjob" value="sun.print.PSPrinterJob"/>
    <property name="file.encoding" value="UTF-8"/>
    <property name="java.specification.version" value="1.8"/>
    <property name="user.name" value="root"/>
    <property name="java.class.path" value="/usr/share/maven/boot/plexus-classworlds-2.x.jar"/>
    <property name="java.vm.specification.version" value="1.8"/>
    <property name="sun.arch.data.model" value="64"/>
    <property name="java.home" value="/usr/lib/jvm/java-8-oracle/jre"/>
    <property name="sun.java.command" value="org.codehaus.plexus.classworlds.launcher.Launcher package"/>
    <property name="java.specification.vendor" value="Oracle Corporation"/>
    <property name="user.language" value="en"/>
    <property name="awt.toolkit" value="sun.awt.X11.XToolkit"/>
    <property name="java.vm.info" value="mixed mode"/>
    <property name="java.version" value="1.8.0_111"/>
    <property name="java.ext.dirs" value="/usr/lib/jvm/java-8-oracle/jre/lib/ext:/usr/java/packages/lib/ext"/>
    <property name="securerandom.source" value="file:/dev/./urandom"/>
    <property name="sun.boot.class.path" value="/usr/lib/jvm/java-8-oracle/jre/lib/resources.jar:/usr/lib/jvm/java-8-oracle/jre/lib/rt.jar:/usr/lib/jvm/java-8-oracle/jre/lib/sunrsasign.jar:/usr/lib/jvm/java-8-oracle/jre/lib/jsse.jar:/usr/lib/jvm/java-8-oracle/jre/lib/jce.jar:/usr/lib/jvm/java-8-oracle/jre/lib/charsets.jar:/usr/lib/jvm/java-8-oracle/jre/lib/jfr.jar:/usr/lib/jvm/java-8-oracle/jre/classes"/>
    <property name="java.vendor" value="Oracle Corporation"/>
    <property name="maven.home" value="/usr/share/maven"/>
    <property name="file.separator" value="/"/>
    <property name="java.vendor.url.bug" value="http://bugreport.sun.com/bugreport/"/>
    <property name="sun.cpu.endian" value="little"/>
    <property name="sun.io.unicode.encoding" value="UnicodeLittle"/>
    <property name="sun.desktop" value="gnome"/>
    <property name="sun.cpu.isalist" value=""/>
  </properties>
  <testcase name="testAdd[C:true R:true U:true D:true force:true]" classname="org.apache.jena.permissions.model.SecuredRDFListTest" time="0"/>
  <testcase name="testGet[C:true R:true U:true D:true force:true]" classname="org.apache.jena.permissions.model.SecuredRDFListTest" time="0"/>
  <testcase name="testApply[C:true R:true U:true D:true force:true]" classname="org.apache.jena.permissions.model.SecuredRDFListTest" time="0"/>
  <testcase name="testValid[C:true R:true U:true D:true force:true]" classname="org.apache.jena.permissions.model.SecuredRDFListTest" time="0"/>
  <testcase name="testCons[C:true R:true U:true D:true force:true]" classname="org.apache.jena.permissions.model.SecuredRDFListTest" time="0"/>
  <testcase name="testCopy[C:true R:true U:true D:true force:true]" classname="org.apache.jena.permissions.model.SecuredRDFListTest" time="0"/>
  <testcase name="testSize[C:true R:true U:true D:true force:true]" classname="org.apache.jena.permissions.model.SecuredRDFListTest" time="0"/>
  <testcase name="testWith[C:true R:true U:true D:true force:true]" classname="org.apache.jena.permissions.model.SecuredRDFListTest" time="0"/>
  <testcase name="testGetValidityErrorMessage[C:true R:true U:true D:true force:true]" classname="org.apache.jena.permissions.model.SecuredRDFListTest" time="0"/>
  <testcase name="testAppendNodeIterator[C:true R:true U:true D:true force:true]" classname="org.apache.jena.permissions.model.SecuredRDFListTest" time="0"/>
  <testcase name="testAsJaveList[C:true R:true U:true D:true force:true]" classname="org.apache.jena.permissions.model.SecuredRDFListTest" time="0"/>
  <testcase name="testGetHead[C:true R:true U:true D:true force:true]" classname="org.apache.jena.permissions.model.SecuredRDFListTest" time="0"/>
  <testcase name="testGetTail[C:true R:true U:true D:true force:true]" classname="org.apache.jena.permissions.model.SecuredRDFListTest" time="0"/>
  <testcase name="testContains[C:true R:true U:true D:true force:true]" classname="org.apache.jena.permissions.model.SecuredRDFListTest" time="0"/>
  <testcase name="testConcatenate[C:true R:true U:true D:true force:true]" classname="org.apache.jena.permissions.model.SecuredRDFListTest" time="0"/>
  <testcase name="testRemoveHead[C:true R:true U:true D:true force:true]" classname="org.apache.jena.permissions.model.SecuredRDFListTest" time="0"/>
  <testcase name="testRemoveList[C:true R:true U:true D:true force:true]" classname="org.apache.jena.permissions.model.SecuredRDFListTest" time="0"/>
  <testcase name="testReplace[C:true R:true U:true D:true force:true]" classname="org.apache.jena.permissions.model.SecuredRDFListTest" time="0"/>
  <testcase name="testSetStrict[C:true R:true U:true D:true force:true]" classname="org.apache.jena.permissions.model.SecuredRDFListTest" time="0"/>
  <testcase name="testIndexOf[C:true R:true U:true D:true force:true]" classname="org.apache.jena.permissions.model.SecuredRDFListTest" time="0"/>
  <testcase name="testSetHead[C:true R:true U:true D:true force:true]" classname="org.apache.jena.permissions.model.SecuredRDFListTest" time="0"/>
  <testcase name="testSameListAs[C:true R:true U:true D:true force:true]" classname="org.apache.jena.permissions.model.SecuredRDFListTest" time="0"/>
  <testcase name="testIsEmpty[C:true R:true U:true D:true force:true]" classname="org.apache.jena.permissions.model.SecuredRDFListTest" time="0"/>
  <testcase name="testReduce[C:true R:true U:true D:true force:true]" classname="org.apache.jena.permissions.model.SecuredRDFListTest" time="0"/>
  <testcase name="testRemove[C:true R:true U:true D:true force:true]" classname="org.apache.jena.permissions.model.SecuredRDFListTest" time="0"/>
  <testcase name="testAppendRDFList[C:true R:true U:true D:true force:true]" classname="org.apache.jena.permissions.model.SecuredRDFListTest" time="0"/>
  <testcase name="testIterator[C:true R:true U:true D:true force:true]" classname="org.apache.jena.permissions.model.SecuredRDFListTest" time="0"/>
  <testcase name="testRemoveAll[C:true R:true U:true D:true force:true]" classname="org.apache.jena.permissions.model.SecuredRDFListTest" time="0"/>
  <testcase name="testAddLiteralBoolean[C:true R:true U:true D:true force:true]" classname="org.apache.jena.permissions.model.SecuredRDFListTest" time="0"/>
  <testcase name="testAnonFuncs[C:true R:true U:true D:true force:true]" classname="org.apache.jena.permissions.model.SecuredRDFListTest" time="0"/>
  <testcase name="testRemoveProperties[C:true R:true U:true D:true force:true]" classname="org.apache.jena.permissions.model.SecuredRDFListTest" time="0"/>
  <testcase name="testAsResource[C:true R:true U:true D:true force:true]" classname="org.apache.jena.permissions.model.SecuredRDFListTest" time="0"/>
  <testcase name="testListProperties[C:true R:true U:true D:true force:true]" classname="org.apache.jena.permissions.model.SecuredRDFListTest" time="0"/>
  <testcase name="testGetProperty[C:true R:true U:true D:true force:true]" classname="org.apache.jena.permissions.model.SecuredRDFListTest" time="0"/>
  <testcase name="testGetPropertyWithLang[C:true R:true U:true D:true force:true]" classname="org.apache.jena.permissions.model.SecuredRDFListTest" time="0"/>
  <testcase name="testHasProperty[C:true R:true U:true D:true force:true]" classname="org.apache.jena.permissions.model.SecuredRDFListTest" time="0"/>
  <testcase name="testListPropertiesWithLang[C:true R:true U:true D:true force:true]" classname="org.apache.jena.permissions.model.SecuredRDFListTest" time="0"/>
  <testcase name="testEquals[C:true R:true U:true D:true force:true]" classname="org.apache.jena.permissions.model.SecuredRDFListTest" time="0"/>
  <testcase name="testGetURI[C:true R:true U:true D:true force:true]" classname="org.apache.jena.permissions.model.SecuredRDFListTest" time="0"/>
  <testcase name="testHasURI[C:true R:true U:true D:true force:true]" classname="org.apache.jena.permissions.model.SecuredRDFListTest" time="0"/>
  <testcase name="testHasLiteral[C:true R:true U:true D:true force:true]" classname="org.apache.jena.permissions.model.SecuredRDFListTest" time="0"/>
  <testcase name="testAddProperty[C:true R:true U:true D:true force:true]" classname="org.apache.jena.permissions.model.SecuredRDFListTest" time="0"/>
  <testcase name="testGetRequiredProperty[C:true R:true U:true D:true force:true]" classname="org.apache.jena.permissions.model.SecuredRDFListTest" time="0"/>
  <testcase name="testGetRequiredPropertyWithLang[C:true R:true U:true D:true force:true]" classname="org.apache.jena.permissions.model.SecuredRDFListTest" time="0"/>
  <testcase name="testGetModel[C:true R:true U:true D:true force:true]" classname="org.apache.jena.permissions.model.SecuredRDFListTest" time="0"/>
  <testcase name="testCanAs[C:true R:true U:true D:true force:true]" classname="org.apache.jena.permissions.model.SecuredRDFListTest" time="0"/>
  <testcase name="testAsNode[C:true R:true U:true D:true force:true]" classname="org.apache.jena.permissions.model.SecuredRDFListTest" time="0"/>
  <testcase name="testInModel[C:true R:true U:true D:true force:true]" classname="org.apache.jena.permissions.model.SecuredRDFListTest" time="0"/>
  <testcase name="testAdd[C:true R:true U:true D:true force:false]" classname="org.apache.jena.permissions.model.SecuredRDFListTest" time="0"/>
  <testcase name="testGet[C:true R:true U:true D:true force:false]" classname="org.apache.jena.permissions.model.SecuredRDFListTest" time="0"/>
  <testcase name="testApply[C:true R:true U:true D:true force:false]" classname="org.apache.jena.permissions.model.SecuredRDFListTest" time="0"/>
  <testcase name="testValid[C:true R:true U:true D:true force:false]" classname="org.apache.jena.permissions.model.SecuredRDFListTest" time="0"/>
  <testcase name="testCons[C:true R:true U:true D:true force:false]" classname="org.apache.jena.permissions.model.SecuredRDFListTest" time="0"/>
  <testcase name="testCopy[C:true R:true U:true D:true force:false]" classname="org.apache.jena.permissions.model.SecuredRDFListTest" time="0"/>
  <testcase name="testSize[C:true R:true U:true D:true force:false]" classname="org.apache.jena.permissions.model.SecuredRDFListTest" time="0"/>
  <testcase name="testWith[C:true R:true U:true D:true force:false]" classname="org.apache.jena.permissions.model.SecuredRDFListTest" time="0"/>
  <testcase name="testGetValidityErrorMessage[C:true R:true U:true D:true force:false]" classname="org.apache.jena.permissions.model.SecuredRDFListTest" time="0"/>
  <testcase name="testAppendNodeIterator[C:true R:true U:true D:true force:false]" classname="org.apache.jena.permissions.model.SecuredRDFListTest" time="0"/>
  <testcase name="testAsJaveList[C:true R:true U:true D:true force:false]" classname="org.apache.jena.permissions.model.SecuredRDFListTest" time="0"/>
  <testcase name="testGetHead[C:true R:true U:true D:true force:false]" classname="org.apache.jena.permissions.model.SecuredRDFListTest" time="0"/>
  <testcase name="testGetTail[C:true R:true U:true D:true force:false]" classname="org.apache.jena.permissions.model.SecuredRDFListTest" time="0"/>
  <testcase name="testContains[C:true R:true U:true D:true force:false]" classname="org.apache.jena.permissions.model.SecuredRDFListTest" time="0"/>
  <testcase name="testConcatenate[C:true R:true U:true D:true force:false]" classname="org.apache.jena.permissions.model.SecuredRDFListTest" time="0"/>
  <testcase name="testRemoveHead[C:true R:true U:true D:true force:false]" classname="org.apache.jena.permissions.model.SecuredRDFListTest" time="0"/>
  <testcase name="testRemoveList[C:true R:true U:true D:true force:false]" classname="org.apache.jena.permissions.model.SecuredRDFListTest" time="0"/>
  <testcase name="testReplace[C:true R:true U:true D:true force:false]" classname="org.apache.jena.permissions.model.SecuredRDFListTest" time="0"/>
  <testcase name="testSetStrict[C:true R:true U:true D:true force:false]" classname="org.apache.jena.permissions.model.SecuredRDFListTest" time="0"/>
  <testcase name="testIndexOf[C:true R:true U:true D:true force:false]" classname="org.apache.jena.permissions.model.SecuredRDFListTest" time="0"/>
  <testcase name="testSetHead[C:true R:true U:true D:true force:false]" classname="org.apache.jena.permissions.model.SecuredRDFListTest" time="0"/>
  <testcase name="testSameListAs[C:true R:true U:true D:true force:false]" classname="org.apache.jena.permissions.model.SecuredRDFListTest" time="0"/>
  <testcase name="testIsEmpty[C:true R:true U:true D:true force:false]" classname="org.apache.jena.permissions.model.SecuredRDFListTest" time="0"/>
  <testcase name="testReduce[C:true R:true U:true D:true force:false]" classname="org.apache.jena.permissions.model.SecuredRDFListTest" time="0"/>
  <testcase name="testRemove[C:true R:true U:true D:true force:false]" classname="org.apache.jena.permissions.model.SecuredRDFListTest" time="0"/>
  <testcase name="testAppendRDFList[C:true R:true U:true D:true force:false]" classname="org.apache.jena.permissions.model.SecuredRDFListTest" time="0"/>
  <testcase name="testIterator[C:true R:true U:true D:true force:false]" classname="org.apache.jena.permissions.model.SecuredRDFListTest" time="0"/>
  <testcase name="testRemoveAll[C:true R:true U:true D:true force:false]" classname="org.apache.jena.permissions.model.SecuredRDFListTest" time="0"/>
  <testcase name="testAddLiteralBoolean[C:true R:true U:true D:true force:false]" classname="org.apache.jena.permissions.model.SecuredRDFListTest" time="0"/>
  <testcase name="testAnonFuncs[C:true R:true U:true D:true force:false]" classname="org.apache.jena.permissions.model.SecuredRDFListTest" time="0"/>
  <testcase name="testRemoveProperties[C:true R:true U:true D:true force:false]" classname="org.apache.jena.permissions.model.SecuredRDFListTest" time="0"/>
  <testcase name="testAsResource[C:true R:true U:true D:true force:false]" classname="org.apache.jena.permissions.model.SecuredRDFListTest" time="0"/>
  <testcase name="testListProperties[C:true R:true U:true D:true force:false]" classname="org.apache.jena.permissions.model.SecuredRDFListTest" time="0"/>
  <testcase name="testGetProperty[C:true R:true U:true D:true force:false]" classname="org.apache.jena.permissions.model.SecuredRDFListTest" time="0"/>
  <testcase name="testGetPropertyWithLang[C:true R:true U:true D:true force:false]" classname="org.apache.jena.permissions.model.SecuredRDFListTest" time="0"/>
  <testcase name="testHasProperty[C:true R:true U:true D:true force:false]" classname="org.apache.jena.permissions.model.SecuredRDFListTest" time="0"/>
  <testcase name="testListPropertiesWithLang[C:true R:true U:true D:true force:false]" classname="org.apache.jena.permissions.model.SecuredRDFListTest" time="0"/>
  <testcase name="testEquals[C:true R:true U:true D:true force:false]" classname="org.apache.jena.permissions.model.SecuredRDFListTest" time="0"/>
  <testcase name="testGetURI[C:true R:true U:true D:true force:false]" classname="org.apache.jena.permissions.model.SecuredRDFListTest" time="0"/>
  <testcase name="testHasURI[C:true R:true U:true D:true force:false]" classname="org.apache.jena.permissions.model.SecuredRDFListTest" time="0"/>
  <testcase name="testHasLiteral[C:true R:true U:true D:true force:false]" classname="org.apache.jena.permissions.model.SecuredRDFListTest" time="0"/>
  <testcase name="testAddProperty[C:true R:true U:true D:true force:false]" classname="org.apache.jena.permissions.model.SecuredRDFListTest" time="0"/>
  <testcase name="testGetRequiredProperty[C:true R:true U:true D:true force:false]" classname="org.apache.jena.permissions.model.SecuredRDFListTest" time="0"/>
  <testcase name="testGetRequiredPropertyWithLang[C:true R:true U:true D:true force:false]" classname="org.apache.jena.permissions.model.SecuredRDFListTest" time="0"/>
  <testcase name="testGetModel[C:true R:true U:true D:true force:false]" classname="org.apache.jena.permissions.model.SecuredRDFListTest" time="0"/>
  <testcase name="testCanAs[C:true R:true U:true D:true force:false]" classname="org.apache.jena.permissions.model.SecuredRDFListTest" time="0"/>
  <testcase name="testAsNode[C:true R:true U:true D:true force:false]" classname="org.apache.jena.permissions.model.SecuredRDFListTest" time="0"/>
  <testcase name="testInModel[C:true R:true U:true D:true force:false]" classname="org.apache.jena.permissions.model.SecuredRDFListTest" time="0"/>
  <testcase name="testAdd[C:true R:true U:true D:false force:true]" classname="org.apache.jena.permissions.model.SecuredRDFListTest" time="0"/>
  <testcase name="testGet[C:true R:true U:true D:false force:true]" classname="org.apache.jena.permissions.model.SecuredRDFListTest" time="0"/>
  <testcase name="testApply[C:true R:true U:true D:false force:true]" classname="org.apache.jena.permissions.model.SecuredRDFListTest" time="0"/>
  <testcase name="testValid[C:true R:true U:true D:false force:true]" classname="org.apache.jena.permissions.model.SecuredRDFListTest" time="0"/>
  <testcase name="testCons[C:true R:true U:true D:false force:true]" classname="org.apache.jena.permissions.model.SecuredRDFListTest" time="0"/>
  <testcase name="testCopy[C:true R:true U:true D:false force:true]" classname="org.apache.jena.permissions.model.SecuredRDFListTest" time="0"/>
  <testcase name="testSize[C:true R:true U:true D:false force:true]" classname="org.apache.jena.permissions.model.SecuredRDFListTest" time="0"/>
  <testcase name="testWith[C:true R:true U:true D:false force:true]" classname="org.apache.jena.permissions.model.SecuredRDFListTest" time="0"/>
  <testcase name="testGetValidityErrorMessage[C:true R:true U:true D:false force:true]" classname="org.apache.jena.permissions.model.SecuredRDFListTest" time="0"/>
  <testcase name="testAppendNodeIterator[C:true R:true U:true D:false force:true]" classname="org.apache.jena.permissions.model.SecuredRDFListTest" time="0"/>
  <testcase name="testAsJaveList[C:true R:true U:true D:false force:true]" classname="org.apache.jena.permissions.model.SecuredRDFListTest" time="0"/>
  <testcase name="testGetHead[C:true R:true U:true D:false force:true]" classname="org.apache.jena.permissions.model.SecuredRDFListTest" time="0"/>
  <testcase name="testGetTail[C:true R:true U:true D:false force:true]" classname="org.apache.jena.permissions.model.SecuredRDFListTest" time="0"/>
  <testcase name="testContains[C:true R:true U:true D:false force:true]" classname="org.apache.jena.permissions.model.SecuredRDFListTest" time="0"/>
  <testcase name="testConcatenate[C:true R:true U:true D:false force:true]" classname="org.apache.jena.permissions.model.SecuredRDFListTest" time="0"/>
  <testcase name="testRemoveHead[C:true R:true U:true D:false force:true]" classname="org.apache.jena.permissions.model.SecuredRDFListTest" time="0"/>
  <testcase name="testRemoveList[C:true R:true U:true D:false force:true]" classname="org.apache.jena.permissions.model.SecuredRDFListTest" time="0"/>
  <testcase name="testReplace[C:true R:true U:true D:false force:true]" classname="org.apache.jena.permissions.model.SecuredRDFListTest" time="0"/>
  <testcase name="testSetStrict[C:true R:true U:true D:false force:true]" classname="org.apache.jena.permissions.model.SecuredRDFListTest" time="0"/>
  <testcase name="testIndexOf[C:true R:true U:true D:false force:true]" classname="org.apache.jena.permissions.model.SecuredRDFListTest" time="0"/>
  <testcase name="testSetHead[C:true R:true U:true D:false force:true]" classname="org.apache.jena.permissions.model.SecuredRDFListTest" time="0"/>
  <testcase name="testSameListAs[C:true R:true U:true D:false force:true]" classname="org.apache.jena.permissions.model.SecuredRDFListTest" time="0"/>
  <testcase name="testIsEmpty[C:true R:true U:true D:false force:true]" classname="org.apache.jena.permissions.model.SecuredRDFListTest" time="0"/>
  <testcase name="testReduce[C:true R:true U:true D:false force:true]" classname="org.apache.jena.permissions.model.SecuredRDFListTest" time="0"/>
  <testcase name="testRemove[C:true R:true U:true D:false force:true]" classname="org.apache.jena.permissions.model.SecuredRDFListTest" time="0"/>
  <testcase name="testAppendRDFList[C:true R:true U:true D:false force:true]" classname="org.apache.jena.permissions.model.SecuredRDFListTest" time="0"/>
  <testcase name="testIterator[C:true R:true U:true D:false force:true]" classname="org.apache.jena.permissions.model.SecuredRDFListTest" time="0"/>
  <testcase name="testRemoveAll[C:true R:true U:true D:false force:true]" classname="org.apache.jena.permissions.model.SecuredRDFListTest" time="0"/>
  <testcase name="testAddLiteralBoolean[C:true R:true U:true D:false force:true]" classname="org.apache.jena.permissions.model.SecuredRDFListTest" time="0"/>
  <testcase name="testAnonFuncs[C:true R:true U:true D:false force:true]" classname="org.apache.jena.permissions.model.SecuredRDFListTest" time="0"/>
  <testcase name="testRemoveProperties[C:true R:true U:true D:false force:true]" classname="org.apache.jena.permissions.model.SecuredRDFListTest" time="0"/>
  <testcase name="testAsResource[C:true R:true U:true D:false force:true]" classname="org.apache.jena.permissions.model.SecuredRDFListTest" time="0"/>
  <testcase name="testListProperties[C:true R:true U:true D:false force:true]" classname="org.apache.jena.permissions.model.SecuredRDFListTest" time="0"/>
  <testcase name="testGetProperty[C:true R:true U:true D:false force:true]" classname="org.apache.jena.permissions.model.SecuredRDFListTest" time="0"/>
  <testcase name="testGetPropertyWithLang[C:true R:true U:true D:false force:true]" classname="org.apache.jena.permissions.model.SecuredRDFListTest" time="0"/>
  <testcase name="testHasProperty[C:true R:true U:true D:false force:true]" classname="org.apache.jena.permissions.model.SecuredRDFListTest" time="0"/>
  <testcase name="testListPropertiesWithLang[C:true R:true U:true D:false force:true]" classname="org.apache.jena.permissions.model.SecuredRDFListTest" time="0"/>
  <testcase name="testEquals[C:true R:true U:true D:false force:true]" classname="org.apache.jena.permissions.model.SecuredRDFListTest" time="0"/>
  <testcase name="testGetURI[C:true R:true U:true D:false force:true]" classname="org.apache.jena.permissions.model.SecuredRDFListTest" time="0"/>
  <testcase name="testHasURI[C:true R:true U:true D:false force:true]" classname="org.apache.jena.permissions.model.SecuredRDFListTest" time="0"/>
  <testcase name="testHasLiteral[C:true R:true U:true D:false force:true]" classname="org.apache.jena.permissions.model.SecuredRDFListTest" time="0"/>
  <testcase name="testAddProperty[C:true R:true U:true D:false force:true]" classname="org.apache.jena.permissions.model.SecuredRDFListTest" time="0"/>
  <testcase name="testGetRequiredProperty[C:true R:true U:true D:false force:true]" classname="org.apache.jena.permissions.model.SecuredRDFListTest" time="0"/>
  <testcase name="testGetRequiredPropertyWithLang[C:true R:true U:true D:false force:true]" classname="org.apache.jena.permissions.model.SecuredRDFListTest" time="0"/>
  <testcase name="testGetModel[C:true R:true U:true D:false force:true]" classname="org.apache.jena.permissions.model.SecuredRDFListTest" time="0"/>
  <testcase name="testCanAs[C:true R:true U:true D:false force:true]" classname="org.apache.jena.permissions.model.SecuredRDFListTest" time="0"/>
  <testcase name="testAsNode[C:true R:true U:true D:false force:true]" classname="org.apache.jena.permissions.model.SecuredRDFListTest" time="0"/>
  <testcase name="testInModel[C:true R:true U:true D:false force:true]" classname="org.apache.jena.permissions.model.SecuredRDFListTest" time="0"/>
  <testcase name="testAdd[C:true R:true U:true D:false force:false]" classname="org.apache.jena.permissions.model.SecuredRDFListTest" time="0"/>
  <testcase name="testGet[C:true R:true U:true D:false force:false]" classname="org.apache.jena.permissions.model.SecuredRDFListTest" time="0"/>
  <testcase name="testApply[C:true R:true U:true D:false force:false]" classname="org.apache.jena.permissions.model.SecuredRDFListTest" time="0"/>
  <testcase name="testValid[C:true R:true U:true D:false force:false]" classname="org.apache.jena.permissions.model.SecuredRDFListTest" time="0"/>
  <testcase name="testCons[C:true R:true U:true D:false force:false]" classname="org.apache.jena.permissions.model.SecuredRDFListTest" time="0"/>
  <testcase name="testCopy[C:true R:true U:true D:false force:false]" classname="org.apache.jena.permissions.model.SecuredRDFListTest" time="0"/>
  <testcase name="testSize[C:true R:true U:true D:false force:false]" classname="org.apache.jena.permissions.model.SecuredRDFListTest" time="0"/>
  <testcase name="testWith[C:true R:true U:true D:false force:false]" classname="org.apache.jena.permissions.model.SecuredRDFListTest" time="0"/>
  <testcase name="testGetValidityErrorMessage[C:true R:true U:true D:false force:false]" classname="org.apache.jena.permissions.model.SecuredRDFListTest" time="0"/>
  <testcase name="testAppendNodeIterator[C:true R:true U:true D:false force:false]" classname="org.apache.jena.permissions.model.SecuredRDFListTest" time="0"/>
  <testcase name="testAsJaveList[C:true R:true U:true D:false force:false]" classname="org.apache.jena.permissions.model.SecuredRDFListTest" time="0"/>
  <testcase name="testGetHead[C:true R:true U:true D:false force:false]" classname="org.apache.jena.permissions.model.SecuredRDFListTest" time="0"/>
  <testcase name="testGetTail[C:true R:true U:true D:false force:false]" classname="org.apache.jena.permissions.model.SecuredRDFListTest" time="0"/>
  <testcase name="testContains[C:true R:true U:true D:false force:false]" classname="org.apache.jena.permissions.model.SecuredRDFListTest" time="0"/>
  <testcase name="testConcatenate[C:true R:true U:true D:false force:false]" classname="org.apache.jena.permissions.model.SecuredRDFListTest" time="0"/>
  <testcase name="testRemoveHead[C:true R:true U:true D:false force:false]" classname="org.apache.jena.permissions.model.SecuredRDFListTest" time="0"/>
  <testcase name="testRemoveList[C:true R:true U:true D:false force:false]" classname="org.apache.jena.permissions.model.SecuredRDFListTest" time="0"/>
  <testcase name="testReplace[C:true R:true U:true D:false force:false]" classname="org.apache.jena.permissions.model.SecuredRDFListTest" time="0"/>
  <testcase name="testSetStrict[C:true R:true U:true D:false force:false]" classname="org.apache.jena.permissions.model.SecuredRDFListTest" time="0"/>
  <testcase name="testIndexOf[C:true R:true U:true D:false force:false]" classname="org.apache.jena.permissions.model.SecuredRDFListTest" time="0"/>
  <testcase name="testSetHead[C:true R:true U:true D:false force:false]" classname="org.apache.jena.permissions.model.SecuredRDFListTest" time="0"/>
  <testcase name="testSameListAs[C:true R:true U:true D:false force:false]" classname="org.apache.jena.permissions.model.SecuredRDFListTest" time="0"/>
  <testcase name="testIsEmpty[C:true R:true U:true D:false force:false]" classname="org.apache.jena.permissions.model.SecuredRDFListTest" time="0"/>
  <testcase name="testReduce[C:true R:true U:true D:false force:false]" classname="org.apache.jena.permissions.model.SecuredRDFListTest" time="0"/>
  <testcase name="testRemove[C:true R:true U:true D:false force:false]" classname="org.apache.jena.permissions.model.SecuredRDFListTest" time="0"/>
  <testcase name="testAppendRDFList[C:true R:true U:true D:false force:false]" classname="org.apache.jena.permissions.model.SecuredRDFListTest" time="0"/>
  <testcase name="testIterator[C:true R:true U:true D:false force:false]" classname="org.apache.jena.permissions.model.SecuredRDFListTest" time="0"/>
  <testcase name="testRemoveAll[C:true R:true U:true D:false force:false]" classname="org.apache.jena.permissions.model.SecuredRDFListTest" time="0"/>
  <testcase name="testAddLiteralBoolean[C:true R:true U:true D:false force:false]" classname="org.apache.jena.permissions.model.SecuredRDFListTest" time="0"/>
  <testcase name="testAnonFuncs[C:true R:true U:true D:false force:false]" classname="org.apache.jena.permissions.model.SecuredRDFListTest" time="0"/>
  <testcase name="testRemoveProperties[C:true R:true U:true D:false force:false]" classname="org.apache.jena.permissions.model.SecuredRDFListTest" time="0"/>
  <testcase name="testAsResource[C:true R:true U:true D:false force:false]" classname="org.apache.jena.permissions.model.SecuredRDFListTest" time="0"/>
  <testcase name="testListProperties[C:true R:true U:true D:false force:false]" classname="org.apache.jena.permissions.model.SecuredRDFListTest" time="0"/>
  <testcase name="testGetProperty[C:true R:true U:true D:false force:false]" classname="org.apache.jena.permissions.model.SecuredRDFListTest" time="0"/>
  <testcase name="testGetPropertyWithLang[C:true R:true U:true D:false force:false]" classname="org.apache.jena.permissions.model.SecuredRDFListTest" time="0"/>
  <testcase name="testHasProperty[C:true R:true U:true D:false force:false]" classname="org.apache.jena.permissions.model.SecuredRDFListTest" time="0"/>
  <testcase name="testListPropertiesWithLang[C:true R:true U:true D:false force:false]" classname="org.apache.jena.permissions.model.SecuredRDFListTest" time="0"/>
  <testcase name="testEquals[C:true R:true U:true D:false force:false]" classname="org.apache.jena.permissions.model.SecuredRDFListTest" time="0"/>
  <testcase name="testGetURI[C:true R:true U:true D:false force:false]" classname="org.apache.jena.permissions.model.SecuredRDFListTest" time="0"/>
  <testcase name="testHasURI[C:true R:true U:true D:false force:false]" classname="org.apache.jena.permissions.model.SecuredRDFListTest" time="0"/>
  <testcase name="testHasLiteral[C:true R:true U:true D:false force:false]" classname="org.apache.jena.permissions.model.SecuredRDFListTest" time="0"/>
  <testcase name="testAddProperty[C:true R:true U:true D:false force:false]" classname="org.apache.jena.permissions.model.SecuredRDFListTest" time="0"/>
  <testcase name="testGetRequiredProperty[C:true R:true U:true D:false force:false]" classname="org.apache.jena.permissions.model.SecuredRDFListTest" time="0"/>
  <testcase name="testGetRequiredPropertyWithLang[C:true R:true U:true D:false force:false]" classname="org.apache.jena.permissions.model.SecuredRDFListTest" time="0"/>
  <testcase name="testGetModel[C:true R:true U:true D:false force:false]" classname="org.apache.jena.permissions.model.SecuredRDFListTest" time="0"/>
  <testcase name="testCanAs[C:true R:true U:true D:false force:false]" classname="org.apache.jena.permissions.model.SecuredRDFListTest" time="0"/>
  <testcase name="testAsNode[C:true R:true U:true D:false force:false]" classname="org.apache.jena.permissions.model.SecuredRDFListTest" time="0"/>
  <testcase name="testInModel[C:true R:true U:true D:false force:false]" classname="org.apache.jena.permissions.model.SecuredRDFListTest" time="0"/>
  <testcase name="testAdd[C:true R:true U:false D:true force:true]" classname="org.apache.jena.permissions.model.SecuredRDFListTest" time="0"/>
  <testcase name="testGet[C:true R:true U:false D:true force:true]" classname="org.apache.jena.permissions.model.SecuredRDFListTest" time="0"/>
  <testcase name="testApply[C:true R:true U:false D:true force:true]" classname="org.apache.jena.permissions.model.SecuredRDFListTest" time="0"/>
  <testcase name="testValid[C:true R:true U:false D:true force:true]" classname="org.apache.jena.permissions.model.SecuredRDFListTest" time="0"/>
  <testcase name="testCons[C:true R:true U:false D:true force:true]" classname="org.apache.jena.permissions.model.SecuredRDFListTest" time="0"/>
  <testcase name="testCopy[C:true R:true U:false D:true force:true]" classname="org.apache.jena.permissions.model.SecuredRDFListTest" time="0"/>
  <testcase name="testSize[C:true R:true U:false D:true force:true]" classname="org.apache.jena.permissions.model.SecuredRDFListTest" time="0"/>
  <testcase name="testWith[C:true R:true U:false D:true force:true]" classname="org.apache.jena.permissions.model.SecuredRDFListTest" time="0"/>
  <testcase name="testGetValidityErrorMessage[C:true R:true U:false D:true force:true]" classname="org.apache.jena.permissions.model.SecuredRDFListTest" time="0"/>
  <testcase name="testAppendNodeIterator[C:true R:true U:false D:true force:true]" classname="org.apache.jena.permissions.model.SecuredRDFListTest" time="0"/>
  <testcase name="testAsJaveList[C:true R:true U:false D:true force:true]" classname="org.apache.jena.permissions.model.SecuredRDFListTest" time="0"/>
  <testcase name="testGetHead[C:true R:true U:false D:true force:true]" classname="org.apache.jena.permissions.model.SecuredRDFListTest" time="0"/>
  <testcase name="testGetTail[C:true R:true U:false D:true force:true]" classname="org.apache.jena.permissions.model.SecuredRDFListTest" time="0"/>
  <testcase name="testContains[C:true R:true U:false D:true force:true]" classname="org.apache.jena.permissions.model.SecuredRDFListTest" time="0"/>
  <testcase name="testConcatenate[C:true R:true U:false D:true force:true]" classname="org.apache.jena.permissions.model.SecuredRDFListTest" time="0"/>
  <testcase name="testRemoveHead[C:true R:true U:false D:true force:true]" classname="org.apache.jena.permissions.model.SecuredRDFListTest" time="0"/>
  <testcase name="testRemoveList[C:true R:true U:false D:true force:true]" classname="org.apache.jena.permissions.model.SecuredRDFListTest" time="0"/>
  <testcase name="testReplace[C:true R:true U:false D:true force:true]" classname="org.apache.jena.permissions.model.SecuredRDFListTest" time="0"/>
  <testcase name="testSetStrict[C:true R:true U:false D:true force:true]" classname="org.apache.jena.permissions.model.SecuredRDFListTest" time="0"/>
  <testcase name="testIndexOf[C:true R:true U:false D:true force:true]" classname="org.apache.jena.permissions.model.SecuredRDFListTest" time="0"/>
  <testcase name="testSetHead[C:true R:true U:false D:true force:true]" classname="org.apache.jena.permissions.model.SecuredRDFListTest" time="0"/>
  <testcase name="testSameListAs[C:true R:true U:false D:true force:true]" classname="org.apache.jena.permissions.model.SecuredRDFListTest" time="0"/>
  <testcase name="testIsEmpty[C:true R:true U:false D:true force:true]" classname="org.apache.jena.permissions.model.SecuredRDFListTest" time="0"/>
  <testcase name="testReduce[C:true R:true U:false D:true force:true]" classname="org.apache.jena.permissions.model.SecuredRDFListTest" time="0"/>
  <testcase name="testRemove[C:true R:true U:false D:true force:true]" classname="org.apache.jena.permissions.model.SecuredRDFListTest" time="0"/>
  <testcase name="testAppendRDFList[C:true R:true U:false D:true force:true]" classname="org.apache.jena.permissions.model.SecuredRDFListTest" time="0"/>
  <testcase name="testIterator[C:true R:true U:false D:true force:true]" classname="org.apache.jena.permissions.model.SecuredRDFListTest" time="0"/>
  <testcase name="testRemoveAll[C:true R:true U:false D:true force:true]" classname="org.apache.jena.permissions.model.SecuredRDFListTest" time="0"/>
  <testcase name="testAddLiteralBoolean[C:true R:true U:false D:true force:true]" classname="org.apache.jena.permissions.model.SecuredRDFListTest" time="0"/>
  <testcase name="testAnonFuncs[C:true R:true U:false D:true force:true]" classname="org.apache.jena.permissions.model.SecuredRDFListTest" time="0"/>
  <testcase name="testRemoveProperties[C:true R:true U:false D:true force:true]" classname="org.apache.jena.permissions.model.SecuredRDFListTest" time="0"/>
  <testcase name="testAsResource[C:true R:true U:false D:true force:true]" classname="org.apache.jena.permissions.model.SecuredRDFListTest" time="0"/>
  <testcase name="testListProperties[C:true R:true U:false D:true force:true]" classname="org.apache.jena.permissions.model.SecuredRDFListTest" time="0"/>
  <testcase name="testGetProperty[C:true R:true U:false D:true force:true]" classname="org.apache.jena.permissions.model.SecuredRDFListTest" time="0"/>
  <testcase name="testGetPropertyWithLang[C:true R:true U:false D:true force:true]" classname="org.apache.jena.permissions.model.SecuredRDFListTest" time="0"/>
  <testcase name="testHasProperty[C:true R:true U:false D:true force:true]" classname="org.apache.jena.permissions.model.SecuredRDFListTest" time="0"/>
  <testcase name="testListPropertiesWithLang[C:true R:true U:false D:true force:true]" classname="org.apache.jena.permissions.model.SecuredRDFListTest" time="0"/>
  <testcase name="testEquals[C:true R:true U:false D:true force:true]" classname="org.apache.jena.permissions.model.SecuredRDFListTest" time="0"/>
  <testcase name="testGetURI[C:true R:true U:false D:true force:true]" classname="org.apache.jena.permissions.model.SecuredRDFListTest" time="0"/>
  <testcase name="testHasURI[C:true R:true U:false D:true force:true]" classname="org.apache.jena.permissions.model.SecuredRDFListTest" time="0"/>
  <testcase name="testHasLiteral[C:true R:true U:false D:true force:true]" classname="org.apache.jena.permissions.model.SecuredRDFListTest" time="0"/>
  <testcase name="testAddProperty[C:true R:true U:false D:true force:true]" classname="org.apache.jena.permissions.model.SecuredRDFListTest" time="0"/>
  <testcase name="testGetRequiredProperty[C:true R:true U:false D:true force:true]" classname="org.apache.jena.permissions.model.SecuredRDFListTest" time="0"/>
  <testcase name="testGetRequiredPropertyWithLang[C:true R:true U:false D:true force:true]" classname="org.apache.jena.permissions.model.SecuredRDFListTest" time="0"/>
  <testcase name="testGetModel[C:true R:true U:false D:true force:true]" classname="org.apache.jena.permissions.model.SecuredRDFListTest" time="0"/>
  <testcase name="testCanAs[C:true R:true U:false D:true force:true]" classname="org.apache.jena.permissions.model.SecuredRDFListTest" time="0"/>
  <testcase name="testAsNode[C:true R:true U:false D:true force:true]" classname="org.apache.jena.permissions.model.SecuredRDFListTest" time="0"/>
  <testcase name="testInModel[C:true R:true U:false D:true force:true]" classname="org.apache.jena.permissions.model.SecuredRDFListTest" time="0"/>
  <testcase name="testAdd[C:true R:true U:false D:true force:false]" classname="org.apache.jena.permissions.model.SecuredRDFListTest" time="0"/>
  <testcase name="testGet[C:true R:true U:false D:true force:false]" classname="org.apache.jena.permissions.model.SecuredRDFListTest" time="0"/>
  <testcase name="testApply[C:true R:true U:false D:true force:false]" classname="org.apache.jena.permissions.model.SecuredRDFListTest" time="0"/>
  <testcase name="testValid[C:true R:true U:false D:true force:false]" classname="org.apache.jena.permissions.model.SecuredRDFListTest" time="0"/>
  <testcase name="testCons[C:true R:true U:false D:true force:false]" classname="org.apache.jena.permissions.model.SecuredRDFListTest" time="0"/>
  <testcase name="testCopy[C:true R:true U:false D:true force:false]" classname="org.apache.jena.permissions.model.SecuredRDFListTest" time="0"/>
  <testcase name="testSize[C:true R:true U:false D:true force:false]" classname="org.apache.jena.permissions.model.SecuredRDFListTest" time="0"/>
  <testcase name="testWith[C:true R:true U:false D:true force:false]" classname="org.apache.jena.permissions.model.SecuredRDFListTest" time="0"/>
  <testcase name="testGetValidityErrorMessage[C:true R:true U:false D:true force:false]" classname="org.apache.jena.permissions.model.SecuredRDFListTest" time="0"/>
  <testcase name="testAppendNodeIterator[C:true R:true U:false D:true force:false]" classname="org.apache.jena.permissions.model.SecuredRDFListTest" time="0"/>
  <testcase name="testAsJaveList[C:true R:true U:false D:true force:false]" classname="org.apache.jena.permissions.model.SecuredRDFListTest" time="0"/>
  <testcase name="testGetHead[C:true R:true U:false D:true force:false]" classname="org.apache.jena.permissions.model.SecuredRDFListTest" time="0"/>
  <testcase name="testGetTail[C:true R:true U:false D:true force:false]" classname="org.apache.jena.permissions.model.SecuredRDFListTest" time="0"/>
  <testcase name="testContains[C:true R:true U:false D:true force:false]" classname="org.apache.jena.permissions.model.SecuredRDFListTest" time="0"/>
  <testcase name="testConcatenate[C:true R:true U:false D:true force:false]" classname="org.apache.jena.permissions.model.SecuredRDFListTest" time="0"/>
  <testcase name="testRemoveHead[C:true R:true U:false D:true force:false]" classname="org.apache.jena.permissions.model.SecuredRDFListTest" time="0"/>
  <testcase name="testRemoveList[C:true R:true U:false D:true force:false]" classname="org.apache.jena.permissions.model.SecuredRDFListTest" time="0"/>
  <testcase name="testReplace[C:true R:true U:false D:true force:false]" classname="org.apache.jena.permissions.model.SecuredRDFListTest" time="0"/>
  <testcase name="testSetStrict[C:true R:true U:false D:true force:false]" classname="org.apache.jena.permissions.model.SecuredRDFListTest" time="0"/>
  <testcase name="testIndexOf[C:true R:true U:false D:true force:false]" classname="org.apache.jena.permissions.model.SecuredRDFListTest" time="0"/>
  <testcase name="testSetHead[C:true R:true U:false D:true force:false]" classname="org.apache.jena.permissions.model.SecuredRDFListTest" time="0"/>
  <testcase name="testSameListAs[C:true R:true U:false D:true force:false]" classname="org.apache.jena.permissions.model.SecuredRDFListTest" time="0"/>
  <testcase name="testIsEmpty[C:true R:true U:false D:true force:false]" classname="org.apache.jena.permissions.model.SecuredRDFListTest" time="0"/>
  <testcase name="testReduce[C:true R:true U:false D:true force:false]" classname="org.apache.jena.permissions.model.SecuredRDFListTest" time="0"/>
  <testcase name="testRemove[C:true R:true U:false D:true force:false]" classname="org.apache.jena.permissions.model.SecuredRDFListTest" time="0"/>
  <testcase name="testAppendRDFList[C:true R:true U:false D:true force:false]" classname="org.apache.jena.permissions.model.SecuredRDFListTest" time="0"/>
  <testcase name="testIterator[C:true R:true U:false D:true force:false]" classname="org.apache.jena.permissions.model.SecuredRDFListTest" time="0"/>
  <testcase name="testRemoveAll[C:true R:true U:false D:true force:false]" classname="org.apache.jena.permissions.model.SecuredRDFListTest" time="0"/>
  <testcase name="testAddLiteralBoolean[C:true R:true U:false D:true force:false]" classname="org.apache.jena.permissions.model.SecuredRDFListTest" time="0"/>
  <testcase name="testAnonFuncs[C:true R:true U:false D:true force:false]" classname="org.apache.jena.permissions.model.SecuredRDFListTest" time="0"/>
  <testcase name="testRemoveProperties[C:true R:true U:false D:true force:false]" classname="org.apache.jena.permissions.model.SecuredRDFListTest" time="0"/>
  <testcase name="testAsResource[C:true R:true U:false D:true force:false]" classname="org.apache.jena.permissions.model.SecuredRDFListTest" time="0"/>
  <testcase name="testListProperties[C:true R:true U:false D:true force:false]" classname="org.apache.jena.permissions.model.SecuredRDFListTest" time="0"/>
  <testcase name="testGetProperty[C:true R:true U:false D:true force:false]" classname="org.apache.jena.permissions.model.SecuredRDFListTest" time="0"/>
  <testcase name="testGetPropertyWithLang[C:true R:true U:false D:true force:false]" classname="org.apache.jena.permissions.model.SecuredRDFListTest" time="0"/>
  <testcase name="testHasProperty[C:true R:true U:false D:true force:false]" classname="org.apache.jena.permissions.model.SecuredRDFListTest" time="0"/>
  <testcase name="testListPropertiesWithLang[C:true R:true U:false D:true force:false]" classname="org.apache.jena.permissions.model.SecuredRDFListTest" time="0"/>
  <testcase name="testEquals[C:true R:true U:false D:true force:false]" classname="org.apache.jena.permissions.model.SecuredRDFListTest" time="0"/>
  <testcase name="testGetURI[C:true R:true U:false D:true force:false]" classname="org.apache.jena.permissions.model.SecuredRDFListTest" time="0"/>
  <testcase name="testHasURI[C:true R:true U:false D:true force:false]" classname="org.apache.jena.permissions.model.SecuredRDFListTest" time="0"/>
  <testcase name="testHasLiteral[C:true R:true U:false D:true force:false]" classname="org.apache.jena.permissions.model.SecuredRDFListTest" time="0"/>
  <testcase name="testAddProperty[C:true R:true U:false D:true force:false]" classname="org.apache.jena.permissions.model.SecuredRDFListTest" time="0"/>
  <testcase name="testGetRequiredProperty[C:true R:true U:false D:true force:false]" classname="org.apache.jena.permissions.model.SecuredRDFListTest" time="0"/>
  <testcase name="testGetRequiredPropertyWithLang[C:true R:true U:false D:true force:false]" classname="org.apache.jena.permissions.model.SecuredRDFListTest" time="0"/>
  <testcase name="testGetModel[C:true R:true U:false D:true force:false]" classname="org.apache.jena.permissions.model.SecuredRDFListTest" time="0"/>
  <testcase name="testCanAs[C:true R:true U:false D:true force:false]" classname="org.apache.jena.permissions.model.SecuredRDFListTest" time="0"/>
  <testcase name="testAsNode[C:true R:true U:false D:true force:false]" classname="org.apache.jena.permissions.model.SecuredRDFListTest" time="0"/>
  <testcase name="testInModel[C:true R:true U:false D:true force:false]" classname="org.apache.jena.permissions.model.SecuredRDFListTest" time="0"/>
  <testcase name="testAdd[C:true R:true U:false D:false force:true]" classname="org.apache.jena.permissions.model.SecuredRDFListTest" time="0"/>
  <testcase name="testGet[C:true R:true U:false D:false force:true]" classname="org.apache.jena.permissions.model.SecuredRDFListTest" time="0"/>
  <testcase name="testApply[C:true R:true U:false D:false force:true]" classname="org.apache.jena.permissions.model.SecuredRDFListTest" time="0"/>
  <testcase name="testValid[C:true R:true U:false D:false force:true]" classname="org.apache.jena.permissions.model.SecuredRDFListTest" time="0"/>
  <testcase name="testCons[C:true R:true U:false D:false force:true]" classname="org.apache.jena.permissions.model.SecuredRDFListTest" time="0"/>
  <testcase name="testCopy[C:true R:true U:false D:false force:true]" classname="org.apache.jena.permissions.model.SecuredRDFListTest" time="0"/>
  <testcase name="testSize[C:true R:true U:false D:false force:true]" classname="org.apache.jena.permissions.model.SecuredRDFListTest" time="0"/>
  <testcase name="testWith[C:true R:true U:false D:false force:true]" classname="org.apache.jena.permissions.model.SecuredRDFListTest" time="0"/>
  <testcase name="testGetValidityErrorMessage[C:true R:true U:false D:false force:true]" classname="org.apache.jena.permissions.model.SecuredRDFListTest" time="0"/>
  <testcase name="testAppendNodeIterator[C:true R:true U:false D:false force:true]" classname="org.apache.jena.permissions.model.SecuredRDFListTest" time="0"/>
  <testcase name="testAsJaveList[C:true R:true U:false D:false force:true]" classname="org.apache.jena.permissions.model.SecuredRDFListTest" time="0"/>
  <testcase name="testGetHead[C:true R:true U:false D:false force:true]" classname="org.apache.jena.permissions.model.SecuredRDFListTest" time="0"/>
  <testcase name="testGetTail[C:true R:true U:false D:false force:true]" classname="org.apache.jena.permissions.model.SecuredRDFListTest" time="0"/>
  <testcase name="testContains[C:true R:true U:false D:false force:true]" classname="org.apache.jena.permissions.model.SecuredRDFListTest" time="0"/>
  <testcase name="testConcatenate[C:true R:true U:false D:false force:true]" classname="org.apache.jena.permissions.model.SecuredRDFListTest" time="0"/>
  <testcase name="testRemoveHead[C:true R:true U:false D:false force:true]" classname="org.apache.jena.permissions.model.SecuredRDFListTest" time="0"/>
  <testcase name="testRemoveList[C:true R:true U:false D:false force:true]" classname="org.apache.jena.permissions.model.SecuredRDFListTest" time="0"/>
  <testcase name="testReplace[C:true R:true U:false D:false force:true]" classname="org.apache.jena.permissions.model.SecuredRDFListTest" time="0"/>
  <testcase name="testSetStrict[C:true R:true U:false D:false force:true]" classname="org.apache.jena.permissions.model.SecuredRDFListTest" time="0"/>
  <testcase name="testIndexOf[C:true R:true U:false D:false force:true]" classname="org.apache.jena.permissions.model.SecuredRDFListTest" time="0"/>
  <testcase name="testSetHead[C:true R:true U:false D:false force:true]" classname="org.apache.jena.permissions.model.SecuredRDFListTest" time="0"/>
  <testcase name="testSameListAs[C:true R:true U:false D:false force:true]" classname="org.apache.jena.permissions.model.SecuredRDFListTest" time="0"/>
  <testcase name="testIsEmpty[C:true R:true U:false D:false force:true]" classname="org.apache.jena.permissions.model.SecuredRDFListTest" time="0"/>
  <testcase name="testReduce[C:true R:true U:false D:false force:true]" classname="org.apache.jena.permissions.model.SecuredRDFListTest" time="0"/>
  <testcase name="testRemove[C:true R:true U:false D:false force:true]" classname="org.apache.jena.permissions.model.SecuredRDFListTest" time="0"/>
  <testcase name="testAppendRDFList[C:true R:true U:false D:false force:true]" classname="org.apache.jena.permissions.model.SecuredRDFListTest" time="0"/>
  <testcase name="testIterator[C:true R:true U:false D:false force:true]" classname="org.apache.jena.permissions.model.SecuredRDFListTest" time="0"/>
  <testcase name="testRemoveAll[C:true R:true U:false D:false force:true]" classname="org.apache.jena.permissions.model.SecuredRDFListTest" time="0"/>
  <testcase name="testAddLiteralBoolean[C:true R:true U:false D:false force:true]" classname="org.apache.jena.permissions.model.SecuredRDFListTest" time="0"/>
  <testcase name="testAnonFuncs[C:true R:true U:false D:false force:true]" classname="org.apache.jena.permissions.model.SecuredRDFListTest" time="0"/>
  <testcase name="testRemoveProperties[C:true R:true U:false D:false force:true]" classname="org.apache.jena.permissions.model.SecuredRDFListTest" time="0"/>
  <testcase name="testAsResource[C:true R:true U:false D:false force:true]" classname="org.apache.jena.permissions.model.SecuredRDFListTest" time="0"/>
  <testcase name="testListProperties[C:true R:true U:false D:false force:true]" classname="org.apache.jena.permissions.model.SecuredRDFListTest" time="0"/>
  <testcase name="testGetProperty[C:true R:true U:false D:false force:true]" classname="org.apache.jena.permissions.model.SecuredRDFListTest" time="0"/>
  <testcase name="testGetPropertyWithLang[C:true R:true U:false D:false force:true]" classname="org.apache.jena.permissions.model.SecuredRDFListTest" time="0"/>
  <testcase name="testHasProperty[C:true R:true U:false D:false force:true]" classname="org.apache.jena.permissions.model.SecuredRDFListTest" time="0"/>
  <testcase name="testListPropertiesWithLang[C:true R:true U:false D:false force:true]" classname="org.apache.jena.permissions.model.SecuredRDFListTest" time="0"/>
  <testcase name="testEquals[C:true R:true U:false D:false force:true]" classname="org.apache.jena.permissions.model.SecuredRDFListTest" time="0"/>
  <testcase name="testGetURI[C:true R:true U:false D:false force:true]" classname="org.apache.jena.permissions.model.SecuredRDFListTest" time="0"/>
  <testcase name="testHasURI[C:true R:true U:false D:false force:true]" classname="org.apache.jena.permissions.model.SecuredRDFListTest" time="0"/>
  <testcase name="testHasLiteral[C:true R:true U:false D:false force:true]" classname="org.apache.jena.permissions.model.SecuredRDFListTest" time="0"/>
  <testcase name="testAddProperty[C:true R:true U:false D:false force:true]" classname="org.apache.jena.permissions.model.SecuredRDFListTest" time="0"/>
  <testcase name="testGetRequiredProperty[C:true R:true U:false D:false force:true]" classname="org.apache.jena.permissions.model.SecuredRDFListTest" time="0"/>
  <testcase name="testGetRequiredPropertyWithLang[C:true R:true U:false D:false force:true]" classname="org.apache.jena.permissions.model.SecuredRDFListTest" time="0"/>
  <testcase name="testGetModel[C:true R:true U:false D:false force:true]" classname="org.apache.jena.permissions.model.SecuredRDFListTest" time="0"/>
  <testcase name="testCanAs[C:true R:true U:false D:false force:true]" classname="org.apache.jena.permissions.model.SecuredRDFListTest" time="0"/>
  <testcase name="testAsNode[C:true R:true U:false D:false force:true]" classname="org.apache.jena.permissions.model.SecuredRDFListTest" time="0"/>
  <testcase name="testInModel[C:true R:true U:false D:false force:true]" classname="org.apache.jena.permissions.model.SecuredRDFListTest" time="0"/>
  <testcase name="testAdd[C:true R:true U:false D:false force:false]" classname="org.apache.jena.permissions.model.SecuredRDFListTest" time="0"/>
  <testcase name="testGet[C:true R:true U:false D:false force:false]" classname="org.apache.jena.permissions.model.SecuredRDFListTest" time="0"/>
  <testcase name="testApply[C:true R:true U:false D:false force:false]" classname="org.apache.jena.permissions.model.SecuredRDFListTest" time="0"/>
  <testcase name="testValid[C:true R:true U:false D:false force:false]" classname="org.apache.jena.permissions.model.SecuredRDFListTest" time="0"/>
  <testcase name="testCons[C:true R:true U:false D:false force:false]" classname="org.apache.jena.permissions.model.SecuredRDFListTest" time="0"/>
  <testcase name="testCopy[C:true R:true U:false D:false force:false]" classname="org.apache.jena.permissions.model.SecuredRDFListTest" time="0"/>
  <testcase name="testSize[C:true R:true U:false D:false force:false]" classname="org.apache.jena.permissions.model.SecuredRDFListTest" time="0"/>
  <testcase name="testWith[C:true R:true U:false D:false force:false]" classname="org.apache.jena.permissions.model.SecuredRDFListTest" time="0"/>
  <testcase name="testGetValidityErrorMessage[C:true R:true U:false D:false force:false]" classname="org.apache.jena.permissions.model.SecuredRDFListTest" time="0"/>
  <testcase name="testAppendNodeIterator[C:true R:true U:false D:false force:false]" classname="org.apache.jena.permissions.model.SecuredRDFListTest" time="0"/>
  <testcase name="testAsJaveList[C:true R:true U:false D:false force:false]" classname="org.apache.jena.permissions.model.SecuredRDFListTest" time="0"/>
  <testcase name="testGetHead[C:true R:true U:false D:false force:false]" classname="org.apache.jena.permissions.model.SecuredRDFListTest" time="0"/>
  <testcase name="testGetTail[C:true R:true U:false D:false force:false]" classname="org.apache.jena.permissions.model.SecuredRDFListTest" time="0"/>
  <testcase name="testContains[C:true R:true U:false D:false force:false]" classname="org.apache.jena.permissions.model.SecuredRDFListTest" time="0"/>
  <testcase name="testConcatenate[C:true R:true U:false D:false force:false]" classname="org.apache.jena.permissions.model.SecuredRDFListTest" time="0"/>
  <testcase name="testRemoveHead[C:true R:true U:false D:false force:false]" classname="org.apache.jena.permissions.model.SecuredRDFListTest" time="0"/>
  <testcase name="testRemoveList[C:true R:true U:false D:false force:false]" classname="org.apache.jena.permissions.model.SecuredRDFListTest" time="0"/>
  <testcase name="testReplace[C:true R:true U:false D:false force:false]" classname="org.apache.jena.permissions.model.SecuredRDFListTest" time="0"/>
  <testcase name="testSetStrict[C:true R:true U:false D:false force:false]" classname="org.apache.jena.permissions.model.SecuredRDFListTest" time="0"/>
  <testcase name="testIndexOf[C:true R:true U:false D:false force:false]" classname="org.apache.jena.permissions.model.SecuredRDFListTest" time="0"/>
  <testcase name="testSetHead[C:true R:true U:false D:false force:false]" classname="org.apache.jena.permissions.model.SecuredRDFListTest" time="0"/>
  <testcase name="testSameListAs[C:true R:true U:false D:false force:false]" classname="org.apache.jena.permissions.model.SecuredRDFListTest" time="0"/>
  <testcase name="testIsEmpty[C:true R:true U:false D:false force:false]" classname="org.apache.jena.permissions.model.SecuredRDFListTest" time="0"/>
  <testcase name="testReduce[C:true R:true U:false D:false force:false]" classname="org.apache.jena.permissions.model.SecuredRDFListTest" time="0"/>
  <testcase name="testRemove[C:true R:true U:false D:false force:false]" classname="org.apache.jena.permissions.model.SecuredRDFListTest" time="0"/>
  <testcase name="testAppendRDFList[C:true R:true U:false D:false force:false]" classname="org.apache.jena.permissions.model.SecuredRDFListTest" time="0.001"/>
  <testcase name="testIterator[C:true R:true U:false D:false force:false]" classname="org.apache.jena.permissions.model.SecuredRDFListTest" time="0"/>
  <testcase name="testRemoveAll[C:true R:true U:false D:false force:false]" classname="org.apache.jena.permissions.model.SecuredRDFListTest" time="0"/>
  <testcase name="testAddLiteralBoolean[C:true R:true U:false D:false force:false]" classname="org.apache.jena.permissions.model.SecuredRDFListTest" time="0"/>
  <testcase name="testAnonFuncs[C:true R:true U:false D:false force:false]" classname="org.apache.jena.permissions.model.SecuredRDFListTest" time="0"/>
  <testcase name="testRemoveProperties[C:true R:true U:false D:false force:false]" classname="org.apache.jena.permissions.model.SecuredRDFListTest" time="0"/>
  <testcase name="testAsResource[C:true R:true U:false D:false force:false]" classname="org.apache.jena.permissions.model.SecuredRDFListTest" time="0"/>
  <testcase name="testListProperties[C:true R:true U:false D:false force:false]" classname="org.apache.jena.permissions.model.SecuredRDFListTest" time="0"/>
  <testcase name="testGetProperty[C:true R:true U:false D:false force:false]" classname="org.apache.jena.permissions.model.SecuredRDFListTest" time="0"/>
  <testcase name="testGetPropertyWithLang[C:true R:true U:false D:false force:false]" classname="org.apache.jena.permissions.model.SecuredRDFListTest" time="0"/>
  <testcase name="testHasProperty[C:true R:true U:false D:false force:false]" classname="org.apache.jena.permissions.model.SecuredRDFListTest" time="0"/>
  <testcase name="testListPropertiesWithLang[C:true R:true U:false D:false force:false]" classname="org.apache.jena.permissions.model.SecuredRDFListTest" time="0"/>
  <testcase name="testEquals[C:true R:true U:false D:false force:false]" classname="org.apache.jena.permissions.model.SecuredRDFListTest" time="0"/>
  <testcase name="testGetURI[C:true R:true U:false D:false force:false]" classname="org.apache.jena.permissions.model.SecuredRDFListTest" time="0"/>
  <testcase name="testHasURI[C:true R:true U:false D:false force:false]" classname="org.apache.jena.permissions.model.SecuredRDFListTest" time="0"/>
  <testcase name="testHasLiteral[C:true R:true U:false D:false force:false]" classname="org.apache.jena.permissions.model.SecuredRDFListTest" time="0"/>
  <testcase name="testAddProperty[C:true R:true U:false D:false force:false]" classname="org.apache.jena.permissions.model.SecuredRDFListTest" time="0"/>
  <testcase name="testGetRequiredProperty[C:true R:true U:false D:false force:false]" classname="org.apache.jena.permissions.model.SecuredRDFListTest" time="0"/>
  <testcase name="testGetRequiredPropertyWithLang[C:true R:true U:false D:false force:false]" classname="org.apache.jena.permissions.model.SecuredRDFListTest" time="0"/>
  <testcase name="testGetModel[C:true R:true U:false D:false force:false]" classname="org.apache.jena.permissions.model.SecuredRDFListTest" time="0"/>
  <testcase name="testCanAs[C:true R:true U:false D:false force:false]" classname="org.apache.jena.permissions.model.SecuredRDFListTest" time="0"/>
  <testcase name="testAsNode[C:true R:true U:false D:false force:false]" classname="org.apache.jena.permissions.model.SecuredRDFListTest" time="0"/>
  <testcase name="testInModel[C:true R:true U:false D:false force:false]" classname="org.apache.jena.permissions.model.SecuredRDFListTest" time="0"/>
  <testcase name="testAdd[C:true R:false U:true D:true force:true]" classname="org.apache.jena.permissions.model.SecuredRDFListTest" time="0"/>
  <testcase name="testGet[C:true R:false U:true D:true force:true]" classname="org.apache.jena.permissions.model.SecuredRDFListTest" time="0"/>
  <testcase name="testApply[C:true R:false U:true D:true force:true]" classname="org.apache.jena.permissions.model.SecuredRDFListTest" time="0"/>
  <testcase name="testValid[C:true R:false U:true D:true force:true]" classname="org.apache.jena.permissions.model.SecuredRDFListTest" time="0"/>
  <testcase name="testCons[C:true R:false U:true D:true force:true]" classname="org.apache.jena.permissions.model.SecuredRDFListTest" time="0"/>
  <testcase name="testCopy[C:true R:false U:true D:true force:true]" classname="org.apache.jena.permissions.model.SecuredRDFListTest" time="0"/>
  <testcase name="testSize[C:true R:false U:true D:true force:true]" classname="org.apache.jena.permissions.model.SecuredRDFListTest" time="0"/>
  <testcase name="testWith[C:true R:false U:true D:true force:true]" classname="org.apache.jena.permissions.model.SecuredRDFListTest" time="0"/>
  <testcase name="testGetValidityErrorMessage[C:true R:false U:true D:true force:true]" classname="org.apache.jena.permissions.model.SecuredRDFListTest" time="0"/>
  <testcase name="testAppendNodeIterator[C:true R:false U:true D:true force:true]" classname="org.apache.jena.permissions.model.SecuredRDFListTest" time="0"/>
  <testcase name="testAsJaveList[C:true R:false U:true D:true force:true]" classname="org.apache.jena.permissions.model.SecuredRDFListTest" time="0"/>
  <testcase name="testGetHead[C:true R:false U:true D:true force:true]" classname="org.apache.jena.permissions.model.SecuredRDFListTest" time="0"/>
  <testcase name="testGetTail[C:true R:false U:true D:true force:true]" classname="org.apache.jena.permissions.model.SecuredRDFListTest" time="0"/>
  <testcase name="testContains[C:true R:false U:true D:true force:true]" classname="org.apache.jena.permissions.model.SecuredRDFListTest" time="0"/>
  <testcase name="testConcatenate[C:true R:false U:true D:true force:true]" classname="org.apache.jena.permissions.model.SecuredRDFListTest" time="0"/>
  <testcase name="testRemoveHead[C:true R:false U:true D:true force:true]" classname="org.apache.jena.permissions.model.SecuredRDFListTest" time="0"/>
  <testcase name="testRemoveList[C:true R:false U:true D:true force:true]" classname="org.apache.jena.permissions.model.SecuredRDFListTest" time="0"/>
  <testcase name="testReplace[C:true R:false U:true D:true force:true]" classname="org.apache.jena.permissions.model.SecuredRDFListTest" time="0"/>
  <testcase name="testSetStrict[C:true R:false U:true D:true force:true]" classname="org.apache.jena.permissions.model.SecuredRDFListTest" time="0"/>
  <testcase name="testIndexOf[C:true R:false U:true D:true force:true]" classname="org.apache.jena.permissions.model.SecuredRDFListTest" time="0"/>
  <testcase name="testSetHead[C:true R:false U:true D:true force:true]" classname="org.apache.jena.permissions.model.SecuredRDFListTest" time="0"/>
  <testcase name="testSameListAs[C:true R:false U:true D:true force:true]" classname="org.apache.jena.permissions.model.SecuredRDFListTest" time="0"/>
  <testcase name="testIsEmpty[C:true R:false U:true D:true force:true]" classname="org.apache.jena.permissions.model.SecuredRDFListTest" time="0"/>
  <testcase name="testReduce[C:true R:false U:true D:true force:true]" classname="org.apache.jena.permissions.model.SecuredRDFListTest" time="0"/>
  <testcase name="testRemove[C:true R:false U:true D:true force:true]" classname="org.apache.jena.permissions.model.SecuredRDFListTest" time="0"/>
  <testcase name="testAppendRDFList[C:true R:false U:true D:true force:true]" classname="org.apache.jena.permissions.model.SecuredRDFListTest" time="0"/>
  <testcase name="testIterator[C:true R:false U:true D:true force:true]" classname="org.apache.jena.permissions.model.SecuredRDFListTest" time="0"/>
  <testcase name="testRemoveAll[C:true R:false U:true D:true force:true]" classname="org.apache.jena.permissions.model.SecuredRDFListTest" time="0"/>
  <testcase name="testAddLiteralBoolean[C:true R:false U:true D:true force:true]" classname="org.apache.jena.permissions.model.SecuredRDFListTest" time="0"/>
  <testcase name="testAnonFuncs[C:true R:false U:true D:true force:true]" classname="org.apache.jena.permissions.model.SecuredRDFListTest" time="0"/>
  <testcase name="testRemoveProperties[C:true R:false U:true D:true force:true]" classname="org.apache.jena.permissions.model.SecuredRDFListTest" time="0"/>
  <testcase name="testAsResource[C:true R:false U:true D:true force:true]" classname="org.apache.jena.permissions.model.SecuredRDFListTest" time="0"/>
  <testcase name="testListProperties[C:true R:false U:true D:true force:true]" classname="org.apache.jena.permissions.model.SecuredRDFListTest" time="0"/>
  <testcase name="testGetProperty[C:true R:false U:true D:true force:true]" classname="org.apache.jena.permissions.model.SecuredRDFListTest" time="0"/>
  <testcase name="testGetPropertyWithLang[C:true R:false U:true D:true force:true]" classname="org.apache.jena.permissions.model.SecuredRDFListTest" time="0"/>
  <testcase name="testHasProperty[C:true R:false U:true D:true force:true]" classname="org.apache.jena.permissions.model.SecuredRDFListTest" time="0"/>
  <testcase name="testListPropertiesWithLang[C:true R:false U:true D:true force:true]" classname="org.apache.jena.permissions.model.SecuredRDFListTest" time="0"/>
  <testcase name="testEquals[C:true R:false U:true D:true force:true]" classname="org.apache.jena.permissions.model.SecuredRDFListTest" time="0"/>
  <testcase name="testGetURI[C:true R:false U:true D:true force:true]" classname="org.apache.jena.permissions.model.SecuredRDFListTest" time="0"/>
  <testcase name="testHasURI[C:true R:false U:true D:true force:true]" classname="org.apache.jena.permissions.model.SecuredRDFListTest" time="0"/>
  <testcase name="testHasLiteral[C:true R:false U:true D:true force:true]" classname="org.apache.jena.permissions.model.SecuredRDFListTest" time="0"/>
  <testcase name="testAddProperty[C:true R:false U:true D:true force:true]" classname="org.apache.jena.permissions.model.SecuredRDFListTest" time="0"/>
  <testcase name="testGetRequiredProperty[C:true R:false U:true D:true force:true]" classname="org.apache.jena.permissions.model.SecuredRDFListTest" time="0"/>
  <testcase name="testGetRequiredPropertyWithLang[C:true R:false U:true D:true force:true]" classname="org.apache.jena.permissions.model.SecuredRDFListTest" time="0"/>
  <testcase name="testGetModel[C:true R:false U:true D:true force:true]" classname="org.apache.jena.permissions.model.SecuredRDFListTest" time="0"/>
  <testcase name="testCanAs[C:true R:false U:true D:true force:true]" classname="org.apache.jena.permissions.model.SecuredRDFListTest" time="0"/>
  <testcase name="testAsNode[C:true R:false U:true D:true force:true]" classname="org.apache.jena.permissions.model.SecuredRDFListTest" time="0"/>
  <testcase name="testInModel[C:true R:false U:true D:true force:true]" classname="org.apache.jena.permissions.model.SecuredRDFListTest" time="0"/>
  <testcase name="testAdd[C:true R:false U:true D:true force:false]" classname="org.apache.jena.permissions.model.SecuredRDFListTest" time="0"/>
  <testcase name="testGet[C:true R:false U:true D:true force:false]" classname="org.apache.jena.permissions.model.SecuredRDFListTest" time="0"/>
  <testcase name="testApply[C:true R:false U:true D:true force:false]" classname="org.apache.jena.permissions.model.SecuredRDFListTest" time="0"/>
  <testcase name="testValid[C:true R:false U:true D:true force:false]" classname="org.apache.jena.permissions.model.SecuredRDFListTest" time="0"/>
  <testcase name="testCons[C:true R:false U:true D:true force:false]" classname="org.apache.jena.permissions.model.SecuredRDFListTest" time="0"/>
  <testcase name="testCopy[C:true R:false U:true D:true force:false]" classname="org.apache.jena.permissions.model.SecuredRDFListTest" time="0"/>
  <testcase name="testSize[C:true R:false U:true D:true force:false]" classname="org.apache.jena.permissions.model.SecuredRDFListTest" time="0"/>
  <testcase name="testWith[C:true R:false U:true D:true force:false]" classname="org.apache.jena.permissions.model.SecuredRDFListTest" time="0"/>
  <testcase name="testGetValidityErrorMessage[C:true R:false U:true D:true force:false]" classname="org.apache.jena.permissions.model.SecuredRDFListTest" time="0"/>
  <testcase name="testAppendNodeIterator[C:true R:false U:true D:true force:false]" classname="org.apache.jena.permissions.model.SecuredRDFListTest" time="0"/>
  <testcase name="testAsJaveList[C:true R:false U:true D:true force:false]" classname="org.apache.jena.permissions.model.SecuredRDFListTest" time="0"/>
  <testcase name="testGetHead[C:true R:false U:true D:true force:false]" classname="org.apache.jena.permissions.model.SecuredRDFListTest" time="0"/>
  <testcase name="testGetTail[C:true R:false U:true D:true force:false]" classname="org.apache.jena.permissions.model.SecuredRDFListTest" time="0"/>
  <testcase name="testContains[C:true R:false U:true D:true force:false]" classname="org.apache.jena.permissions.model.SecuredRDFListTest" time="0"/>
  <testcase name="testConcatenate[C:true R:false U:true D:true force:false]" classname="org.apache.jena.permissions.model.SecuredRDFListTest" time="0"/>
  <testcase name="testRemoveHead[C:true R:false U:true D:true force:false]" classname="org.apache.jena.permissions.model.SecuredRDFListTest" time="0"/>
  <testcase name="testRemoveList[C:true R:false U:true D:true force:false]" classname="org.apache.jena.permissions.model.SecuredRDFListTest" time="0"/>
  <testcase name="testReplace[C:true R:false U:true D:true force:false]" classname="org.apache.jena.permissions.model.SecuredRDFListTest" time="0"/>
  <testcase name="testSetStrict[C:true R:false U:true D:true force:false]" classname="org.apache.jena.permissions.model.SecuredRDFListTest" time="0"/>
  <testcase name="testIndexOf[C:true R:false U:true D:true force:false]" classname="org.apache.jena.permissions.model.SecuredRDFListTest" time="0"/>
  <testcase name="testSetHead[C:true R:false U:true D:true force:false]" classname="org.apache.jena.permissions.model.SecuredRDFListTest" time="0"/>
  <testcase name="testSameListAs[C:true R:false U:true D:true force:false]" classname="org.apache.jena.permissions.model.SecuredRDFListTest" time="0"/>
  <testcase name="testIsEmpty[C:true R:false U:true D:true force:false]" classname="org.apache.jena.permissions.model.SecuredRDFListTest" time="0"/>
  <testcase name="testReduce[C:true R:false U:true D:true force:false]" classname="org.apache.jena.permissions.model.SecuredRDFListTest" time="0"/>
  <testcase name="testRemove[C:true R:false U:true D:true force:false]" classname="org.apache.jena.permissions.model.SecuredRDFListTest" time="0"/>
  <testcase name="testAppendRDFList[C:true R:false U:true D:true force:false]" classname="org.apache.jena.permissions.model.SecuredRDFListTest" time="0"/>
  <testcase name="testIterator[C:true R:false U:true D:true force:false]" classname="org.apache.jena.permissions.model.SecuredRDFListTest" time="0"/>
  <testcase name="testRemoveAll[C:true R:false U:true D:true force:false]" classname="org.apache.jena.permissions.model.SecuredRDFListTest" time="0"/>
  <testcase name="testAddLiteralBoolean[C:true R:false U:true D:true force:false]" classname="org.apache.jena.permissions.model.SecuredRDFListTest" time="0"/>
  <testcase name="testAnonFuncs[C:true R:false U:true D:true force:false]" classname="org.apache.jena.permissions.model.SecuredRDFListTest" time="0"/>
  <testcase name="testRemoveProperties[C:true R:false U:true D:true force:false]" classname="org.apache.jena.permissions.model.SecuredRDFListTest" time="0"/>
  <testcase name="testAsResource[C:true R:false U:true D:true force:false]" classname="org.apache.jena.permissions.model.SecuredRDFListTest" time="0"/>
  <testcase name="testListProperties[C:true R:false U:true D:true force:false]" classname="org.apache.jena.permissions.model.SecuredRDFListTest" time="0"/>
  <testcase name="testGetProperty[C:true R:false U:true D:true force:false]" classname="org.apache.jena.permissions.model.SecuredRDFListTest" time="0"/>
  <testcase name="testGetPropertyWithLang[C:true R:false U:true D:true force:false]" classname="org.apache.jena.permissions.model.SecuredRDFListTest" time="0"/>
  <testcase name="testHasProperty[C:true R:false U:true D:true force:false]" classname="org.apache.jena.permissions.model.SecuredRDFListTest" time="0"/>
  <testcase name="testListPropertiesWithLang[C:true R:false U:true D:true force:false]" classname="org.apache.jena.permissions.model.SecuredRDFListTest" time="0"/>
  <testcase name="testEquals[C:true R:false U:true D:true force:false]" classname="org.apache.jena.permissions.model.SecuredRDFListTest" time="0"/>
  <testcase name="testGetURI[C:true R:false U:true D:true force:false]" classname="org.apache.jena.permissions.model.SecuredRDFListTest" time="0"/>
  <testcase name="testHasURI[C:true R:false U:true D:true force:false]" classname="org.apache.jena.permissions.model.SecuredRDFListTest" time="0"/>
  <testcase name="testHasLiteral[C:true R:false U:true D:true force:false]" classname="org.apache.jena.permissions.model.SecuredRDFListTest" time="0"/>
  <testcase name="testAddProperty[C:true R:false U:true D:true force:false]" classname="org.apache.jena.permissions.model.SecuredRDFListTest" time="0"/>
  <testcase name="testGetRequiredProperty[C:true R:false U:true D:true force:false]" classname="org.apache.jena.permissions.model.SecuredRDFListTest" time="0"/>
  <testcase name="testGetRequiredPropertyWithLang[C:true R:false U:true D:true force:false]" classname="org.apache.jena.permissions.model.SecuredRDFListTest" time="0"/>
  <testcase name="testGetModel[C:true R:false U:true D:true force:false]" classname="org.apache.jena.permissions.model.SecuredRDFListTest" time="0"/>
  <testcase name="testCanAs[C:true R:false U:true D:true force:false]" classname="org.apache.jena.permissions.model.SecuredRDFListTest" time="0"/>
  <testcase name="testAsNode[C:true R:false U:true D:true force:false]" classname="org.apache.jena.permissions.model.SecuredRDFListTest" time="0"/>
  <testcase name="testInModel[C:true R:false U:true D:true force:false]" classname="org.apache.jena.permissions.model.SecuredRDFListTest" time="0"/>
  <testcase name="testAdd[C:true R:false U:true D:false force:true]" classname="org.apache.jena.permissions.model.SecuredRDFListTest" time="0"/>
  <testcase name="testGet[C:true R:false U:true D:false force:true]" classname="org.apache.jena.permissions.model.SecuredRDFListTest" time="0"/>
  <testcase name="testApply[C:true R:false U:true D:false force:true]" classname="org.apache.jena.permissions.model.SecuredRDFListTest" time="0"/>
  <testcase name="testValid[C:true R:false U:true D:false force:true]" classname="org.apache.jena.permissions.model.SecuredRDFListTest" time="0"/>
  <testcase name="testCons[C:true R:false U:true D:false force:true]" classname="org.apache.jena.permissions.model.SecuredRDFListTest" time="0"/>
  <testcase name="testCopy[C:true R:false U:true D:false force:true]" classname="org.apache.jena.permissions.model.SecuredRDFListTest" time="0"/>
  <testcase name="testSize[C:true R:false U:true D:false force:true]" classname="org.apache.jena.permissions.model.SecuredRDFListTest" time="0"/>
  <testcase name="testWith[C:true R:false U:true D:false force:true]" classname="org.apache.jena.permissions.model.SecuredRDFListTest" time="0"/>
  <testcase name="testGetValidityErrorMessage[C:true R:false U:true D:false force:true]" classname="org.apache.jena.permissions.model.SecuredRDFListTest" time="0"/>
  <testcase name="testAppendNodeIterator[C:true R:false U:true D:false force:true]" classname="org.apache.jena.permissions.model.SecuredRDFListTest" time="0"/>
  <testcase name="testAsJaveList[C:true R:false U:true D:false force:true]" classname="org.apache.jena.permissions.model.SecuredRDFListTest" time="0"/>
  <testcase name="testGetHead[C:true R:false U:true D:false force:true]" classname="org.apache.jena.permissions.model.SecuredRDFListTest" time="0"/>
  <testcase name="testGetTail[C:true R:false U:true D:false force:true]" classname="org.apache.jena.permissions.model.SecuredRDFListTest" time="0"/>
  <testcase name="testContains[C:true R:false U:true D:false force:true]" classname="org.apache.jena.permissions.model.SecuredRDFListTest" time="0"/>
  <testcase name="testConcatenate[C:true R:false U:true D:false force:true]" classname="org.apache.jena.permissions.model.SecuredRDFListTest" time="0"/>
  <testcase name="testRemoveHead[C:true R:false U:true D:false force:true]" classname="org.apache.jena.permissions.model.SecuredRDFListTest" time="0"/>
  <testcase name="testRemoveList[C:true R:false U:true D:false force:true]" classname="org.apache.jena.permissions.model.SecuredRDFListTest" time="0"/>
  <testcase name="testReplace[C:true R:false U:true D:false force:true]" classname="org.apache.jena.permissions.model.SecuredRDFListTest" time="0"/>
  <testcase name="testSetStrict[C:true R:false U:true D:false force:true]" classname="org.apache.jena.permissions.model.SecuredRDFListTest" time="0"/>
  <testcase name="testIndexOf[C:true R:false U:true D:false force:true]" classname="org.apache.jena.permissions.model.SecuredRDFListTest" time="0"/>
  <testcase name="testSetHead[C:true R:false U:true D:false force:true]" classname="org.apache.jena.permissions.model.SecuredRDFListTest" time="0"/>
  <testcase name="testSameListAs[C:true R:false U:true D:false force:true]" classname="org.apache.jena.permissions.model.SecuredRDFListTest" time="0"/>
  <testcase name="testIsEmpty[C:true R:false U:true D:false force:true]" classname="org.apache.jena.permissions.model.SecuredRDFListTest" time="0"/>
  <testcase name="testReduce[C:true R:false U:true D:false force:true]" classname="org.apache.jena.permissions.model.SecuredRDFListTest" time="0"/>
  <testcase name="testRemove[C:true R:false U:true D:false force:true]" classname="org.apache.jena.permissions.model.SecuredRDFListTest" time="0"/>
  <testcase name="testAppendRDFList[C:true R:false U:true D:false force:true]" classname="org.apache.jena.permissions.model.SecuredRDFListTest" time="0"/>
  <testcase name="testIterator[C:true R:false U:true D:false force:true]" classname="org.apache.jena.permissions.model.SecuredRDFListTest" time="0"/>
  <testcase name="testRemoveAll[C:true R:false U:true D:false force:true]" classname="org.apache.jena.permissions.model.SecuredRDFListTest" time="0"/>
  <testcase name="testAddLiteralBoolean[C:true R:false U:true D:false force:true]" classname="org.apache.jena.permissions.model.SecuredRDFListTest" time="0"/>
  <testcase name="testAnonFuncs[C:true R:false U:true D:false force:true]" classname="org.apache.jena.permissions.model.SecuredRDFListTest" time="0"/>
  <testcase name="testRemoveProperties[C:true R:false U:true D:false force:true]" classname="org.apache.jena.permissions.model.SecuredRDFListTest" time="0"/>
  <testcase name="testAsResource[C:true R:false U:true D:false force:true]" classname="org.apache.jena.permissions.model.SecuredRDFListTest" time="0"/>
  <testcase name="testListProperties[C:true R:false U:true D:false force:true]" classname="org.apache.jena.permissions.model.SecuredRDFListTest" time="0"/>
  <testcase name="testGetProperty[C:true R:false U:true D:false force:true]" classname="org.apache.jena.permissions.model.SecuredRDFListTest" time="0"/>
  <testcase name="testGetPropertyWithLang[C:true R:false U:true D:false force:true]" classname="org.apache.jena.permissions.model.SecuredRDFListTest" time="0"/>
  <testcase name="testHasProperty[C:true R:false U:true D:false force:true]" classname="org.apache.jena.permissions.model.SecuredRDFListTest" time="0"/>
  <testcase name="testListPropertiesWithLang[C:true R:false U:true D:false force:true]" classname="org.apache.jena.permissions.model.SecuredRDFListTest" time="0"/>
  <testcase name="testEquals[C:true R:false U:true D:false force:true]" classname="org.apache.jena.permissions.model.SecuredRDFListTest" time="0"/>
  <testcase name="testGetURI[C:true R:false U:true D:false force:true]" classname="org.apache.jena.permissions.model.SecuredRDFListTest" time="0"/>
  <testcase name="testHasURI[C:true R:false U:true D:false force:true]" classname="org.apache.jena.permissions.model.SecuredRDFListTest" time="0"/>
  <testcase name="testHasLiteral[C:true R:false U:true D:false force:true]" classname="org.apache.jena.permissions.model.SecuredRDFListTest" time="0"/>
  <testcase name="testAddProperty[C:true R:false U:true D:false force:true]" classname="org.apache.jena.permissions.model.SecuredRDFListTest" time="0"/>
  <testcase name="testGetRequiredProperty[C:true R:false U:true D:false force:true]" classname="org.apache.jena.permissions.model.SecuredRDFListTest" time="0"/>
  <testcase name="testGetRequiredPropertyWithLang[C:true R:false U:true D:false force:true]" classname="org.apache.jena.permissions.model.SecuredRDFListTest" time="0"/>
  <testcase name="testGetModel[C:true R:false U:true D:false force:true]" classname="org.apache.jena.permissions.model.SecuredRDFListTest" time="0"/>
  <testcase name="testCanAs[C:true R:false U:true D:false force:true]" classname="org.apache.jena.permissions.model.SecuredRDFListTest" time="0"/>
  <testcase name="testAsNode[C:true R:false U:true D:false force:true]" classname="org.apache.jena.permissions.model.SecuredRDFListTest" time="0"/>
  <testcase name="testInModel[C:true R:false U:true D:false force:true]" classname="org.apache.jena.permissions.model.SecuredRDFListTest" time="0"/>
  <testcase name="testAdd[C:true R:false U:true D:false force:false]" classname="org.apache.jena.permissions.model.SecuredRDFListTest" time="0"/>
  <testcase name="testGet[C:true R:false U:true D:false force:false]" classname="org.apache.jena.permissions.model.SecuredRDFListTest" time="0"/>
  <testcase name="testApply[C:true R:false U:true D:false force:false]" classname="org.apache.jena.permissions.model.SecuredRDFListTest" time="0"/>
  <testcase name="testValid[C:true R:false U:true D:false force:false]" classname="org.apache.jena.permissions.model.SecuredRDFListTest" time="0"/>
  <testcase name="testCons[C:true R:false U:true D:false force:false]" classname="org.apache.jena.permissions.model.SecuredRDFListTest" time="0"/>
  <testcase name="testCopy[C:true R:false U:true D:false force:false]" classname="org.apache.jena.permissions.model.SecuredRDFListTest" time="0"/>
  <testcase name="testSize[C:true R:false U:true D:false force:false]" classname="org.apache.jena.permissions.model.SecuredRDFListTest" time="0"/>
  <testcase name="testWith[C:true R:false U:true D:false force:false]" classname="org.apache.jena.permissions.model.SecuredRDFListTest" time="0"/>
  <testcase name="testGetValidityErrorMessage[C:true R:false U:true D:false force:false]" classname="org.apache.jena.permissions.model.SecuredRDFListTest" time="0"/>
  <testcase name="testAppendNodeIterator[C:true R:false U:true D:false force:false]" classname="org.apache.jena.permissions.model.SecuredRDFListTest" time="0"/>
  <testcase name="testAsJaveList[C:true R:false U:true D:false force:false]" classname="org.apache.jena.permissions.model.SecuredRDFListTest" time="0"/>
  <testcase name="testGetHead[C:true R:false U:true D:false force:false]" classname="org.apache.jena.permissions.model.SecuredRDFListTest" time="0"/>
  <testcase name="testGetTail[C:true R:false U:true D:false force:false]" classname="org.apache.jena.permissions.model.SecuredRDFListTest" time="0"/>
  <testcase name="testContains[C:true R:false U:true D:false force:false]" classname="org.apache.jena.permissions.model.SecuredRDFListTest" time="0"/>
  <testcase name="testConcatenate[C:true R:false U:true D:false force:false]" classname="org.apache.jena.permissions.model.SecuredRDFListTest" time="0"/>
  <testcase name="testRemoveHead[C:true R:false U:true D:false force:false]" classname="org.apache.jena.permissions.model.SecuredRDFListTest" time="0"/>
  <testcase name="testRemoveList[C:true R:false U:true D:false force:false]" classname="org.apache.jena.permissions.model.SecuredRDFListTest" time="0"/>
  <testcase name="testReplace[C:true R:false U:true D:false force:false]" classname="org.apache.jena.permissions.model.SecuredRDFListTest" time="0"/>
  <testcase name="testSetStrict[C:true R:false U:true D:false force:false]" classname="org.apache.jena.permissions.model.SecuredRDFListTest" time="0"/>
  <testcase name="testIndexOf[C:true R:false U:true D:false force:false]" classname="org.apache.jena.permissions.model.SecuredRDFListTest" time="0"/>
  <testcase name="testSetHead[C:true R:false U:true D:false force:false]" classname="org.apache.jena.permissions.model.SecuredRDFListTest" time="0"/>
  <testcase name="testSameListAs[C:true R:false U:true D:false force:false]" classname="org.apache.jena.permissions.model.SecuredRDFListTest" time="0"/>
  <testcase name="testIsEmpty[C:true R:false U:true D:false force:false]" classname="org.apache.jena.permissions.model.SecuredRDFListTest" time="0"/>
  <testcase name="testReduce[C:true R:false U:true D:false force:false]" classname="org.apache.jena.permissions.model.SecuredRDFListTest" time="0"/>
  <testcase name="testRemove[C:true R:false U:true D:false force:false]" classname="org.apache.jena.permissions.model.SecuredRDFListTest" time="0"/>
  <testcase name="testAppendRDFList[C:true R:false U:true D:false force:false]" classname="org.apache.jena.permissions.model.SecuredRDFListTest" time="0"/>
  <testcase name="testIterator[C:true R:false U:true D:false force:false]" classname="org.apache.jena.permissions.model.SecuredRDFListTest" time="0"/>
  <testcase name="testRemoveAll[C:true R:false U:true D:false force:false]" classname="org.apache.jena.permissions.model.SecuredRDFListTest" time="0"/>
  <testcase name="testAddLiteralBoolean[C:true R:false U:true D:false force:false]" classname="org.apache.jena.permissions.model.SecuredRDFListTest" time="0"/>
  <testcase name="testAnonFuncs[C:true R:false U:true D:false force:false]" classname="org.apache.jena.permissions.model.SecuredRDFListTest" time="0"/>
  <testcase name="testRemoveProperties[C:true R:false U:true D:false force:false]" classname="org.apache.jena.permissions.model.SecuredRDFListTest" time="0"/>
  <testcase name="testAsResource[C:true R:false U:true D:false force:false]" classname="org.apache.jena.permissions.model.SecuredRDFListTest" time="0"/>
  <testcase name="testListProperties[C:true R:false U:true D:false force:false]" classname="org.apache.jena.permissions.model.SecuredRDFListTest" time="0"/>
  <testcase name="testGetProperty[C:true R:false U:true D:false force:false]" classname="org.apache.jena.permissions.model.SecuredRDFListTest" time="0"/>
  <testcase name="testGetPropertyWithLang[C:true R:false U:true D:false force:false]" classname="org.apache.jena.permissions.model.SecuredRDFListTest" time="0"/>
  <testcase name="testHasProperty[C:true R:false U:true D:false force:false]" classname="org.apache.jena.permissions.model.SecuredRDFListTest" time="0"/>
  <testcase name="testListPropertiesWithLang[C:true R:false U:true D:false force:false]" classname="org.apache.jena.permissions.model.SecuredRDFListTest" time="0"/>
  <testcase name="testEquals[C:true R:false U:true D:false force:false]" classname="org.apache.jena.permissions.model.SecuredRDFListTest" time="0"/>
  <testcase name="testGetURI[C:true R:false U:true D:false force:false]" classname="org.apache.jena.permissions.model.SecuredRDFListTest" time="0"/>
  <testcase name="testHasURI[C:true R:false U:true D:false force:false]" classname="org.apache.jena.permissions.model.SecuredRDFListTest" time="0"/>
  <testcase name="testHasLiteral[C:true R:false U:true D:false force:false]" classname="org.apache.jena.permissions.model.SecuredRDFListTest" time="0"/>
  <testcase name="testAddProperty[C:true R:false U:true D:false force:false]" classname="org.apache.jena.permissions.model.SecuredRDFListTest" time="0"/>
  <testcase name="testGetRequiredProperty[C:true R:false U:true D:false force:false]" classname="org.apache.jena.permissions.model.SecuredRDFListTest" time="0"/>
  <testcase name="testGetRequiredPropertyWithLang[C:true R:false U:true D:false force:false]" classname="org.apache.jena.permissions.model.SecuredRDFListTest" time="0"/>
  <testcase name="testGetModel[C:true R:false U:true D:false force:false]" classname="org.apache.jena.permissions.model.SecuredRDFListTest" time="0"/>
  <testcase name="testCanAs[C:true R:false U:true D:false force:false]" classname="org.apache.jena.permissions.model.SecuredRDFListTest" time="0"/>
  <testcase name="testAsNode[C:true R:false U:true D:false force:false]" classname="org.apache.jena.permissions.model.SecuredRDFListTest" time="0"/>
  <testcase name="testInModel[C:true R:false U:true D:false force:false]" classname="org.apache.jena.permissions.model.SecuredRDFListTest" time="0"/>
  <testcase name="testAdd[C:true R:false U:false D:true force:true]" classname="org.apache.jena.permissions.model.SecuredRDFListTest" time="0"/>
  <testcase name="testGet[C:true R:false U:false D:true force:true]" classname="org.apache.jena.permissions.model.SecuredRDFListTest" time="0"/>
  <testcase name="testApply[C:true R:false U:false D:true force:true]" classname="org.apache.jena.permissions.model.SecuredRDFListTest" time="0"/>
  <testcase name="testValid[C:true R:false U:false D:true force:true]" classname="org.apache.jena.permissions.model.SecuredRDFListTest" time="0"/>
  <testcase name="testCons[C:true R:false U:false D:true force:true]" classname="org.apache.jena.permissions.model.SecuredRDFListTest" time="0"/>
  <testcase name="testCopy[C:true R:false U:false D:true force:true]" classname="org.apache.jena.permissions.model.SecuredRDFListTest" time="0"/>
  <testcase name="testSize[C:true R:false U:false D:true force:true]" classname="org.apache.jena.permissions.model.SecuredRDFListTest" time="0"/>
  <testcase name="testWith[C:true R:false U:false D:true force:true]" classname="org.apache.jena.permissions.model.SecuredRDFListTest" time="0"/>
  <testcase name="testGetValidityErrorMessage[C:true R:false U:false D:true force:true]" classname="org.apache.jena.permissions.model.SecuredRDFListTest" time="0"/>
  <testcase name="testAppendNodeIterator[C:true R:false U:false D:true force:true]" classname="org.apache.jena.permissions.model.SecuredRDFListTest" time="0"/>
  <testcase name="testAsJaveList[C:true R:false U:false D:true force:true]" classname="org.apache.jena.permissions.model.SecuredRDFListTest" time="0"/>
  <testcase name="testGetHead[C:true R:false U:false D:true force:true]" classname="org.apache.jena.permissions.model.SecuredRDFListTest" time="0"/>
  <testcase name="testGetTail[C:true R:false U:false D:true force:true]" classname="org.apache.jena.permissions.model.SecuredRDFListTest" time="0"/>
  <testcase name="testContains[C:true R:false U:false D:true force:true]" classname="org.apache.jena.permissions.model.SecuredRDFListTest" time="0"/>
  <testcase name="testConcatenate[C:true R:false U:false D:true force:true]" classname="org.apache.jena.permissions.model.SecuredRDFListTest" time="0"/>
  <testcase name="testRemoveHead[C:true R:false U:false D:true force:true]" classname="org.apache.jena.permissions.model.SecuredRDFListTest" time="0"/>
  <testcase name="testRemoveList[C:true R:false U:false D:true force:true]" classname="org.apache.jena.permissions.model.SecuredRDFListTest" time="0"/>
  <testcase name="testReplace[C:true R:false U:false D:true force:true]" classname="org.apache.jena.permissions.model.SecuredRDFListTest" time="0"/>
  <testcase name="testSetStrict[C:true R:false U:false D:true force:true]" classname="org.apache.jena.permissions.model.SecuredRDFListTest" time="0"/>
  <testcase name="testIndexOf[C:true R:false U:false D:true force:true]" classname="org.apache.jena.permissions.model.SecuredRDFListTest" time="0"/>
  <testcase name="testSetHead[C:true R:false U:false D:true force:true]" classname="org.apache.jena.permissions.model.SecuredRDFListTest" time="0"/>
  <testcase name="testSameListAs[C:true R:false U:false D:true force:true]" classname="org.apache.jena.permissions.model.SecuredRDFListTest" time="0"/>
  <testcase name="testIsEmpty[C:true R:false U:false D:true force:true]" classname="org.apache.jena.permissions.model.SecuredRDFListTest" time="0"/>
  <testcase name="testReduce[C:true R:false U:false D:true force:true]" classname="org.apache.jena.permissions.model.SecuredRDFListTest" time="0"/>
  <testcase name="testRemove[C:true R:false U:false D:true force:true]" classname="org.apache.jena.permissions.model.SecuredRDFListTest" time="0"/>
  <testcase name="testAppendRDFList[C:true R:false U:false D:true force:true]" classname="org.apache.jena.permissions.model.SecuredRDFListTest" time="0"/>
  <testcase name="testIterator[C:true R:false U:false D:true force:true]" classname="org.apache.jena.permissions.model.SecuredRDFListTest" time="0"/>
  <testcase name="testRemoveAll[C:true R:false U:false D:true force:true]" classname="org.apache.jena.permissions.model.SecuredRDFListTest" time="0"/>
  <testcase name="testAddLiteralBoolean[C:true R:false U:false D:true force:true]" classname="org.apache.jena.permissions.model.SecuredRDFListTest" time="0"/>
  <testcase name="testAnonFuncs[C:true R:false U:false D:true force:true]" classname="org.apache.jena.permissions.model.SecuredRDFListTest" time="0"/>
  <testcase name="testRemoveProperties[C:true R:false U:false D:true force:true]" classname="org.apache.jena.permissions.model.SecuredRDFListTest" time="0"/>
  <testcase name="testAsResource[C:true R:false U:false D:true force:true]" classname="org.apache.jena.permissions.model.SecuredRDFListTest" time="0"/>
  <testcase name="testListProperties[C:true R:false U:false D:true force:true]" classname="org.apache.jena.permissions.model.SecuredRDFListTest" time="0"/>
  <testcase name="testGetProperty[C:true R:false U:false D:true force:true]" classname="org.apache.jena.permissions.model.SecuredRDFListTest" time="0"/>
  <testcase name="testGetPropertyWithLang[C:true R:false U:false D:true force:true]" classname="org.apache.jena.permissions.model.SecuredRDFListTest" time="0"/>
  <testcase name="testHasProperty[C:true R:false U:false D:true force:true]" classname="org.apache.jena.permissions.model.SecuredRDFListTest" time="0"/>
  <testcase name="testListPropertiesWithLang[C:true R:false U:false D:true force:true]" classname="org.apache.jena.permissions.model.SecuredRDFListTest" time="0"/>
  <testcase name="testEquals[C:true R:false U:false D:true force:true]" classname="org.apache.jena.permissions.model.SecuredRDFListTest" time="0"/>
  <testcase name="testGetURI[C:true R:false U:false D:true force:true]" classname="org.apache.jena.permissions.model.SecuredRDFListTest" time="0"/>
  <testcase name="testHasURI[C:true R:false U:false D:true force:true]" classname="org.apache.jena.permissions.model.SecuredRDFListTest" time="0"/>
  <testcase name="testHasLiteral[C:true R:false U:false D:true force:true]" classname="org.apache.jena.permissions.model.SecuredRDFListTest" time="0"/>
  <testcase name="testAddProperty[C:true R:false U:false D:true force:true]" classname="org.apache.jena.permissions.model.SecuredRDFListTest" time="0"/>
  <testcase name="testGetRequiredProperty[C:true R:false U:false D:true force:true]" classname="org.apache.jena.permissions.model.SecuredRDFListTest" time="0"/>
  <testcase name="testGetRequiredPropertyWithLang[C:true R:false U:false D:true force:true]" classname="org.apache.jena.permissions.model.SecuredRDFListTest" time="0"/>
  <testcase name="testGetModel[C:true R:false U:false D:true force:true]" classname="org.apache.jena.permissions.model.SecuredRDFListTest" time="0"/>
  <testcase name="testCanAs[C:true R:false U:false D:true force:true]" classname="org.apache.jena.permissions.model.SecuredRDFListTest" time="0"/>
  <testcase name="testAsNode[C:true R:false U:false D:true force:true]" classname="org.apache.jena.permissions.model.SecuredRDFListTest" time="0"/>
  <testcase name="testInModel[C:true R:false U:false D:true force:true]" classname="org.apache.jena.permissions.model.SecuredRDFListTest" time="0"/>
  <testcase name="testAdd[C:true R:false U:false D:true force:false]" classname="org.apache.jena.permissions.model.SecuredRDFListTest" time="0"/>
  <testcase name="testGet[C:true R:false U:false D:true force:false]" classname="org.apache.jena.permissions.model.SecuredRDFListTest" time="0"/>
  <testcase name="testApply[C:true R:false U:false D:true force:false]" classname="org.apache.jena.permissions.model.SecuredRDFListTest" time="0"/>
  <testcase name="testValid[C:true R:false U:false D:true force:false]" classname="org.apache.jena.permissions.model.SecuredRDFListTest" time="0"/>
  <testcase name="testCons[C:true R:false U:false D:true force:false]" classname="org.apache.jena.permissions.model.SecuredRDFListTest" time="0"/>
  <testcase name="testCopy[C:true R:false U:false D:true force:false]" classname="org.apache.jena.permissions.model.SecuredRDFListTest" time="0"/>
  <testcase name="testSize[C:true R:false U:false D:true force:false]" classname="org.apache.jena.permissions.model.SecuredRDFListTest" time="0"/>
  <testcase name="testWith[C:true R:false U:false D:true force:false]" classname="org.apache.jena.permissions.model.SecuredRDFListTest" time="0"/>
  <testcase name="testGetValidityErrorMessage[C:true R:false U:false D:true force:false]" classname="org.apache.jena.permissions.model.SecuredRDFListTest" time="0"/>
  <testcase name="testAppendNodeIterator[C:true R:false U:false D:true force:false]" classname="org.apache.jena.permissions.model.SecuredRDFListTest" time="0"/>
  <testcase name="testAsJaveList[C:true R:false U:false D:true force:false]" classname="org.apache.jena.permissions.model.SecuredRDFListTest" time="0"/>
  <testcase name="testGetHead[C:true R:false U:false D:true force:false]" classname="org.apache.jena.permissions.model.SecuredRDFListTest" time="0"/>
  <testcase name="testGetTail[C:true R:false U:false D:true force:false]" classname="org.apache.jena.permissions.model.SecuredRDFListTest" time="0"/>
  <testcase name="testContains[C:true R:false U:false D:true force:false]" classname="org.apache.jena.permissions.model.SecuredRDFListTest" time="0"/>
  <testcase name="testConcatenate[C:true R:false U:false D:true force:false]" classname="org.apache.jena.permissions.model.SecuredRDFListTest" time="0"/>
  <testcase name="testRemoveHead[C:true R:false U:false D:true force:false]" classname="org.apache.jena.permissions.model.SecuredRDFListTest" time="0"/>
  <testcase name="testRemoveList[C:true R:false U:false D:true force:false]" classname="org.apache.jena.permissions.model.SecuredRDFListTest" time="0"/>
  <testcase name="testReplace[C:true R:false U:false D:true force:false]" classname="org.apache.jena.permissions.model.SecuredRDFListTest" time="0"/>
  <testcase name="testSetStrict[C:true R:false U:false D:true force:false]" classname="org.apache.jena.permissions.model.SecuredRDFListTest" time="0"/>
  <testcase name="testIndexOf[C:true R:false U:false D:true force:false]" classname="org.apache.jena.permissions.model.SecuredRDFListTest" time="0"/>
  <testcase name="testSetHead[C:true R:false U:false D:true force:false]" classname="org.apache.jena.permissions.model.SecuredRDFListTest" time="0"/>
  <testcase name="testSameListAs[C:true R:false U:false D:true force:false]" classname="org.apache.jena.permissions.model.SecuredRDFListTest" time="0"/>
  <testcase name="testIsEmpty[C:true R:false U:false D:true force:false]" classname="org.apache.jena.permissions.model.SecuredRDFListTest" time="0"/>
  <testcase name="testReduce[C:true R:false U:false D:true force:false]" classname="org.apache.jena.permissions.model.SecuredRDFListTest" time="0"/>
  <testcase name="testRemove[C:true R:false U:false D:true force:false]" classname="org.apache.jena.permissions.model.SecuredRDFListTest" time="0.001"/>
  <testcase name="testAppendRDFList[C:true R:false U:false D:true force:false]" classname="org.apache.jena.permissions.model.SecuredRDFListTest" time="0"/>
  <testcase name="testIterator[C:true R:false U:false D:true force:false]" classname="org.apache.jena.permissions.model.SecuredRDFListTest" time="0"/>
  <testcase name="testRemoveAll[C:true R:false U:false D:true force:false]" classname="org.apache.jena.permissions.model.SecuredRDFListTest" time="0"/>
  <testcase name="testAddLiteralBoolean[C:true R:false U:false D:true force:false]" classname="org.apache.jena.permissions.model.SecuredRDFListTest" time="0"/>
  <testcase name="testAnonFuncs[C:true R:false U:false D:true force:false]" classname="org.apache.jena.permissions.model.SecuredRDFListTest" time="0"/>
  <testcase name="testRemoveProperties[C:true R:false U:false D:true force:false]" classname="org.apache.jena.permissions.model.SecuredRDFListTest" time="0"/>
  <testcase name="testAsResource[C:true R:false U:false D:true force:false]" classname="org.apache.jena.permissions.model.SecuredRDFListTest" time="0"/>
  <testcase name="testListProperties[C:true R:false U:false D:true force:false]" classname="org.apache.jena.permissions.model.SecuredRDFListTest" time="0"/>
  <testcase name="testGetProperty[C:true R:false U:false D:true force:false]" classname="org.apache.jena.permissions.model.SecuredRDFListTest" time="0"/>
  <testcase name="testGetPropertyWithLang[C:true R:false U:false D:true force:false]" classname="org.apache.jena.permissions.model.SecuredRDFListTest" time="0"/>
  <testcase name="testHasProperty[C:true R:false U:false D:true force:false]" classname="org.apache.jena.permissions.model.SecuredRDFListTest" time="0"/>
  <testcase name="testListPropertiesWithLang[C:true R:false U:false D:true force:false]" classname="org.apache.jena.permissions.model.SecuredRDFListTest" time="0"/>
  <testcase name="testEquals[C:true R:false U:false D:true force:false]" classname="org.apache.jena.permissions.model.SecuredRDFListTest" time="0"/>
  <testcase name="testGetURI[C:true R:false U:false D:true force:false]" classname="org.apache.jena.permissions.model.SecuredRDFListTest" time="0"/>
  <testcase name="testHasURI[C:true R:false U:false D:true force:false]" classname="org.apache.jena.permissions.model.SecuredRDFListTest" time="0"/>
  <testcase name="testHasLiteral[C:true R:false U:false D:true force:false]" classname="org.apache.jena.permissions.model.SecuredRDFListTest" time="0"/>
  <testcase name="testAddProperty[C:true R:false U:false D:true force:false]" classname="org.apache.jena.permissions.model.SecuredRDFListTest" time="0"/>
  <testcase name="testGetRequiredProperty[C:true R:false U:false D:true force:false]" classname="org.apache.jena.permissions.model.SecuredRDFListTest" time="0"/>
  <testcase name="testGetRequiredPropertyWithLang[C:true R:false U:false D:true force:false]" classname="org.apache.jena.permissions.model.SecuredRDFListTest" time="0"/>
  <testcase name="testGetModel[C:true R:false U:false D:true force:false]" classname="org.apache.jena.permissions.model.SecuredRDFListTest" time="0"/>
  <testcase name="testCanAs[C:true R:false U:false D:true force:false]" classname="org.apache.jena.permissions.model.SecuredRDFListTest" time="0"/>
  <testcase name="testAsNode[C:true R:false U:false D:true force:false]" classname="org.apache.jena.permissions.model.SecuredRDFListTest" time="0"/>
  <testcase name="testInModel[C:true R:false U:false D:true force:false]" classname="org.apache.jena.permissions.model.SecuredRDFListTest" time="0"/>
  <testcase name="testAdd[C:true R:false U:false D:false force:true]" classname="org.apache.jena.permissions.model.SecuredRDFListTest" time="0"/>
  <testcase name="testGet[C:true R:false U:false D:false force:true]" classname="org.apache.jena.permissions.model.SecuredRDFListTest" time="0"/>
  <testcase name="testApply[C:true R:false U:false D:false force:true]" classname="org.apache.jena.permissions.model.SecuredRDFListTest" time="0"/>
  <testcase name="testValid[C:true R:false U:false D:false force:true]" classname="org.apache.jena.permissions.model.SecuredRDFListTest" time="0"/>
  <testcase name="testCons[C:true R:false U:false D:false force:true]" classname="org.apache.jena.permissions.model.SecuredRDFListTest" time="0"/>
  <testcase name="testCopy[C:true R:false U:false D:false force:true]" classname="org.apache.jena.permissions.model.SecuredRDFListTest" time="0"/>
  <testcase name="testSize[C:true R:false U:false D:false force:true]" classname="org.apache.jena.permissions.model.SecuredRDFListTest" time="0"/>
  <testcase name="testWith[C:true R:false U:false D:false force:true]" classname="org.apache.jena.permissions.model.SecuredRDFListTest" time="0"/>
  <testcase name="testGetValidityErrorMessage[C:true R:false U:false D:false force:true]" classname="org.apache.jena.permissions.model.SecuredRDFListTest" time="0"/>
  <testcase name="testAppendNodeIterator[C:true R:false U:false D:false force:true]" classname="org.apache.jena.permissions.model.SecuredRDFListTest" time="0"/>
  <testcase name="testAsJaveList[C:true R:false U:false D:false force:true]" classname="org.apache.jena.permissions.model.SecuredRDFListTest" time="0"/>
  <testcase name="testGetHead[C:true R:false U:false D:false force:true]" classname="org.apache.jena.permissions.model.SecuredRDFListTest" time="0"/>
  <testcase name="testGetTail[C:true R:false U:false D:false force:true]" classname="org.apache.jena.permissions.model.SecuredRDFListTest" time="0"/>
  <testcase name="testContains[C:true R:false U:false D:false force:true]" classname="org.apache.jena.permissions.model.SecuredRDFListTest" time="0"/>
  <testcase name="testConcatenate[C:true R:false U:false D:false force:true]" classname="org.apache.jena.permissions.model.SecuredRDFListTest" time="0"/>
  <testcase name="testRemoveHead[C:true R:false U:false D:false force:true]" classname="org.apache.jena.permissions.model.SecuredRDFListTest" time="0"/>
  <testcase name="testRemoveList[C:true R:false U:false D:false force:true]" classname="org.apache.jena.permissions.model.SecuredRDFListTest" time="0"/>
  <testcase name="testReplace[C:true R:false U:false D:false force:true]" classname="org.apache.jena.permissions.model.SecuredRDFListTest" time="0"/>
  <testcase name="testSetStrict[C:true R:false U:false D:false force:true]" classname="org.apache.jena.permissions.model.SecuredRDFListTest" time="0"/>
  <testcase name="testIndexOf[C:true R:false U:false D:false force:true]" classname="org.apache.jena.permissions.model.SecuredRDFListTest" time="0"/>
  <testcase name="testSetHead[C:true R:false U:false D:false force:true]" classname="org.apache.jena.permissions.model.SecuredRDFListTest" time="0"/>
  <testcase name="testSameListAs[C:true R:false U:false D:false force:true]" classname="org.apache.jena.permissions.model.SecuredRDFListTest" time="0"/>
  <testcase name="testIsEmpty[C:true R:false U:false D:false force:true]" classname="org.apache.jena.permissions.model.SecuredRDFListTest" time="0"/>
  <testcase name="testReduce[C:true R:false U:false D:false force:true]" classname="org.apache.jena.permissions.model.SecuredRDFListTest" time="0"/>
  <testcase name="testRemove[C:true R:false U:false D:false force:true]" classname="org.apache.jena.permissions.model.SecuredRDFListTest" time="0"/>
  <testcase name="testAppendRDFList[C:true R:false U:false D:false force:true]" classname="org.apache.jena.permissions.model.SecuredRDFListTest" time="0"/>
  <testcase name="testIterator[C:true R:false U:false D:false force:true]" classname="org.apache.jena.permissions.model.SecuredRDFListTest" time="0"/>
  <testcase name="testRemoveAll[C:true R:false U:false D:false force:true]" classname="org.apache.jena.permissions.model.SecuredRDFListTest" time="0"/>
  <testcase name="testAddLiteralBoolean[C:true R:false U:false D:false force:true]" classname="org.apache.jena.permissions.model.SecuredRDFListTest" time="0"/>
  <testcase name="testAnonFuncs[C:true R:false U:false D:false force:true]" classname="org.apache.jena.permissions.model.SecuredRDFListTest" time="0"/>
  <testcase name="testRemoveProperties[C:true R:false U:false D:false force:true]" classname="org.apache.jena.permissions.model.SecuredRDFListTest" time="0"/>
  <testcase name="testAsResource[C:true R:false U:false D:false force:true]" classname="org.apache.jena.permissions.model.SecuredRDFListTest" time="0"/>
  <testcase name="testListProperties[C:true R:false U:false D:false force:true]" classname="org.apache.jena.permissions.model.SecuredRDFListTest" time="0"/>
  <testcase name="testGetProperty[C:true R:false U:false D:false force:true]" classname="org.apache.jena.permissions.model.SecuredRDFListTest" time="0"/>
  <testcase name="testGetPropertyWithLang[C:true R:false U:false D:false force:true]" classname="org.apache.jena.permissions.model.SecuredRDFListTest" time="0"/>
  <testcase name="testHasProperty[C:true R:false U:false D:false force:true]" classname="org.apache.jena.permissions.model.SecuredRDFListTest" time="0"/>
  <testcase name="testListPropertiesWithLang[C:true R:false U:false D:false force:true]" classname="org.apache.jena.permissions.model.SecuredRDFListTest" time="0"/>
  <testcase name="testEquals[C:true R:false U:false D:false force:true]" classname="org.apache.jena.permissions.model.SecuredRDFListTest" time="0"/>
  <testcase name="testGetURI[C:true R:false U:false D:false force:true]" classname="org.apache.jena.permissions.model.SecuredRDFListTest" time="0"/>
  <testcase name="testHasURI[C:true R:false U:false D:false force:true]" classname="org.apache.jena.permissions.model.SecuredRDFListTest" time="0"/>
  <testcase name="testHasLiteral[C:true R:false U:false D:false force:true]" classname="org.apache.jena.permissions.model.SecuredRDFListTest" time="0"/>
  <testcase name="testAddProperty[C:true R:false U:false D:false force:true]" classname="org.apache.jena.permissions.model.SecuredRDFListTest" time="0"/>
  <testcase name="testGetRequiredProperty[C:true R:false U:false D:false force:true]" classname="org.apache.jena.permissions.model.SecuredRDFListTest" time="0"/>
  <testcase name="testGetRequiredPropertyWithLang[C:true R:false U:false D:false force:true]" classname="org.apache.jena.permissions.model.SecuredRDFListTest" time="0"/>
  <testcase name="testGetModel[C:true R:false U:false D:false force:true]" classname="org.apache.jena.permissions.model.SecuredRDFListTest" time="0"/>
  <testcase name="testCanAs[C:true R:false U:false D:false force:true]" classname="org.apache.jena.permissions.model.SecuredRDFListTest" time="0"/>
  <testcase name="testAsNode[C:true R:false U:false D:false force:true]" classname="org.apache.jena.permissions.model.SecuredRDFListTest" time="0"/>
  <testcase name="testInModel[C:true R:false U:false D:false force:true]" classname="org.apache.jena.permissions.model.SecuredRDFListTest" time="0"/>
  <testcase name="testAdd[C:true R:false U:false D:false force:false]" classname="org.apache.jena.permissions.model.SecuredRDFListTest" time="0"/>
  <testcase name="testGet[C:true R:false U:false D:false force:false]" classname="org.apache.jena.permissions.model.SecuredRDFListTest" time="0"/>
  <testcase name="testApply[C:true R:false U:false D:false force:false]" classname="org.apache.jena.permissions.model.SecuredRDFListTest" time="0"/>
  <testcase name="testValid[C:true R:false U:false D:false force:false]" classname="org.apache.jena.permissions.model.SecuredRDFListTest" time="0"/>
  <testcase name="testCons[C:true R:false U:false D:false force:false]" classname="org.apache.jena.permissions.model.SecuredRDFListTest" time="0"/>
  <testcase name="testCopy[C:true R:false U:false D:false force:false]" classname="org.apache.jena.permissions.model.SecuredRDFListTest" time="0"/>
  <testcase name="testSize[C:true R:false U:false D:false force:false]" classname="org.apache.jena.permissions.model.SecuredRDFListTest" time="0"/>
  <testcase name="testWith[C:true R:false U:false D:false force:false]" classname="org.apache.jena.permissions.model.SecuredRDFListTest" time="0"/>
  <testcase name="testGetValidityErrorMessage[C:true R:false U:false D:false force:false]" classname="org.apache.jena.permissions.model.SecuredRDFListTest" time="0"/>
  <testcase name="testAppendNodeIterator[C:true R:false U:false D:false force:false]" classname="org.apache.jena.permissions.model.SecuredRDFListTest" time="0"/>
  <testcase name="testAsJaveList[C:true R:false U:false D:false force:false]" classname="org.apache.jena.permissions.model.SecuredRDFListTest" time="0"/>
  <testcase name="testGetHead[C:true R:false U:false D:false force:false]" classname="org.apache.jena.permissions.model.SecuredRDFListTest" time="0"/>
  <testcase name="testGetTail[C:true R:false U:false D:false force:false]" classname="org.apache.jena.permissions.model.SecuredRDFListTest" time="0"/>
  <testcase name="testContains[C:true R:false U:false D:false force:false]" classname="org.apache.jena.permissions.model.SecuredRDFListTest" time="0"/>
  <testcase name="testConcatenate[C:true R:false U:false D:false force:false]" classname="org.apache.jena.permissions.model.SecuredRDFListTest" time="0"/>
  <testcase name="testRemoveHead[C:true R:false U:false D:false force:false]" classname="org.apache.jena.permissions.model.SecuredRDFListTest" time="0"/>
  <testcase name="testRemoveList[C:true R:false U:false D:false force:false]" classname="org.apache.jena.permissions.model.SecuredRDFListTest" time="0"/>
  <testcase name="testReplace[C:true R:false U:false D:false force:false]" classname="org.apache.jena.permissions.model.SecuredRDFListTest" time="0"/>
  <testcase name="testSetStrict[C:true R:false U:false D:false force:false]" classname="org.apache.jena.permissions.model.SecuredRDFListTest" time="0"/>
  <testcase name="testIndexOf[C:true R:false U:false D:false force:false]" classname="org.apache.jena.permissions.model.SecuredRDFListTest" time="0"/>
  <testcase name="testSetHead[C:true R:false U:false D:false force:false]" classname="org.apache.jena.permissions.model.SecuredRDFListTest" time="0"/>
  <testcase name="testSameListAs[C:true R:false U:false D:false force:false]" classname="org.apache.jena.permissions.model.SecuredRDFListTest" time="0"/>
  <testcase name="testIsEmpty[C:true R:false U:false D:false force:false]" classname="org.apache.jena.permissions.model.SecuredRDFListTest" time="0"/>
  <testcase name="testReduce[C:true R:false U:false D:false force:false]" classname="org.apache.jena.permissions.model.SecuredRDFListTest" time="0"/>
  <testcase name="testRemove[C:true R:false U:false D:false force:false]" classname="org.apache.jena.permissions.model.SecuredRDFListTest" time="0"/>
  <testcase name="testAppendRDFList[C:true R:false U:false D:false force:false]" classname="org.apache.jena.permissions.model.SecuredRDFListTest" time="0"/>
  <testcase name="testIterator[C:true R:false U:false D:false force:false]" classname="org.apache.jena.permissions.model.SecuredRDFListTest" time="0"/>
  <testcase name="testRemoveAll[C:true R:false U:false D:false force:false]" classname="org.apache.jena.permissions.model.SecuredRDFListTest" time="0"/>
  <testcase name="testAddLiteralBoolean[C:true R:false U:false D:false force:false]" classname="org.apache.jena.permissions.model.SecuredRDFListTest" time="0"/>
  <testcase name="testAnonFuncs[C:true R:false U:false D:false force:false]" classname="org.apache.jena.permissions.model.SecuredRDFListTest" time="0"/>
  <testcase name="testRemoveProperties[C:true R:false U:false D:false force:false]" classname="org.apache.jena.permissions.model.SecuredRDFListTest" time="0"/>
  <testcase name="testAsResource[C:true R:false U:false D:false force:false]" classname="org.apache.jena.permissions.model.SecuredRDFListTest" time="0"/>
  <testcase name="testListProperties[C:true R:false U:false D:false force:false]" classname="org.apache.jena.permissions.model.SecuredRDFListTest" time="0"/>
  <testcase name="testGetProperty[C:true R:false U:false D:false force:false]" classname="org.apache.jena.permissions.model.SecuredRDFListTest" time="0"/>
  <testcase name="testGetPropertyWithLang[C:true R:false U:false D:false force:false]" classname="org.apache.jena.permissions.model.SecuredRDFListTest" time="0"/>
  <testcase name="testHasProperty[C:true R:false U:false D:false force:false]" classname="org.apache.jena.permissions.model.SecuredRDFListTest" time="0"/>
  <testcase name="testListPropertiesWithLang[C:true R:false U:false D:false force:false]" classname="org.apache.jena.permissions.model.SecuredRDFListTest" time="0"/>
  <testcase name="testEquals[C:true R:false U:false D:false force:false]" classname="org.apache.jena.permissions.model.SecuredRDFListTest" time="0"/>
  <testcase name="testGetURI[C:true R:false U:false D:false force:false]" classname="org.apache.jena.permissions.model.SecuredRDFListTest" time="0"/>
  <testcase name="testHasURI[C:true R:false U:false D:false force:false]" classname="org.apache.jena.permissions.model.SecuredRDFListTest" time="0"/>
  <testcase name="testHasLiteral[C:true R:false U:false D:false force:false]" classname="org.apache.jena.permissions.model.SecuredRDFListTest" time="0"/>
  <testcase name="testAddProperty[C:true R:false U:false D:false force:false]" classname="org.apache.jena.permissions.model.SecuredRDFListTest" time="0"/>
  <testcase name="testGetRequiredProperty[C:true R:false U:false D:false force:false]" classname="org.apache.jena.permissions.model.SecuredRDFListTest" time="0"/>
  <testcase name="testGetRequiredPropertyWithLang[C:true R:false U:false D:false force:false]" classname="org.apache.jena.permissions.model.SecuredRDFListTest" time="0"/>
  <testcase name="testGetModel[C:true R:false U:false D:false force:false]" classname="org.apache.jena.permissions.model.SecuredRDFListTest" time="0"/>
  <testcase name="testCanAs[C:true R:false U:false D:false force:false]" classname="org.apache.jena.permissions.model.SecuredRDFListTest" time="0"/>
  <testcase name="testAsNode[C:true R:false U:false D:false force:false]" classname="org.apache.jena.permissions.model.SecuredRDFListTest" time="0"/>
  <testcase name="testInModel[C:true R:false U:false D:false force:false]" classname="org.apache.jena.permissions.model.SecuredRDFListTest" time="0"/>
  <testcase name="testAdd[C:false R:true U:true D:true force:true]" classname="org.apache.jena.permissions.model.SecuredRDFListTest" time="0"/>
  <testcase name="testGet[C:false R:true U:true D:true force:true]" classname="org.apache.jena.permissions.model.SecuredRDFListTest" time="0"/>
  <testcase name="testApply[C:false R:true U:true D:true force:true]" classname="org.apache.jena.permissions.model.SecuredRDFListTest" time="0"/>
  <testcase name="testValid[C:false R:true U:true D:true force:true]" classname="org.apache.jena.permissions.model.SecuredRDFListTest" time="0"/>
  <testcase name="testCons[C:false R:true U:true D:true force:true]" classname="org.apache.jena.permissions.model.SecuredRDFListTest" time="0"/>
  <testcase name="testCopy[C:false R:true U:true D:true force:true]" classname="org.apache.jena.permissions.model.SecuredRDFListTest" time="0"/>
  <testcase name="testSize[C:false R:true U:true D:true force:true]" classname="org.apache.jena.permissions.model.SecuredRDFListTest" time="0"/>
  <testcase name="testWith[C:false R:true U:true D:true force:true]" classname="org.apache.jena.permissions.model.SecuredRDFListTest" time="0"/>
  <testcase name="testGetValidityErrorMessage[C:false R:true U:true D:true force:true]" classname="org.apache.jena.permissions.model.SecuredRDFListTest" time="0"/>
  <testcase name="testAppendNodeIterator[C:false R:true U:true D:true force:true]" classname="org.apache.jena.permissions.model.SecuredRDFListTest" time="0"/>
  <testcase name="testAsJaveList[C:false R:true U:true D:true force:true]" classname="org.apache.jena.permissions.model.SecuredRDFListTest" time="0"/>
  <testcase name="testGetHead[C:false R:true U:true D:true force:true]" classname="org.apache.jena.permissions.model.SecuredRDFListTest" time="0"/>
  <testcase name="testGetTail[C:false R:true U:true D:true force:true]" classname="org.apache.jena.permissions.model.SecuredRDFListTest" time="0"/>
  <testcase name="testContains[C:false R:true U:true D:true force:true]" classname="org.apache.jena.permissions.model.SecuredRDFListTest" time="0"/>
  <testcase name="testConcatenate[C:false R:true U:true D:true force:true]" classname="org.apache.jena.permissions.model.SecuredRDFListTest" time="0"/>
  <testcase name="testRemoveHead[C:false R:true U:true D:true force:true]" classname="org.apache.jena.permissions.model.SecuredRDFListTest" time="0"/>
  <testcase name="testRemoveList[C:false R:true U:true D:true force:true]" classname="org.apache.jena.permissions.model.SecuredRDFListTest" time="0"/>
  <testcase name="testReplace[C:false R:true U:true D:true force:true]" classname="org.apache.jena.permissions.model.SecuredRDFListTest" time="0"/>
  <testcase name="testSetStrict[C:false R:true U:true D:true force:true]" classname="org.apache.jena.permissions.model.SecuredRDFListTest" time="0"/>
  <testcase name="testIndexOf[C:false R:true U:true D:true force:true]" classname="org.apache.jena.permissions.model.SecuredRDFListTest" time="0"/>
  <testcase name="testSetHead[C:false R:true U:true D:true force:true]" classname="org.apache.jena.permissions.model.SecuredRDFListTest" time="0"/>
  <testcase name="testSameListAs[C:false R:true U:true D:true force:true]" classname="org.apache.jena.permissions.model.SecuredRDFListTest" time="0"/>
  <testcase name="testIsEmpty[C:false R:true U:true D:true force:true]" classname="org.apache.jena.permissions.model.SecuredRDFListTest" time="0"/>
  <testcase name="testReduce[C:false R:true U:true D:true force:true]" classname="org.apache.jena.permissions.model.SecuredRDFListTest" time="0"/>
  <testcase name="testRemove[C:false R:true U:true D:true force:true]" classname="org.apache.jena.permissions.model.SecuredRDFListTest" time="0"/>
  <testcase name="testAppendRDFList[C:false R:true U:true D:true force:true]" classname="org.apache.jena.permissions.model.SecuredRDFListTest" time="0"/>
  <testcase name="testIterator[C:false R:true U:true D:true force:true]" classname="org.apache.jena.permissions.model.SecuredRDFListTest" time="0"/>
  <testcase name="testRemoveAll[C:false R:true U:true D:true force:true]" classname="org.apache.jena.permissions.model.SecuredRDFListTest" time="0"/>
  <testcase name="testAddLiteralBoolean[C:false R:true U:true D:true force:true]" classname="org.apache.jena.permissions.model.SecuredRDFListTest" time="0"/>
  <testcase name="testAnonFuncs[C:false R:true U:true D:true force:true]" classname="org.apache.jena.permissions.model.SecuredRDFListTest" time="0"/>
  <testcase name="testRemoveProperties[C:false R:true U:true D:true force:true]" classname="org.apache.jena.permissions.model.SecuredRDFListTest" time="0"/>
  <testcase name="testAsResource[C:false R:true U:true D:true force:true]" classname="org.apache.jena.permissions.model.SecuredRDFListTest" time="0"/>
  <testcase name="testListProperties[C:false R:true U:true D:true force:true]" classname="org.apache.jena.permissions.model.SecuredRDFListTest" time="0"/>
  <testcase name="testGetProperty[C:false R:true U:true D:true force:true]" classname="org.apache.jena.permissions.model.SecuredRDFListTest" time="0"/>
  <testcase name="testGetPropertyWithLang[C:false R:true U:true D:true force:true]" classname="org.apache.jena.permissions.model.SecuredRDFListTest" time="0"/>
  <testcase name="testHasProperty[C:false R:true U:true D:true force:true]" classname="org.apache.jena.permissions.model.SecuredRDFListTest" time="0"/>
  <testcase name="testListPropertiesWithLang[C:false R:true U:true D:true force:true]" classname="org.apache.jena.permissions.model.SecuredRDFListTest" time="0"/>
  <testcase name="testEquals[C:false R:true U:true D:true force:true]" classname="org.apache.jena.permissions.model.SecuredRDFListTest" time="0"/>
  <testcase name="testGetURI[C:false R:true U:true D:true force:true]" classname="org.apache.jena.permissions.model.SecuredRDFListTest" time="0"/>
  <testcase name="testHasURI[C:false R:true U:true D:true force:true]" classname="org.apache.jena.permissions.model.SecuredRDFListTest" time="0"/>
  <testcase name="testHasLiteral[C:false R:true U:true D:true force:true]" classname="org.apache.jena.permissions.model.SecuredRDFListTest" time="0"/>
  <testcase name="testAddProperty[C:false R:true U:true D:true force:true]" classname="org.apache.jena.permissions.model.SecuredRDFListTest" time="0"/>
  <testcase name="testGetRequiredProperty[C:false R:true U:true D:true force:true]" classname="org.apache.jena.permissions.model.SecuredRDFListTest" time="0"/>
  <testcase name="testGetRequiredPropertyWithLang[C:false R:true U:true D:true force:true]" classname="org.apache.jena.permissions.model.SecuredRDFListTest" time="0"/>
  <testcase name="testGetModel[C:false R:true U:true D:true force:true]" classname="org.apache.jena.permissions.model.SecuredRDFListTest" time="0"/>
  <testcase name="testCanAs[C:false R:true U:true D:true force:true]" classname="org.apache.jena.permissions.model.SecuredRDFListTest" time="0"/>
  <testcase name="testAsNode[C:false R:true U:true D:true force:true]" classname="org.apache.jena.permissions.model.SecuredRDFListTest" time="0"/>
  <testcase name="testInModel[C:false R:true U:true D:true force:true]" classname="org.apache.jena.permissions.model.SecuredRDFListTest" time="0"/>
  <testcase name="testAdd[C:false R:true U:true D:true force:false]" classname="org.apache.jena.permissions.model.SecuredRDFListTest" time="0"/>
  <testcase name="testGet[C:false R:true U:true D:true force:false]" classname="org.apache.jena.permissions.model.SecuredRDFListTest" time="0"/>
  <testcase name="testApply[C:false R:true U:true D:true force:false]" classname="org.apache.jena.permissions.model.SecuredRDFListTest" time="0"/>
  <testcase name="testValid[C:false R:true U:true D:true force:false]" classname="org.apache.jena.permissions.model.SecuredRDFListTest" time="0"/>
  <testcase name="testCons[C:false R:true U:true D:true force:false]" classname="org.apache.jena.permissions.model.SecuredRDFListTest" time="0"/>
  <testcase name="testCopy[C:false R:true U:true D:true force:false]" classname="org.apache.jena.permissions.model.SecuredRDFListTest" time="0"/>
  <testcase name="testSize[C:false R:true U:true D:true force:false]" classname="org.apache.jena.permissions.model.SecuredRDFListTest" time="0"/>
  <testcase name="testWith[C:false R:true U:true D:true force:false]" classname="org.apache.jena.permissions.model.SecuredRDFListTest" time="0"/>
  <testcase name="testGetValidityErrorMessage[C:false R:true U:true D:true force:false]" classname="org.apache.jena.permissions.model.SecuredRDFListTest" time="0"/>
  <testcase name="testAppendNodeIterator[C:false R:true U:true D:true force:false]" classname="org.apache.jena.permissions.model.SecuredRDFListTest" time="0"/>
  <testcase name="testAsJaveList[C:false R:true U:true D:true force:false]" classname="org.apache.jena.permissions.model.SecuredRDFListTest" time="0"/>
  <testcase name="testGetHead[C:false R:true U:true D:true force:false]" classname="org.apache.jena.permissions.model.SecuredRDFListTest" time="0"/>
  <testcase name="testGetTail[C:false R:true U:true D:true force:false]" classname="org.apache.jena.permissions.model.SecuredRDFListTest" time="0"/>
  <testcase name="testContains[C:false R:true U:true D:true force:false]" classname="org.apache.jena.permissions.model.SecuredRDFListTest" time="0"/>
  <testcase name="testConcatenate[C:false R:true U:true D:true force:false]" classname="org.apache.jena.permissions.model.SecuredRDFListTest" time="0"/>
  <testcase name="testRemoveHead[C:false R:true U:true D:true force:false]" classname="org.apache.jena.permissions.model.SecuredRDFListTest" time="0"/>
  <testcase name="testRemoveList[C:false R:true U:true D:true force:false]" classname="org.apache.jena.permissions.model.SecuredRDFListTest" time="0"/>
  <testcase name="testReplace[C:false R:true U:true D:true force:false]" classname="org.apache.jena.permissions.model.SecuredRDFListTest" time="0"/>
  <testcase name="testSetStrict[C:false R:true U:true D:true force:false]" classname="org.apache.jena.permissions.model.SecuredRDFListTest" time="0"/>
  <testcase name="testIndexOf[C:false R:true U:true D:true force:false]" classname="org.apache.jena.permissions.model.SecuredRDFListTest" time="0"/>
  <testcase name="testSetHead[C:false R:true U:true D:true force:false]" classname="org.apache.jena.permissions.model.SecuredRDFListTest" time="0"/>
  <testcase name="testSameListAs[C:false R:true U:true D:true force:false]" classname="org.apache.jena.permissions.model.SecuredRDFListTest" time="0"/>
  <testcase name="testIsEmpty[C:false R:true U:true D:true force:false]" classname="org.apache.jena.permissions.model.SecuredRDFListTest" time="0"/>
  <testcase name="testReduce[C:false R:true U:true D:true force:false]" classname="org.apache.jena.permissions.model.SecuredRDFListTest" time="0"/>
  <testcase name="testRemove[C:false R:true U:true D:true force:false]" classname="org.apache.jena.permissions.model.SecuredRDFListTest" time="0"/>
  <testcase name="testAppendRDFList[C:false R:true U:true D:true force:false]" classname="org.apache.jena.permissions.model.SecuredRDFListTest" time="0"/>
  <testcase name="testIterator[C:false R:true U:true D:true force:false]" classname="org.apache.jena.permissions.model.SecuredRDFListTest" time="0"/>
  <testcase name="testRemoveAll[C:false R:true U:true D:true force:false]" classname="org.apache.jena.permissions.model.SecuredRDFListTest" time="0"/>
  <testcase name="testAddLiteralBoolean[C:false R:true U:true D:true force:false]" classname="org.apache.jena.permissions.model.SecuredRDFListTest" time="0"/>
  <testcase name="testAnonFuncs[C:false R:true U:true D:true force:false]" classname="org.apache.jena.permissions.model.SecuredRDFListTest" time="0"/>
  <testcase name="testRemoveProperties[C:false R:true U:true D:true force:false]" classname="org.apache.jena.permissions.model.SecuredRDFListTest" time="0"/>
  <testcase name="testAsResource[C:false R:true U:true D:true force:false]" classname="org.apache.jena.permissions.model.SecuredRDFListTest" time="0"/>
  <testcase name="testListProperties[C:false R:true U:true D:true force:false]" classname="org.apache.jena.permissions.model.SecuredRDFListTest" time="0"/>
  <testcase name="testGetProperty[C:false R:true U:true D:true force:false]" classname="org.apache.jena.permissions.model.SecuredRDFListTest" time="0"/>
  <testcase name="testGetPropertyWithLang[C:false R:true U:true D:true force:false]" classname="org.apache.jena.permissions.model.SecuredRDFListTest" time="0"/>
  <testcase name="testHasProperty[C:false R:true U:true D:true force:false]" classname="org.apache.jena.permissions.model.SecuredRDFListTest" time="0"/>
  <testcase name="testListPropertiesWithLang[C:false R:true U:true D:true force:false]" classname="org.apache.jena.permissions.model.SecuredRDFListTest" time="0"/>
  <testcase name="testEquals[C:false R:true U:true D:true force:false]" classname="org.apache.jena.permissions.model.SecuredRDFListTest" time="0"/>
  <testcase name="testGetURI[C:false R:true U:true D:true force:false]" classname="org.apache.jena.permissions.model.SecuredRDFListTest" time="0"/>
  <testcase name="testHasURI[C:false R:true U:true D:true force:false]" classname="org.apache.jena.permissions.model.SecuredRDFListTest" time="0"/>
  <testcase name="testHasLiteral[C:false R:true U:true D:true force:false]" classname="org.apache.jena.permissions.model.SecuredRDFListTest" time="0"/>
  <testcase name="testAddProperty[C:false R:true U:true D:true force:false]" classname="org.apache.jena.permissions.model.SecuredRDFListTest" time="0"/>
  <testcase name="testGetRequiredProperty[C:false R:true U:true D:true force:false]" classname="org.apache.jena.permissions.model.SecuredRDFListTest" time="0"/>
  <testcase name="testGetRequiredPropertyWithLang[C:false R:true U:true D:true force:false]" classname="org.apache.jena.permissions.model.SecuredRDFListTest" time="0"/>
  <testcase name="testGetModel[C:false R:true U:true D:true force:false]" classname="org.apache.jena.permissions.model.SecuredRDFListTest" time="0"/>
  <testcase name="testCanAs[C:false R:true U:true D:true force:false]" classname="org.apache.jena.permissions.model.SecuredRDFListTest" time="0"/>
  <testcase name="testAsNode[C:false R:true U:true D:true force:false]" classname="org.apache.jena.permissions.model.SecuredRDFListTest" time="0"/>
  <testcase name="testInModel[C:false R:true U:true D:true force:false]" classname="org.apache.jena.permissions.model.SecuredRDFListTest" time="0"/>
  <testcase name="testAdd[C:false R:true U:true D:false force:true]" classname="org.apache.jena.permissions.model.SecuredRDFListTest" time="0"/>
  <testcase name="testGet[C:false R:true U:true D:false force:true]" classname="org.apache.jena.permissions.model.SecuredRDFListTest" time="0"/>
  <testcase name="testApply[C:false R:true U:true D:false force:true]" classname="org.apache.jena.permissions.model.SecuredRDFListTest" time="0"/>
  <testcase name="testValid[C:false R:true U:true D:false force:true]" classname="org.apache.jena.permissions.model.SecuredRDFListTest" time="0"/>
  <testcase name="testCons[C:false R:true U:true D:false force:true]" classname="org.apache.jena.permissions.model.SecuredRDFListTest" time="0"/>
  <testcase name="testCopy[C:false R:true U:true D:false force:true]" classname="org.apache.jena.permissions.model.SecuredRDFListTest" time="0"/>
  <testcase name="testSize[C:false R:true U:true D:false force:true]" classname="org.apache.jena.permissions.model.SecuredRDFListTest" time="0"/>
  <testcase name="testWith[C:false R:true U:true D:false force:true]" classname="org.apache.jena.permissions.model.SecuredRDFListTest" time="0"/>
  <testcase name="testGetValidityErrorMessage[C:false R:true U:true D:false force:true]" classname="org.apache.jena.permissions.model.SecuredRDFListTest" time="0"/>
  <testcase name="testAppendNodeIterator[C:false R:true U:true D:false force:true]" classname="org.apache.jena.permissions.model.SecuredRDFListTest" time="0"/>
  <testcase name="testAsJaveList[C:false R:true U:true D:false force:true]" classname="org.apache.jena.permissions.model.SecuredRDFListTest" time="0"/>
  <testcase name="testGetHead[C:false R:true U:true D:false force:true]" classname="org.apache.jena.permissions.model.SecuredRDFListTest" time="0"/>
  <testcase name="testGetTail[C:false R:true U:true D:false force:true]" classname="org.apache.jena.permissions.model.SecuredRDFListTest" time="0"/>
  <testcase name="testContains[C:false R:true U:true D:false force:true]" classname="org.apache.jena.permissions.model.SecuredRDFListTest" time="0"/>
  <testcase name="testConcatenate[C:false R:true U:true D:false force:true]" classname="org.apache.jena.permissions.model.SecuredRDFListTest" time="0"/>
  <testcase name="testRemoveHead[C:false R:true U:true D:false force:true]" classname="org.apache.jena.permissions.model.SecuredRDFListTest" time="0"/>
  <testcase name="testRemoveList[C:false R:true U:true D:false force:true]" classname="org.apache.jena.permissions.model.SecuredRDFListTest" time="0"/>
  <testcase name="testReplace[C:false R:true U:true D:false force:true]" classname="org.apache.jena.permissions.model.SecuredRDFListTest" time="0"/>
  <testcase name="testSetStrict[C:false R:true U:true D:false force:true]" classname="org.apache.jena.permissions.model.SecuredRDFListTest" time="0"/>
  <testcase name="testIndexOf[C:false R:true U:true D:false force:true]" classname="org.apache.jena.permissions.model.SecuredRDFListTest" time="0"/>
  <testcase name="testSetHead[C:false R:true U:true D:false force:true]" classname="org.apache.jena.permissions.model.SecuredRDFListTest" time="0"/>
  <testcase name="testSameListAs[C:false R:true U:true D:false force:true]" classname="org.apache.jena.permissions.model.SecuredRDFListTest" time="0"/>
  <testcase name="testIsEmpty[C:false R:true U:true D:false force:true]" classname="org.apache.jena.permissions.model.SecuredRDFListTest" time="0"/>
  <testcase name="testReduce[C:false R:true U:true D:false force:true]" classname="org.apache.jena.permissions.model.SecuredRDFListTest" time="0"/>
  <testcase name="testRemove[C:false R:true U:true D:false force:true]" classname="org.apache.jena.permissions.model.SecuredRDFListTest" time="0"/>
  <testcase name="testAppendRDFList[C:false R:true U:true D:false force:true]" classname="org.apache.jena.permissions.model.SecuredRDFListTest" time="0"/>
  <testcase name="testIterator[C:false R:true U:true D:false force:true]" classname="org.apache.jena.permissions.model.SecuredRDFListTest" time="0"/>
  <testcase name="testRemoveAll[C:false R:true U:true D:false force:true]" classname="org.apache.jena.permissions.model.SecuredRDFListTest" time="0"/>
  <testcase name="testAddLiteralBoolean[C:false R:true U:true D:false force:true]" classname="org.apache.jena.permissions.model.SecuredRDFListTest" time="0"/>
  <testcase name="testAnonFuncs[C:false R:true U:true D:false force:true]" classname="org.apache.jena.permissions.model.SecuredRDFListTest" time="0"/>
  <testcase name="testRemoveProperties[C:false R:true U:true D:false force:true]" classname="org.apache.jena.permissions.model.SecuredRDFListTest" time="0"/>
  <testcase name="testAsResource[C:false R:true U:true D:false force:true]" classname="org.apache.jena.permissions.model.SecuredRDFListTest" time="0"/>
  <testcase name="testListProperties[C:false R:true U:true D:false force:true]" classname="org.apache.jena.permissions.model.SecuredRDFListTest" time="0"/>
  <testcase name="testGetProperty[C:false R:true U:true D:false force:true]" classname="org.apache.jena.permissions.model.SecuredRDFListTest" time="0"/>
  <testcase name="testGetPropertyWithLang[C:false R:true U:true D:false force:true]" classname="org.apache.jena.permissions.model.SecuredRDFListTest" time="0"/>
  <testcase name="testHasProperty[C:false R:true U:true D:false force:true]" classname="org.apache.jena.permissions.model.SecuredRDFListTest" time="0"/>
  <testcase name="testListPropertiesWithLang[C:false R:true U:true D:false force:true]" classname="org.apache.jena.permissions.model.SecuredRDFListTest" time="0"/>
  <testcase name="testEquals[C:false R:true U:true D:false force:true]" classname="org.apache.jena.permissions.model.SecuredRDFListTest" time="0"/>
  <testcase name="testGetURI[C:false R:true U:true D:false force:true]" classname="org.apache.jena.permissions.model.SecuredRDFListTest" time="0"/>
  <testcase name="testHasURI[C:false R:true U:true D:false force:true]" classname="org.apache.jena.permissions.model.SecuredRDFListTest" time="0"/>
  <testcase name="testHasLiteral[C:false R:true U:true D:false force:true]" classname="org.apache.jena.permissions.model.SecuredRDFListTest" time="0"/>
  <testcase name="testAddProperty[C:false R:true U:true D:false force:true]" classname="org.apache.jena.permissions.model.SecuredRDFListTest" time="0"/>
  <testcase name="testGetRequiredProperty[C:false R:true U:true D:false force:true]" classname="org.apache.jena.permissions.model.SecuredRDFListTest" time="0"/>
  <testcase name="testGetRequiredPropertyWithLang[C:false R:true U:true D:false force:true]" classname="org.apache.jena.permissions.model.SecuredRDFListTest" time="0"/>
  <testcase name="testGetModel[C:false R:true U:true D:false force:true]" classname="org.apache.jena.permissions.model.SecuredRDFListTest" time="0"/>
  <testcase name="testCanAs[C:false R:true U:true D:false force:true]" classname="org.apache.jena.permissions.model.SecuredRDFListTest" time="0"/>
  <testcase name="testAsNode[C:false R:true U:true D:false force:true]" classname="org.apache.jena.permissions.model.SecuredRDFListTest" time="0"/>
  <testcase name="testInModel[C:false R:true U:true D:false force:true]" classname="org.apache.jena.permissions.model.SecuredRDFListTest" time="0"/>
  <testcase name="testAdd[C:false R:true U:true D:false force:false]" classname="org.apache.jena.permissions.model.SecuredRDFListTest" time="0"/>
  <testcase name="testGet[C:false R:true U:true D:false force:false]" classname="org.apache.jena.permissions.model.SecuredRDFListTest" time="0"/>
  <testcase name="testApply[C:false R:true U:true D:false force:false]" classname="org.apache.jena.permissions.model.SecuredRDFListTest" time="0"/>
  <testcase name="testValid[C:false R:true U:true D:false force:false]" classname="org.apache.jena.permissions.model.SecuredRDFListTest" time="0"/>
  <testcase name="testCons[C:false R:true U:true D:false force:false]" classname="org.apache.jena.permissions.model.SecuredRDFListTest" time="0"/>
  <testcase name="testCopy[C:false R:true U:true D:false force:false]" classname="org.apache.jena.permissions.model.SecuredRDFListTest" time="0"/>
  <testcase name="testSize[C:false R:true U:true D:false force:false]" classname="org.apache.jena.permissions.model.SecuredRDFListTest" time="0"/>
  <testcase name="testWith[C:false R:true U:true D:false force:false]" classname="org.apache.jena.permissions.model.SecuredRDFListTest" time="0"/>
  <testcase name="testGetValidityErrorMessage[C:false R:true U:true D:false force:false]" classname="org.apache.jena.permissions.model.SecuredRDFListTest" time="0"/>
  <testcase name="testAppendNodeIterator[C:false R:true U:true D:false force:false]" classname="org.apache.jena.permissions.model.SecuredRDFListTest" time="0"/>
  <testcase name="testAsJaveList[C:false R:true U:true D:false force:false]" classname="org.apache.jena.permissions.model.SecuredRDFListTest" time="0"/>
  <testcase name="testGetHead[C:false R:true U:true D:false force:false]" classname="org.apache.jena.permissions.model.SecuredRDFListTest" time="0"/>
  <testcase name="testGetTail[C:false R:true U:true D:false force:false]" classname="org.apache.jena.permissions.model.SecuredRDFListTest" time="0"/>
  <testcase name="testContains[C:false R:true U:true D:false force:false]" classname="org.apache.jena.permissions.model.SecuredRDFListTest" time="0"/>
  <testcase name="testConcatenate[C:false R:true U:true D:false force:false]" classname="org.apache.jena.permissions.model.SecuredRDFListTest" time="0"/>
  <testcase name="testRemoveHead[C:false R:true U:true D:false force:false]" classname="org.apache.jena.permissions.model.SecuredRDFListTest" time="0"/>
  <testcase name="testRemoveList[C:false R:true U:true D:false force:false]" classname="org.apache.jena.permissions.model.SecuredRDFListTest" time="0"/>
  <testcase name="testReplace[C:false R:true U:true D:false force:false]" classname="org.apache.jena.permissions.model.SecuredRDFListTest" time="0"/>
  <testcase name="testSetStrict[C:false R:true U:true D:false force:false]" classname="org.apache.jena.permissions.model.SecuredRDFListTest" time="0"/>
  <testcase name="testIndexOf[C:false R:true U:true D:false force:false]" classname="org.apache.jena.permissions.model.SecuredRDFListTest" time="0"/>
  <testcase name="testSetHead[C:false R:true U:true D:false force:false]" classname="org.apache.jena.permissions.model.SecuredRDFListTest" time="0"/>
  <testcase name="testSameListAs[C:false R:true U:true D:false force:false]" classname="org.apache.jena.permissions.model.SecuredRDFListTest" time="0"/>
  <testcase name="testIsEmpty[C:false R:true U:true D:false force:false]" classname="org.apache.jena.permissions.model.SecuredRDFListTest" time="0"/>
  <testcase name="testReduce[C:false R:true U:true D:false force:false]" classname="org.apache.jena.permissions.model.SecuredRDFListTest" time="0"/>
  <testcase name="testRemove[C:false R:true U:true D:false force:false]" classname="org.apache.jena.permissions.model.SecuredRDFListTest" time="0"/>
  <testcase name="testAppendRDFList[C:false R:true U:true D:false force:false]" classname="org.apache.jena.permissions.model.SecuredRDFListTest" time="0"/>
  <testcase name="testIterator[C:false R:true U:true D:false force:false]" classname="org.apache.jena.permissions.model.SecuredRDFListTest" time="0"/>
  <testcase name="testRemoveAll[C:false R:true U:true D:false force:false]" classname="org.apache.jena.permissions.model.SecuredRDFListTest" time="0"/>
  <testcase name="testAddLiteralBoolean[C:false R:true U:true D:false force:false]" classname="org.apache.jena.permissions.model.SecuredRDFListTest" time="0"/>
  <testcase name="testAnonFuncs[C:false R:true U:true D:false force:false]" classname="org.apache.jena.permissions.model.SecuredRDFListTest" time="0"/>
  <testcase name="testRemoveProperties[C:false R:true U:true D:false force:false]" classname="org.apache.jena.permissions.model.SecuredRDFListTest" time="0"/>
  <testcase name="testAsResource[C:false R:true U:true D:false force:false]" classname="org.apache.jena.permissions.model.SecuredRDFListTest" time="0"/>
  <testcase name="testListProperties[C:false R:true U:true D:false force:false]" classname="org.apache.jena.permissions.model.SecuredRDFListTest" time="0"/>
  <testcase name="testGetProperty[C:false R:true U:true D:false force:false]" classname="org.apache.jena.permissions.model.SecuredRDFListTest" time="0"/>
  <testcase name="testGetPropertyWithLang[C:false R:true U:true D:false force:false]" classname="org.apache.jena.permissions.model.SecuredRDFListTest" time="0"/>
  <testcase name="testHasProperty[C:false R:true U:true D:false force:false]" classname="org.apache.jena.permissions.model.SecuredRDFListTest" time="0"/>
  <testcase name="testListPropertiesWithLang[C:false R:true U:true D:false force:false]" classname="org.apache.jena.permissions.model.SecuredRDFListTest" time="0"/>
  <testcase name="testEquals[C:false R:true U:true D:false force:false]" classname="org.apache.jena.permissions.model.SecuredRDFListTest" time="0"/>
  <testcase name="testGetURI[C:false R:true U:true D:false force:false]" classname="org.apache.jena.permissions.model.SecuredRDFListTest" time="0"/>
  <testcase name="testHasURI[C:false R:true U:true D:false force:false]" classname="org.apache.jena.permissions.model.SecuredRDFListTest" time="0"/>
  <testcase name="testHasLiteral[C:false R:true U:true D:false force:false]" classname="org.apache.jena.permissions.model.SecuredRDFListTest" time="0"/>
  <testcase name="testAddProperty[C:false R:true U:true D:false force:false]" classname="org.apache.jena.permissions.model.SecuredRDFListTest" time="0"/>
  <testcase name="testGetRequiredProperty[C:false R:true U:true D:false force:false]" classname="org.apache.jena.permissions.model.SecuredRDFListTest" time="0"/>
  <testcase name="testGetRequiredPropertyWithLang[C:false R:true U:true D:false force:false]" classname="org.apache.jena.permissions.model.SecuredRDFListTest" time="0"/>
  <testcase name="testGetModel[C:false R:true U:true D:false force:false]" classname="org.apache.jena.permissions.model.SecuredRDFListTest" time="0"/>
  <testcase name="testCanAs[C:false R:true U:true D:false force:false]" classname="org.apache.jena.permissions.model.SecuredRDFListTest" time="0"/>
  <testcase name="testAsNode[C:false R:true U:true D:false force:false]" classname="org.apache.jena.permissions.model.SecuredRDFListTest" time="0"/>
  <testcase name="testInModel[C:false R:true U:true D:false force:false]" classname="org.apache.jena.permissions.model.SecuredRDFListTest" time="0"/>
  <testcase name="testAdd[C:false R:true U:false D:true force:true]" classname="org.apache.jena.permissions.model.SecuredRDFListTest" time="0"/>
  <testcase name="testGet[C:false R:true U:false D:true force:true]" classname="org.apache.jena.permissions.model.SecuredRDFListTest" time="0"/>
  <testcase name="testApply[C:false R:true U:false D:true force:true]" classname="org.apache.jena.permissions.model.SecuredRDFListTest" time="0"/>
  <testcase name="testValid[C:false R:true U:false D:true force:true]" classname="org.apache.jena.permissions.model.SecuredRDFListTest" time="0"/>
  <testcase name="testCons[C:false R:true U:false D:true force:true]" classname="org.apache.jena.permissions.model.SecuredRDFListTest" time="0"/>
  <testcase name="testCopy[C:false R:true U:false D:true force:true]" classname="org.apache.jena.permissions.model.SecuredRDFListTest" time="0"/>
  <testcase name="testSize[C:false R:true U:false D:true force:true]" classname="org.apache.jena.permissions.model.SecuredRDFListTest" time="0"/>
  <testcase name="testWith[C:false R:true U:false D:true force:true]" classname="org.apache.jena.permissions.model.SecuredRDFListTest" time="0"/>
  <testcase name="testGetValidityErrorMessage[C:false R:true U:false D:true force:true]" classname="org.apache.jena.permissions.model.SecuredRDFListTest" time="0"/>
  <testcase name="testAppendNodeIterator[C:false R:true U:false D:true force:true]" classname="org.apache.jena.permissions.model.SecuredRDFListTest" time="0"/>
  <testcase name="testAsJaveList[C:false R:true U:false D:true force:true]" classname="org.apache.jena.permissions.model.SecuredRDFListTest" time="0"/>
  <testcase name="testGetHead[C:false R:true U:false D:true force:true]" classname="org.apache.jena.permissions.model.SecuredRDFListTest" time="0"/>
  <testcase name="testGetTail[C:false R:true U:false D:true force:true]" classname="org.apache.jena.permissions.model.SecuredRDFListTest" time="0"/>
  <testcase name="testContains[C:false R:true U:false D:true force:true]" classname="org.apache.jena.permissions.model.SecuredRDFListTest" time="0"/>
  <testcase name="testConcatenate[C:false R:true U:false D:true force:true]" classname="org.apache.jena.permissions.model.SecuredRDFListTest" time="0"/>
  <testcase name="testRemoveHead[C:false R:true U:false D:true force:true]" classname="org.apache.jena.permissions.model.SecuredRDFListTest" time="0"/>
  <testcase name="testRemoveList[C:false R:true U:false D:true force:true]" classname="org.apache.jena.permissions.model.SecuredRDFListTest" time="0"/>
  <testcase name="testReplace[C:false R:true U:false D:true force:true]" classname="org.apache.jena.permissions.model.SecuredRDFListTest" time="0"/>
  <testcase name="testSetStrict[C:false R:true U:false D:true force:true]" classname="org.apache.jena.permissions.model.SecuredRDFListTest" time="0"/>
  <testcase name="testIndexOf[C:false R:true U:false D:true force:true]" classname="org.apache.jena.permissions.model.SecuredRDFListTest" time="0"/>
  <testcase name="testSetHead[C:false R:true U:false D:true force:true]" classname="org.apache.jena.permissions.model.SecuredRDFListTest" time="0"/>
  <testcase name="testSameListAs[C:false R:true U:false D:true force:true]" classname="org.apache.jena.permissions.model.SecuredRDFListTest" time="0"/>
  <testcase name="testIsEmpty[C:false R:true U:false D:true force:true]" classname="org.apache.jena.permissions.model.SecuredRDFListTest" time="0"/>
  <testcase name="testReduce[C:false R:true U:false D:true force:true]" classname="org.apache.jena.permissions.model.SecuredRDFListTest" time="0"/>
  <testcase name="testRemove[C:false R:true U:false D:true force:true]" classname="org.apache.jena.permissions.model.SecuredRDFListTest" time="0"/>
  <testcase name="testAppendRDFList[C:false R:true U:false D:true force:true]" classname="org.apache.jena.permissions.model.SecuredRDFListTest" time="0"/>
  <testcase name="testIterator[C:false R:true U:false D:true force:true]" classname="org.apache.jena.permissions.model.SecuredRDFListTest" time="0"/>
  <testcase name="testRemoveAll[C:false R:true U:false D:true force:true]" classname="org.apache.jena.permissions.model.SecuredRDFListTest" time="0"/>
  <testcase name="testAddLiteralBoolean[C:false R:true U:false D:true force:true]" classname="org.apache.jena.permissions.model.SecuredRDFListTest" time="0"/>
  <testcase name="testAnonFuncs[C:false R:true U:false D:true force:true]" classname="org.apache.jena.permissions.model.SecuredRDFListTest" time="0"/>
  <testcase name="testRemoveProperties[C:false R:true U:false D:true force:true]" classname="org.apache.jena.permissions.model.SecuredRDFListTest" time="0"/>
  <testcase name="testAsResource[C:false R:true U:false D:true force:true]" classname="org.apache.jena.permissions.model.SecuredRDFListTest" time="0"/>
  <testcase name="testListProperties[C:false R:true U:false D:true force:true]" classname="org.apache.jena.permissions.model.SecuredRDFListTest" time="0"/>
  <testcase name="testGetProperty[C:false R:true U:false D:true force:true]" classname="org.apache.jena.permissions.model.SecuredRDFListTest" time="0"/>
  <testcase name="testGetPropertyWithLang[C:false R:true U:false D:true force:true]" classname="org.apache.jena.permissions.model.SecuredRDFListTest" time="0"/>
  <testcase name="testHasProperty[C:false R:true U:false D:true force:true]" classname="org.apache.jena.permissions.model.SecuredRDFListTest" time="0"/>
  <testcase name="testListPropertiesWithLang[C:false R:true U:false D:true force:true]" classname="org.apache.jena.permissions.model.SecuredRDFListTest" time="0"/>
  <testcase name="testEquals[C:false R:true U:false D:true force:true]" classname="org.apache.jena.permissions.model.SecuredRDFListTest" time="0"/>
  <testcase name="testGetURI[C:false R:true U:false D:true force:true]" classname="org.apache.jena.permissions.model.SecuredRDFListTest" time="0"/>
  <testcase name="testHasURI[C:false R:true U:false D:true force:true]" classname="org.apache.jena.permissions.model.SecuredRDFListTest" time="0"/>
  <testcase name="testHasLiteral[C:false R:true U:false D:true force:true]" classname="org.apache.jena.permissions.model.SecuredRDFListTest" time="0"/>
  <testcase name="testAddProperty[C:false R:true U:false D:true force:true]" classname="org.apache.jena.permissions.model.SecuredRDFListTest" time="0"/>
  <testcase name="testGetRequiredProperty[C:false R:true U:false D:true force:true]" classname="org.apache.jena.permissions.model.SecuredRDFListTest" time="0"/>
  <testcase name="testGetRequiredPropertyWithLang[C:false R:true U:false D:true force:true]" classname="org.apache.jena.permissions.model.SecuredRDFListTest" time="0"/>
  <testcase name="testGetModel[C:false R:true U:false D:true force:true]" classname="org.apache.jena.permissions.model.SecuredRDFListTest" time="0"/>
  <testcase name="testCanAs[C:false R:true U:false D:true force:true]" classname="org.apache.jena.permissions.model.SecuredRDFListTest" time="0"/>
  <testcase name="testAsNode[C:false R:true U:false D:true force:true]" classname="org.apache.jena.permissions.model.SecuredRDFListTest" time="0"/>
  <testcase name="testInModel[C:false R:true U:false D:true force:true]" classname="org.apache.jena.permissions.model.SecuredRDFListTest" time="0"/>
  <testcase name="testAdd[C:false R:true U:false D:true force:false]" classname="org.apache.jena.permissions.model.SecuredRDFListTest" time="0"/>
  <testcase name="testGet[C:false R:true U:false D:true force:false]" classname="org.apache.jena.permissions.model.SecuredRDFListTest" time="0"/>
  <testcase name="testApply[C:false R:true U:false D:true force:false]" classname="org.apache.jena.permissions.model.SecuredRDFListTest" time="0"/>
  <testcase name="testValid[C:false R:true U:false D:true force:false]" classname="org.apache.jena.permissions.model.SecuredRDFListTest" time="0"/>
  <testcase name="testCons[C:false R:true U:false D:true force:false]" classname="org.apache.jena.permissions.model.SecuredRDFListTest" time="0"/>
  <testcase name="testCopy[C:false R:true U:false D:true force:false]" classname="org.apache.jena.permissions.model.SecuredRDFListTest" time="0"/>
  <testcase name="testSize[C:false R:true U:false D:true force:false]" classname="org.apache.jena.permissions.model.SecuredRDFListTest" time="0"/>
  <testcase name="testWith[C:false R:true U:false D:true force:false]" classname="org.apache.jena.permissions.model.SecuredRDFListTest" time="0"/>
  <testcase name="testGetValidityErrorMessage[C:false R:true U:false D:true force:false]" classname="org.apache.jena.permissions.model.SecuredRDFListTest" time="0"/>
  <testcase name="testAppendNodeIterator[C:false R:true U:false D:true force:false]" classname="org.apache.jena.permissions.model.SecuredRDFListTest" time="0"/>
  <testcase name="testAsJaveList[C:false R:true U:false D:true force:false]" classname="org.apache.jena.permissions.model.SecuredRDFListTest" time="0"/>
  <testcase name="testGetHead[C:false R:true U:false D:true force:false]" classname="org.apache.jena.permissions.model.SecuredRDFListTest" time="0"/>
  <testcase name="testGetTail[C:false R:true U:false D:true force:false]" classname="org.apache.jena.permissions.model.SecuredRDFListTest" time="0"/>
  <testcase name="testContains[C:false R:true U:false D:true force:false]" classname="org.apache.jena.permissions.model.SecuredRDFListTest" time="0"/>
  <testcase name="testConcatenate[C:false R:true U:false D:true force:false]" classname="org.apache.jena.permissions.model.SecuredRDFListTest" time="0"/>
  <testcase name="testRemoveHead[C:false R:true U:false D:true force:false]" classname="org.apache.jena.permissions.model.SecuredRDFListTest" time="0"/>
  <testcase name="testRemoveList[C:false R:true U:false D:true force:false]" classname="org.apache.jena.permissions.model.SecuredRDFListTest" time="0"/>
  <testcase name="testReplace[C:false R:true U:false D:true force:false]" classname="org.apache.jena.permissions.model.SecuredRDFListTest" time="0"/>
  <testcase name="testSetStrict[C:false R:true U:false D:true force:false]" classname="org.apache.jena.permissions.model.SecuredRDFListTest" time="0"/>
  <testcase name="testIndexOf[C:false R:true U:false D:true force:false]" classname="org.apache.jena.permissions.model.SecuredRDFListTest" time="0"/>
  <testcase name="testSetHead[C:false R:true U:false D:true force:false]" classname="org.apache.jena.permissions.model.SecuredRDFListTest" time="0"/>
  <testcase name="testSameListAs[C:false R:true U:false D:true force:false]" classname="org.apache.jena.permissions.model.SecuredRDFListTest" time="0"/>
  <testcase name="testIsEmpty[C:false R:true U:false D:true force:false]" classname="org.apache.jena.permissions.model.SecuredRDFListTest" time="0"/>
  <testcase name="testReduce[C:false R:true U:false D:true force:false]" classname="org.apache.jena.permissions.model.SecuredRDFListTest" time="0"/>
  <testcase name="testRemove[C:false R:true U:false D:true force:false]" classname="org.apache.jena.permissions.model.SecuredRDFListTest" time="0"/>
  <testcase name="testAppendRDFList[C:false R:true U:false D:true force:false]" classname="org.apache.jena.permissions.model.SecuredRDFListTest" time="0"/>
  <testcase name="testIterator[C:false R:true U:false D:true force:false]" classname="org.apache.jena.permissions.model.SecuredRDFListTest" time="0"/>
  <testcase name="testRemoveAll[C:false R:true U:false D:true force:false]" classname="org.apache.jena.permissions.model.SecuredRDFListTest" time="0"/>
  <testcase name="testAddLiteralBoolean[C:false R:true U:false D:true force:false]" classname="org.apache.jena.permissions.model.SecuredRDFListTest" time="0"/>
  <testcase name="testAnonFuncs[C:false R:true U:false D:true force:false]" classname="org.apache.jena.permissions.model.SecuredRDFListTest" time="0.001"/>
  <testcase name="testRemoveProperties[C:false R:true U:false D:true force:false]" classname="org.apache.jena.permissions.model.SecuredRDFListTest" time="0"/>
  <testcase name="testAsResource[C:false R:true U:false D:true force:false]" classname="org.apache.jena.permissions.model.SecuredRDFListTest" time="0"/>
  <testcase name="testListProperties[C:false R:true U:false D:true force:false]" classname="org.apache.jena.permissions.model.SecuredRDFListTest" time="0"/>
  <testcase name="testGetProperty[C:false R:true U:false D:true force:false]" classname="org.apache.jena.permissions.model.SecuredRDFListTest" time="0"/>
  <testcase name="testGetPropertyWithLang[C:false R:true U:false D:true force:false]" classname="org.apache.jena.permissions.model.SecuredRDFListTest" time="0"/>
  <testcase name="testHasProperty[C:false R:true U:false D:true force:false]" classname="org.apache.jena.permissions.model.SecuredRDFListTest" time="0"/>
  <testcase name="testListPropertiesWithLang[C:false R:true U:false D:true force:false]" classname="org.apache.jena.permissions.model.SecuredRDFListTest" time="0"/>
  <testcase name="testEquals[C:false R:true U:false D:true force:false]" classname="org.apache.jena.permissions.model.SecuredRDFListTest" time="0"/>
  <testcase name="testGetURI[C:false R:true U:false D:true force:false]" classname="org.apache.jena.permissions.model.SecuredRDFListTest" time="0"/>
  <testcase name="testHasURI[C:false R:true U:false D:true force:false]" classname="org.apache.jena.permissions.model.SecuredRDFListTest" time="0"/>
  <testcase name="testHasLiteral[C:false R:true U:false D:true force:false]" classname="org.apache.jena.permissions.model.SecuredRDFListTest" time="0"/>
  <testcase name="testAddProperty[C:false R:true U:false D:true force:false]" classname="org.apache.jena.permissions.model.SecuredRDFListTest" time="0"/>
  <testcase name="testGetRequiredProperty[C:false R:true U:false D:true force:false]" classname="org.apache.jena.permissions.model.SecuredRDFListTest" time="0"/>
  <testcase name="testGetRequiredPropertyWithLang[C:false R:true U:false D:true force:false]" classname="org.apache.jena.permissions.model.SecuredRDFListTest" time="0"/>
  <testcase name="testGetModel[C:false R:true U:false D:true force:false]" classname="org.apache.jena.permissions.model.SecuredRDFListTest" time="0"/>
  <testcase name="testCanAs[C:false R:true U:false D:true force:false]" classname="org.apache.jena.permissions.model.SecuredRDFListTest" time="0"/>
  <testcase name="testAsNode[C:false R:true U:false D:true force:false]" classname="org.apache.jena.permissions.model.SecuredRDFListTest" time="0"/>
  <testcase name="testInModel[C:false R:true U:false D:true force:false]" classname="org.apache.jena.permissions.model.SecuredRDFListTest" time="0"/>
  <testcase name="testAdd[C:false R:true U:false D:false force:true]" classname="org.apache.jena.permissions.model.SecuredRDFListTest" time="0"/>
  <testcase name="testGet[C:false R:true U:false D:false force:true]" classname="org.apache.jena.permissions.model.SecuredRDFListTest" time="0"/>
  <testcase name="testApply[C:false R:true U:false D:false force:true]" classname="org.apache.jena.permissions.model.SecuredRDFListTest" time="0"/>
  <testcase name="testValid[C:false R:true U:false D:false force:true]" classname="org.apache.jena.permissions.model.SecuredRDFListTest" time="0"/>
  <testcase name="testCons[C:false R:true U:false D:false force:true]" classname="org.apache.jena.permissions.model.SecuredRDFListTest" time="0"/>
  <testcase name="testCopy[C:false R:true U:false D:false force:true]" classname="org.apache.jena.permissions.model.SecuredRDFListTest" time="0"/>
  <testcase name="testSize[C:false R:true U:false D:false force:true]" classname="org.apache.jena.permissions.model.SecuredRDFListTest" time="0"/>
  <testcase name="testWith[C:false R:true U:false D:false force:true]" classname="org.apache.jena.permissions.model.SecuredRDFListTest" time="0"/>
  <testcase name="testGetValidityErrorMessage[C:false R:true U:false D:false force:true]" classname="org.apache.jena.permissions.model.SecuredRDFListTest" time="0"/>
  <testcase name="testAppendNodeIterator[C:false R:true U:false D:false force:true]" classname="org.apache.jena.permissions.model.SecuredRDFListTest" time="0"/>
  <testcase name="testAsJaveList[C:false R:true U:false D:false force:true]" classname="org.apache.jena.permissions.model.SecuredRDFListTest" time="0"/>
  <testcase name="testGetHead[C:false R:true U:false D:false force:true]" classname="org.apache.jena.permissions.model.SecuredRDFListTest" time="0"/>
  <testcase name="testGetTail[C:false R:true U:false D:false force:true]" classname="org.apache.jena.permissions.model.SecuredRDFListTest" time="0"/>
  <testcase name="testContains[C:false R:true U:false D:false force:true]" classname="org.apache.jena.permissions.model.SecuredRDFListTest" time="0"/>
  <testcase name="testConcatenate[C:false R:true U:false D:false force:true]" classname="org.apache.jena.permissions.model.SecuredRDFListTest" time="0"/>
  <testcase name="testRemoveHead[C:false R:true U:false D:false force:true]" classname="org.apache.jena.permissions.model.SecuredRDFListTest" time="0"/>
  <testcase name="testRemoveList[C:false R:true U:false D:false force:true]" classname="org.apache.jena.permissions.model.SecuredRDFListTest" time="0"/>
  <testcase name="testReplace[C:false R:true U:false D:false force:true]" classname="org.apache.jena.permissions.model.SecuredRDFListTest" time="0"/>
  <testcase name="testSetStrict[C:false R:true U:false D:false force:true]" classname="org.apache.jena.permissions.model.SecuredRDFListTest" time="0"/>
  <testcase name="testIndexOf[C:false R:true U:false D:false force:true]" classname="org.apache.jena.permissions.model.SecuredRDFListTest" time="0"/>
  <testcase name="testSetHead[C:false R:true U:false D:false force:true]" classname="org.apache.jena.permissions.model.SecuredRDFListTest" time="0"/>
  <testcase name="testSameListAs[C:false R:true U:false D:false force:true]" classname="org.apache.jena.permissions.model.SecuredRDFListTest" time="0"/>
  <testcase name="testIsEmpty[C:false R:true U:false D:false force:true]" classname="org.apache.jena.permissions.model.SecuredRDFListTest" time="0"/>
  <testcase name="testReduce[C:false R:true U:false D:false force:true]" classname="org.apache.jena.permissions.model.SecuredRDFListTest" time="0"/>
  <testcase name="testRemove[C:false R:true U:false D:false force:true]" classname="org.apache.jena.permissions.model.SecuredRDFListTest" time="0"/>
  <testcase name="testAppendRDFList[C:false R:true U:false D:false force:true]" classname="org.apache.jena.permissions.model.SecuredRDFListTest" time="0"/>
  <testcase name="testIterator[C:false R:true U:false D:false force:true]" classname="org.apache.jena.permissions.model.SecuredRDFListTest" time="0"/>
  <testcase name="testRemoveAll[C:false R:true U:false D:false force:true]" classname="org.apache.jena.permissions.model.SecuredRDFListTest" time="0"/>
  <testcase name="testAddLiteralBoolean[C:false R:true U:false D:false force:true]" classname="org.apache.jena.permissions.model.SecuredRDFListTest" time="0"/>
  <testcase name="testAnonFuncs[C:false R:true U:false D:false force:true]" classname="org.apache.jena.permissions.model.SecuredRDFListTest" time="0"/>
  <testcase name="testRemoveProperties[C:false R:true U:false D:false force:true]" classname="org.apache.jena.permissions.model.SecuredRDFListTest" time="0"/>
  <testcase name="testAsResource[C:false R:true U:false D:false force:true]" classname="org.apache.jena.permissions.model.SecuredRDFListTest" time="0"/>
  <testcase name="testListProperties[C:false R:true U:false D:false force:true]" classname="org.apache.jena.permissions.model.SecuredRDFListTest" time="0"/>
  <testcase name="testGetProperty[C:false R:true U:false D:false force:true]" classname="org.apache.jena.permissions.model.SecuredRDFListTest" time="0"/>
  <testcase name="testGetPropertyWithLang[C:false R:true U:false D:false force:true]" classname="org.apache.jena.permissions.model.SecuredRDFListTest" time="0"/>
  <testcase name="testHasProperty[C:false R:true U:false D:false force:true]" classname="org.apache.jena.permissions.model.SecuredRDFListTest" time="0"/>
  <testcase name="testListPropertiesWithLang[C:false R:true U:false D:false force:true]" classname="org.apache.jena.permissions.model.SecuredRDFListTest" time="0"/>
  <testcase name="testEquals[C:false R:true U:false D:false force:true]" classname="org.apache.jena.permissions.model.SecuredRDFListTest" time="0"/>
  <testcase name="testGetURI[C:false R:true U:false D:false force:true]" classname="org.apache.jena.permissions.model.SecuredRDFListTest" time="0"/>
  <testcase name="testHasURI[C:false R:true U:false D:false force:true]" classname="org.apache.jena.permissions.model.SecuredRDFListTest" time="0"/>
  <testcase name="testHasLiteral[C:false R:true U:false D:false force:true]" classname="org.apache.jena.permissions.model.SecuredRDFListTest" time="0"/>
  <testcase name="testAddProperty[C:false R:true U:false D:false force:true]" classname="org.apache.jena.permissions.model.SecuredRDFListTest" time="0"/>
  <testcase name="testGetRequiredProperty[C:false R:true U:false D:false force:true]" classname="org.apache.jena.permissions.model.SecuredRDFListTest" time="0"/>
  <testcase name="testGetRequiredPropertyWithLang[C:false R:true U:false D:false force:true]" classname="org.apache.jena.permissions.model.SecuredRDFListTest" time="0"/>
  <testcase name="testGetModel[C:false R:true U:false D:false force:true]" classname="org.apache.jena.permissions.model.SecuredRDFListTest" time="0"/>
  <testcase name="testCanAs[C:false R:true U:false D:false force:true]" classname="org.apache.jena.permissions.model.SecuredRDFListTest" time="0"/>
  <testcase name="testAsNode[C:false R:true U:false D:false force:true]" classname="org.apache.jena.permissions.model.SecuredRDFListTest" time="0"/>
  <testcase name="testInModel[C:false R:true U:false D:false force:true]" classname="org.apache.jena.permissions.model.SecuredRDFListTest" time="0"/>
  <testcase name="testAdd[C:false R:true U:false D:false force:false]" classname="org.apache.jena.permissions.model.SecuredRDFListTest" time="0"/>
  <testcase name="testGet[C:false R:true U:false D:false force:false]" classname="org.apache.jena.permissions.model.SecuredRDFListTest" time="0"/>
  <testcase name="testApply[C:false R:true U:false D:false force:false]" classname="org.apache.jena.permissions.model.SecuredRDFListTest" time="0"/>
  <testcase name="testValid[C:false R:true U:false D:false force:false]" classname="org.apache.jena.permissions.model.SecuredRDFListTest" time="0"/>
  <testcase name="testCons[C:false R:true U:false D:false force:false]" classname="org.apache.jena.permissions.model.SecuredRDFListTest" time="0"/>
  <testcase name="testCopy[C:false R:true U:false D:false force:false]" classname="org.apache.jena.permissions.model.SecuredRDFListTest" time="0"/>
  <testcase name="testSize[C:false R:true U:false D:false force:false]" classname="org.apache.jena.permissions.model.SecuredRDFListTest" time="0"/>
  <testcase name="testWith[C:false R:true U:false D:false force:false]" classname="org.apache.jena.permissions.model.SecuredRDFListTest" time="0"/>
  <testcase name="testGetValidityErrorMessage[C:false R:true U:false D:false force:false]" classname="org.apache.jena.permissions.model.SecuredRDFListTest" time="0"/>
  <testcase name="testAppendNodeIterator[C:false R:true U:false D:false force:false]" classname="org.apache.jena.permissions.model.SecuredRDFListTest" time="0"/>
  <testcase name="testAsJaveList[C:false R:true U:false D:false force:false]" classname="org.apache.jena.permissions.model.SecuredRDFListTest" time="0"/>
  <testcase name="testGetHead[C:false R:true U:false D:false force:false]" classname="org.apache.jena.permissions.model.SecuredRDFListTest" time="0"/>
  <testcase name="testGetTail[C:false R:true U:false D:false force:false]" classname="org.apache.jena.permissions.model.SecuredRDFListTest" time="0"/>
  <testcase name="testContains[C:false R:true U:false D:false force:false]" classname="org.apache.jena.permissions.model.SecuredRDFListTest" time="0"/>
  <testcase name="testConcatenate[C:false R:true U:false D:false force:false]" classname="org.apache.jena.permissions.model.SecuredRDFListTest" time="0"/>
  <testcase name="testRemoveHead[C:false R:true U:false D:false force:false]" classname="org.apache.jena.permissions.model.SecuredRDFListTest" time="0"/>
  <testcase name="testRemoveList[C:false R:true U:false D:false force:false]" classname="org.apache.jena.permissions.model.SecuredRDFListTest" time="0"/>
  <testcase name="testReplace[C:false R:true U:false D:false force:false]" classname="org.apache.jena.permissions.model.SecuredRDFListTest" time="0"/>
  <testcase name="testSetStrict[C:false R:true U:false D:false force:false]" classname="org.apache.jena.permissions.model.SecuredRDFListTest" time="0"/>
  <testcase name="testIndexOf[C:false R:true U:false D:false force:false]" classname="org.apache.jena.permissions.model.SecuredRDFListTest" time="0"/>
  <testcase name="testSetHead[C:false R:true U:false D:false force:false]" classname="org.apache.jena.permissions.model.SecuredRDFListTest" time="0"/>
  <testcase name="testSameListAs[C:false R:true U:false D:false force:false]" classname="org.apache.jena.permissions.model.SecuredRDFListTest" time="0"/>
  <testcase name="testIsEmpty[C:false R:true U:false D:false force:false]" classname="org.apache.jena.permissions.model.SecuredRDFListTest" time="0"/>
  <testcase name="testReduce[C:false R:true U:false D:false force:false]" classname="org.apache.jena.permissions.model.SecuredRDFListTest" time="0"/>
  <testcase name="testRemove[C:false R:true U:false D:false force:false]" classname="org.apache.jena.permissions.model.SecuredRDFListTest" time="0"/>
  <testcase name="testAppendRDFList[C:false R:true U:false D:false force:false]" classname="org.apache.jena.permissions.model.SecuredRDFListTest" time="0"/>
  <testcase name="testIterator[C:false R:true U:false D:false force:false]" classname="org.apache.jena.permissions.model.SecuredRDFListTest" time="0"/>
  <testcase name="testRemoveAll[C:false R:true U:false D:false force:false]" classname="org.apache.jena.permissions.model.SecuredRDFListTest" time="0"/>
  <testcase name="testAddLiteralBoolean[C:false R:true U:false D:false force:false]" classname="org.apache.jena.permissions.model.SecuredRDFListTest" time="0"/>
  <testcase name="testAnonFuncs[C:false R:true U:false D:false force:false]" classname="org.apache.jena.permissions.model.SecuredRDFListTest" time="0"/>
  <testcase name="testRemoveProperties[C:false R:true U:false D:false force:false]" classname="org.apache.jena.permissions.model.SecuredRDFListTest" time="0"/>
  <testcase name="testAsResource[C:false R:true U:false D:false force:false]" classname="org.apache.jena.permissions.model.SecuredRDFListTest" time="0"/>
  <testcase name="testListProperties[C:false R:true U:false D:false force:false]" classname="org.apache.jena.permissions.model.SecuredRDFListTest" time="0"/>
  <testcase name="testGetProperty[C:false R:true U:false D:false force:false]" classname="org.apache.jena.permissions.model.SecuredRDFListTest" time="0"/>
  <testcase name="testGetPropertyWithLang[C:false R:true U:false D:false force:false]" classname="org.apache.jena.permissions.model.SecuredRDFListTest" time="0"/>
  <testcase name="testHasProperty[C:false R:true U:false D:false force:false]" classname="org.apache.jena.permissions.model.SecuredRDFListTest" time="0"/>
  <testcase name="testListPropertiesWithLang[C:false R:true U:false D:false force:false]" classname="org.apache.jena.permissions.model.SecuredRDFListTest" time="0"/>
  <testcase name="testEquals[C:false R:true U:false D:false force:false]" classname="org.apache.jena.permissions.model.SecuredRDFListTest" time="0"/>
  <testcase name="testGetURI[C:false R:true U:false D:false force:false]" classname="org.apache.jena.permissions.model.SecuredRDFListTest" time="0"/>
  <testcase name="testHasURI[C:false R:true U:false D:false force:false]" classname="org.apache.jena.permissions.model.SecuredRDFListTest" time="0"/>
  <testcase name="testHasLiteral[C:false R:true U:false D:false force:false]" classname="org.apache.jena.permissions.model.SecuredRDFListTest" time="0"/>
  <testcase name="testAddProperty[C:false R:true U:false D:false force:false]" classname="org.apache.jena.permissions.model.SecuredRDFListTest" time="0"/>
  <testcase name="testGetRequiredProperty[C:false R:true U:false D:false force:false]" classname="org.apache.jena.permissions.model.SecuredRDFListTest" time="0"/>
  <testcase name="testGetRequiredPropertyWithLang[C:false R:true U:false D:false force:false]" classname="org.apache.jena.permissions.model.SecuredRDFListTest" time="0"/>
  <testcase name="testGetModel[C:false R:true U:false D:false force:false]" classname="org.apache.jena.permissions.model.SecuredRDFListTest" time="0"/>
  <testcase name="testCanAs[C:false R:true U:false D:false force:false]" classname="org.apache.jena.permissions.model.SecuredRDFListTest" time="0"/>
  <testcase name="testAsNode[C:false R:true U:false D:false force:false]" classname="org.apache.jena.permissions.model.SecuredRDFListTest" time="0"/>
  <testcase name="testInModel[C:false R:true U:false D:false force:false]" classname="org.apache.jena.permissions.model.SecuredRDFListTest" time="0"/>
  <testcase name="testAdd[C:false R:false U:true D:true force:true]" classname="org.apache.jena.permissions.model.SecuredRDFListTest" time="0"/>
  <testcase name="testGet[C:false R:false U:true D:true force:true]" classname="org.apache.jena.permissions.model.SecuredRDFListTest" time="0"/>
  <testcase name="testApply[C:false R:false U:true D:true force:true]" classname="org.apache.jena.permissions.model.SecuredRDFListTest" time="0"/>
  <testcase name="testValid[C:false R:false U:true D:true force:true]" classname="org.apache.jena.permissions.model.SecuredRDFListTest" time="0"/>
  <testcase name="testCons[C:false R:false U:true D:true force:true]" classname="org.apache.jena.permissions.model.SecuredRDFListTest" time="0"/>
  <testcase name="testCopy[C:false R:false U:true D:true force:true]" classname="org.apache.jena.permissions.model.SecuredRDFListTest" time="0"/>
  <testcase name="testSize[C:false R:false U:true D:true force:true]" classname="org.apache.jena.permissions.model.SecuredRDFListTest" time="0"/>
  <testcase name="testWith[C:false R:false U:true D:true force:true]" classname="org.apache.jena.permissions.model.SecuredRDFListTest" time="0"/>
  <testcase name="testGetValidityErrorMessage[C:false R:false U:true D:true force:true]" classname="org.apache.jena.permissions.model.SecuredRDFListTest" time="0"/>
  <testcase name="testAppendNodeIterator[C:false R:false U:true D:true force:true]" classname="org.apache.jena.permissions.model.SecuredRDFListTest" time="0"/>
  <testcase name="testAsJaveList[C:false R:false U:true D:true force:true]" classname="org.apache.jena.permissions.model.SecuredRDFListTest" time="0"/>
  <testcase name="testGetHead[C:false R:false U:true D:true force:true]" classname="org.apache.jena.permissions.model.SecuredRDFListTest" time="0"/>
  <testcase name="testGetTail[C:false R:false U:true D:true force:true]" classname="org.apache.jena.permissions.model.SecuredRDFListTest" time="0"/>
  <testcase name="testContains[C:false R:false U:true D:true force:true]" classname="org.apache.jena.permissions.model.SecuredRDFListTest" time="0"/>
  <testcase name="testConcatenate[C:false R:false U:true D:true force:true]" classname="org.apache.jena.permissions.model.SecuredRDFListTest" time="0"/>
  <testcase name="testRemoveHead[C:false R:false U:true D:true force:true]" classname="org.apache.jena.permissions.model.SecuredRDFListTest" time="0"/>
  <testcase name="testRemoveList[C:false R:false U:true D:true force:true]" classname="org.apache.jena.permissions.model.SecuredRDFListTest" time="0"/>
  <testcase name="testReplace[C:false R:false U:true D:true force:true]" classname="org.apache.jena.permissions.model.SecuredRDFListTest" time="0"/>
  <testcase name="testSetStrict[C:false R:false U:true D:true force:true]" classname="org.apache.jena.permissions.model.SecuredRDFListTest" time="0"/>
  <testcase name="testIndexOf[C:false R:false U:true D:true force:true]" classname="org.apache.jena.permissions.model.SecuredRDFListTest" time="0"/>
  <testcase name="testSetHead[C:false R:false U:true D:true force:true]" classname="org.apache.jena.permissions.model.SecuredRDFListTest" time="0"/>
  <testcase name="testSameListAs[C:false R:false U:true D:true force:true]" classname="org.apache.jena.permissions.model.SecuredRDFListTest" time="0"/>
  <testcase name="testIsEmpty[C:false R:false U:true D:true force:true]" classname="org.apache.jena.permissions.model.SecuredRDFListTest" time="0"/>
  <testcase name="testReduce[C:false R:false U:true D:true force:true]" classname="org.apache.jena.permissions.model.SecuredRDFListTest" time="0"/>
  <testcase name="testRemove[C:false R:false U:true D:true force:true]" classname="org.apache.jena.permissions.model.SecuredRDFListTest" time="0"/>
  <testcase name="testAppendRDFList[C:false R:false U:true D:true force:true]" classname="org.apache.jena.permissions.model.SecuredRDFListTest" time="0"/>
  <testcase name="testIterator[C:false R:false U:true D:true force:true]" classname="org.apache.jena.permissions.model.SecuredRDFListTest" time="0"/>
  <testcase name="testRemoveAll[C:false R:false U:true D:true force:true]" classname="org.apache.jena.permissions.model.SecuredRDFListTest" time="0"/>
  <testcase name="testAddLiteralBoolean[C:false R:false U:true D:true force:true]" classname="org.apache.jena.permissions.model.SecuredRDFListTest" time="0"/>
  <testcase name="testAnonFuncs[C:false R:false U:true D:true force:true]" classname="org.apache.jena.permissions.model.SecuredRDFListTest" time="0"/>
  <testcase name="testRemoveProperties[C:false R:false U:true D:true force:true]" classname="org.apache.jena.permissions.model.SecuredRDFListTest" time="0"/>
  <testcase name="testAsResource[C:false R:false U:true D:true force:true]" classname="org.apache.jena.permissions.model.SecuredRDFListTest" time="0"/>
  <testcase name="testListProperties[C:false R:false U:true D:true force:true]" classname="org.apache.jena.permissions.model.SecuredRDFListTest" time="0"/>
  <testcase name="testGetProperty[C:false R:false U:true D:true force:true]" classname="org.apache.jena.permissions.model.SecuredRDFListTest" time="0"/>
  <testcase name="testGetPropertyWithLang[C:false R:false U:true D:true force:true]" classname="org.apache.jena.permissions.model.SecuredRDFListTest" time="0"/>
  <testcase name="testHasProperty[C:false R:false U:true D:true force:true]" classname="org.apache.jena.permissions.model.SecuredRDFListTest" time="0"/>
  <testcase name="testListPropertiesWithLang[C:false R:false U:true D:true force:true]" classname="org.apache.jena.permissions.model.SecuredRDFListTest" time="0"/>
  <testcase name="testEquals[C:false R:false U:true D:true force:true]" classname="org.apache.jena.permissions.model.SecuredRDFListTest" time="0"/>
  <testcase name="testGetURI[C:false R:false U:true D:true force:true]" classname="org.apache.jena.permissions.model.SecuredRDFListTest" time="0"/>
  <testcase name="testHasURI[C:false R:false U:true D:true force:true]" classname="org.apache.jena.permissions.model.SecuredRDFListTest" time="0"/>
  <testcase name="testHasLiteral[C:false R:false U:true D:true force:true]" classname="org.apache.jena.permissions.model.SecuredRDFListTest" time="0"/>
  <testcase name="testAddProperty[C:false R:false U:true D:true force:true]" classname="org.apache.jena.permissions.model.SecuredRDFListTest" time="0"/>
  <testcase name="testGetRequiredProperty[C:false R:false U:true D:true force:true]" classname="org.apache.jena.permissions.model.SecuredRDFListTest" time="0"/>
  <testcase name="testGetRequiredPropertyWithLang[C:false R:false U:true D:true force:true]" classname="org.apache.jena.permissions.model.SecuredRDFListTest" time="0"/>
  <testcase name="testGetModel[C:false R:false U:true D:true force:true]" classname="org.apache.jena.permissions.model.SecuredRDFListTest" time="0"/>
  <testcase name="testCanAs[C:false R:false U:true D:true force:true]" classname="org.apache.jena.permissions.model.SecuredRDFListTest" time="0"/>
  <testcase name="testAsNode[C:false R:false U:true D:true force:true]" classname="org.apache.jena.permissions.model.SecuredRDFListTest" time="0"/>
  <testcase name="testInModel[C:false R:false U:true D:true force:true]" classname="org.apache.jena.permissions.model.SecuredRDFListTest" time="0"/>
  <testcase name="testAdd[C:false R:false U:true D:true force:false]" classname="org.apache.jena.permissions.model.SecuredRDFListTest" time="0"/>
  <testcase name="testGet[C:false R:false U:true D:true force:false]" classname="org.apache.jena.permissions.model.SecuredRDFListTest" time="0"/>
  <testcase name="testApply[C:false R:false U:true D:true force:false]" classname="org.apache.jena.permissions.model.SecuredRDFListTest" time="0"/>
  <testcase name="testValid[C:false R:false U:true D:true force:false]" classname="org.apache.jena.permissions.model.SecuredRDFListTest" time="0"/>
  <testcase name="testCons[C:false R:false U:true D:true force:false]" classname="org.apache.jena.permissions.model.SecuredRDFListTest" time="0"/>
  <testcase name="testCopy[C:false R:false U:true D:true force:false]" classname="org.apache.jena.permissions.model.SecuredRDFListTest" time="0"/>
  <testcase name="testSize[C:false R:false U:true D:true force:false]" classname="org.apache.jena.permissions.model.SecuredRDFListTest" time="0"/>
  <testcase name="testWith[C:false R:false U:true D:true force:false]" classname="org.apache.jena.permissions.model.SecuredRDFListTest" time="0"/>
  <testcase name="testGetValidityErrorMessage[C:false R:false U:true D:true force:false]" classname="org.apache.jena.permissions.model.SecuredRDFListTest" time="0"/>
  <testcase name="testAppendNodeIterator[C:false R:false U:true D:true force:false]" classname="org.apache.jena.permissions.model.SecuredRDFListTest" time="0"/>
  <testcase name="testAsJaveList[C:false R:false U:true D:true force:false]" classname="org.apache.jena.permissions.model.SecuredRDFListTest" time="0"/>
  <testcase name="testGetHead[C:false R:false U:true D:true force:false]" classname="org.apache.jena.permissions.model.SecuredRDFListTest" time="0"/>
  <testcase name="testGetTail[C:false R:false U:true D:true force:false]" classname="org.apache.jena.permissions.model.SecuredRDFListTest" time="0"/>
  <testcase name="testContains[C:false R:false U:true D:true force:false]" classname="org.apache.jena.permissions.model.SecuredRDFListTest" time="0"/>
  <testcase name="testConcatenate[C:false R:false U:true D:true force:false]" classname="org.apache.jena.permissions.model.SecuredRDFListTest" time="0"/>
  <testcase name="testRemoveHead[C:false R:false U:true D:true force:false]" classname="org.apache.jena.permissions.model.SecuredRDFListTest" time="0"/>
  <testcase name="testRemoveList[C:false R:false U:true D:true force:false]" classname="org.apache.jena.permissions.model.SecuredRDFListTest" time="0"/>
  <testcase name="testReplace[C:false R:false U:true D:true force:false]" classname="org.apache.jena.permissions.model.SecuredRDFListTest" time="0"/>
  <testcase name="testSetStrict[C:false R:false U:true D:true force:false]" classname="org.apache.jena.permissions.model.SecuredRDFListTest" time="0"/>
  <testcase name="testIndexOf[C:false R:false U:true D:true force:false]" classname="org.apache.jena.permissions.model.SecuredRDFListTest" time="0"/>
  <testcase name="testSetHead[C:false R:false U:true D:true force:false]" classname="org.apache.jena.permissions.model.SecuredRDFListTest" time="0"/>
  <testcase name="testSameListAs[C:false R:false U:true D:true force:false]" classname="org.apache.jena.permissions.model.SecuredRDFListTest" time="0"/>
  <testcase name="testIsEmpty[C:false R:false U:true D:true force:false]" classname="org.apache.jena.permissions.model.SecuredRDFListTest" time="0"/>
  <testcase name="testReduce[C:false R:false U:true D:true force:false]" classname="org.apache.jena.permissions.model.SecuredRDFListTest" time="0"/>
  <testcase name="testRemove[C:false R:false U:true D:true force:false]" classname="org.apache.jena.permissions.model.SecuredRDFListTest" time="0"/>
  <testcase name="testAppendRDFList[C:false R:false U:true D:true force:false]" classname="org.apache.jena.permissions.model.SecuredRDFListTest" time="0"/>
  <testcase name="testIterator[C:false R:false U:true D:true force:false]" classname="org.apache.jena.permissions.model.SecuredRDFListTest" time="0"/>
  <testcase name="testRemoveAll[C:false R:false U:true D:true force:false]" classname="org.apache.jena.permissions.model.SecuredRDFListTest" time="0"/>
  <testcase name="testAddLiteralBoolean[C:false R:false U:true D:true force:false]" classname="org.apache.jena.permissions.model.SecuredRDFListTest" time="0"/>
  <testcase name="testAnonFuncs[C:false R:false U:true D:true force:false]" classname="org.apache.jena.permissions.model.SecuredRDFListTest" time="0"/>
  <testcase name="testRemoveProperties[C:false R:false U:true D:true force:false]" classname="org.apache.jena.permissions.model.SecuredRDFListTest" time="0"/>
  <testcase name="testAsResource[C:false R:false U:true D:true force:false]" classname="org.apache.jena.permissions.model.SecuredRDFListTest" time="0"/>
  <testcase name="testListProperties[C:false R:false U:true D:true force:false]" classname="org.apache.jena.permissions.model.SecuredRDFListTest" time="0"/>
  <testcase name="testGetProperty[C:false R:false U:true D:true force:false]" classname="org.apache.jena.permissions.model.SecuredRDFListTest" time="0"/>
  <testcase name="testGetPropertyWithLang[C:false R:false U:true D:true force:false]" classname="org.apache.jena.permissions.model.SecuredRDFListTest" time="0"/>
  <testcase name="testHasProperty[C:false R:false U:true D:true force:false]" classname="org.apache.jena.permissions.model.SecuredRDFListTest" time="0"/>
  <testcase name="testListPropertiesWithLang[C:false R:false U:true D:true force:false]" classname="org.apache.jena.permissions.model.SecuredRDFListTest" time="0"/>
  <testcase name="testEquals[C:false R:false U:true D:true force:false]" classname="org.apache.jena.permissions.model.SecuredRDFListTest" time="0"/>
  <testcase name="testGetURI[C:false R:false U:true D:true force:false]" classname="org.apache.jena.permissions.model.SecuredRDFListTest" time="0"/>
  <testcase name="testHasURI[C:false R:false U:true D:true force:false]" classname="org.apache.jena.permissions.model.SecuredRDFListTest" time="0"/>
  <testcase name="testHasLiteral[C:false R:false U:true D:true force:false]" classname="org.apache.jena.permissions.model.SecuredRDFListTest" time="0"/>
  <testcase name="testAddProperty[C:false R:false U:true D:true force:false]" classname="org.apache.jena.permissions.model.SecuredRDFListTest" time="0"/>
  <testcase name="testGetRequiredProperty[C:false R:false U:true D:true force:false]" classname="org.apache.jena.permissions.model.SecuredRDFListTest" time="0"/>
  <testcase name="testGetRequiredPropertyWithLang[C:false R:false U:true D:true force:false]" classname="org.apache.jena.permissions.model.SecuredRDFListTest" time="0"/>
  <testcase name="testGetModel[C:false R:false U:true D:true force:false]" classname="org.apache.jena.permissions.model.SecuredRDFListTest" time="0"/>
  <testcase name="testCanAs[C:false R:false U:true D:true force:false]" classname="org.apache.jena.permissions.model.SecuredRDFListTest" time="0"/>
  <testcase name="testAsNode[C:false R:false U:true D:true force:false]" classname="org.apache.jena.permissions.model.SecuredRDFListTest" time="0"/>
  <testcase name="testInModel[C:false R:false U:true D:true force:false]" classname="org.apache.jena.permissions.model.SecuredRDFListTest" time="0"/>
  <testcase name="testAdd[C:false R:false U:true D:false force:true]" classname="org.apache.jena.permissions.model.SecuredRDFListTest" time="0"/>
  <testcase name="testGet[C:false R:false U:true D:false force:true]" classname="org.apache.jena.permissions.model.SecuredRDFListTest" time="0"/>
  <testcase name="testApply[C:false R:false U:true D:false force:true]" classname="org.apache.jena.permissions.model.SecuredRDFListTest" time="0"/>
  <testcase name="testValid[C:false R:false U:true D:false force:true]" classname="org.apache.jena.permissions.model.SecuredRDFListTest" time="0"/>
  <testcase name="testCons[C:false R:false U:true D:false force:true]" classname="org.apache.jena.permissions.model.SecuredRDFListTest" time="0"/>
  <testcase name="testCopy[C:false R:false U:true D:false force:true]" classname="org.apache.jena.permissions.model.SecuredRDFListTest" time="0"/>
  <testcase name="testSize[C:false R:false U:true D:false force:true]" classname="org.apache.jena.permissions.model.SecuredRDFListTest" time="0"/>
  <testcase name="testWith[C:false R:false U:true D:false force:true]" classname="org.apache.jena.permissions.model.SecuredRDFListTest" time="0"/>
  <testcase name="testGetValidityErrorMessage[C:false R:false U:true D:false force:true]" classname="org.apache.jena.permissions.model.SecuredRDFListTest" time="0"/>
  <testcase name="testAppendNodeIterator[C:false R:false U:true D:false force:true]" classname="org.apache.jena.permissions.model.SecuredRDFListTest" time="0"/>
  <testcase name="testAsJaveList[C:false R:false U:true D:false force:true]" classname="org.apache.jena.permissions.model.SecuredRDFListTest" time="0"/>
  <testcase name="testGetHead[C:false R:false U:true D:false force:true]" classname="org.apache.jena.permissions.model.SecuredRDFListTest" time="0"/>
  <testcase name="testGetTail[C:false R:false U:true D:false force:true]" classname="org.apache.jena.permissions.model.SecuredRDFListTest" time="0"/>
  <testcase name="testContains[C:false R:false U:true D:false force:true]" classname="org.apache.jena.permissions.model.SecuredRDFListTest" time="0"/>
  <testcase name="testConcatenate[C:false R:false U:true D:false force:true]" classname="org.apache.jena.permissions.model.SecuredRDFListTest" time="0"/>
  <testcase name="testRemoveHead[C:false R:false U:true D:false force:true]" classname="org.apache.jena.permissions.model.SecuredRDFListTest" time="0"/>
  <testcase name="testRemoveList[C:false R:false U:true D:false force:true]" classname="org.apache.jena.permissions.model.SecuredRDFListTest" time="0"/>
  <testcase name="testReplace[C:false R:false U:true D:false force:true]" classname="org.apache.jena.permissions.model.SecuredRDFListTest" time="0"/>
  <testcase name="testSetStrict[C:false R:false U:true D:false force:true]" classname="org.apache.jena.permissions.model.SecuredRDFListTest" time="0"/>
  <testcase name="testIndexOf[C:false R:false U:true D:false force:true]" classname="org.apache.jena.permissions.model.SecuredRDFListTest" time="0"/>
  <testcase name="testSetHead[C:false R:false U:true D:false force:true]" classname="org.apache.jena.permissions.model.SecuredRDFListTest" time="0"/>
  <testcase name="testSameListAs[C:false R:false U:true D:false force:true]" classname="org.apache.jena.permissions.model.SecuredRDFListTest" time="0"/>
  <testcase name="testIsEmpty[C:false R:false U:true D:false force:true]" classname="org.apache.jena.permissions.model.SecuredRDFListTest" time="0"/>
  <testcase name="testReduce[C:false R:false U:true D:false force:true]" classname="org.apache.jena.permissions.model.SecuredRDFListTest" time="0"/>
  <testcase name="testRemove[C:false R:false U:true D:false force:true]" classname="org.apache.jena.permissions.model.SecuredRDFListTest" time="0"/>
  <testcase name="testAppendRDFList[C:false R:false U:true D:false force:true]" classname="org.apache.jena.permissions.model.SecuredRDFListTest" time="0"/>
  <testcase name="testIterator[C:false R:false U:true D:false force:true]" classname="org.apache.jena.permissions.model.SecuredRDFListTest" time="0"/>
  <testcase name="testRemoveAll[C:false R:false U:true D:false force:true]" classname="org.apache.jena.permissions.model.SecuredRDFListTest" time="0"/>
  <testcase name="testAddLiteralBoolean[C:false R:false U:true D:false force:true]" classname="org.apache.jena.permissions.model.SecuredRDFListTest" time="0"/>
  <testcase name="testAnonFuncs[C:false R:false U:true D:false force:true]" classname="org.apache.jena.permissions.model.SecuredRDFListTest" time="0"/>
  <testcase name="testRemoveProperties[C:false R:false U:true D:false force:true]" classname="org.apache.jena.permissions.model.SecuredRDFListTest" time="0"/>
  <testcase name="testAsResource[C:false R:false U:true D:false force:true]" classname="org.apache.jena.permissions.model.SecuredRDFListTest" time="0"/>
  <testcase name="testListProperties[C:false R:false U:true D:false force:true]" classname="org.apache.jena.permissions.model.SecuredRDFListTest" time="0"/>
  <testcase name="testGetProperty[C:false R:false U:true D:false force:true]" classname="org.apache.jena.permissions.model.SecuredRDFListTest" time="0"/>
  <testcase name="testGetPropertyWithLang[C:false R:false U:true D:false force:true]" classname="org.apache.jena.permissions.model.SecuredRDFListTest" time="0"/>
  <testcase name="testHasProperty[C:false R:false U:true D:false force:true]" classname="org.apache.jena.permissions.model.SecuredRDFListTest" time="0"/>
  <testcase name="testListPropertiesWithLang[C:false R:false U:true D:false force:true]" classname="org.apache.jena.permissions.model.SecuredRDFListTest" time="0"/>
  <testcase name="testEquals[C:false R:false U:true D:false force:true]" classname="org.apache.jena.permissions.model.SecuredRDFListTest" time="0"/>
  <testcase name="testGetURI[C:false R:false U:true D:false force:true]" classname="org.apache.jena.permissions.model.SecuredRDFListTest" time="0"/>
  <testcase name="testHasURI[C:false R:false U:true D:false force:true]" classname="org.apache.jena.permissions.model.SecuredRDFListTest" time="0"/>
  <testcase name="testHasLiteral[C:false R:false U:true D:false force:true]" classname="org.apache.jena.permissions.model.SecuredRDFListTest" time="0"/>
  <testcase name="testAddProperty[C:false R:false U:true D:false force:true]" classname="org.apache.jena.permissions.model.SecuredRDFListTest" time="0"/>
  <testcase name="testGetRequiredProperty[C:false R:false U:true D:false force:true]" classname="org.apache.jena.permissions.model.SecuredRDFListTest" time="0"/>
  <testcase name="testGetRequiredPropertyWithLang[C:false R:false U:true D:false force:true]" classname="org.apache.jena.permissions.model.SecuredRDFListTest" time="0"/>
  <testcase name="testGetModel[C:false R:false U:true D:false force:true]" classname="org.apache.jena.permissions.model.SecuredRDFListTest" time="0"/>
  <testcase name="testCanAs[C:false R:false U:true D:false force:true]" classname="org.apache.jena.permissions.model.SecuredRDFListTest" time="0"/>
  <testcase name="testAsNode[C:false R:false U:true D:false force:true]" classname="org.apache.jena.permissions.model.SecuredRDFListTest" time="0"/>
  <testcase name="testInModel[C:false R:false U:true D:false force:true]" classname="org.apache.jena.permissions.model.SecuredRDFListTest" time="0"/>
  <testcase name="testAdd[C:false R:false U:true D:false force:false]" classname="org.apache.jena.permissions.model.SecuredRDFListTest" time="0"/>
  <testcase name="testGet[C:false R:false U:true D:false force:false]" classname="org.apache.jena.permissions.model.SecuredRDFListTest" time="0"/>
  <testcase name="testApply[C:false R:false U:true D:false force:false]" classname="org.apache.jena.permissions.model.SecuredRDFListTest" time="0"/>
  <testcase name="testValid[C:false R:false U:true D:false force:false]" classname="org.apache.jena.permissions.model.SecuredRDFListTest" time="0"/>
  <testcase name="testCons[C:false R:false U:true D:false force:false]" classname="org.apache.jena.permissions.model.SecuredRDFListTest" time="0"/>
  <testcase name="testCopy[C:false R:false U:true D:false force:false]" classname="org.apache.jena.permissions.model.SecuredRDFListTest" time="0"/>
  <testcase name="testSize[C:false R:false U:true D:false force:false]" classname="org.apache.jena.permissions.model.SecuredRDFListTest" time="0"/>
  <testcase name="testWith[C:false R:false U:true D:false force:false]" classname="org.apache.jena.permissions.model.SecuredRDFListTest" time="0"/>
  <testcase name="testGetValidityErrorMessage[C:false R:false U:true D:false force:false]" classname="org.apache.jena.permissions.model.SecuredRDFListTest" time="0"/>
  <testcase name="testAppendNodeIterator[C:false R:false U:true D:false force:false]" classname="org.apache.jena.permissions.model.SecuredRDFListTest" time="0"/>
  <testcase name="testAsJaveList[C:false R:false U:true D:false force:false]" classname="org.apache.jena.permissions.model.SecuredRDFListTest" time="0"/>
  <testcase name="testGetHead[C:false R:false U:true D:false force:false]" classname="org.apache.jena.permissions.model.SecuredRDFListTest" time="0"/>
  <testcase name="testGetTail[C:false R:false U:true D:false force:false]" classname="org.apache.jena.permissions.model.SecuredRDFListTest" time="0"/>
  <testcase name="testContains[C:false R:false U:true D:false force:false]" classname="org.apache.jena.permissions.model.SecuredRDFListTest" time="0"/>
  <testcase name="testConcatenate[C:false R:false U:true D:false force:false]" classname="org.apache.jena.permissions.model.SecuredRDFListTest" time="0"/>
  <testcase name="testRemoveHead[C:false R:false U:true D:false force:false]" classname="org.apache.jena.permissions.model.SecuredRDFListTest" time="0"/>
  <testcase name="testRemoveList[C:false R:false U:true D:false force:false]" classname="org.apache.jena.permissions.model.SecuredRDFListTest" time="0"/>
  <testcase name="testReplace[C:false R:false U:true D:false force:false]" classname="org.apache.jena.permissions.model.SecuredRDFListTest" time="0"/>
  <testcase name="testSetStrict[C:false R:false U:true D:false force:false]" classname="org.apache.jena.permissions.model.SecuredRDFListTest" time="0"/>
  <testcase name="testIndexOf[C:false R:false U:true D:false force:false]" classname="org.apache.jena.permissions.model.SecuredRDFListTest" time="0"/>
  <testcase name="testSetHead[C:false R:false U:true D:false force:false]" classname="org.apache.jena.permissions.model.SecuredRDFListTest" time="0"/>
  <testcase name="testSameListAs[C:false R:false U:true D:false force:false]" classname="org.apache.jena.permissions.model.SecuredRDFListTest" time="0"/>
  <testcase name="testIsEmpty[C:false R:false U:true D:false force:false]" classname="org.apache.jena.permissions.model.SecuredRDFListTest" time="0"/>
  <testcase name="testReduce[C:false R:false U:true D:false force:false]" classname="org.apache.jena.permissions.model.SecuredRDFListTest" time="0"/>
  <testcase name="testRemove[C:false R:false U:true D:false force:false]" classname="org.apache.jena.permissions.model.SecuredRDFListTest" time="0"/>
  <testcase name="testAppendRDFList[C:false R:false U:true D:false force:false]" classname="org.apache.jena.permissions.model.SecuredRDFListTest" time="0"/>
  <testcase name="testIterator[C:false R:false U:true D:false force:false]" classname="org.apache.jena.permissions.model.SecuredRDFListTest" time="0"/>
  <testcase name="testRemoveAll[C:false R:false U:true D:false force:false]" classname="org.apache.jena.permissions.model.SecuredRDFListTest" time="0"/>
  <testcase name="testAddLiteralBoolean[C:false R:false U:true D:false force:false]" classname="org.apache.jena.permissions.model.SecuredRDFListTest" time="0"/>
  <testcase name="testAnonFuncs[C:false R:false U:true D:false force:false]" classname="org.apache.jena.permissions.model.SecuredRDFListTest" time="0"/>
  <testcase name="testRemoveProperties[C:false R:false U:true D:false force:false]" classname="org.apache.jena.permissions.model.SecuredRDFListTest" time="0"/>
  <testcase name="testAsResource[C:false R:false U:true D:false force:false]" classname="org.apache.jena.permissions.model.SecuredRDFListTest" time="0"/>
  <testcase name="testListProperties[C:false R:false U:true D:false force:false]" classname="org.apache.jena.permissions.model.SecuredRDFListTest" time="0"/>
  <testcase name="testGetProperty[C:false R:false U:true D:false force:false]" classname="org.apache.jena.permissions.model.SecuredRDFListTest" time="0"/>
  <testcase name="testGetPropertyWithLang[C:false R:false U:true D:false force:false]" classname="org.apache.jena.permissions.model.SecuredRDFListTest" time="0"/>
  <testcase name="testHasProperty[C:false R:false U:true D:false force:false]" classname="org.apache.jena.permissions.model.SecuredRDFListTest" time="0"/>
  <testcase name="testListPropertiesWithLang[C:false R:false U:true D:false force:false]" classname="org.apache.jena.permissions.model.SecuredRDFListTest" time="0"/>
  <testcase name="testEquals[C:false R:false U:true D:false force:false]" classname="org.apache.jena.permissions.model.SecuredRDFListTest" time="0"/>
  <testcase name="testGetURI[C:false R:false U:true D:false force:false]" classname="org.apache.jena.permissions.model.SecuredRDFListTest" time="0"/>
  <testcase name="testHasURI[C:false R:false U:true D:false force:false]" classname="org.apache.jena.permissions.model.SecuredRDFListTest" time="0"/>
  <testcase name="testHasLiteral[C:false R:false U:true D:false force:false]" classname="org.apache.jena.permissions.model.SecuredRDFListTest" time="0"/>
  <testcase name="testAddProperty[C:false R:false U:true D:false force:false]" classname="org.apache.jena.permissions.model.SecuredRDFListTest" time="0"/>
  <testcase name="testGetRequiredProperty[C:false R:false U:true D:false force:false]" classname="org.apache.jena.permissions.model.SecuredRDFListTest" time="0"/>
  <testcase name="testGetRequiredPropertyWithLang[C:false R:false U:true D:false force:false]" classname="org.apache.jena.permissions.model.SecuredRDFListTest" time="0"/>
  <testcase name="testGetModel[C:false R:false U:true D:false force:false]" classname="org.apache.jena.permissions.model.SecuredRDFListTest" time="0"/>
  <testcase name="testCanAs[C:false R:false U:true D:false force:false]" classname="org.apache.jena.permissions.model.SecuredRDFListTest" time="0"/>
  <testcase name="testAsNode[C:false R:false U:true D:false force:false]" classname="org.apache.jena.permissions.model.SecuredRDFListTest" time="0"/>
  <testcase name="testInModel[C:false R:false U:true D:false force:false]" classname="org.apache.jena.permissions.model.SecuredRDFListTest" time="0"/>
  <testcase name="testAdd[C:false R:false U:false D:true force:true]" classname="org.apache.jena.permissions.model.SecuredRDFListTest" time="0"/>
  <testcase name="testGet[C:false R:false U:false D:true force:true]" classname="org.apache.jena.permissions.model.SecuredRDFListTest" time="0"/>
  <testcase name="testApply[C:false R:false U:false D:true force:true]" classname="org.apache.jena.permissions.model.SecuredRDFListTest" time="0"/>
  <testcase name="testValid[C:false R:false U:false D:true force:true]" classname="org.apache.jena.permissions.model.SecuredRDFListTest" time="0"/>
  <testcase name="testCons[C:false R:false U:false D:true force:true]" classname="org.apache.jena.permissions.model.SecuredRDFListTest" time="0"/>
  <testcase name="testCopy[C:false R:false U:false D:true force:true]" classname="org.apache.jena.permissions.model.SecuredRDFListTest" time="0"/>
  <testcase name="testSize[C:false R:false U:false D:true force:true]" classname="org.apache.jena.permissions.model.SecuredRDFListTest" time="0"/>
  <testcase name="testWith[C:false R:false U:false D:true force:true]" classname="org.apache.jena.permissions.model.SecuredRDFListTest" time="0"/>
  <testcase name="testGetValidityErrorMessage[C:false R:false U:false D:true force:true]" classname="org.apache.jena.permissions.model.SecuredRDFListTest" time="0"/>
  <testcase name="testAppendNodeIterator[C:false R:false U:false D:true force:true]" classname="org.apache.jena.permissions.model.SecuredRDFListTest" time="0"/>
  <testcase name="testAsJaveList[C:false R:false U:false D:true force:true]" classname="org.apache.jena.permissions.model.SecuredRDFListTest" time="0"/>
  <testcase name="testGetHead[C:false R:false U:false D:true force:true]" classname="org.apache.jena.permissions.model.SecuredRDFListTest" time="0"/>
  <testcase name="testGetTail[C:false R:false U:false D:true force:true]" classname="org.apache.jena.permissions.model.SecuredRDFListTest" time="0"/>
  <testcase name="testContains[C:false R:false U:false D:true force:true]" classname="org.apache.jena.permissions.model.SecuredRDFListTest" time="0"/>
  <testcase name="testConcatenate[C:false R:false U:false D:true force:true]" classname="org.apache.jena.permissions.model.SecuredRDFListTest" time="0"/>
  <testcase name="testRemoveHead[C:false R:false U:false D:true force:true]" classname="org.apache.jena.permissions.model.SecuredRDFListTest" time="0"/>
  <testcase name="testRemoveList[C:false R:false U:false D:true force:true]" classname="org.apache.jena.permissions.model.SecuredRDFListTest" time="0"/>
  <testcase name="testReplace[C:false R:false U:false D:true force:true]" classname="org.apache.jena.permissions.model.SecuredRDFListTest" time="0"/>
  <testcase name="testSetStrict[C:false R:false U:false D:true force:true]" classname="org.apache.jena.permissions.model.SecuredRDFListTest" time="0"/>
  <testcase name="testIndexOf[C:false R:false U:false D:true force:true]" classname="org.apache.jena.permissions.model.SecuredRDFListTest" time="0"/>
  <testcase name="testSetHead[C:false R:false U:false D:true force:true]" classname="org.apache.jena.permissions.model.SecuredRDFListTest" time="0"/>
  <testcase name="testSameListAs[C:false R:false U:false D:true force:true]" classname="org.apache.jena.permissions.model.SecuredRDFListTest" time="0"/>
  <testcase name="testIsEmpty[C:false R:false U:false D:true force:true]" classname="org.apache.jena.permissions.model.SecuredRDFListTest" time="0"/>
  <testcase name="testReduce[C:false R:false U:false D:true force:true]" classname="org.apache.jena.permissions.model.SecuredRDFListTest" time="0"/>
  <testcase name="testRemove[C:false R:false U:false D:true force:true]" classname="org.apache.jena.permissions.model.SecuredRDFListTest" time="0"/>
  <testcase name="testAppendRDFList[C:false R:false U:false D:true force:true]" classname="org.apache.jena.permissions.model.SecuredRDFListTest" time="0"/>
  <testcase name="testIterator[C:false R:false U:false D:true force:true]" classname="org.apache.jena.permissions.model.SecuredRDFListTest" time="0"/>
  <testcase name="testRemoveAll[C:false R:false U:false D:true force:true]" classname="org.apache.jena.permissions.model.SecuredRDFListTest" time="0"/>
  <testcase name="testAddLiteralBoolean[C:false R:false U:false D:true force:true]" classname="org.apache.jena.permissions.model.SecuredRDFListTest" time="0"/>
  <testcase name="testAnonFuncs[C:false R:false U:false D:true force:true]" classname="org.apache.jena.permissions.model.SecuredRDFListTest" time="0"/>
  <testcase name="testRemoveProperties[C:false R:false U:false D:true force:true]" classname="org.apache.jena.permissions.model.SecuredRDFListTest" time="0"/>
  <testcase name="testAsResource[C:false R:false U:false D:true force:true]" classname="org.apache.jena.permissions.model.SecuredRDFListTest" time="0"/>
  <testcase name="testListProperties[C:false R:false U:false D:true force:true]" classname="org.apache.jena.permissions.model.SecuredRDFListTest" time="0"/>
  <testcase name="testGetProperty[C:false R:false U:false D:true force:true]" classname="org.apache.jena.permissions.model.SecuredRDFListTest" time="0"/>
  <testcase name="testGetPropertyWithLang[C:false R:false U:false D:true force:true]" classname="org.apache.jena.permissions.model.SecuredRDFListTest" time="0"/>
  <testcase name="testHasProperty[C:false R:false U:false D:true force:true]" classname="org.apache.jena.permissions.model.SecuredRDFListTest" time="0"/>
  <testcase name="testListPropertiesWithLang[C:false R:false U:false D:true force:true]" classname="org.apache.jena.permissions.model.SecuredRDFListTest" time="0"/>
  <testcase name="testEquals[C:false R:false U:false D:true force:true]" classname="org.apache.jena.permissions.model.SecuredRDFListTest" time="0"/>
  <testcase name="testGetURI[C:false R:false U:false D:true force:true]" classname="org.apache.jena.permissions.model.SecuredRDFListTest" time="0"/>
  <testcase name="testHasURI[C:false R:false U:false D:true force:true]" classname="org.apache.jena.permissions.model.SecuredRDFListTest" time="0"/>
  <testcase name="testHasLiteral[C:false R:false U:false D:true force:true]" classname="org.apache.jena.permissions.model.SecuredRDFListTest" time="0"/>
  <testcase name="testAddProperty[C:false R:false U:false D:true force:true]" classname="org.apache.jena.permissions.model.SecuredRDFListTest" time="0"/>
  <testcase name="testGetRequiredProperty[C:false R:false U:false D:true force:true]" classname="org.apache.jena.permissions.model.SecuredRDFListTest" time="0"/>
  <testcase name="testGetRequiredPropertyWithLang[C:false R:false U:false D:true force:true]" classname="org.apache.jena.permissions.model.SecuredRDFListTest" time="0"/>
  <testcase name="testGetModel[C:false R:false U:false D:true force:true]" classname="org.apache.jena.permissions.model.SecuredRDFListTest" time="0"/>
  <testcase name="testCanAs[C:false R:false U:false D:true force:true]" classname="org.apache.jena.permissions.model.SecuredRDFListTest" time="0"/>
  <testcase name="testAsNode[C:false R:false U:false D:true force:true]" classname="org.apache.jena.permissions.model.SecuredRDFListTest" time="0"/>
  <testcase name="testInModel[C:false R:false U:false D:true force:true]" classname="org.apache.jena.permissions.model.SecuredRDFListTest" time="0"/>
  <testcase name="testAdd[C:false R:false U:false D:true force:false]" classname="org.apache.jena.permissions.model.SecuredRDFListTest" time="0"/>
  <testcase name="testGet[C:false R:false U:false D:true force:false]" classname="org.apache.jena.permissions.model.SecuredRDFListTest" time="0"/>
  <testcase name="testApply[C:false R:false U:false D:true force:false]" classname="org.apache.jena.permissions.model.SecuredRDFListTest" time="0"/>
  <testcase name="testValid[C:false R:false U:false D:true force:false]" classname="org.apache.jena.permissions.model.SecuredRDFListTest" time="0"/>
  <testcase name="testCons[C:false R:false U:false D:true force:false]" classname="org.apache.jena.permissions.model.SecuredRDFListTest" time="0"/>
  <testcase name="testCopy[C:false R:false U:false D:true force:false]" classname="org.apache.jena.permissions.model.SecuredRDFListTest" time="0"/>
  <testcase name="testSize[C:false R:false U:false D:true force:false]" classname="org.apache.jena.permissions.model.SecuredRDFListTest" time="0"/>
  <testcase name="testWith[C:false R:false U:false D:true force:false]" classname="org.apache.jena.permissions.model.SecuredRDFListTest" time="0"/>
  <testcase name="testGetValidityErrorMessage[C:false R:false U:false D:true force:false]" classname="org.apache.jena.permissions.model.SecuredRDFListTest" time="0"/>
  <testcase name="testAppendNodeIterator[C:false R:false U:false D:true force:false]" classname="org.apache.jena.permissions.model.SecuredRDFListTest" time="0"/>
  <testcase name="testAsJaveList[C:false R:false U:false D:true force:false]" classname="org.apache.jena.permissions.model.SecuredRDFListTest" time="0"/>
  <testcase name="testGetHead[C:false R:false U:false D:true force:false]" classname="org.apache.jena.permissions.model.SecuredRDFListTest" time="0"/>
  <testcase name="testGetTail[C:false R:false U:false D:true force:false]" classname="org.apache.jena.permissions.model.SecuredRDFListTest" time="0"/>
  <testcase name="testContains[C:false R:false U:false D:true force:false]" classname="org.apache.jena.permissions.model.SecuredRDFListTest" time="0"/>
  <testcase name="testConcatenate[C:false R:false U:false D:true force:false]" classname="org.apache.jena.permissions.model.SecuredRDFListTest" time="0"/>
  <testcase name="testRemoveHead[C:false R:false U:false D:true force:false]" classname="org.apache.jena.permissions.model.SecuredRDFListTest" time="0"/>
  <testcase name="testRemoveList[C:false R:false U:false D:true force:false]" classname="org.apache.jena.permissions.model.SecuredRDFListTest" time="0"/>
  <testcase name="testReplace[C:false R:false U:false D:true force:false]" classname="org.apache.jena.permissions.model.SecuredRDFListTest" time="0"/>
  <testcase name="testSetStrict[C:false R:false U:false D:true force:false]" classname="org.apache.jena.permissions.model.SecuredRDFListTest" time="0"/>
  <testcase name="testIndexOf[C:false R:false U:false D:true force:false]" classname="org.apache.jena.permissions.model.SecuredRDFListTest" time="0"/>
  <testcase name="testSetHead[C:false R:false U:false D:true force:false]" classname="org.apache.jena.permissions.model.SecuredRDFListTest" time="0"/>
  <testcase name="testSameListAs[C:false R:false U:false D:true force:false]" classname="org.apache.jena.permissions.model.SecuredRDFListTest" time="0"/>
  <testcase name="testIsEmpty[C:false R:false U:false D:true force:false]" classname="org.apache.jena.permissions.model.SecuredRDFListTest" time="0"/>
  <testcase name="testReduce[C:false R:false U:false D:true force:false]" classname="org.apache.jena.permissions.model.SecuredRDFListTest" time="0"/>
  <testcase name="testRemove[C:false R:false U:false D:true force:false]" classname="org.apache.jena.permissions.model.SecuredRDFListTest" time="0"/>
  <testcase name="testAppendRDFList[C:false R:false U:false D:true force:false]" classname="org.apache.jena.permissions.model.SecuredRDFListTest" time="0"/>
  <testcase name="testIterator[C:false R:false U:false D:true force:false]" classname="org.apache.jena.permissions.model.SecuredRDFListTest" time="0"/>
  <testcase name="testRemoveAll[C:false R:false U:false D:true force:false]" classname="org.apache.jena.permissions.model.SecuredRDFListTest" time="0"/>
  <testcase name="testAddLiteralBoolean[C:false R:false U:false D:true force:false]" classname="org.apache.jena.permissions.model.SecuredRDFListTest" time="0"/>
  <testcase name="testAnonFuncs[C:false R:false U:false D:true force:false]" classname="org.apache.jena.permissions.model.SecuredRDFListTest" time="0"/>
  <testcase name="testRemoveProperties[C:false R:false U:false D:true force:false]" classname="org.apache.jena.permissions.model.SecuredRDFListTest" time="0"/>
  <testcase name="testAsResource[C:false R:false U:false D:true force:false]" classname="org.apache.jena.permissions.model.SecuredRDFListTest" time="0.001"/>
  <testcase name="testListProperties[C:false R:false U:false D:true force:false]" classname="org.apache.jena.permissions.model.SecuredRDFListTest" time="0"/>
  <testcase name="testGetProperty[C:false R:false U:false D:true force:false]" classname="org.apache.jena.permissions.model.SecuredRDFListTest" time="0"/>
  <testcase name="testGetPropertyWithLang[C:false R:false U:false D:true force:false]" classname="org.apache.jena.permissions.model.SecuredRDFListTest" time="0"/>
  <testcase name="testHasProperty[C:false R:false U:false D:true force:false]" classname="org.apache.jena.permissions.model.SecuredRDFListTest" time="0"/>
  <testcase name="testListPropertiesWithLang[C:false R:false U:false D:true force:false]" classname="org.apache.jena.permissions.model.SecuredRDFListTest" time="0"/>
  <testcase name="testEquals[C:false R:false U:false D:true force:false]" classname="org.apache.jena.permissions.model.SecuredRDFListTest" time="0"/>
  <testcase name="testGetURI[C:false R:false U:false D:true force:false]" classname="org.apache.jena.permissions.model.SecuredRDFListTest" time="0"/>
  <testcase name="testHasURI[C:false R:false U:false D:true force:false]" classname="org.apache.jena.permissions.model.SecuredRDFListTest" time="0"/>
  <testcase name="testHasLiteral[C:false R:false U:false D:true force:false]" classname="org.apache.jena.permissions.model.SecuredRDFListTest" time="0"/>
  <testcase name="testAddProperty[C:false R:false U:false D:true force:false]" classname="org.apache.jena.permissions.model.SecuredRDFListTest" time="0"/>
  <testcase name="testGetRequiredProperty[C:false R:false U:false D:true force:false]" classname="org.apache.jena.permissions.model.SecuredRDFListTest" time="0"/>
  <testcase name="testGetRequiredPropertyWithLang[C:false R:false U:false D:true force:false]" classname="org.apache.jena.permissions.model.SecuredRDFListTest" time="0"/>
  <testcase name="testGetModel[C:false R:false U:false D:true force:false]" classname="org.apache.jena.permissions.model.SecuredRDFListTest" time="0"/>
  <testcase name="testCanAs[C:false R:false U:false D:true force:false]" classname="org.apache.jena.permissions.model.SecuredRDFListTest" time="0"/>
  <testcase name="testAsNode[C:false R:false U:false D:true force:false]" classname="org.apache.jena.permissions.model.SecuredRDFListTest" time="0"/>
  <testcase name="testInModel[C:false R:false U:false D:true force:false]" classname="org.apache.jena.permissions.model.SecuredRDFListTest" time="0"/>
  <testcase name="testAdd[C:false R:false U:false D:false force:true]" classname="org.apache.jena.permissions.model.SecuredRDFListTest" time="0"/>
  <testcase name="testGet[C:false R:false U:false D:false force:true]" classname="org.apache.jena.permissions.model.SecuredRDFListTest" time="0"/>
  <testcase name="testApply[C:false R:false U:false D:false force:true]" classname="org.apache.jena.permissions.model.SecuredRDFListTest" time="0"/>
  <testcase name="testValid[C:false R:false U:false D:false force:true]" classname="org.apache.jena.permissions.model.SecuredRDFListTest" time="0"/>
  <testcase name="testCons[C:false R:false U:false D:false force:true]" classname="org.apache.jena.permissions.model.SecuredRDFListTest" time="0"/>
  <testcase name="testCopy[C:false R:false U:false D:false force:true]" classname="org.apache.jena.permissions.model.SecuredRDFListTest" time="0"/>
  <testcase name="testSize[C:false R:false U:false D:false force:true]" classname="org.apache.jena.permissions.model.SecuredRDFListTest" time="0"/>
  <testcase name="testWith[C:false R:false U:false D:false force:true]" classname="org.apache.jena.permissions.model.SecuredRDFListTest" time="0"/>
  <testcase name="testGetValidityErrorMessage[C:false R:false U:false D:false force:true]" classname="org.apache.jena.permissions.model.SecuredRDFListTest" time="0"/>
  <testcase name="testAppendNodeIterator[C:false R:false U:false D:false force:true]" classname="org.apache.jena.permissions.model.SecuredRDFListTest" time="0"/>
  <testcase name="testAsJaveList[C:false R:false U:false D:false force:true]" classname="org.apache.jena.permissions.model.SecuredRDFListTest" time="0"/>
  <testcase name="testGetHead[C:false R:false U:false D:false force:true]" classname="org.apache.jena.permissions.model.SecuredRDFListTest" time="0"/>
  <testcase name="testGetTail[C:false R:false U:false D:false force:true]" classname="org.apache.jena.permissions.model.SecuredRDFListTest" time="0"/>
  <testcase name="testContains[C:false R:false U:false D:false force:true]" classname="org.apache.jena.permissions.model.SecuredRDFListTest" time="0"/>
  <testcase name="testConcatenate[C:false R:false U:false D:false force:true]" classname="org.apache.jena.permissions.model.SecuredRDFListTest" time="0"/>
  <testcase name="testRemoveHead[C:false R:false U:false D:false force:true]" classname="org.apache.jena.permissions.model.SecuredRDFListTest" time="0"/>
  <testcase name="testRemoveList[C:false R:false U:false D:false force:true]" classname="org.apache.jena.permissions.model.SecuredRDFListTest" time="0"/>
  <testcase name="testReplace[C:false R:false U:false D:false force:true]" classname="org.apache.jena.permissions.model.SecuredRDFListTest" time="0"/>
  <testcase name="testSetStrict[C:false R:false U:false D:false force:true]" classname="org.apache.jena.permissions.model.SecuredRDFListTest" time="0"/>
  <testcase name="testIndexOf[C:false R:false U:false D:false force:true]" classname="org.apache.jena.permissions.model.SecuredRDFListTest" time="0"/>
  <testcase name="testSetHead[C:false R:false U:false D:false force:true]" classname="org.apache.jena.permissions.model.SecuredRDFListTest" time="0"/>
  <testcase name="testSameListAs[C:false R:false U:false D:false force:true]" classname="org.apache.jena.permissions.model.SecuredRDFListTest" time="0"/>
  <testcase name="testIsEmpty[C:false R:false U:false D:false force:true]" classname="org.apache.jena.permissions.model.SecuredRDFListTest" time="0"/>
  <testcase name="testReduce[C:false R:false U:false D:false force:true]" classname="org.apache.jena.permissions.model.SecuredRDFListTest" time="0"/>
  <testcase name="testRemove[C:false R:false U:false D:false force:true]" classname="org.apache.jena.permissions.model.SecuredRDFListTest" time="0"/>
  <testcase name="testAppendRDFList[C:false R:false U:false D:false force:true]" classname="org.apache.jena.permissions.model.SecuredRDFListTest" time="0"/>
  <testcase name="testIterator[C:false R:false U:false D:false force:true]" classname="org.apache.jena.permissions.model.SecuredRDFListTest" time="0"/>
  <testcase name="testRemoveAll[C:false R:false U:false D:false force:true]" classname="org.apache.jena.permissions.model.SecuredRDFListTest" time="0"/>
  <testcase name="testAddLiteralBoolean[C:false R:false U:false D:false force:true]" classname="org.apache.jena.permissions.model.SecuredRDFListTest" time="0"/>
  <testcase name="testAnonFuncs[C:false R:false U:false D:false force:true]" classname="org.apache.jena.permissions.model.SecuredRDFListTest" time="0"/>
  <testcase name="testRemoveProperties[C:false R:false U:false D:false force:true]" classname="org.apache.jena.permissions.model.SecuredRDFListTest" time="0"/>
  <testcase name="testAsResource[C:false R:false U:false D:false force:true]" classname="org.apache.jena.permissions.model.SecuredRDFListTest" time="0"/>
  <testcase name="testListProperties[C:false R:false U:false D:false force:true]" classname="org.apache.jena.permissions.model.SecuredRDFListTest" time="0"/>
  <testcase name="testGetProperty[C:false R:false U:false D:false force:true]" classname="org.apache.jena.permissions.model.SecuredRDFListTest" time="0"/>
  <testcase name="testGetPropertyWithLang[C:false R:false U:false D:false force:true]" classname="org.apache.jena.permissions.model.SecuredRDFListTest" time="0"/>
  <testcase name="testHasProperty[C:false R:false U:false D:false force:true]" classname="org.apache.jena.permissions.model.SecuredRDFListTest" time="0"/>
  <testcase name="testListPropertiesWithLang[C:false R:false U:false D:false force:true]" classname="org.apache.jena.permissions.model.SecuredRDFListTest" time="0"/>
  <testcase name="testEquals[C:false R:false U:false D:false force:true]" classname="org.apache.jena.permissions.model.SecuredRDFListTest" time="0"/>
  <testcase name="testGetURI[C:false R:false U:false D:false force:true]" classname="org.apache.jena.permissions.model.SecuredRDFListTest" time="0"/>
  <testcase name="testHasURI[C:false R:false U:false D:false force:true]" classname="org.apache.jena.permissions.model.SecuredRDFListTest" time="0"/>
  <testcase name="testHasLiteral[C:false R:false U:false D:false force:true]" classname="org.apache.jena.permissions.model.SecuredRDFListTest" time="0"/>
  <testcase name="testAddProperty[C:false R:false U:false D:false force:true]" classname="org.apache.jena.permissions.model.SecuredRDFListTest" time="0"/>
  <testcase name="testGetRequiredProperty[C:false R:false U:false D:false force:true]" classname="org.apache.jena.permissions.model.SecuredRDFListTest" time="0"/>
  <testcase name="testGetRequiredPropertyWithLang[C:false R:false U:false D:false force:true]" classname="org.apache.jena.permissions.model.SecuredRDFListTest" time="0"/>
  <testcase name="testGetModel[C:false R:false U:false D:false force:true]" classname="org.apache.jena.permissions.model.SecuredRDFListTest" time="0"/>
  <testcase name="testCanAs[C:false R:false U:false D:false force:true]" classname="org.apache.jena.permissions.model.SecuredRDFListTest" time="0"/>
  <testcase name="testAsNode[C:false R:false U:false D:false force:true]" classname="org.apache.jena.permissions.model.SecuredRDFListTest" time="0"/>
  <testcase name="testInModel[C:false R:false U:false D:false force:true]" classname="org.apache.jena.permissions.model.SecuredRDFListTest" time="0"/>
  <testcase name="testAdd[C:false R:false U:false D:false force:false]" classname="org.apache.jena.permissions.model.SecuredRDFListTest" time="0"/>
  <testcase name="testGet[C:false R:false U:false D:false force:false]" classname="org.apache.jena.permissions.model.SecuredRDFListTest" time="0"/>
  <testcase name="testApply[C:false R:false U:false D:false force:false]" classname="org.apache.jena.permissions.model.SecuredRDFListTest" time="0"/>
  <testcase name="testValid[C:false R:false U:false D:false force:false]" classname="org.apache.jena.permissions.model.SecuredRDFListTest" time="0"/>
  <testcase name="testCons[C:false R:false U:false D:false force:false]" classname="org.apache.jena.permissions.model.SecuredRDFListTest" time="0"/>
  <testcase name="testCopy[C:false R:false U:false D:false force:false]" classname="org.apache.jena.permissions.model.SecuredRDFListTest" time="0"/>
  <testcase name="testSize[C:false R:false U:false D:false force:false]" classname="org.apache.jena.permissions.model.SecuredRDFListTest" time="0"/>
  <testcase name="testWith[C:false R:false U:false D:false force:false]" classname="org.apache.jena.permissions.model.SecuredRDFListTest" time="0"/>
  <testcase name="testGetValidityErrorMessage[C:false R:false U:false D:false force:false]" classname="org.apache.jena.permissions.model.SecuredRDFListTest" time="0"/>
  <testcase name="testAppendNodeIterator[C:false R:false U:false D:false force:false]" classname="org.apache.jena.permissions.model.SecuredRDFListTest" time="0"/>
  <testcase name="testAsJaveList[C:false R:false U:false D:false force:false]" classname="org.apache.jena.permissions.model.SecuredRDFListTest" time="0"/>
  <testcase name="testGetHead[C:false R:false U:false D:false force:false]" classname="org.apache.jena.permissions.model.SecuredRDFListTest" time="0"/>
  <testcase name="testGetTail[C:false R:false U:false D:false force:false]" classname="org.apache.jena.permissions.model.SecuredRDFListTest" time="0"/>
  <testcase name="testContains[C:false R:false U:false D:false force:false]" classname="org.apache.jena.permissions.model.SecuredRDFListTest" time="0"/>
  <testcase name="testConcatenate[C:false R:false U:false D:false force:false]" classname="org.apache.jena.permissions.model.SecuredRDFListTest" time="0"/>
  <testcase name="testRemoveHead[C:false R:false U:false D:false force:false]" classname="org.apache.jena.permissions.model.SecuredRDFListTest" time="0"/>
  <testcase name="testRemoveList[C:false R:false U:false D:false force:false]" classname="org.apache.jena.permissions.model.SecuredRDFListTest" time="0"/>
  <testcase name="testReplace[C:false R:false U:false D:false force:false]" classname="org.apache.jena.permissions.model.SecuredRDFListTest" time="0"/>
  <testcase name="testSetStrict[C:false R:false U:false D:false force:false]" classname="org.apache.jena.permissions.model.SecuredRDFListTest" time="0"/>
  <testcase name="testIndexOf[C:false R:false U:false D:false force:false]" classname="org.apache.jena.permissions.model.SecuredRDFListTest" time="0"/>
  <testcase name="testSetHead[C:false R:false U:false D:false force:false]" classname="org.apache.jena.permissions.model.SecuredRDFListTest" time="0"/>
  <testcase name="testSameListAs[C:false R:false U:false D:false force:false]" classname="org.apache.jena.permissions.model.SecuredRDFListTest" time="0"/>
  <testcase name="testIsEmpty[C:false R:false U:false D:false force:false]" classname="org.apache.jena.permissions.model.SecuredRDFListTest" time="0"/>
  <testcase name="testReduce[C:false R:false U:false D:false force:false]" classname="org.apache.jena.permissions.model.SecuredRDFListTest" time="0"/>
  <testcase name="testRemove[C:false R:false U:false D:false force:false]" classname="org.apache.jena.permissions.model.SecuredRDFListTest" time="0"/>
  <testcase name="testAppendRDFList[C:false R:false U:false D:false force:false]" classname="org.apache.jena.permissions.model.SecuredRDFListTest" time="0"/>
  <testcase name="testIterator[C:false R:false U:false D:false force:false]" classname="org.apache.jena.permissions.model.SecuredRDFListTest" time="0"/>
  <testcase name="testRemoveAll[C:false R:false U:false D:false force:false]" classname="org.apache.jena.permissions.model.SecuredRDFListTest" time="0"/>
  <testcase name="testAddLiteralBoolean[C:false R:false U:false D:false force:false]" classname="org.apache.jena.permissions.model.SecuredRDFListTest" time="0"/>
  <testcase name="testAnonFuncs[C:false R:false U:false D:false force:false]" classname="org.apache.jena.permissions.model.SecuredRDFListTest" time="0"/>
  <testcase name="testRemoveProperties[C:false R:false U:false D:false force:false]" classname="org.apache.jena.permissions.model.SecuredRDFListTest" time="0"/>
  <testcase name="testAsResource[C:false R:false U:false D:false force:false]" classname="org.apache.jena.permissions.model.SecuredRDFListTest" time="0"/>
  <testcase name="testListProperties[C:false R:false U:false D:false force:false]" classname="org.apache.jena.permissions.model.SecuredRDFListTest" time="0"/>
  <testcase name="testGetProperty[C:false R:false U:false D:false force:false]" classname="org.apache.jena.permissions.model.SecuredRDFListTest" time="0"/>
  <testcase name="testGetPropertyWithLang[C:false R:false U:false D:false force:false]" classname="org.apache.jena.permissions.model.SecuredRDFListTest" time="0"/>
  <testcase name="testHasProperty[C:false R:false U:false D:false force:false]" classname="org.apache.jena.permissions.model.SecuredRDFListTest" time="0"/>
  <testcase name="testListPropertiesWithLang[C:false R:false U:false D:false force:false]" classname="org.apache.jena.permissions.model.SecuredRDFListTest" time="0"/>
  <testcase name="testEquals[C:false R:false U:false D:false force:false]" classname="org.apache.jena.permissions.model.SecuredRDFListTest" time="0"/>
  <testcase name="testGetURI[C:false R:false U:false D:false force:false]" classname="org.apache.jena.permissions.model.SecuredRDFListTest" time="0"/>
  <testcase name="testHasURI[C:false R:false U:false D:false force:false]" classname="org.apache.jena.permissions.model.SecuredRDFListTest" time="0"/>
  <testcase name="testHasLiteral[C:false R:false U:false D:false force:false]" classname="org.apache.jena.permissions.model.SecuredRDFListTest" time="0"/>
  <testcase name="testAddProperty[C:false R:false U:false D:false force:false]" classname="org.apache.jena.permissions.model.SecuredRDFListTest" time="0"/>
  <testcase name="testGetRequiredProperty[C:false R:false U:false D:false force:false]" classname="org.apache.jena.permissions.model.SecuredRDFListTest" time="0"/>
  <testcase name="testGetRequiredPropertyWithLang[C:false R:false U:false D:false force:false]" classname="org.apache.jena.permissions.model.SecuredRDFListTest" time="0"/>
  <testcase name="testGetModel[C:false R:false U:false D:false force:false]" classname="org.apache.jena.permissions.model.SecuredRDFListTest" time="0"/>
  <testcase name="testCanAs[C:false R:false U:false D:false force:false]" classname="org.apache.jena.permissions.model.SecuredRDFListTest" time="0"/>
  <testcase name="testAsNode[C:false R:false U:false D:false force:false]" classname="org.apache.jena.permissions.model.SecuredRDFListTest" time="0"/>
  <testcase name="testInModel[C:false R:false U:false D:false force:false]" classname="org.apache.jena.permissions.model.SecuredRDFListTest" time="0"/>
</testsuite>