<?xml version="1.0" encoding="UTF-8"?>
<testsuite xmlns:xsi="http://www.w3.org/2001/XMLSchema-instance" xsi:schemaLocation="https://maven.apache.org/surefire/maven-surefire-plugin/xsd/surefire-test-report.xsd" name="org.apache.jena.jdbc.tdb.connections.TestTdbMemConnection" time="7.189" tests="99" errors="0" skipped="0" failures="0">
  <properties>
    <property name="java.runtime.name" value="Java(TM) SE Runtime Environment"/>
    <property name="sun.boot.library.path" value="/usr/lib/jvm/java-8-oracle/jre/lib/amd64"/>
    <property name="java.vm.version" value="25.111-b14"/>
    <property name="java.vm.vendor" value="Oracle Corporation"/>
    <property name="java.vendor.url" value="http://java.oracle.com/"/>
    <property name="path.separator" value=":"/>
    <property name="guice.disable.misplaced.annotation.check" value="true"/>
    <property name="java.vm.name" value="Java HotSpot(TM) 64-Bit Server VM"/>
    <property name="file.encoding.pkg" value="sun.io"/>
    <property name="user.country" value="US"/>
    <property name="sun.java.launcher" value="SUN_STANDARD"/>
    <property name="sun.os.patch.level" value="unknown"/>
    <property name="java.vm.specification.name" value="Java Virtual Machine Specification"/>
    <property name="user.dir" value="/home/ubuntu/research/jena"/>
    <property name="java.runtime.version" value="1.8.0_111-b14"/>
    <property name="java.awt.graphicsenv" value="sun.awt.X11GraphicsEnvironment"/>
    <property name="java.endorsed.dirs" value="/usr/lib/jvm/java-8-oracle/jre/lib/endorsed"/>
    <property name="os.arch" value="amd64"/>
    <property name="java.io.tmpdir" value="/tmp"/>
    <property name="line.separator" value="&#10;"/>
    <property name="java.vm.specification.vendor" value="Oracle Corporation"/>
    <property name="os.name" value="Linux"/>
    <property name="classworlds.conf" value="/usr/share/maven/bin/m2.conf"/>
    <property name="sun.jnu.encoding" value="UTF-8"/>
    <property name="java.library.path" value="/usr/java/packages/lib/amd64:/usr/lib64:/lib64:/lib:/usr/lib"/>
    <property name="java.specification.name" value="Java Platform API Specification"/>
    <property name="java.class.version" value="52.0"/>
    <property name="sun.management.compiler" value="HotSpot 64-Bit Tiered Compilers"/>
    <property name="os.version" value="4.2.0-27-generic"/>
    <property name="user.home" value="/root"/>
    <property name="user.timezone" value="America/Los_Angeles"/>
    <property name="java.awt.printerjob" value="sun.print.PSPrinterJob"/>
    <property name="file.encoding" value="UTF-8"/>
    <property name="java.specification.version" value="1.8"/>
    <property name="user.name" value="root"/>
    <property name="java.class.path" value="/usr/share/maven/boot/plexus-classworlds-2.x.jar"/>
    <property name="java.vm.specification.version" value="1.8"/>
    <property name="sun.arch.data.model" value="64"/>
    <property name="java.home" value="/usr/lib/jvm/java-8-oracle/jre"/>
    <property name="sun.java.command" value="org.codehaus.plexus.classworlds.launcher.Launcher package"/>
    <property name="java.specification.vendor" value="Oracle Corporation"/>
    <property name="user.language" value="en"/>
    <property name="awt.toolkit" value="sun.awt.X11.XToolkit"/>
    <property name="java.vm.info" value="mixed mode"/>
    <property name="java.version" value="1.8.0_111"/>
    <property name="java.ext.dirs" value="/usr/lib/jvm/java-8-oracle/jre/lib/ext:/usr/java/packages/lib/ext"/>
    <property name="securerandom.source" value="file:/dev/./urandom"/>
    <property name="sun.boot.class.path" value="/usr/lib/jvm/java-8-oracle/jre/lib/resources.jar:/usr/lib/jvm/java-8-oracle/jre/lib/rt.jar:/usr/lib/jvm/java-8-oracle/jre/lib/sunrsasign.jar:/usr/lib/jvm/java-8-oracle/jre/lib/jsse.jar:/usr/lib/jvm/java-8-oracle/jre/lib/jce.jar:/usr/lib/jvm/java-8-oracle/jre/lib/charsets.jar:/usr/lib/jvm/java-8-oracle/jre/lib/jfr.jar:/usr/lib/jvm/java-8-oracle/jre/classes"/>
    <property name="java.vendor" value="Oracle Corporation"/>
    <property name="maven.home" value="/usr/share/maven"/>
    <property name="file.separator" value="/"/>
    <property name="java.vendor.url.bug" value="http://bugreport.sun.com/bugreport/"/>
    <property name="sun.cpu.endian" value="little"/>
    <property name="sun.io.unicode.encoding" value="UnicodeLittle"/>
    <property name="sun.desktop" value="gnome"/>
    <property name="sun.cpu.isalist" value=""/>
  </properties>
  <testcase name="connection_create_close_01" classname="org.apache.jena.jdbc.tdb.connections.TestTdbMemConnection" time="0.003"/>
  <testcase name="connection_create_close_02" classname="org.apache.jena.jdbc.tdb.connections.TestTdbMemConnection" time="0.067"/>
  <testcase name="connection_statement_batch_01" classname="org.apache.jena.jdbc.tdb.connections.TestTdbMemConnection" time="0.285"/>
  <testcase name="connection_statement_batch_02" classname="org.apache.jena.jdbc.tdb.connections.TestTdbMemConnection" time="0.005"/>
  <testcase name="connection_statement_batch_03" classname="org.apache.jena.jdbc.tdb.connections.TestTdbMemConnection" time="0.076"/>
  <testcase name="connection_statement_batch_04" classname="org.apache.jena.jdbc.tdb.connections.TestTdbMemConnection" time="0.005"/>
  <testcase name="connection_statement_batch_05" classname="org.apache.jena.jdbc.tdb.connections.TestTdbMemConnection" time="0.008"/>
  <testcase name="connection_statement_batch_06" classname="org.apache.jena.jdbc.tdb.connections.TestTdbMemConnection" time="0.012"/>
  <testcase name="connection_statement_batch_07" classname="org.apache.jena.jdbc.tdb.connections.TestTdbMemConnection" time="0.038"/>
  <testcase name="connection_statement_batch_08" classname="org.apache.jena.jdbc.tdb.connections.TestTdbMemConnection" time="0.006"/>
  <testcase name="connection_statement_batch_09" classname="org.apache.jena.jdbc.tdb.connections.TestTdbMemConnection" time="0.006"/>
  <testcase name="connection_statement_batch_10" classname="org.apache.jena.jdbc.tdb.connections.TestTdbMemConnection" time="0.005"/>
  <testcase name="connection_get_statement_01" classname="org.apache.jena.jdbc.tdb.connections.TestTdbMemConnection" time="0.002"/>
  <testcase name="connection_get_statement_02" classname="org.apache.jena.jdbc.tdb.connections.TestTdbMemConnection" time="0.002"/>
  <testcase name="connection_get_statement_03" classname="org.apache.jena.jdbc.tdb.connections.TestTdbMemConnection" time="0.001"/>
  <testcase name="connection_read_only_01" classname="org.apache.jena.jdbc.tdb.connections.TestTdbMemConnection" time="0.005"/>
  <testcase name="connection_read_only_02" classname="org.apache.jena.jdbc.tdb.connections.TestTdbMemConnection" time="0.004"/>
  <testcase name="connection_bad_option_01" classname="org.apache.jena.jdbc.tdb.connections.TestTdbMemConnection" time="0.006"/>
  <testcase name="connection_bad_option_02" classname="org.apache.jena.jdbc.tdb.connections.TestTdbMemConnection" time="0.001"/>
  <testcase name="connection_bad_option_03" classname="org.apache.jena.jdbc.tdb.connections.TestTdbMemConnection" time="0.002"/>
  <testcase name="connection_bad_call_01" classname="org.apache.jena.jdbc.tdb.connections.TestTdbMemConnection" time="0.002"/>
  <testcase name="connection_bad_call_02" classname="org.apache.jena.jdbc.tdb.connections.TestTdbMemConnection" time="0.004"/>
  <testcase name="connection_bad_call_03" classname="org.apache.jena.jdbc.tdb.connections.TestTdbMemConnection" time="0.001"/>
  <testcase name="connection_bad_wrapper_01" classname="org.apache.jena.jdbc.tdb.connections.TestTdbMemConnection" time="0"/>
  <testcase name="connection_bad_wrapper_02" classname="org.apache.jena.jdbc.tdb.connections.TestTdbMemConnection" time="0.001"/>
  <testcase name="connection_bad_native_sql_01" classname="org.apache.jena.jdbc.tdb.connections.TestTdbMemConnection" time="0"/>
  <testcase name="connection_client_info_01" classname="org.apache.jena.jdbc.tdb.connections.TestTdbMemConnection" time="0.001"/>
  <testcase name="connection_client_info_02" classname="org.apache.jena.jdbc.tdb.connections.TestTdbMemConnection" time="0"/>
  <testcase name="connection_statement_bad_creation_01" classname="org.apache.jena.jdbc.tdb.connections.TestTdbMemConnection" time="0.001"/>
  <testcase name="connection_statement_bad_creation_02" classname="org.apache.jena.jdbc.tdb.connections.TestTdbMemConnection" time="0.001"/>
  <testcase name="connection_statement_bad_creation_03" classname="org.apache.jena.jdbc.tdb.connections.TestTdbMemConnection" time="0.001"/>
  <testcase name="connection_statement_bad_creation_04" classname="org.apache.jena.jdbc.tdb.connections.TestTdbMemConnection" time="0.001"/>
  <testcase name="connection_statement_bad_creation_05" classname="org.apache.jena.jdbc.tdb.connections.TestTdbMemConnection" time="0.001"/>
  <testcase name="connection_statement_query_select_max_rows_01" classname="org.apache.jena.jdbc.tdb.connections.TestTdbMemConnection" time="0.089"/>
  <testcase name="connection_statement_query_select_max_rows_02" classname="org.apache.jena.jdbc.tdb.connections.TestTdbMemConnection" time="0.022"/>
  <testcase name="connection_statement_query_select_max_rows_03" classname="org.apache.jena.jdbc.tdb.connections.TestTdbMemConnection" time="0.022"/>
  <testcase name="connection_statement_query_describe_01" classname="org.apache.jena.jdbc.tdb.connections.TestTdbMemConnection" time="0.007"/>
  <testcase name="connection_statement_query_describe_02" classname="org.apache.jena.jdbc.tdb.connections.TestTdbMemConnection" time="0.009"/>
  <testcase name="connection_statement_query_select_01" classname="org.apache.jena.jdbc.tdb.connections.TestTdbMemConnection" time="0.005"/>
  <testcase name="connection_statement_query_select_02" classname="org.apache.jena.jdbc.tdb.connections.TestTdbMemConnection" time="0.011"/>
  <testcase name="connection_statement_query_select_03" classname="org.apache.jena.jdbc.tdb.connections.TestTdbMemConnection" time="0.015"/>
  <testcase name="connection_statement_query_select_04" classname="org.apache.jena.jdbc.tdb.connections.TestTdbMemConnection" time="0.012"/>
  <testcase name="connection_post_processors_01" classname="org.apache.jena.jdbc.tdb.connections.TestTdbMemConnection" time="0.004"/>
  <testcase name="connection_post_processors_02" classname="org.apache.jena.jdbc.tdb.connections.TestTdbMemConnection" time="0"/>
  <testcase name="connection_post_processors_03" classname="org.apache.jena.jdbc.tdb.connections.TestTdbMemConnection" time="0"/>
  <testcase name="connection_post_processors_04" classname="org.apache.jena.jdbc.tdb.connections.TestTdbMemConnection" time="0.001"/>
  <testcase name="connection_post_processors_05" classname="org.apache.jena.jdbc.tdb.connections.TestTdbMemConnection" time="0"/>
  <testcase name="connection_prepared_statement_batch_01" classname="org.apache.jena.jdbc.tdb.connections.TestTdbMemConnection" time="0.021"/>
  <testcase name="connection_statement_query_ask_01" classname="org.apache.jena.jdbc.tdb.connections.TestTdbMemConnection" time="0.002"/>
  <testcase name="connection_prepared_statement_select_01" classname="org.apache.jena.jdbc.tdb.connections.TestTdbMemConnection" time="0.006"/>
  <testcase name="connection_prepared_statement_select_02" classname="org.apache.jena.jdbc.tdb.connections.TestTdbMemConnection" time="0.005"/>
  <testcase name="connection_prepared_statement_select_03" classname="org.apache.jena.jdbc.tdb.connections.TestTdbMemConnection" time="0.013"/>
  <testcase name="connection_catalog_01" classname="org.apache.jena.jdbc.tdb.connections.TestTdbMemConnection" time="0.002"/>
  <testcase name="connection_pre_processors_01" classname="org.apache.jena.jdbc.tdb.connections.TestTdbMemConnection" time="0.002"/>
  <testcase name="connection_pre_processors_02" classname="org.apache.jena.jdbc.tdb.connections.TestTdbMemConnection" time="0.004"/>
  <testcase name="connection_pre_processors_03" classname="org.apache.jena.jdbc.tdb.connections.TestTdbMemConnection" time="0.001"/>
  <testcase name="connection_pre_processors_04" classname="org.apache.jena.jdbc.tdb.connections.TestTdbMemConnection" time="0.001"/>
  <testcase name="connection_pre_processors_05" classname="org.apache.jena.jdbc.tdb.connections.TestTdbMemConnection" time="0"/>
  <testcase name="connection_pre_processors_06" classname="org.apache.jena.jdbc.tdb.connections.TestTdbMemConnection" time="0"/>
  <testcase name="connection_pre_processors_07" classname="org.apache.jena.jdbc.tdb.connections.TestTdbMemConnection" time="0.003"/>
  <testcase name="connection_pre_processors_08" classname="org.apache.jena.jdbc.tdb.connections.TestTdbMemConnection" time="0.001"/>
  <testcase name="connection_statement_query_construct_01" classname="org.apache.jena.jdbc.tdb.connections.TestTdbMemConnection" time="0.005"/>
  <testcase name="connection_statement_query_construct_02" classname="org.apache.jena.jdbc.tdb.connections.TestTdbMemConnection" time="0.003"/>
  <testcase name="connection_statement_query_select_timeout_01" classname="org.apache.jena.jdbc.tdb.connections.TestTdbMemConnection" time="1.395"/>
  <testcase name="connection_statement_query_select_timeout_02" classname="org.apache.jena.jdbc.tdb.connections.TestTdbMemConnection" time="1.214"/>
  <testcase name="connection_validity_01" classname="org.apache.jena.jdbc.tdb.connections.TestTdbMemConnection" time="0.003"/>
  <testcase name="connection_bad_type_map_01" classname="org.apache.jena.jdbc.tdb.connections.TestTdbMemConnection" time="0"/>
  <testcase name="connection_bad_type_map_02" classname="org.apache.jena.jdbc.tdb.connections.TestTdbMemConnection" time="0"/>
  <testcase name="connection_prepared_statement_bad_creation_01" classname="org.apache.jena.jdbc.tdb.connections.TestTdbMemConnection" time="0.001"/>
  <testcase name="connection_prepared_statement_bad_creation_02" classname="org.apache.jena.jdbc.tdb.connections.TestTdbMemConnection" time="0.001"/>
  <testcase name="connection_prepared_statement_bad_creation_03" classname="org.apache.jena.jdbc.tdb.connections.TestTdbMemConnection" time="0.001"/>
  <testcase name="connection_prepared_statement_bad_creation_04" classname="org.apache.jena.jdbc.tdb.connections.TestTdbMemConnection" time="0.001"/>
  <testcase name="connection_prepared_statement_bad_creation_05" classname="org.apache.jena.jdbc.tdb.connections.TestTdbMemConnection" time="0.001"/>
  <testcase name="connection_prepared_statement_bad_creation_06" classname="org.apache.jena.jdbc.tdb.connections.TestTdbMemConnection" time="0"/>
  <testcase name="connection_prepared_statement_bad_creation_07" classname="org.apache.jena.jdbc.tdb.connections.TestTdbMemConnection" time="0.001"/>
  <testcase name="connection_prepared_statement_bad_creation_08" classname="org.apache.jena.jdbc.tdb.connections.TestTdbMemConnection" time="0"/>
  <testcase name="connection_bad_savepoints_01" classname="org.apache.jena.jdbc.tdb.connections.TestTdbMemConnection" time="0.001"/>
  <testcase name="connection_bad_savepoints_02" classname="org.apache.jena.jdbc.tdb.connections.TestTdbMemConnection" time="0.001"/>
  <testcase name="connection_bad_savepoints_03" classname="org.apache.jena.jdbc.tdb.connections.TestTdbMemConnection" time="0.006"/>
  <testcase name="connection_bad_savepoints_04" classname="org.apache.jena.jdbc.tdb.connections.TestTdbMemConnection" time="0.002"/>
  <testcase name="connection_transaction_bad_01" classname="org.apache.jena.jdbc.tdb.connections.TestTdbMemConnection" time="0.001"/>
  <testcase name="connection_transaction_bad_02" classname="org.apache.jena.jdbc.tdb.connections.TestTdbMemConnection" time="0"/>
  <testcase name="connection_statement_query_construct_timeout_01" classname="org.apache.jena.jdbc.tdb.connections.TestTdbMemConnection" time="1.71"/>
  <testcase name="connection_statement_query_construct_timeout_02" classname="org.apache.jena.jdbc.tdb.connections.TestTdbMemConnection" time="1.689"/>
  <testcase name="connection_bad_create_01" classname="org.apache.jena.jdbc.tdb.connections.TestTdbMemConnection" time="0.006"/>
  <testcase name="connection_bad_create_02" classname="org.apache.jena.jdbc.tdb.connections.TestTdbMemConnection" time="0.004"/>
  <testcase name="connection_bad_create_03" classname="org.apache.jena.jdbc.tdb.connections.TestTdbMemConnection" time="0.004"/>
  <testcase name="connection_bad_create_04" classname="org.apache.jena.jdbc.tdb.connections.TestTdbMemConnection" time="0.002"/>
  <testcase name="connection_bad_create_05" classname="org.apache.jena.jdbc.tdb.connections.TestTdbMemConnection" time="0.001"/>
  <testcase name="connection_bad_create_06" classname="org.apache.jena.jdbc.tdb.connections.TestTdbMemConnection" time="0.002"/>
  <testcase name="connection_transactions_01" classname="org.apache.jena.jdbc.tdb.connections.TestTdbMemConnection" time="0.013"/>
  <testcase name="connection_transactions_02" classname="org.apache.jena.jdbc.tdb.connections.TestTdbMemConnection" time="0.086"/>
  <testcase name="connection_transactions_03" classname="org.apache.jena.jdbc.tdb.connections.TestTdbMemConnection" time="0.039"/>
  <testcase name="connection_transactions_04" classname="org.apache.jena.jdbc.tdb.connections.TestTdbMemConnection" time="0.019"/>
  <testcase name="connection_warnings_01" classname="org.apache.jena.jdbc.tdb.connections.TestTdbMemConnection" time="0.002"/>
  <testcase name="connection_warnings_02" classname="org.apache.jena.jdbc.tdb.connections.TestTdbMemConnection" time="0.002"/>
  <testcase name="connection_warnings_03" classname="org.apache.jena.jdbc.tdb.connections.TestTdbMemConnection" time="0.007"/>
  <testcase name="connection_warnings_04" classname="org.apache.jena.jdbc.tdb.connections.TestTdbMemConnection" time="0.01"/>
  <testcase name="connection_warnings_05" classname="org.apache.jena.jdbc.tdb.connections.TestTdbMemConnection" time="0.003"/>
</testsuite>