<?xml version="1.0" encoding="UTF-8" ?>
<testsuite errors="0" failures="0" hostname="immortals" name="net.sourceforge.cruisecontrol.builders.AntOutputLoggerTest" tests="5" time="0.14" timestamp="2018-07-02T01:21:16">
  <properties>
    <property name="env.DESKTOP_SESSION" value="ubuntu" />
    <property name="env.OLDPWD" value="/home/ubuntu/pristine" />
    <property name="file.encoding.pkg" value="sun.io" />
    <property name="env.SELINUX_INIT" value="YES" />
    <property name="javac.source" value="1.5" />
    <property name="java.home" value="/usr/lib/jvm/java-8-oracle/jre" />
    <property name="env.GDM_LANG" value="en_US" />
    <property name="checkstyle.config" value="/home/ubuntu/pristine/cruisecontrol/common/checkstyle.xml" />
    <property name="env.DISPLAY" value=":0" />
    <property name="env.LS_COLORS" value="rs=0:di=01;34:ln=01;36:mh=00:pi=40;33:so=01;35:do=01;35:bd=40;33;01:cd=40;33;01:or=40;31;01:su=37;41:sg=30;43:ca=30;41:tw=30;42:ow=34;42:st=37;44:ex=01;32:*.tar=01;31:*.tgz=01;31:*.arj=01;31:*.taz=01;31:*.lzh=01;31:*.lzma=01;31:*.tlz=01;31:*.txz=01;31:*.zip=01;31:*.z=01;31:*.Z=01;31:*.dz=01;31:*.gz=01;31:*.lz=01;31:*.xz=01;31:*.bz2=01;31:*.bz=01;31:*.tbz=01;31:*.tbz2=01;31:*.tz=01;31:*.deb=01;31:*.rpm=01;31:*.jar=01;31:*.war=01;31:*.ear=01;31:*.sar=01;31:*.rar=01;31:*.ace=01;31:*.zoo=01;31:*.cpio=01;31:*.7z=01;31:*.rz=01;31:*.jpg=01;35:*.jpeg=01;35:*.gif=01;35:*.bmp=01;35:*.pbm=01;35:*.pgm=01;35:*.ppm=01;35:*.tga=01;35:*.xbm=01;35:*.xpm=01;35:*.tif=01;35:*.tiff=01;35:*.png=01;35:*.svg=01;35:*.svgz=01;35:*.mng=01;35:*.pcx=01;35:*.mov=01;35:*.mpg=01;35:*.mpeg=01;35:*.m2v=01;35:*.mkv=01;35:*.webm=01;35:*.ogm=01;35:*.mp4=01;35:*.m4v=01;35:*.mp4v=01;35:*.vob=01;35:*.qt=01;35:*.nuv=01;35:*.wmv=01;35:*.asf=01;35:*.rm=01;35:*.rmvb=01;35:*.flc=01;35:*.avi=01;35:*.fli=01;35:*.flv=01;35:*.gl=01;35:*.dl=01;35:*.xcf=01;35:*.xwd=01;35:*.yuv=01;35:*.cgm=01;35:*.emf=01;35:*.axv=01;35:*.anx=01;35:*.ogv=01;35:*.ogx=01;35:*.aac=00;36:*.au=00;36:*.flac=00;36:*.mid=00;36:*.midi=00;36:*.mka=00;36:*.mp3=00;36:*.mpc=00;36:*.ogg=00;36:*.ra=00;36:*.wav=00;36:*.axa=00;36:*.oga=00;36:*.spx=00;36:*.xspf=00;36:" />
    <property name="env.XDG_VTNR" value="7" />
    <property name="env.XDG_GREETER_DATA_DIR" value="/var/lib/lightdm-data/ubuntu" />
    <property name="java.endorsed.dirs" value="/usr/lib/jvm/java-8-oracle/jre/lib/endorsed" />
    <property name="env.LOGNAME" value="root" />
    <property name="functionaltest" value="functionaltest" />
    <property name="env.XDG_SEAT" value="seat0" />
    <property name="sun.os.patch.level" value="unknown" />
    <property name="test" value="test" />
    <property name="java.vendor.url" value="http://java.oracle.com/" />
    <property name="env.XDG_SEAT_PATH" value="/org/freedesktop/DisplayManager/Seat0" />
    <property name="env.MANDATORY_PATH" value="/usr/share/gconf/ubuntu.mandatory.path" />
    <property name="java.version" value="1.8.0_111" />
    <property name="env.ANDROID_HOME" value="/opt/android-sdk-linux/" />
    <property name="classes" value="target/classes" />
    <property name="javac.debug" value="true" />
    <property name="env.J2SDKDIR" value="/usr/lib/jvm/java-8-oracle" />
    <property name="java.vendor.url.bug" value="http://bugreport.sun.com/bugreport/" />
    <property name="env.LANGUAGE" value="en_US" />
    <property name="ant.project.invoked-targets" value="dist" />
    <property name="env.XDG_DATA_DIRS" value="/usr/share/ubuntu:/usr/share/gnome:/usr/local/share/:/usr/share/" />
    <property name="env.GNOME_KEYRING_CONTROL" value="/run/user/1000/keyring-SPzHVk" />
    <property name="env.UPSTART_SESSION" value="unix:abstract=/com/ubuntu/upstart-session/1000/2699" />
    <property name="user.name" value="root" />
    <property name="env.LANG" value="en_US.UTF-8" />
    <property name="sun.io.unicode.encoding" value="UnicodeLittle" />
    <property name="sun.jnu.encoding" value="UTF-8" />
    <property name="env.DBUS_SESSION_BUS_ADDRESS" value="unix:abstract=/tmp/dbus-3YqVViEUcy" />
    <property name="java.runtime.name" value="Java(TM) SE Runtime Environment" />
    <property name="java.specification.name" value="Java Platform API Specification" />
    <property name="user.timezone" value="" />
    <property name="env.LESSOPEN" value="| /usr/bin/lesspipe %s" />
    <property name="path.separator" value=":" />
    <property name="env.XMODIFIERS" value="@im=ibus" />
    <property name="file.encoding" value="UTF-8" />
    <property name="ant.project.default-target" value="dist" />
    <property name="env.HOME" value="/root" />
    <property name="sun.java.command" value="org.apache.tools.ant.taskdefs.optional.junit.JUnitTestRunner net.sourceforge.cruisecontrol.builders.AntOutputLoggerTest skipNonTests=false filtertrace=true haltOnError=false haltOnFailure=false formatter=org.apache.tools.ant.taskdefs.optional.junit.SummaryJUnitResultFormatter showoutput=false outputtoformatters=true logfailedtests=true logtestlistenerevents=false formatter=org.apache.tools.ant.taskdefs.optional.junit.BriefJUnitResultFormatter formatter=org.apache.tools.ant.taskdefs.optional.junit.XMLJUnitResultFormatter,/home/ubuntu/pristine/cruisecontrol/main/loggers/target/test-results/TEST-net.sourceforge.cruisecontrol.builders.AntOutputLoggerTest.xml crashfile=/home/ubuntu/pristine/cruisecontrol/main/loggers/junitvmwatcher3873523518475988004.properties propsfile=/home/ubuntu/pristine/cruisecontrol/main/loggers/junit7730250398592784996.properties" />
    <property name="ant.file" value="/home/ubuntu/pristine/cruisecontrol/main/loggers/build.xml" />
    <property name="cc.version" value="2.8.5-dev" />
    <property name="ant.file.type.cruisecontrol" value="file" />
    <property name="env._" value="/usr/bin/ant" />
    <property name="xsl" value="xsl" />
    <property name="java.io.tmpdir" value="/tmp" />
    <property name="env.GNOME_KEYRING_PID" value="2697" />
    <property name="TODAY" value="July 1 2018" />
    <property name="user.language" value="en" />
    <property name="ant.file.type.delegates" value="file" />
    <property name="env.UPSTART_EVENTS" value="started starting" />
    <property name="line.separator" value="
" />
    <property name="target" value="target" />
    <property name="checkstyle.cache" value="target/checkstyle.cache" />
    <property name="ant.file.type" value="file" />
    <property name="env.J2REDIR" value="/usr/lib/jvm/java-8-oracle/jre" />
    <property name="env.CLUTTER_IM_MODULE" value="xim" />
    <property name="ant.file.type.release" value="file" />
    <property name="java.vm.info" value="mixed mode" />
    <property name="sun.desktop" value="gnome" />
    <property name="java.vm.specification.name" value="Java Virtual Machine Specification" />
    <property name="env.COLORTERM" value="gnome-terminal" />
    <property name="env.FUSEKI_HOME" value="/opt/fuseki/apache-jena-fuseki-2.3.1/" />
    <property name="remoteDebugJVMArgs" value="" />
    <property name="env.TEXTDOMAIN" value="im-config" />
    <property name="env.IM_CONFIG_PHASE" value="1" />
    <property name="ant.file.release" value="/home/ubuntu/pristine/cruisecontrol/build.xml" />
    <property name="env.GDMSESSION" value="ubuntu" />
    <property name="emma.results" value="target/emma-results" />
    <property name="java.awt.printerjob" value="sun.print.PSPrinterJob" />
    <property name="env.VTE_VERSION" value="3409" />
    <property name="env.DEFAULTS_PATH" value="/usr/share/gconf/ubuntu.default.path" />
    <property name="ant.version" value="Apache Ant(TM) version 1.9.3 compiled on April 8 2014" />
    <property name="env.WINDOWID" value="58720305" />
    <property name="env.COMPIZ_CONFIG_PROFILE" value="ubuntu" />
    <property name="env.XDG_SESSION_PATH" value="/org/freedesktop/DisplayManager/Session0" />
    <property name="env.JOB" value="gnome-session" />
    <property name="apache.ant.zip" value="binaryrelease/apache-ant-1.7.0-bin.zip" />
    <property name="os.name" value="Linux" />
    <property name="java.specification.vendor" value="Oracle Corporation" />
    <property name="env.TERM" value="xterm" />
    <property name="java.vm.name" value="Java HotSpot(TM) 64-Bit Server VM" />
    <property name="env.QT_IM_MODULE" value="ibus" />
    <property name="java.library.path" value="/usr/java/packages/lib/amd64:/usr/lib64:/lib64:/lib:/usr/lib" />
    <property name="env.PATH" value="/opt/bin:/opt/bin:/opt/bin:/opt/bin:/opt/bin:/opt/bin:/usr/local/sbin:/usr/local/bin:/usr/sbin:/usr/bin:/sbin:/bin:/usr/games:/usr/local/games" />
    <property name="env.LESSCLOSE" value="/usr/bin/lesspipe %s %s" />
    <property name="ant.java.version" value="1.8" />
    <property name="cc.release.label" value="2.8.5-dev" />
    <property name="env.TEXTDOMAINDIR" value="/usr/share/locale/" />
    <property name="basedir" value="/home/ubuntu/pristine/cruisecontrol/main/loggers" />
    <property name="java.class.version" value="52.0" />
    <property name="env.SHLVL" value="2" />
    <property name="ant.home" value="/usr/share/ant" />
    <property name="functional-reports.dir" value="target/reports-functional" />
    <property name="dist" value="dist" />
    <property name="env.UPSTART_JOB" value="unity-settings-daemon" />
    <property name="gendoc.css" value="src/net/sourceforge/cruisecontrol/gendoc/html/gendoc.css" />
    <property name="emma.stats" value="target/emma-results/coverage.emma" />
    <property name="sun.boot.library.path" value="/usr/lib/jvm/java-8-oracle/jre/lib/amd64" />
    <property name="ant.file.delegates" value="/home/ubuntu/pristine/cruisecontrol/.ant-scripts/build-delegates.xml" />
    <property name="sun.management.compiler" value="HotSpot 64-Bit Tiered Compilers" />
    <property name="java.awt.graphicsenv" value="sun.awt.X11GraphicsEnvironment" />
    <property name="env.USER" value="root" />
    <property name="env.GTK_IM_MODULE" value="ibus" />
    <property name="env.GTK_MODULES" value="overlay-scrollbar:unity-gtk-module" />
    <property name="should.test.functional" value="true" />
    <property name="gendoc.output" value="/home/ubuntu/pristine/cruisecontrol/documentation/main/configxml-gendoc.html" />
    <property name="ant.project.name" value="loggers" />
    <property name="env.SESSIONTYPE" value="gnome-session" />
    <property name="ant.file.cruisecontrol" value="/home/ubuntu/pristine/cruisecontrol/main/build.xml" />
    <property name="java.vm.specification.version" value="1.8" />
    <property name="libs" value="/home/ubuntu/pristine/cruisecontrol/libs" />
    <property name="env.NLSPATH" value="/usr/dt/lib/nls/msg/%L/%N.cat" />
    <property name="awt.toolkit" value="sun.awt.X11.XToolkit" />
    <property name="sun.cpu.isalist" value="" />
    <property name="heapsize.max" value="32m" />
    <property name="java.ext.dirs" value="/usr/lib/jvm/java-8-oracle/jre/lib/ext:/usr/java/packages/lib/ext" />
    <property name="os.version" value="4.2.0-27-generic" />
    <property name="env.QT_QPA_PLATFORMTHEME" value="appmenu-qt5" />
    <property name="should.test.unit" value="true" />
    <property name="user.home" value="/root" />
    <property name="env.XDG_CURRENT_DESKTOP" value="Unity" />
    <property name="java.vm.vendor" value="Oracle Corporation" />
    <property name="build.version.info" value="Compiled on July 1 2018 1821" />
    <property name="env.JAVA_HOME" value="/usr/lib/jvm/java-8-oracle" />
    <property name="should.compile" value="true" />
    <property name="env.XDG_SESSION_ID" value="c2" />
    <property name="env.XAUTHORITY" value="/home/ubuntu/.Xauthority" />
    <property name="user.dir" value="/home/ubuntu/pristine/cruisecontrol/main/loggers/target" />
    <property name="env.XFILESEARCHPATH" value="/usr/dt/app-defaults/%L/Dt" />
    <property name="env.MAIL" value="/var/mail/root" />
    <property name="project.root" value="/home/ubuntu/pristine/cruisecontrol" />
    <property name="env.PWD" value="/home/ubuntu/pristine/cruisecontrol" />
    <property name="apache.ant" value="apache-ant-1.7.0" />
    <property name="sun.cpu.endian" value="little" />
    <property name="java.vm.version" value="25.111-b14" />
    <property name="java.class.path" value="/home/ubuntu/pristine/cruisecontrol/main/lib/ant/ant.jar:/home/ubuntu/pristine/cruisecontrol/main/loggers/target/classes:/home/ubuntu/pristine/cruisecontrol/main/lib/junit-4.4.jar:/home/ubuntu/pristine/cruisecontrol/main/loggers/target/test-classes:/home/ubuntu/pristine/cruisecontrol/main/lib/ant/ant-junit.jar" />
    <property name="env.DERBY_HOME" value="/usr/lib/jvm/java-8-oracle/db" />
    <property name="DSTAMP" value="20180701" />
    <property name="ant.library.dir" value="/usr/share/ant/lib" />
    <property name="os.arch" value="amd64" />
    <property name="ant.scripts" value="/home/ubuntu/pristine/cruisecontrol/.ant-scripts" />
    <property name="sun.java.launcher" value="SUN_STANDARD" />
    <property name="ant.core.lib" value="/usr/share/ant/lib/ant.jar" />
    <property name="java.vm.specification.vendor" value="Oracle Corporation" />
    <property name="env.UPSTART_INSTANCE" value="" />
    <property name="TSTAMP" value="1821" />
    <property name="file.separator" value="/" />
    <property name="build.version" value="2.8.5-dev" />
    <property name="reports.dir" value="target/reports" />
    <property name="java.runtime.version" value="1.8.0_111-b14" />
    <property name="sun.boot.class.path" value="/usr/lib/jvm/java-8-oracle/jre/lib/resources.jar:/usr/lib/jvm/java-8-oracle/jre/lib/rt.jar:/usr/lib/jvm/java-8-oracle/jre/lib/sunrsasign.jar:/usr/lib/jvm/java-8-oracle/jre/lib/jsse.jar:/usr/lib/jvm/java-8-oracle/jre/lib/jce.jar:/usr/lib/jvm/java-8-oracle/jre/lib/charsets.jar:/usr/lib/jvm/java-8-oracle/jre/lib/jfr.jar:/usr/lib/jvm/java-8-oracle/jre/classes" />
    <property name="env.SSH_AUTH_SOCK" value="/run/user/1000/keyring-SPzHVk/ssh" />
    <property name="junit.results" value="target/test-results" />
    <property name="apidocs" value="target/javadoc" />
    <property name="env.QT4_IM_MODULE" value="xim" />
    <property name="env.XDG_RUNTIME_DIR" value="/run/user/1000" />
    <property name="env.XDG_CONFIG_DIRS" value="/etc/xdg/xdg-ubuntu:/usr/share/upstart/xdg:/etc/xdg" />
    <property name="user.country" value="US" />
    <property name="tests" value="AntS*Test" />
    <property name="env.SHELL" value="/bin/bash" />
    <property name="env.INSTANCE" value="Unity" />
    <property name="ant.file.loggers" value="/home/ubuntu/pristine/cruisecontrol/main/loggers/build.xml" />
    <property name="src" value="src" />
    <property name="java.vendor" value="Oracle Corporation" />
    <property name="javac.target" value="1.5" />
    <property name="env.GRADLE_HOME" value="/opt/gradle-2.8/" />
    <property name="env.GPG_AGENT_INFO" value="/run/user/1000/keyring-SPzHVk/gpg:0:1" />
    <property name="ant.file.type.loggers" value="file" />
    <property name="java.specification.version" value="1.8" />
    <property name="test.classes" value="target/test-classes" />
    <property name="sun.arch.data.model" value="64" />
    <property name="env.GNOME_DESKTOP_SESSION_ID" value="this-is-deprecated" />
  </properties>
  <testcase classname="net.sourceforge.cruisecontrol.builders.AntOutputLoggerTest" name="testShouldCreateNewFileIfItDoesNotAlreadyExist" time="0.007" />
  <testcase classname="net.sourceforge.cruisecontrol.builders.AntOutputLoggerTest" name="testPrintMessageFileNotFoundExceptionWithStream" time="0.002" />
  <testcase classname="net.sourceforge.cruisecontrol.builders.AntOutputLoggerTest" name="testShouldRecreateOutputfileWhenCreatingNewLogger" time="0.002" />
  <testcase classname="net.sourceforge.cruisecontrol.builders.AntOutputLoggerTest" name="testPrintMessageFileNotFoundExceptionWithNullStream" time="0.002" />
  <testcase classname="net.sourceforge.cruisecontrol.builders.AntOutputLoggerTest" name="testShouldWriteOutputToFile" time="0.004" />
  <system-out><![CDATA[]]></system-out>
  <system-err><![CDATA[]]></system-err>
</testsuite>
