<?xml version="1.0" encoding="UTF-8" ?>
<testsuite errors="0" failures="0" hostname="immortals" name="org.openide.awt.UndoRedoTest" skipped="0" tests="3" time="0.096" timestamp="2018-08-22T05:01:11">
  <properties>
    <property name="tasks-already-set" value="true" />
    <property name="hudson.LANGUAGE" value="en_US" />
    <property name="nb.cluster.groovy.dir" value="groovy" />
    <property name="cnd.debugger.gdb2.dir" value="/home/ubuntu/tools/main/nbbuild/netbeans/cnd" />
    <property name="nb.cluster.extide.depends" value="nb.cluster.ide,nb.cluster.platform" />
    <property name="autoupdate.services.dir" value="/home/ubuntu/tools/main/nbbuild/netbeans/platform" />
    <property name="ant.file" value="/home/ubuntu/tools/main/openide.awt/build.xml" />
    <property name="nb.cluster.groovy" value="groovy.antproject,groovy.editor,groovy.grails,groovy.grailsproject,groovy.gsp,groovy.kit,groovy.refactoring,groovy.samples,groovy.support,libs.groovy,maven.groovy" />
    <property name="php.code.analysis.dir" value="/home/ubuntu/tools/main/nbbuild/netbeans/php" />
    <property name="editor.errorstripe.api.dir" value="/home/ubuntu/tools/main/nbbuild/netbeans/ide" />
    <property name="TSTAMP" value="2200" />
    <property name="javahelp.jar.dir" value="modules/docs" />
    <property name="websvc.saas.codegen.dir" value="/home/ubuntu/tools/main/nbbuild/netbeans/websvccommon" />
    <property name="ant.project.invoked-targets" value="-do-junit" />
    <property name="debugger.jpda.js.dir" value="/home/ubuntu/tools/main/nbbuild/netbeans/java" />
    <property name="editor.util.dir" value="/home/ubuntu/tools/main/nbbuild/netbeans/ide" />
    <property name="junit.ant.dir" value="/home/ubuntu/tools/main/nbbuild/netbeans/java" />
    <property name="swing.validation.dir" value="/home/ubuntu/tools/main/nbbuild/netbeans/ide" />
    <property name="java.vm.name" value="Java HotSpot(TM) 64-Bit Server VM" />
    <property name="target.iterator.dir" value="/home/ubuntu/tools/main/nbbuild/netbeans/ide" />
    <property name="projectapi.nb.dir" value="/home/ubuntu/tools/main/nbbuild/netbeans/ide" />
    <property name="clusters.config.minimal.list" value="nb.cluster.harness,nb.cluster.bootstrap,nb.cluster.platform,nb.cluster.ide,nb.cluster.nb" />
    <property name="java.metrics.dir" value="/home/ubuntu/tools/main/nbbuild/netbeans/java" />
    <property name="dlight.terminal.dir" value="/home/ubuntu/tools/main/nbbuild/netbeans/ide" />
    <property name="o.apache.xmlrpc.dir" value="/home/ubuntu/tools/main/nbbuild/netbeans/ide" />
    <property name="options.editor.dir" value="/home/ubuntu/tools/main/nbbuild/netbeans/ide" />
    <property name="java.j2seprofiles.dir" value="/home/ubuntu/tools/main/nbbuild/netbeans/java" />
    <property name="java.project.dir" value="/home/ubuntu/tools/main/nbbuild/netbeans/java" />
    <property name="api.progress.compat8.dir" value="/home/ubuntu/tools/main/nbbuild/netbeans/platform" />
    <property name="db.kit.dir" value="/home/ubuntu/tools/main/nbbuild/netbeans/ide" />
    <property name="javahelp.base" value="org/openide/awt/docs" />
    <property name="xml.lexer.dir" value="/home/ubuntu/tools/main/nbbuild/netbeans/ide" />
    <property name="nbjunit.workdir" value="/home/ubuntu/tools/main/openide.awt/build/test/unit/work" />
    <property name="brandings" value="" />
    <property name="j2me.project.dir" value="/home/ubuntu/tools/main/nbbuild/netbeans/mobility" />
    <property name="nb.cluster.experimental.depends" value="nb.cluster.cnd,nb.cluster.cndext,nb.cluster.dlight,nb.cluster.groovy,nb.cluster.javacard,nb.cluster.mobility,nb.cluster.php,nb.cluster.harness,nb.cluster.bootstrap,nb.cluster.platform,nb.cluster.ide,nb.cluster.extide,nb.cluster.websvccommon,nb.cluster.java,nb.cluster.javafx,nb.cluster.profiler,nb.cluster.nb,nb.cluster.apisupport,nb.cluster.webcommon,nb.cluster.enterprise,nb.cluster.ergonomics" />
    <property name="java.debug.dir" value="/home/ubuntu/tools/main/nbbuild/netbeans/java" />
    <property name="hudson.SHLVL" value="2" />
    <property name="templates.dir" value="/home/ubuntu/tools/main/nbbuild/netbeans/platform" />
    <property name="hudson.XMODIFIERS" value="@im=ibus" />
    <property name="cordova.platforms.android.dir" value="/home/ubuntu/tools/main/nbbuild/netbeans/webcommon" />
    <property name="build.package.compress" value="false" />
    <property name="nb.cluster.enterprise" value="api.web.webmodule,apisupport.restsample,cloud.amazon,cloud.common,el.lexer,glassfish.common,glassfish.eecommon,glassfish.javaee,glassfish.tooling,hibernateweb,j2ee.ant,j2ee.api.ejbmodule,j2ee.clientproject,j2ee.common,j2ee.core,j2ee.dd,j2ee.dd.webservice,j2ee.ddloaders,j2ee.earproject,j2ee.ejbcore,j2ee.ejbjarproject,j2ee.ejbrefactoring,j2ee.ejbverification,j2ee.genericserver,j2ee.jboss4,j2ee.kit,j2ee.platform,j2ee.samples,j2ee.sun.appsrv,j2ee.sun.dd,j2ee.sun.ddui,j2ee.weblogic9,j2eeapis,j2eeserver,javaee.api,javaee.beanvalidation,javaee.project,javaee.resources,javaee.specs.support,javaee.wildfly,javaee7.api,jellytools.enterprise,jsp.lexer,ko4j.debugging,libs.amazon,libs.commons_fileupload,libs.elimpl,libs.glassfish_logging,libs.jstl,maven.j2ee,maven.jaxws,maven.samples,performance.javaee,performance.scripting,performance.web,profiler.j2ee,projectimport.eclipse.web,servletjspapi,spring.webmvc,tomcat5,web.beans,web.client.rest,web.core,web.core.syntax,web.debug,web.el,web.freeform,web.jsf,web.jsf.editor,web.jsf.icefaces,web.jsf.kit,web.jsf.navigation,web.jsf.richfaces,web.jsf12,web.jsf12ri,web.jsf20,web.jsfapi,web.jspparser,web.kit,web.monitor,web.primefaces,web.project,web.refactoring,web.struts,weblogic.common,websocket,websvc.clientapi,websvc.core,websvc.customization,websvc.design,websvc.editor.hints,websvc.jaxws.lightapi,websvc.jaxwsapi,websvc.jaxwsmodel,websvc.kit,websvc.manager,websvc.metro.lib,websvc.metro.model,websvc.metro.samples,websvc.owsm,websvc.projectapi,websvc.rest,websvc.rest.samples,websvc.restapi,websvc.restkit,websvc.restlib,websvc.saas.codegen.j2ee,websvc.utilities,websvc.websvcapi,websvc.wsitconf,websvc.wsitmodelext,websvc.wsstackapi" />
    <property name="o.eclipse.core.runtime.dir" value="/home/ubuntu/tools/main/nbbuild/netbeans/ide" />
    <property name="glassfish.eecommon.dir" value="/home/ubuntu/tools/main/nbbuild/netbeans/enterprise" />
    <property name="clusters.config.stableuc.list" value="nb.cluster.cnd,nb.cluster.cndext,nb.cluster.dlight,nb.cluster.groovy,nb.cluster.javacard,nb.cluster.mobility,nb.cluster.php,nb.cluster.harness,nb.cluster.bootstrap,nb.cluster.platform,nb.cluster.ide,nb.cluster.extide,nb.cluster.websvccommon,nb.cluster.java,nb.cluster.javafx,nb.cluster.profiler,nb.cluster.nb,nb.cluster.apisupport,nb.cluster.webcommon,nb.cluster.enterprise,nb.cluster.ergonomics,nb.cluster.jira,nb.cluster.team,nb.cluster.stableuc" />
    <property name="java.runtime.version" value="1.8.0_111-b14" />
    <property name="test.qa-functional.cp.extra" value="" />
    <property name="api.progress.dir" value="/home/ubuntu/tools/main/nbbuild/netbeans/platform" />
    <property name="websvc.saas.services.zvents.dir" value="/home/ubuntu/tools/main/nbbuild/netbeans/websvccommon" />
    <property name="clusters.config.cnd.list" value="nb.cluster.harness,nb.cluster.bootstrap,nb.cluster.platform,nb.cluster.ide,nb.cluster.cnd,nb.cluster.nb,nb.cluster.dlight" />
    <property name="deadlock.detector.dir" value="/home/ubuntu/tools/main/nbbuild/netbeans/nb" />
    <property name="spellchecker.dir" value="/home/ubuntu/tools/main/nbbuild/netbeans/ide" />
    <property name="nbjunit.hard.timeout" value="600000" />
    <property name="nb.cluster.identity.depends" value="nb.cluster.platform,nb.cluster.java,nb.cluster.ide,nb.cluster.enterprise,nb.cluster.extide" />
    <property name="jellytools.java.dir" value="/home/ubuntu/tools/main/nbbuild/netbeans/java" />
    <property name="libs.osgi.dir" value="/home/ubuntu/tools/main/nbbuild/netbeans/platform" />
    <property name="web.core.dir" value="/home/ubuntu/tools/main/nbbuild/netbeans/enterprise" />
    <property name="maven.coverage.dir" value="/home/ubuntu/tools/main/nbbuild/netbeans/java" />
    <property name="nb.cluster.webcommon" value="api.knockout,cordova,cordova.platforms,cordova.platforms.android,cordova.platforms.ios,extbrowser.chrome,html.angular,html.knockout,html.ojet,javascript.bower,javascript.cdnjs,javascript.grunt,javascript.gulp,javascript.jstestdriver,javascript.karma,javascript.nodejs,javascript.v8debug,javascript.v8debug.ui,javascript2.doc,javascript2.editor,javascript2.extdoc,javascript2.extjs,javascript2.jade,javascript2.jquery,javascript2.jsdoc,javascript2.json,javascript2.kit,javascript2.knockout,javascript2.lexer,javascript2.model,javascript2.nodejs,javascript2.prototypejs,javascript2.react,javascript2.requirejs,javascript2.sdoc,javascript2.source.query,javascript2.types,languages.apacheconf,languages.ini,lib.v8debug,libs.jstestdriver,libs.nashorn,libs.plist,netserver,selenium2.webclient,selenium2.webclient.mocha,selenium2.webclient.protractor,web.client.kit,web.client.samples,web.clientproject,web.clientproject.api,web.inspect,web.javascript.debugger,web.webkit.tooling" />
    <property name="hudson.QT_IM_MODULE" value="ibus" />
    <property name="libs.elimpl.dir" value="/home/ubuntu/tools/main/nbbuild/netbeans/enterprise" />
    <property name="hudson.MANDATORY_PATH" value="/usr/share/gconf/ubuntu.mandatory.path" />
    <property name="notifications.dir" value="/home/ubuntu/tools/main/nbbuild/netbeans/ide" />
    <property name="dlight.remote.impl.dir" value="/home/ubuntu/tools/main/nbbuild/netbeans/dlight" />
    <property name="api.htmlui.dir" value="/home/ubuntu/tools/main/nbbuild/netbeans/platform" />
    <property name="public.package.jar.dir" value="/home/ubuntu/tools/main/nbbuild/build/public-package-jars" />
    <property name="nb.cluster.extide.dir" value="extide" />
    <property name="utilities.project.dir" value="/home/ubuntu/tools/main/nbbuild/netbeans/ide" />
    <property name="extbrowser.chrome.dir" value="/home/ubuntu/tools/main/nbbuild/netbeans/webcommon" />
    <property name="nb.build.dir" value="/home/ubuntu/tools/main/nbbuild/build" />
    <property name="form.binding.dir" value="/home/ubuntu/tools/main/nbbuild/netbeans/java" />
    <property name="hibernate4lib.dir" value="/home/ubuntu/tools/main/nbbuild/netbeans/java" />
    <property name="javac.compilerargs" value="-Xlint -Xlint:-serial" />
    <property name="hudson.WINDOWID" value="29360176" />
    <property name="nb.cluster.javafx.depends" value="nb.cluster.ide,nb.cluster.extide,nb.cluster.platform,nb.cluster.java,nb.cluster.websvccommon,nb.cluster.harness" />
    <property name="php.zend2.dir" value="/home/ubuntu/tools/main/nbbuild/netbeans/php" />
    <property name="nb.cluster.ide" value="api.debugger,api.java.classpath,api.xml,api.xml.ui,bugtracking,bugtracking.bridge,bugtracking.commons,bugzilla,c.google.guava,c.googlecode.javaewah.JavaEWAH,c.jcraft.jsch,c.jcraft.jzlib,code.analysis,core.browser,core.browser.webview,core.ide,core.multitabs.project,csl.api,csl.types,css.editor,css.lib,css.model,css.prep,css.visual,db,db.core,db.dataview,db.drivers,db.kit,db.metadata.model,db.mysql,db.sql.editor,db.sql.visualeditor,dbapi,defaults,derby,diff,dlight.nativeexecution,dlight.nativeexecution.nb,dlight.terminal,docker.api,docker.editor,docker.ui,editor,editor.actions,editor.bookmarks,editor.bracesmatching,editor.breadcrumbs,editor.codetemplates,editor.completion,editor.deprecated.pre65formatting,editor.document,editor.errorstripe,editor.errorstripe.api,editor.fold,editor.fold.nbui,editor.global.format,editor.guards,editor.indent,editor.indent.project,editor.indent.support,editor.kit,editor.lib,editor.lib2,editor.macros,editor.plain,editor.plain.lib,editor.search,editor.settings,editor.settings.lib,editor.settings.storage,editor.structure,editor.tools.storage,editor.util,extbrowser,extexecution,extexecution.base,extexecution.impl,extexecution.process,extexecution.process.jdk9,git,gototest,gsf.codecoverage,gsf.testrunner,gsf.testrunner.ui,html,html.custom,html.editor,html.editor.lib,html.lexer,html.parser,html.validation,httpserver,hudson,hudson.git,hudson.mercurial,hudson.subversion,hudson.tasklist,hudson.ui,ide.kit,image,javascript2.debug,javascript2.debug.ui,jellytools.ide,jumpto,languages,languages.diff,languages.manifest,languages.yaml,lexer,lexer.nbbridge,lib.terminalemulator,libs.antlr3.runtime,libs.antlr4.runtime,libs.bytelist,libs.commons_compress,libs.commons_net,libs.freemarker,libs.git,libs.ini4j,libs.jaxb,libs.jsch.agentproxy,libs.json_simple,libs.jvyamlb,libs.lucene,libs.smack,libs.svnClientAdapter,libs.svnClientAdapter.javahl,libs.svnClientAdapter.svnkit,libs.swingx,libs.xerces,localhistory,localtasks,mercurial,mylyn.util,notifications,o.apache.commons.codec,o.apache.commons.httpclient,o.apache.commons.io,o.apache.commons.lang,o.apache.commons.logging,o.apache.ws.commons.util,o.apache.xml.resolver,o.apache.xmlrpc,o.eclipse.core.contenttype,o.eclipse.core.jobs,o.eclipse.core.net,o.eclipse.core.runtime,o.eclipse.core.runtime.compatibility.auth,o.eclipse.equinox.app,o.eclipse.equinox.common,o.eclipse.equinox.preferences,o.eclipse.equinox.registry,o.eclipse.equinox.security,o.eclipse.jgit,o.eclipse.jgit.java7,o.eclipse.mylyn.bugzilla.core,o.eclipse.mylyn.commons.core,o.eclipse.mylyn.commons.net,o.eclipse.mylyn.commons.repositories.core,o.eclipse.mylyn.commons.xmlrpc,o.eclipse.mylyn.tasks.core,o.eclipse.mylyn.wikitext.confluence.core,o.eclipse.mylyn.wikitext.core,o.eclipse.mylyn.wikitext.markdown.core,o.eclipse.mylyn.wikitext.textile.core,o.n.swing.dirchooser,o.openidex.util,options.editor,parsing.api,parsing.indexing,parsing.lucene,parsing.nb,parsing.ui,print.editor,project.ant,project.ant.compat8,project.ant.ui,project.indexingbridge,project.libraries,project.libraries.ui,project.spi.intern,project.spi.intern.impl,projectapi,projectapi.nb,projectui,projectui.buildmenu,projectuiapi,projectuiapi.base,properties,properties.syntax,refactoring.api,schema2beans,selenium2,selenium2.server,server,servletapi,spellchecker,spellchecker.apimodule,spellchecker.bindings.htmlxml,spellchecker.bindings.properties,spellchecker.dictionary_en,spellchecker.kit,spi.debugger.ui,spi.editor.hints,spi.editor.hints.projects,spi.navigator,spi.palette,spi.tasklist,spi.viewmodel,subversion,swing.validation,target.iterator,tasklist.kit,tasklist.projectint,tasklist.todo,tasklist.ui,team.commons,team.ide,terminal,terminal.nb,usersguide,utilities,utilities.project,versioning,versioning.core,versioning.indexingbridge,versioning.masterfs,versioning.system.cvss.installer,versioning.ui,versioning.util,web.browser.api,web.common,web.common.ui,web.indent,web.webkit.debugging,xml,xml.axi,xml.catalog,xml.catalog.ui,xml.core,xml.jaxb.api,xml.lexer,xml.multiview,xml.retriever,xml.schema.completion,xml.schema.model,xml.tax,xml.text,xml.text.obsolete90,xml.tools,xml.wsdl.model,xml.xam,xml.xdm,xsl" />
    <property name="javascript2.types.dir" value="/home/ubuntu/tools/main/nbbuild/netbeans/webcommon" />
    <property name="hudson.SESSIONTYPE" value="gnome-session" />
    <property name="cluster.config" value="full" />
    <property name="o.apache.tools.ant.module.dir" value="/home/ubuntu/tools/main/nbbuild/netbeans/extide" />
    <property name="websvc.saas.services.google.dir" value="/home/ubuntu/tools/main/nbbuild/netbeans/websvccommon" />
    <property name="libs.javacimpl.dir" value="/home/ubuntu/tools/main/nbbuild/netbeans/java" />
    <property name="git.remote.cli.dir" value="/home/ubuntu/tools/main/nbbuild/netbeans/dlight" />
    <property name="java.vendor.url" value="http://java.oracle.com/" />
    <property name="csl.types.dir" value="/home/ubuntu/tools/main/nbbuild/netbeans/ide" />
    <property name="locjar.locales" value="" />
    <property name="o.eclipse.core.runtime.compatibility.auth.dir" value="/home/ubuntu/tools/main/nbbuild/netbeans/ide" />
    <property name="javahelp.jar" value="modules/docs/org-openide-awt.jar" />
    <property name="hudson.LESSCLOSE" value="/usr/bin/lesspipe %s %s" />
    <property name="profiler.nbimpl.dir" value="/home/ubuntu/tools/main/nbbuild/netbeans/profiler" />
    <property name="cnd.gotodeclaration.dir" value="/home/ubuntu/tools/main/nbbuild/netbeans/cnd" />
    <property name="javawebstart.dir" value="/home/ubuntu/tools/main/nbbuild/netbeans/java" />
    <property name="xml.retriever.dir" value="/home/ubuntu/tools/main/nbbuild/netbeans/ide" />
    <property name="hudson.DISPLAY" value=":0" />
    <property name="nb.cluster.extide" value="o.apache.tools.ant.module,options.java" />
    <property name="cordova.platforms.ios.dir" value="/home/ubuntu/tools/main/nbbuild/netbeans/webcommon" />
    <property name="libs.jshell.compile.dir" value="/home/ubuntu/tools/main/nbbuild/netbeans/java" />
    <property name="ant.kit.dir" value="/home/ubuntu/tools/main/nbbuild/netbeans/java" />
    <property name="libs.commons_compress.dir" value="/home/ubuntu/tools/main/nbbuild/netbeans/ide" />
    <property name="html.angular.dir" value="/home/ubuntu/tools/main/nbbuild/netbeans/webcommon" />
    <property name="websvc.saas.services.delicious.dir" value="/home/ubuntu/tools/main/nbbuild/netbeans/websvccommon" />
    <property name="nbantext.jar" value="/home/ubuntu/tools/main/nbbuild/build/nbantext.jar" />
    <property name="editor.macros.dir" value="/home/ubuntu/tools/main/nbbuild/netbeans/ide" />
    <property name="test.filter.trace" value="true" />
    <property name="gsf.codecoverage.dir" value="/home/ubuntu/tools/main/nbbuild/netbeans/ide" />
    <property name="nb.cluster.javacard.depends" value="nb.cluster.ide,nb.cluster.extide,nb.cluster.platform,nb.cluster.java" />
    <property name="xml.wsdl.model.dir" value="/home/ubuntu/tools/main/nbbuild/netbeans/ide" />
    <property name="build.test.qa-functional.results.dir" value="/home/ubuntu/tools/main/openide.awt/build/test/qa-functional/results" />
    <property name="libs.jna.dir" value="/home/ubuntu/tools/main/nbbuild/netbeans/platform" />
    <property name="openide.modules.dir" value="/home/ubuntu/tools/main/nbbuild/netbeans/platform" />
    <property name="module.startlevel" value="" />
    <property name="net.java.html.geo.dir" value="/home/ubuntu/tools/main/nbbuild/netbeans/platform" />
    <property name="nb.cluster.ide.dir" value="ide" />
    <property name="user.dir" value="/home/ubuntu/tools/main/openide.awt" />
    <property name="spellchecker.bindings.php.dir" value="/home/ubuntu/tools/main/nbbuild/netbeans/php" />
    <property name="maven.apisupport.dir" value="/home/ubuntu/tools/main/nbbuild/netbeans/apisupport" />
    <property name="nb.cluster.nb.depends" value="nb.cluster.platform,nb.cluster.ide,nb.cluster.harness" />
    <property name="nb.cluster.ide.depends" value="nb.cluster.platform,nb.cluster.harness" />
    <property name="ant.debugger.dir" value="/home/ubuntu/tools/main/nbbuild/netbeans/java" />
    <property name="junit.dir" value="/home/ubuntu/tools/main/nbbuild/netbeans/java" />
    <property name="nb.cluster.cnd.dir" value="cnd" />
    <property name="java.vendor" value="Oracle Corporation" />
    <property name="java.sourceui.dir" value="/home/ubuntu/tools/main/nbbuild/netbeans/java" />
    <property name="spi.editor.hints.dir" value="/home/ubuntu/tools/main/nbbuild/netbeans/ide" />
    <property name="module.jar.dir" value="modules" />
    <property name="java.awt.printerjob" value="sun.print.PSPrinterJob" />
    <property name="profiler.j2ee.dir" value="/home/ubuntu/tools/main/nbbuild/netbeans/enterprise" />
    <property name="glassfish.javaee.dir" value="/home/ubuntu/tools/main/nbbuild/netbeans/enterprise" />
    <property name="locjar.brands" value="" />
    <property name="j2ee.ant.dir" value="/home/ubuntu/tools/main/nbbuild/netbeans/enterprise" />
    <property name="public.packages" value="org.netbeans.api.actions.*, org.netbeans.spi.actions.*, org.openide.awt.*" />
    <property name="module.jar" value="modules/org-openide-awt.jar" />
    <property name="web.jsf.navigation.dir" value="/home/ubuntu/tools/main/nbbuild/netbeans/enterprise" />
    <property name="nb.cluster.team.dir" value="extra" />
    <property name="apisupport.ant.dir" value="/home/ubuntu/tools/main/nbbuild/netbeans/apisupport" />
    <property name="keyring.impl.dir" value="/home/ubuntu/tools/main/nbbuild/netbeans/platform" />
    <property name="jellytools.platform.dir" value="/home/ubuntu/tools/main/nbbuild/netbeans/harness" />
    <property name="o.apache.commons.codec.dir" value="/home/ubuntu/tools/main/nbbuild/netbeans/ide" />
    <property name="hudson.J2REDIR" value="/usr/lib/jvm/java-8-oracle/jre" />
    <property name="libs.antlr4.runtime.dir" value="/home/ubuntu/tools/main/nbbuild/netbeans/ide" />
    <property name="java.source.ant.dir" value="/home/ubuntu/tools/main/nbbuild/netbeans/java" />
    <property name="editor.bookmarks.dir" value="/home/ubuntu/tools/main/nbbuild/netbeans/ide" />
    <property name="src.dir" value="/home/ubuntu/tools/main/openide.awt/src" />
    <property name="javaee.project.dir" value="/home/ubuntu/tools/main/nbbuild/netbeans/enterprise" />
    <property name="o.eclipse.mylyn.commons.net.dir" value="/home/ubuntu/tools/main/nbbuild/netbeans/ide" />
    <property name="servletapi.dir" value="/home/ubuntu/tools/main/nbbuild/netbeans/ide" />
    <property name="editor.indent.dir" value="/home/ubuntu/tools/main/nbbuild/netbeans/ide" />
    <property name="o.n.upgrader.dir" value="/home/ubuntu/tools/main/nbbuild/netbeans/nb" />
    <property name="j2ee.core.dir" value="/home/ubuntu/tools/main/nbbuild/netbeans/enterprise" />
    <property name="php.api.editor.dir" value="/home/ubuntu/tools/main/nbbuild/netbeans/php" />
    <property name="buildstamp" value="20180821" />
    <property name="dlight.kit.dir" value="/home/ubuntu/tools/main/nbbuild/netbeans/dlight" />
    <property name="validation.nb.cluster.php" value="php.editor" />
    <property name="hudson.GNOME_KEYRING_PID" value="2564" />
    <property name="javascript.v8debug.dir" value="/home/ubuntu/tools/main/nbbuild/netbeans/webcommon" />
    <property name="test.config.stableBTD.excludes" value="**/ActionProcessorTest.class" />
    <property name="java.vm.version" value="25.111-b14" />
    <property name="javac.fork" value="false" />
    <property name="javascript2.source.query.dir" value="/home/ubuntu/tools/main/nbbuild/netbeans/webcommon" />
    <property name="validation.nb.cluster.cnd" value="cnd.kit" />
    <property name="cnd.script.dir" value="/home/ubuntu/tools/main/nbbuild/netbeans/cnd" />
    <property name="timers.dir" value="/home/ubuntu/tools/main/nbbuild/netbeans/apisupport" />
    <property name="build.javahelp.dir" value="/home/ubuntu/tools/main/openide.awt/build/javahelp" />
    <property name="javascript2.nodejs.dir" value="/home/ubuntu/tools/main/nbbuild/netbeans/webcommon" />
    <property name="module.dependencies" value="org.netbeans.api.annotations.common/1 &gt; 1.13, org.openide.filesystems &gt; 9.0, org.openide.util.ui &gt; 9.3, org.openide.util &gt; 9.3, org.openide.util.lookup &gt; 8.0" />
    <property name="hg.id" value="8b456fec8494" />
    <property name="sun.java.launcher" value="SUN_STANDARD" />
    <property name="php.phing.dir" value="/home/ubuntu/tools/main/nbbuild/netbeans/php" />
    <property name="nb.cluster.cnd.depends" value="nb.cluster.harness,nb.cluster.platform,nb.cluster.dlight,nb.cluster.ide" />
    <property name="nb.cluster.javacard" value="javacard.apdu.io,javacard.apdufile,javacard.common,javacard.console,javacard.filemodels,javacard.kit,javacard.oberthur,javacard.platform.ui,javacard.project,javacard.ri.bundle,javacard.ri.platform,javacard.spi,properties.based.dataobjects,simple.project.templates,swing.customizerlayout" />
    <property name="libs.javacapi.dir" value="/home/ubuntu/tools/main/nbbuild/netbeans/java" />
    <property name="test.bootclasspath.prepend.args" value="-Xbootclasspath/p:/home/ubuntu/tools/main/libs.javacapi/external/nb-javac-api.jar:/home/ubuntu/tools/main/libs.javacimpl/external/nb-javac-impl.jar" />
    <property name="websvc.jaxws.lightapi.dir" value="/home/ubuntu/tools/main/nbbuild/netbeans/enterprise" />
    <property name="retouche.javac.api" value="/home/ubuntu/tools/main/libs.javacapi/external/nb-javac-api.jar" />
    <property name="bugtracking.commons.dir" value="/home/ubuntu/tools/main/nbbuild/netbeans/ide" />
    <property name="hudson.NLSPATH" value="/usr/dt/lib/nls/msg/%L/%N.cat" />
    <property name="test.includes" value="**/*Test.class" />
    <property name="groovy.kit.dir" value="/home/ubuntu/tools/main/nbbuild/netbeans/groovy" />
    <property name="nb.cluster.team" value="bugtracking.kenai,c.tasktop.c2c.server.cloud.api,c.tasktop.c2c.server.common.api,c.tasktop.c2c.server.profile.api,c.tasktop.c2c.server.scm.api,c.tasktop.c2c.server.tasks.api,c.tasktop.c2c.server.wiki.api,kenai,kenai.kit,kenai.maven,kenai.ui,lib.cvsclient,o.codehaus.jackson.core,o.codehaus.jackson.mapper,odcs,odcs.git,odcs.hudson,odcs.kit,odcs.tasks,odcs.tasks.bridge,odcs.ui,odcs.versioning,oracle.clouddev.server.profile.activity.client.api,oracle.clouddev.server.profile.activity.client.rest,oracle.eclipse.tools.cloud.dev.tasks,team.server,team.server.nb,versioning.kenai,versioning.system.cvss" />
    <property name="debugger.jpda.visual.dir" value="/home/ubuntu/tools/main/nbbuild/netbeans/java" />
    <property name="api.io.dir" value="/home/ubuntu/tools/main/nbbuild/netbeans/platform" />
    <property name="module.l10n.files.toString" value="patternSet{ includes: [I/dont/exist/at/all] excludes: [] }" />
    <property name="web.jsf.dir" value="/home/ubuntu/tools/main/nbbuild/netbeans/enterprise" />
    <property name="websvc.metro.lib.dir" value="/home/ubuntu/tools/main/nbbuild/netbeans/enterprise" />
    <property name="jellytools.ide.dir" value="/home/ubuntu/tools/main/nbbuild/netbeans/ide" />
    <property name="hudson.OLDPWD" value="/home/ubuntu/tools/main" />
    <property name="clusters.config.bloated.list" value="nb.cluster.identity,nb.cluster.cnd,nb.cluster.cndext,nb.cluster.dlight,nb.cluster.groovy,nb.cluster.javacard,nb.cluster.mobility,nb.cluster.php,nb.cluster.harness,nb.cluster.bootstrap,nb.cluster.platform,nb.cluster.ide,nb.cluster.extide,nb.cluster.websvccommon,nb.cluster.java,nb.cluster.javafx,nb.cluster.profiler,nb.cluster.nb,nb.cluster.apisupport,nb.cluster.webcommon,nb.cluster.enterprise,nb.cluster.ergonomics" />
    <property name="lib.nbjshell.dir" value="/home/ubuntu/tools/main/nbbuild/netbeans/java" />
    <property name="docker.editor.dir" value="/home/ubuntu/tools/main/nbbuild/netbeans/ide" />
    <property name="cnd.repository.api.dir" value="/home/ubuntu/tools/main/nbbuild/netbeans/cnd" />
    <property name="profiler.heapwalker.dir" value="/home/ubuntu/tools/main/nbbuild/netbeans/profiler" />
    <property name="jellytools.cnd.dir" value="/home/ubuntu/tools/main/nbbuild/netbeans/cnd" />
    <property name="manifest.mf" value="/home/ubuntu/tools/main/openide.awt/manifest.mf" />
    <property name="ant.file.type.default" value="file" />
    <property name="hudson.GDMSESSION" value="ubuntu" />
    <property name="cnd.modelutil.dir" value="/home/ubuntu/tools/main/nbbuild/netbeans/cnd" />
    <property name="el.lexer.dir" value="/home/ubuntu/tools/main/nbbuild/netbeans/enterprise" />
    <property name="nb.cluster.javacard.dir" value="javacard" />
    <property name="clusters.config.python.list" value="nb.cluster.harness,nb.cluster.bootstrap,nb.cluster.platform,nb.cluster.ide,nb.cluster.nb,nb.cluster.python" />
    <property name="java.j2seplatform.dir" value="/home/ubuntu/tools/main/nbbuild/netbeans/java" />
    <property name="java.home" value="/usr/lib/jvm/java-8-oracle/jre" />
    <property name="buildday" value="21 Aug 2018" />
    <property name="nb.cluster.apisupport.depends" value="nb.cluster.java,nb.cluster.ide,nb.cluster.extide,nb.cluster.platform,nb.cluster.harness" />
    <property name="websvc.jaxwsapi.dir" value="/home/ubuntu/tools/main/nbbuild/netbeans/enterprise" />
    <property name="javafx2.scenebuilder.dir" value="/home/ubuntu/tools/main/nbbuild/netbeans/javafx" />
    <property name="nb.cluster.cndext.dir" value="cndext" />
    <property name="have-jdk-1.8" value="true" />
    <property name="have-jdk-1.7" value="true" />
    <property name="have-jdk-1.6" value="true" />
    <property name="have-jdk-1.5" value="true" />
    <property name="have-jdk-1.4" value="true" />
    <property name="xml.tools.dir" value="/home/ubuntu/tools/main/nbbuild/netbeans/ide" />
    <property name="keyring.fallback.dir" value="/home/ubuntu/tools/main/nbbuild/netbeans/platform" />
    <property name="hudson.COMPIZ_CONFIG_PROFILE" value="ubuntu" />
    <property name="javascript2.sdoc.dir" value="/home/ubuntu/tools/main/nbbuild/netbeans/webcommon" />
    <property name="libs.xerces.dir" value="/home/ubuntu/tools/main/nbbuild/netbeans/ide" />
    <property name="beans.dir" value="/home/ubuntu/tools/main/nbbuild/netbeans/java" />
    <property name="java.version" value="1.8.0_111" />
    <property name="cnd.analysis.impl.dir" value="/home/ubuntu/tools/main/nbbuild/netbeans/cnd" />
    <property name="java.hints.declarative.test.dir" value="/home/ubuntu/tools/main/nbbuild/netbeans/java" />
    <property name="project.ant.ui.dir" value="/home/ubuntu/tools/main/nbbuild/netbeans/ide" />
    <property name="clusters.config.full.list" value="nb.cluster.cnd,nb.cluster.cndext,nb.cluster.dlight,nb.cluster.groovy,nb.cluster.javacard,nb.cluster.mobility,nb.cluster.php,nb.cluster.harness,nb.cluster.bootstrap,nb.cluster.platform,nb.cluster.ide,nb.cluster.extide,nb.cluster.websvccommon,nb.cluster.java,nb.cluster.javafx,nb.cluster.profiler,nb.cluster.nb,nb.cluster.apisupport,nb.cluster.webcommon,nb.cluster.enterprise,nb.cluster.ergonomics" />
    <property name="build.classes.dir" value="/home/ubuntu/tools/main/openide.awt/build/classes" />
    <property name="test.qa-functional.src.dir" value="/home/ubuntu/tools/main/openide.awt/test/qa-functional/src" />
    <property name="php.apigen.dir" value="/home/ubuntu/tools/main/nbbuild/netbeans/php" />
    <property name="cnd.dir" value="/home/ubuntu/tools/main/nbbuild/netbeans/cnd" />
    <property name="hudson.MAIL" value="/var/mail/root" />
    <property name="netbeans.zipped.sources.dir" value="/home/ubuntu/tools/main/openide.awt/${build}/sources" />
    <property name="libs.git.dir" value="/home/ubuntu/tools/main/nbbuild/netbeans/ide" />
    <property name="java.platform.dir" value="/home/ubuntu/tools/main/nbbuild/netbeans/java" />
    <property name="xml.text.dir" value="/home/ubuntu/tools/main/nbbuild/netbeans/ide" />
    <property name="java.hints.ui.dir" value="/home/ubuntu/tools/main/nbbuild/netbeans/java" />
    <property name="java.source.base.dir" value="/home/ubuntu/tools/main/nbbuild/netbeans/java" />
    <property name="hudson.UPSTART_JOB" value="unity-settings-daemon" />
    <property name="php.refactoring.dir" value="/home/ubuntu/tools/main/nbbuild/netbeans/php" />
    <property name="apisupport.wizards.dir" value="/home/ubuntu/tools/main/nbbuild/netbeans/apisupport" />
    <property name="editor.global.format.dir" value="/home/ubuntu/tools/main/nbbuild/netbeans/ide" />
    <property name="file.encoding.pkg" value="sun.io" />
    <property name="cluster.path.final" value="/home/ubuntu/tools/main/nbbuild/netbeans/platform:/home/ubuntu/tools/main/nbbuild/netbeans/ide:/home/ubuntu/tools/main/nbbuild/netbeans/java:/home/ubuntu/tools/main/nbbuild/netbeans/apisupport:/home/ubuntu/tools/main/nbbuild/netbeans/enterprise:/home/ubuntu/tools/main/nbbuild/netbeans/ergonomics:/home/ubuntu/tools/main/nbbuild/netbeans/nb:/home/ubuntu/tools/main/nbbuild/netbeans/harness:/home/ubuntu/tools/main/nbbuild/netbeans/profiler:/home/ubuntu/tools/main/nbbuild/netbeans/php:/home/ubuntu/tools/main/nbbuild/netbeans/groovy:/home/ubuntu/tools/main/nbbuild/netbeans/mobility:/home/ubuntu/tools/main/nbbuild/netbeans/identity:/home/ubuntu/tools/main/nbbuild/netbeans/cnd:/home/ubuntu/tools/main/nbbuild/netbeans/cndext:/home/ubuntu/tools/main/nbbuild/netbeans/dlight:/home/ubuntu/tools/main/nbbuild/netbeans/extra:/home/ubuntu/tools/main/nbbuild/netbeans/extide:/home/ubuntu/tools/main/nbbuild/netbeans/webcommon:/home/ubuntu/tools/main/nbbuild/netbeans/websvccommon:/home/ubuntu/tools/main/nbbuild/netbeans/javacard:/home/ubuntu/tools/main/nbbuild/netbeans/javafx:/home/ubuntu/tools/main/nbbuild/netbeans/platform" />
    <property name="core.startup.dir" value="/home/ubuntu/tools/main/nbbuild/netbeans/platform" />
    <property name="nb.cluster.java" value="ant.browsetask,ant.debugger,ant.freeform,ant.grammar,ant.kit,api.debugger.jpda,api.java,api.maven,beans,classfile,dbschema,debugger.jpda,debugger.jpda.ant,debugger.jpda.js,debugger.jpda.jsui,debugger.jpda.kit,debugger.jpda.projects,debugger.jpda.projectsui,debugger.jpda.ui,debugger.jpda.visual,findbugs.installer,form,form.binding,form.j2ee,form.kit,form.nb,form.refactoring,hibernate,hibernate4lib,hudson.ant,hudson.maven,i18n,i18n.form,j2ee.core.utilities,j2ee.eclipselink,j2ee.eclipselinkmodelgen,j2ee.jpa.refactoring,j2ee.jpa.verification,j2ee.metadata,j2ee.metadata.model.support,j2ee.persistence,j2ee.persistence.kit,j2ee.persistenceapi,java.api.common,java.completion,java.debug,java.editor,java.editor.base,java.editor.lib,java.examples,java.freeform,java.graph,java.guards,java.hints,java.hints.declarative,java.hints.declarative.test,java.hints.legacy.spi,java.hints.test,java.hints.ui,java.j2sedeploy,java.j2seembedded,java.j2semodule,java.j2seplatform,java.j2seprofiles,java.j2seproject,java.kit,java.lexer,java.metrics,java.module.graph,java.navigation,java.platform,java.platform.ui,java.preprocessorbridge,java.project,java.project.ui,java.source,java.source.ant,java.source.base,java.source.compat8,java.source.queries,java.source.queriesimpl,java.sourceui,java.testrunner,java.testrunner.ant,java.testrunner.ui,javadoc,javaee.injection,javawebstart,jellytools.java,jshell.support,junit,junit.ant,junit.ant.ui,junit.ui,lib.jshell.agent,lib.nbjavac,lib.nbjshell,lib.nbjshell9,libs.cglib,libs.javacapi,libs.javacimpl,libs.jshell.compile,libs.springframework,maven,maven.checkstyle,maven.coverage,maven.embedder,maven.grammar,maven.graph,maven.hints,maven.htmlui,maven.indexer,maven.indexer.ui,maven.junit,maven.junit.ui,maven.kit,maven.model,maven.osgi,maven.persistence,maven.refactoring,maven.repository,maven.search,maven.spring,nashorn.execution,o.jdesktop.beansbinding,performance,performance.java,projectimport.eclipse.core,projectimport.eclipse.j2se,refactoring.java,selenium2.java,selenium2.maven,spellchecker.bindings.java,spi.debugger.jpda.ui,spi.java.hints,spring.beans,testng,testng.ant,testng.maven,testng.ui,websvc.jaxws21,websvc.jaxws21api,websvc.saas.codegen.java,whitelist,xml.jaxb,xml.tools.java" />
    <property name="hudson.XDG_RUNTIME_DIR" value="/run/user/1000" />
    <property name="lib.profiler.ui.dir" value="/home/ubuntu/tools/main/nbbuild/netbeans/profiler" />
    <property name="apisupport.installer.maven.dir" value="/home/ubuntu/tools/main/nbbuild/netbeans/apisupport" />
    <property name="localhistory.dir" value="/home/ubuntu/tools/main/nbbuild/netbeans/ide" />
    <property name="libs.commons_fileupload.dir" value="/home/ubuntu/tools/main/nbbuild/netbeans/enterprise" />
    <property name="j2ee.sun.dd.dir" value="/home/ubuntu/tools/main/nbbuild/netbeans/enterprise" />
    <property name="cnd.analysis.api.dir" value="/home/ubuntu/tools/main/nbbuild/netbeans/cnd" />
    <property name="cnd.callgraph.dir" value="/home/ubuntu/tools/main/nbbuild/netbeans/cnd" />
    <property name="terminal.dir" value="/home/ubuntu/tools/main/nbbuild/netbeans/ide" />
    <property name="nb.cluster.identity" value="identity.ant,identity.kit,identity.profile.api,identity.profile.ui,identity.samples,identity.server.manager" />
    <property name="properties.based.dataobjects.dir" value="/home/ubuntu/tools/main/nbbuild/netbeans/javacard" />
    <property name="cnd.modeldiscovery.dir" value="/home/ubuntu/tools/main/nbbuild/netbeans/cnd" />
    <property name="web.struts.dir" value="/home/ubuntu/tools/main/nbbuild/netbeans/enterprise" />
    <property name="project.ant.compat8.dir" value="/home/ubuntu/tools/main/nbbuild/netbeans/ide" />
    <property name="debugger.jpda.ant.dir" value="/home/ubuntu/tools/main/nbbuild/netbeans/java" />
    <property name="web.kit.dir" value="/home/ubuntu/tools/main/nbbuild/netbeans/enterprise" />
    <property name="autoupdate.pluginimporter.dir" value="/home/ubuntu/tools/main/nbbuild/netbeans/nb" />
    <property name="jumpto.dir" value="/home/ubuntu/tools/main/nbbuild/netbeans/ide" />
    <property name="locmakenbm.brands" value="" />
    <property name="glassfish.tooling.dir" value="/home/ubuntu/tools/main/nbbuild/netbeans/enterprise" />
    <property name="websvc.restlib.dir" value="/home/ubuntu/tools/main/nbbuild/netbeans/enterprise" />
    <property name="nb_all" value="/home/ubuntu/tools/main" />
    <property name="editor.codetemplates.dir" value="/home/ubuntu/tools/main/nbbuild/netbeans/ide" />
    <property name="php.smarty.dir" value="/home/ubuntu/tools/main/nbbuild/netbeans/php" />
    <property name="html.knockout.dir" value="/home/ubuntu/tools/main/nbbuild/netbeans/webcommon" />
    <property name="javacard.spi.dir" value="/home/ubuntu/tools/main/nbbuild/netbeans/javacard" />
    <property name="java.j2seproject.dir" value="/home/ubuntu/tools/main/nbbuild/netbeans/java" />
    <property name="moduleCluster.file" value="/home/ubuntu/tools/main/nbbuild/netbeans/moduleCluster.properties" />
    <property name="core.network.dir" value="/home/ubuntu/tools/main/nbbuild/netbeans/platform" />
    <property name="libs.antlr3.runtime.dir" value="/home/ubuntu/tools/main/nbbuild/netbeans/ide" />
    <property name="javahelp.excludes" value="credits.html" />
    <property name="web.indent.dir" value="/home/ubuntu/tools/main/nbbuild/netbeans/ide" />
    <property name="sun.cpu.isalist" value="" />
    <property name="web.browser.api.dir" value="/home/ubuntu/tools/main/nbbuild/netbeans/ide" />
    <property name="test.unit.cp.extra" value="" />
    <property name="profiler.dir" value="/home/ubuntu/tools/main/nbbuild/netbeans/profiler" />
    <property name="nb.cluster.platform.depends" value="nb.cluster.bootstrap" />
    <property name="html.editor.dir" value="/home/ubuntu/tools/main/nbbuild/netbeans/ide" />
    <property name="o.jdesktop.beansbinding.dir" value="/home/ubuntu/tools/main/nbbuild/netbeans/java" />
    <property name="javacard.filemodels.dir" value="/home/ubuntu/tools/main/nbbuild/netbeans/javacard" />
    <property name="xml.schema.completion.dir" value="/home/ubuntu/tools/main/nbbuild/netbeans/ide" />
    <property name="debugger.jpda.projects.dir" value="/home/ubuntu/tools/main/nbbuild/netbeans/java" />
    <property name="spi.quicksearch.dir" value="/home/ubuntu/tools/main/nbbuild/netbeans/platform" />
    <property name="maven.kit.dir" value="/home/ubuntu/tools/main/nbbuild/netbeans/java" />
    <property name="nb.cluster.remote" value="contrib/dew4nb,contrib/json,contrib/remote.project.finder,contrib/remote.server" />
    <property name="testng.dir" value="/home/ubuntu/tools/main/nbbuild/netbeans/java" />
    <property name="websvc.metro.model.dir" value="/home/ubuntu/tools/main/nbbuild/netbeans/enterprise" />
    <property name="libs.asm.dir" value="/home/ubuntu/tools/main/nbbuild/netbeans/platform" />
    <property name="cnd.editor.dir" value="/home/ubuntu/tools/main/nbbuild/netbeans/cnd" />
    <property name="projectapi.dir" value="/home/ubuntu/tools/main/nbbuild/netbeans/ide" />
    <property name="libs.svnClientAdapter.svnkit.dir" value="/home/ubuntu/tools/main/nbbuild/netbeans/ide" />
    <property name="xml.multiview.dir" value="/home/ubuntu/tools/main/nbbuild/netbeans/ide" />
    <property name="hudson.XDG_GREETER_DATA_DIR" value="/var/lib/lightdm-data/ubuntu" />
    <property name="xml.dir" value="/home/ubuntu/tools/main/nbbuild/netbeans/ide" />
    <property name="xml.jaxb.api.dir" value="/home/ubuntu/tools/main/nbbuild/netbeans/ide" />
    <property name="test.timeout" value="600000" />
    <property name="html.custom.dir" value="/home/ubuntu/tools/main/nbbuild/netbeans/ide" />
    <property name="javahelp.search" value="JavaHelpSearch" />
    <property name="maven.model.dir" value="/home/ubuntu/tools/main/nbbuild/netbeans/java" />
    <property name="o.eclipse.equinox.common.dir" value="/home/ubuntu/tools/main/nbbuild/netbeans/ide" />
    <property name="favorites.dir" value="/home/ubuntu/tools/main/nbbuild/netbeans/platform" />
    <property name="java.preprocessorbridge.dir" value="/home/ubuntu/tools/main/nbbuild/netbeans/java" />
    <property name="apisupport.crudsample.dir" value="/home/ubuntu/tools/main/nbbuild/netbeans/apisupport" />
    <property name="gsf.testrunner.dir" value="/home/ubuntu/tools/main/nbbuild/netbeans/ide" />
    <property name="openide.execution.dir" value="/home/ubuntu/tools/main/nbbuild/netbeans/platform" />
    <property name="core.osgi.dir" value="/home/ubuntu/tools/main/nbbuild/netbeans/platform" />
    <property name="hudson.DBUS_SESSION_BUS_ADDRESS" value="unix:abstract=/tmp/dbus-SKviILkFzG" />
    <property name="javascript2.debug.dir" value="/home/ubuntu/tools/main/nbbuild/netbeans/ide" />
    <property name="dlight.nativeexecution.nb.dir" value="/home/ubuntu/tools/main/nbbuild/netbeans/ide" />
    <property name="nb.cluster.ergonomics.depends" value="nb.cluster.ide,nb.cluster.platform" />
    <property name="javacard.common.dir" value="/home/ubuntu/tools/main/nbbuild/netbeans/javacard" />
    <property name="mobility.databindingme.dir" value="/home/ubuntu/tools/main/nbbuild/netbeans/mobility" />
    <property name="o.apache.commons.lang.dir" value="/home/ubuntu/tools/main/nbbuild/netbeans/ide" />
    <property name="git.dir" value="/home/ubuntu/tools/main/nbbuild/netbeans/ide" />
    <property name="selenium2.webclient.dir" value="/home/ubuntu/tools/main/nbbuild/netbeans/webcommon" />
    <property name="test.unit.folder" value="/home/ubuntu/tools/main/nbbuild/build/testdist/unit/platform/org-openide-awt" />
    <property name="dlight.nativeexecution.dir" value="/home/ubuntu/tools/main/nbbuild/netbeans/ide" />
    <property name="build.test.unit.dir" value="/home/ubuntu/tools/main/openide.awt/build/test/unit" />
    <property name="hudson.CLUTTER_IM_MODULE" value="xim" />
    <property name="hudson.SSH_AUTH_SOCK" value="/run/user/1000/keyring-RhzWJt/ssh" />
    <property name="db.dataview.dir" value="/home/ubuntu/tools/main/nbbuild/netbeans/ide" />
    <property name="test.qa-functional.out.folder" value="/home/ubuntu/tools/main/nbbuild/build/testdist/qa-functional/platform/org-openide-awt" />
    <property name="cnd.toolchain.dir" value="/home/ubuntu/tools/main/nbbuild/netbeans/cnd" />
    <property name="nb.cluster.php.dir" value="php" />
    <property name="libs.smack.dir" value="/home/ubuntu/tools/main/nbbuild/netbeans/ide" />
    <property name="cnd.indexing.dir" value="/home/ubuntu/tools/main/nbbuild/netbeans/cnd" />
    <property name="web.jsf12.dir" value="/home/ubuntu/tools/main/nbbuild/netbeans/enterprise" />
    <property name="hudson.HOME" value="/root" />
    <property name="user.language" value="en" />
    <property name="test.unit.run.cp.short" value="${netbeans.dest.dir}/platform/modules/org-netbeans-libs-junit4.jar:\&#xa;${netbeans.dest.dir}/harness/modules/org-netbeans-insane.jar:\&#xa;${netbeans.dest.dir}/platform/lib/org-openide-util-lookup.jar:\&#xa;${netbeans.dest.dir}/harness/modules/org-netbeans-modules-nbjunit.jar:\&#xa;${netbeans.dest.dir}/platform/core/org-openide-filesystems.jar:\&#xa;${test.dist.dir}/unit/platform/org-openide-util-lookup/tests.jar:\&#xa;${netbeans.dest.dir}/platform/modules/org-openide-awt.jar:\&#xa;${netbeans.dest.dir}/platform/modules/org-netbeans-api-annotations-common.jar:\&#xa;${netbeans.dest.dir}/platform/lib/org-openide-util.jar:\&#xa;${netbeans.dest.dir}/platform/lib/org-openide-util-ui.jar" />
    <property name="options.keymap.dir" value="/home/ubuntu/tools/main/nbbuild/netbeans/platform" />
    <property name="javac.source" value="1.6" />
    <property name="j2ee.jboss4.dir" value="/home/ubuntu/tools/main/nbbuild/netbeans/enterprise" />
    <property name="cnd.model.jclank.bridge.dir" value="/home/ubuntu/tools/main/nbbuild/netbeans/cnd" />
    <property name="extra.module.files" value="" />
    <property name="validation.nb.cluster.platform" value="o.n.core,core.windows,javahelp" />
    <property name="j2ee.kit.dir" value="/home/ubuntu/tools/main/nbbuild/netbeans/enterprise" />
    <property name="maven.junit.ui.dir" value="/home/ubuntu/tools/main/nbbuild/netbeans/java" />
    <property name="javadoc.dir" value="/home/ubuntu/tools/main/nbbuild/netbeans/java" />
    <property name="form.nb.dir" value="/home/ubuntu/tools/main/nbbuild/netbeans/java" />
    <property name="openide.io.dir" value="/home/ubuntu/tools/main/nbbuild/netbeans/platform" />
    <property name="libs.jstl.dir" value="/home/ubuntu/tools/main/nbbuild/netbeans/enterprise" />
    <property name="apisupport.kit.dir" value="/home/ubuntu/tools/main/nbbuild/netbeans/apisupport" />
    <property name="module.build.started.time" value="2018-08-21T22:00:42.747-0700" />
    <property name="java.module.graph.dir" value="/home/ubuntu/tools/main/nbbuild/netbeans/java" />
    <property name="web.client.kit.dir" value="/home/ubuntu/tools/main/nbbuild/netbeans/webcommon" />
    <property name="spi.editor.hints.projects.dir" value="/home/ubuntu/tools/main/nbbuild/netbeans/ide" />
    <property name="core.browser.webview.dir" value="/home/ubuntu/tools/main/nbbuild/netbeans/ide" />
    <property name="java.vm.specification.vendor" value="Oracle Corporation" />
    <property name="javahelp.jar.basename" value="org-openide-awt.jar" />
    <property name="test-qa-functional-sys-prop.cluster.path.final" value="/home/ubuntu/tools/main/nbbuild/netbeans/platform:/home/ubuntu/tools/main/nbbuild/netbeans/ide:/home/ubuntu/tools/main/nbbuild/netbeans/java:/home/ubuntu/tools/main/nbbuild/netbeans/apisupport:/home/ubuntu/tools/main/nbbuild/netbeans/enterprise:/home/ubuntu/tools/main/nbbuild/netbeans/ergonomics:/home/ubuntu/tools/main/nbbuild/netbeans/nb:/home/ubuntu/tools/main/nbbuild/netbeans/harness:/home/ubuntu/tools/main/nbbuild/netbeans/profiler:/home/ubuntu/tools/main/nbbuild/netbeans/php:/home/ubuntu/tools/main/nbbuild/netbeans/groovy:/home/ubuntu/tools/main/nbbuild/netbeans/mobility:/home/ubuntu/tools/main/nbbuild/netbeans/identity:/home/ubuntu/tools/main/nbbuild/netbeans/cnd:/home/ubuntu/tools/main/nbbuild/netbeans/cndext:/home/ubuntu/tools/main/nbbuild/netbeans/dlight:/home/ubuntu/tools/main/nbbuild/netbeans/extra:/home/ubuntu/tools/main/nbbuild/netbeans/extide:/home/ubuntu/tools/main/nbbuild/netbeans/webcommon:/home/ubuntu/tools/main/nbbuild/netbeans/websvccommon:/home/ubuntu/tools/main/nbbuild/netbeans/javacard:/home/ubuntu/tools/main/nbbuild/netbeans/javafx:/home/ubuntu/tools/main/nbbuild/netbeans/platform" />
    <property name="module.files.toString" value="patternSet{ includes: [modules/org-openide-awt.jar, modules/docs/org-openide-awt.jar:if-&gt;has.javahelp, config/Modules/org-openide-awt.xml, config/ModuleAutoDeps/org-openide-awt.xml:if-&gt;has.module.auto.deps, ant/nblib/org-openide-awt.jar] excludes: [] }" />
    <property name="parsing.api.dir" value="/home/ubuntu/tools/main/nbbuild/netbeans/ide" />
    <property name="web.common.dir" value="/home/ubuntu/tools/main/nbbuild/netbeans/ide" />
    <property name="websvc.kit.dir" value="/home/ubuntu/tools/main/nbbuild/netbeans/enterprise" />
    <property name="ant.version" value="Apache Ant(TM) version 1.9.3 compiled on April 8 2014" />
    <property name="php.symfony.dir" value="/home/ubuntu/tools/main/nbbuild/netbeans/php" />
    <property name="editor.deprecated.pre65formatting.dir" value="/home/ubuntu/tools/main/nbbuild/netbeans/ide" />
    <property name="nb.cluster.team.depends" value="nb.cluster.harness,nb.cluster.platform,nb.cluster.ide" />
    <property name="web.primefaces.dir" value="/home/ubuntu/tools/main/nbbuild/netbeans/enterprise" />
    <property name="core.kit.dir" value="/home/ubuntu/tools/main/nbbuild/netbeans/platform" />
    <property name="hibernateweb.dir" value="/home/ubuntu/tools/main/nbbuild/netbeans/enterprise" />
    <property name="remotefs.versioning.api.dir" value="/home/ubuntu/tools/main/nbbuild/netbeans/dlight" />
    <property name="web.jsf20.dir" value="/home/ubuntu/tools/main/nbbuild/netbeans/enterprise" />
    <property name="hudson.TEXTDOMAIN" value="im-config" />
    <property name="test.unit.out.folder" value="/home/ubuntu/tools/main/nbbuild/build/testdist/unit/platform/org-openide-awt" />
    <property name="tomcat5.dir" value="/home/ubuntu/tools/main/nbbuild/netbeans/enterprise" />
    <property name="javaee.beanvalidation.dir" value="/home/ubuntu/tools/main/nbbuild/netbeans/enterprise" />
    <property name="php.api.executable.dir" value="/home/ubuntu/tools/main/nbbuild/netbeans/php" />
    <property name="build.test.unit.classes.dir" value="/home/ubuntu/tools/main/openide.awt/build/test/unit/classes" />
    <property name="groovy.gsp.dir" value="/home/ubuntu/tools/main/nbbuild/netbeans/groovy" />
    <property name="css.visual.dir" value="/home/ubuntu/tools/main/nbbuild/netbeans/ide" />
    <property name="html.parser.dir" value="/home/ubuntu/tools/main/nbbuild/netbeans/ide" />
    <property name="javafx2.project.dir" value="/home/ubuntu/tools/main/nbbuild/netbeans/javafx" />
    <property name="spi.java.hints.dir" value="/home/ubuntu/tools/main/nbbuild/netbeans/java" />
    <property name="i18n.form.dir" value="/home/ubuntu/tools/main/nbbuild/netbeans/java" />
    <property name="cloud.common.dir" value="/home/ubuntu/tools/main/nbbuild/netbeans/enterprise" />
    <property name="mobility.project.ant.dir" value="/home/ubuntu/tools/main/nbbuild/netbeans/mobility" />
    <property name="groovy.support.dir" value="/home/ubuntu/tools/main/nbbuild/netbeans/groovy" />
    <property name="projectimport.eclipse.j2se.dir" value="/home/ubuntu/tools/main/nbbuild/netbeans/java" />
    <property name="java.runtime.name" value="Java(TM) SE Runtime Environment" />
    <property name="o.apache.xml.resolver.dir" value="/home/ubuntu/tools/main/nbbuild/netbeans/ide" />
    <property name="j2ee.genericserver.dir" value="/home/ubuntu/tools/main/nbbuild/netbeans/enterprise" />
    <property name="versioning.core.dir" value="/home/ubuntu/tools/main/nbbuild/netbeans/ide" />
    <property name="profiler.nbmodule.dir" value="/home/ubuntu/tools/main/nbbuild/netbeans/profiler" />
    <property name="requires.nb.javac" value="true" />
    <property name="java.platform.ui.dir" value="/home/ubuntu/tools/main/nbbuild/netbeans/java" />
    <property name="hudson.LESSOPEN" value="| /usr/bin/lesspipe %s" />
    <property name="performance.dir" value="/home/ubuntu/tools/main/nbbuild/netbeans/java" />
    <property name="test.qa-functional.compile.cp" value="/home/ubuntu/tools/main/nbbuild/netbeans/platform/modules/org-netbeans-libs-junit4.jar:/home/ubuntu/tools/main/nbbuild/netbeans/harness/modules/org-netbeans-modules-nbjunit.jar:/home/ubuntu/tools/main/nbbuild/netbeans/harness/modules/org-netbeans-insane.jar:/home/ubuntu/tools/main/nbbuild/netbeans/java/modules/org-netbeans-modules-java-j2seproject.jar:/home/ubuntu/tools/main/nbbuild/build/testdist/qa-functional/java/org-netbeans-modules-java-j2seproject/tests.jar:/home/ubuntu/tools/main/nbbuild/build/testdist/unit/java/org-netbeans-modules-java-j2seproject/tests.jar:/home/ubuntu/tools/main/nbbuild/netbeans/harness/modules/org-netbeans-modules-jemmy.jar" />
    <property name="html.ojet.dir" value="/home/ubuntu/tools/main/nbbuild/netbeans/webcommon" />
    <property name="editor.search.dir" value="/home/ubuntu/tools/main/nbbuild/netbeans/ide" />
    <property name="api.annotations.common.dir" value="/home/ubuntu/tools/main/nbbuild/netbeans/platform" />
    <property name="maven.j2ee.dir" value="/home/ubuntu/tools/main/nbbuild/netbeans/enterprise" />
    <property name="javadoc.apichanges" value="/home/ubuntu/tools/main/openide.awt/apichanges.xml" />
    <property name="editor.mimelookup.impl.dir" value="/home/ubuntu/tools/main/nbbuild/netbeans/platform" />
    <property name="sun.boot.library.path" value="/usr/lib/jvm/java-8-oracle/jre/lib/amd64" />
    <property name="libs.svnClientAdapter.javahl.dir" value="/home/ubuntu/tools/main/nbbuild/netbeans/ide" />
    <property name="testng.ant.dir" value="/home/ubuntu/tools/main/nbbuild/netbeans/java" />
    <property name="spellchecker.bindings.properties.dir" value="/home/ubuntu/tools/main/nbbuild/netbeans/ide" />
    <property name="javascript2.jquery.dir" value="/home/ubuntu/tools/main/nbbuild/netbeans/webcommon" />
    <property name="bugzilla.exceptionreporter.dir" value="/home/ubuntu/tools/main/nbbuild/netbeans/nb" />
    <property name="have-custom-javac-task" value="true" />
    <property name="websvc.saas.services.amazon.dir" value="/home/ubuntu/tools/main/nbbuild/netbeans/websvccommon" />
    <property name="sampler.dir" value="/home/ubuntu/tools/main/nbbuild/netbeans/platform" />
    <property name="hudson.SHELL" value="/bin/bash" />
    <property name="dist.base.structured" value="http://deadlock.netbeans.org/job/nbms-and-javadoc/lastStableBuild/artifact/nbbuild/nbms" />
    <property name="websvc.saas.ui.dir" value="/home/ubuntu/tools/main/nbbuild/netbeans/websvccommon" />
    <property name="nb.cluster.dlight.dir" value="dlight" />
    <property name="mobility.end2end.dir" value="/home/ubuntu/tools/main/nbbuild/netbeans/mobility" />
    <property name="openide.text.dir" value="/home/ubuntu/tools/main/nbbuild/netbeans/platform" />
    <property name="spi.debugger.ui.dir" value="/home/ubuntu/tools/main/nbbuild/netbeans/ide" />
    <property name="parsing.indexing.dir" value="/home/ubuntu/tools/main/nbbuild/netbeans/ide" />
    <property name="editor.mimelookup.dir" value="/home/ubuntu/tools/main/nbbuild/netbeans/platform" />
    <property name="module.run.classpath" value="/home/ubuntu/tools/main/nbbuild/netbeans/platform/modules/org-netbeans-api-annotations-common.jar:/home/ubuntu/tools/main/nbbuild/netbeans/platform/core/org-openide-filesystems.jar:/home/ubuntu/tools/main/nbbuild/netbeans/platform/lib/org-openide-util.jar:/home/ubuntu/tools/main/nbbuild/netbeans/platform/lib/org-openide-util-lookup.jar:/home/ubuntu/tools/main/nbbuild/netbeans/platform/lib/org-openide-util-ui.jar:/home/ubuntu/tools/main/nbbuild/netbeans/platform/lib/org-openide-util.jar:/home/ubuntu/tools/main/nbbuild/netbeans/platform/lib/org-openide-util-lookup.jar:/home/ubuntu/tools/main/nbbuild/netbeans/platform/lib/org-openide-util.jar:/home/ubuntu/tools/main/nbbuild/netbeans/platform/lib/org-openide-util-lookup.jar:/home/ubuntu/tools/main/nbbuild/netbeans/platform/lib/org-openide-util-lookup.jar" />
    <property name="profiler.freeform.dir" value="/home/ubuntu/tools/main/nbbuild/netbeans/profiler" />
    <property name="libs.commons_net.dir" value="/home/ubuntu/tools/main/nbbuild/netbeans/ide" />
    <property name="hudson.XDG_SEAT" value="seat0" />
    <property name="openide.dialogs.dir" value="/home/ubuntu/tools/main/nbbuild/netbeans/platform" />
    <property name="lib.jshell.agent.dir" value="/home/ubuntu/tools/main/nbbuild/netbeans/java" />
    <property name="o.jdesktop.layout.dir" value="/home/ubuntu/tools/main/nbbuild/netbeans/platform" />
    <property name="languages.neon.dir" value="/home/ubuntu/tools/main/nbbuild/netbeans/php" />
    <property name="ant.file.projectized" value="/home/ubuntu/tools/main/nbbuild/templates/projectized.xml" />
    <property name="libs.svnClientAdapter.dir" value="/home/ubuntu/tools/main/nbbuild/netbeans/ide" />
    <property name="release.dir" value="/home/ubuntu/tools/main/openide.awt/release" />
    <property name="java.guards.dir" value="/home/ubuntu/tools/main/nbbuild/netbeans/java" />
    <property name="css.prep.dir" value="/home/ubuntu/tools/main/nbbuild/netbeans/ide" />
    <property name="test.unit.compile.cp" value="/home/ubuntu/tools/main/nbbuild/netbeans/platform/modules/org-netbeans-libs-junit4.jar:/home/ubuntu/tools/main/nbbuild/netbeans/harness/modules/org-netbeans-insane.jar:/home/ubuntu/tools/main/nbbuild/netbeans/platform/lib/org-openide-util-lookup.jar:/home/ubuntu/tools/main/nbbuild/netbeans/harness/modules/org-netbeans-modules-nbjunit.jar:/home/ubuntu/tools/main/nbbuild/netbeans/platform/core/org-openide-filesystems.jar:/home/ubuntu/tools/main/nbbuild/build/testdist/unit/platform/org-openide-util-lookup/tests.jar" />
    <property name="selenium2.java.dir" value="/home/ubuntu/tools/main/nbbuild/netbeans/java" />
    <property name="nb.cluster.php.depends" value="nb.cluster.platform,nb.cluster.ide,nb.cluster.extide,nb.cluster.webcommon,nb.cluster.websvccommon" />
    <property name="libs.jvyamlb.dir" value="/home/ubuntu/tools/main/nbbuild/netbeans/ide" />
    <property name="java.specification.name" value="Java Platform API Specification" />
    <property name="hudson.dir" value="/home/ubuntu/tools/main/nbbuild/netbeans/ide" />
    <property name="java.vendor.url.bug" value="http://bugreport.sun.com/bugreport/" />
    <property name="nb.cluster.harness.depends" value="nb.cluster.platform" />
    <property name="websvc.saas.services.zillow.dir" value="/home/ubuntu/tools/main/nbbuild/netbeans/websvccommon" />
    <property name="validation.nb.cluster.ide" value="ide.kit" />
    <property name="php.samples.dir" value="/home/ubuntu/tools/main/nbbuild/netbeans/php" />
    <property name="project.indexingbridge.dir" value="/home/ubuntu/tools/main/nbbuild/netbeans/ide" />
    <property name="clusters.config.dlight.list" value="nb.cluster.platform,nb.cluster.harness,nb.cluster.ide,nb.cluster.dlight,nb.cluster.nb" />
    <property name="servletjspapi.dir" value="/home/ubuntu/tools/main/nbbuild/netbeans/enterprise" />
    <property name="nbjdk.home" value="/usr/lib/jvm/java-8-oracle" />
    <property name="o.eclipse.mylyn.commons.xmlrpc.dir" value="/home/ubuntu/tools/main/nbbuild/netbeans/ide" />
    <property name="ko4j.debugging.dir" value="/home/ubuntu/tools/main/nbbuild/netbeans/enterprise" />
    <property name="websvc.wsitmodelext.dir" value="/home/ubuntu/tools/main/nbbuild/netbeans/enterprise" />
    <property name="maven.junit.dir" value="/home/ubuntu/tools/main/nbbuild/netbeans/java" />
    <property name="ant.java.version" value="1.8" />
    <property name="csl.api.dir" value="/home/ubuntu/tools/main/nbbuild/netbeans/ide" />
    <property name="test-qa-functional-sys-prop.branding.token" value="nb" />
    <property name="projectui.buildmenu.dir" value="/home/ubuntu/tools/main/nbbuild/netbeans/ide" />
    <property name="cnd.model.services.dir" value="/home/ubuntu/tools/main/nbbuild/netbeans/cnd" />
    <property name="java.source.queries.dir" value="/home/ubuntu/tools/main/nbbuild/netbeans/java" />
    <property name="javascript2.knockout.dir" value="/home/ubuntu/tools/main/nbbuild/netbeans/webcommon" />
    <property name="locales" value="" />
    <property name="nb.cluster.remote.dir" value="extra" />
    <property name="build.compiler.optimize" value="off" />
    <property name="j2eeserver.dir" value="/home/ubuntu/tools/main/nbbuild/netbeans/enterprise" />
    <property name="api.progress.nb.dir" value="/home/ubuntu/tools/main/nbbuild/netbeans/platform" />
    <property name="hudson.mercurial.dir" value="/home/ubuntu/tools/main/nbbuild/netbeans/ide" />
    <property name="cnd.qnavigator.dir" value="/home/ubuntu/tools/main/nbbuild/netbeans/cnd" />
    <property name="websvc.design.dir" value="/home/ubuntu/tools/main/nbbuild/netbeans/enterprise" />
    <property name="i18n.dir" value="/home/ubuntu/tools/main/nbbuild/netbeans/java" />
    <property name="profiler.oql.dir" value="/home/ubuntu/tools/main/nbbuild/netbeans/profiler" />
    <property name="nb.cluster.betauc.dir" value="extra" />
    <property name="o.eclipse.mylyn.tasks.core.dir" value="/home/ubuntu/tools/main/nbbuild/netbeans/ide" />
    <property name="tasklist.ui.dir" value="/home/ubuntu/tools/main/nbbuild/netbeans/ide" />
    <property name="libs.javacup.dir" value="/home/ubuntu/tools/main/nbbuild/netbeans/php" />
    <property name="c.jcraft.jsch.dir" value="/home/ubuntu/tools/main/nbbuild/netbeans/ide" />
    <property name="nb.cluster.odcs.depends" value="" />
    <property name="debugger.jpda.kit.dir" value="/home/ubuntu/tools/main/nbbuild/netbeans/java" />
    <property name="build.compiler.debuglevel" value="source,lines,vars" />
    <property name="masterfs.ui.dir" value="/home/ubuntu/tools/main/nbbuild/netbeans/platform" />
    <property name="javacard.apdufile.dir" value="/home/ubuntu/tools/main/nbbuild/netbeans/javacard" />
    <property name="nb.cluster.profiler.depends" value="nb.cluster.ide,nb.cluster.java,nb.cluster.extide,nb.cluster.platform" />
    <property name="hudson.GRADLE_HOME" value="/opt/gradle-2.8/" />
    <property name="javacard.project.dir" value="/home/ubuntu/tools/main/nbbuild/netbeans/javacard" />
    <property name="net.java.html.boot.dir" value="/home/ubuntu/tools/main/nbbuild/netbeans/platform" />
    <property name="j2me.common.ant.dir" value="/home/ubuntu/tools/main/nbbuild/netbeans/mobility" />
    <property name="jnlp.dest.dir" value="/home/ubuntu/tools/main/nbbuild/build/jnlp" />
    <property name="web.jspparser.dir" value="/home/ubuntu/tools/main/nbbuild/netbeans/enterprise" />
    <property name="autoupdate.cli.dir" value="/home/ubuntu/tools/main/nbbuild/netbeans/platform" />
    <property name="j2ee.ejbcore.dir" value="/home/ubuntu/tools/main/nbbuild/netbeans/enterprise" />
    <property name="j2ee.platform.dir" value="/home/ubuntu/tools/main/nbbuild/netbeans/enterprise" />
    <property name="nb.cluster.websvccommon.dir" value="websvccommon" />
    <property name="validation.nb.cluster.ergonomics" value="ide.ergonomics" />
    <property name="j2ee.clientproject.dir" value="/home/ubuntu/tools/main/nbbuild/netbeans/enterprise" />
    <property name="whitelist.dir" value="/home/ubuntu/tools/main/nbbuild/netbeans/java" />
    <property name="build.test.qa-functional.dir" value="/home/ubuntu/tools/main/openide.awt/build/test/qa-functional" />
    <property name="hudson.maven.dir" value="/home/ubuntu/tools/main/nbbuild/netbeans/java" />
    <property name="cnd.testrunner.dir" value="/home/ubuntu/tools/main/nbbuild/netbeans/cnd" />
    <property name="clusters.config.enterprise.list" value="nb.cluster.harness,nb.cluster.bootstrap,nb.cluster.platform,nb.cluster.ide,nb.cluster.extide,nb.cluster.websvccommon,nb.cluster.java,nb.cluster.javafx,nb.cluster.profiler,nb.cluster.nb,nb.cluster.webcommon,nb.cluster.enterprise" />
    <property name="clusters.config.experimental.list" value="nb.cluster.identity,nb.cluster.cnd,nb.cluster.cndext,nb.cluster.dlight,nb.cluster.groovy,nb.cluster.javacard,nb.cluster.mobility,nb.cluster.php,nb.cluster.harness,nb.cluster.bootstrap,nb.cluster.platform,nb.cluster.ide,nb.cluster.extide,nb.cluster.websvccommon,nb.cluster.java,nb.cluster.javafx,nb.cluster.profiler,nb.cluster.nb,nb.cluster.apisupport,nb.cluster.webcommon,nb.cluster.enterprise,nb.cluster.ergonomics,nb.cluster.jira,nb.cluster.team,nb.cluster.experimental" />
    <property name="libs.cglib.dir" value="/home/ubuntu/tools/main/nbbuild/netbeans/java" />
    <property name="javafx2.editor.dir" value="/home/ubuntu/tools/main/nbbuild/netbeans/javafx" />
    <property name="cnd.makeproject.dir" value="/home/ubuntu/tools/main/nbbuild/netbeans/cnd" />
    <property name="lexer.dir" value="/home/ubuntu/tools/main/nbbuild/netbeans/ide" />
    <property name="editor.indent.support.dir" value="/home/ubuntu/tools/main/nbbuild/netbeans/ide" />
    <property name="core.output2.dir" value="/home/ubuntu/tools/main/nbbuild/netbeans/platform" />
    <property name="ant.project.name" value="openide.awt" />
    <property name="javacard.kit.dir" value="/home/ubuntu/tools/main/nbbuild/netbeans/javacard" />
    <property name="build.test.unit.results.dir" value="/home/ubuntu/tools/main/openide.awt/build/test/unit/results" />
    <property name="run.test.type" value="unit" />
    <property name="hudson.XDG_VTNR" value="7" />
    <property name="apisupport.feedreader.dir" value="/home/ubuntu/tools/main/nbbuild/netbeans/apisupport" />
    <property name="cluster" value="/home/ubuntu/tools/main/nbbuild/netbeans/platform" />
    <property name="nb.cluster.cndext" value="cnd.mixeddev" />
    <property name="web.el.dir" value="/home/ubuntu/tools/main/nbbuild/netbeans/enterprise" />
    <property name="xml.text.obsolete90.dir" value="/home/ubuntu/tools/main/nbbuild/netbeans/ide" />
    <property name="test-unit-sys-prop.branding.token" value="nb" />
    <property name="db.sql.visualeditor.dir" value="/home/ubuntu/tools/main/nbbuild/netbeans/ide" />
    <property name="hudson.LS_COLORS" value="rs=0:di=01;34:ln=01;36:mh=00:pi=40;33:so=01;35:do=01;35:bd=40;33;01:cd=40;33;01:or=40;31;01:su=37;41:sg=30;43:ca=30;41:tw=30;42:ow=34;42:st=37;44:ex=01;32:*.tar=01;31:*.tgz=01;31:*.arj=01;31:*.taz=01;31:*.lzh=01;31:*.lzma=01;31:*.tlz=01;31:*.txz=01;31:*.zip=01;31:*.z=01;31:*.Z=01;31:*.dz=01;31:*.gz=01;31:*.lz=01;31:*.xz=01;31:*.bz2=01;31:*.bz=01;31:*.tbz=01;31:*.tbz2=01;31:*.tz=01;31:*.deb=01;31:*.rpm=01;31:*.jar=01;31:*.war=01;31:*.ear=01;31:*.sar=01;31:*.rar=01;31:*.ace=01;31:*.zoo=01;31:*.cpio=01;31:*.7z=01;31:*.rz=01;31:*.jpg=01;35:*.jpeg=01;35:*.gif=01;35:*.bmp=01;35:*.pbm=01;35:*.pgm=01;35:*.ppm=01;35:*.tga=01;35:*.xbm=01;35:*.xpm=01;35:*.tif=01;35:*.tiff=01;35:*.png=01;35:*.svg=01;35:*.svgz=01;35:*.mng=01;35:*.pcx=01;35:*.mov=01;35:*.mpg=01;35:*.mpeg=01;35:*.m2v=01;35:*.mkv=01;35:*.webm=01;35:*.ogm=01;35:*.mp4=01;35:*.m4v=01;35:*.mp4v=01;35:*.vob=01;35:*.qt=01;35:*.nuv=01;35:*.wmv=01;35:*.asf=01;35:*.rm=01;35:*.rmvb=01;35:*.flc=01;35:*.avi=01;35:*.fli=01;35:*.flv=01;35:*.gl=01;35:*.dl=01;35:*.xcf=01;35:*.xwd=01;35:*.yuv=01;35:*.cgm=01;35:*.emf=01;35:*.axv=01;35:*.anx=01;35:*.ogv=01;35:*.ogx=01;35:*.aac=00;36:*.au=00;36:*.flac=00;36:*.mid=00;36:*.midi=00;36:*.mka=00;36:*.mp3=00;36:*.mpc=00;36:*.ogg=00;36:*.ra=00;36:*.wav=00;36:*.axa=00;36:*.oga=00;36:*.spx=00;36:*.xspf=00;36:" />
    <property name="nb.cluster.betauc" value="apisupport.apidocs,cloud.oracle,db.mysql.sakila,debugger.jpda.truffle,debugger.jpda.trufflenode,deployment.deviceanywhere,findbugs,j2me.cdc.kit,j2me.cdc.platform,j2me.cdc.platform.nokias80,j2me.cdc.platform.ojec,j2me.cdc.platform.semc,j2me.cdc.platform.sjmc,j2me.cdc.platform.sun,j2me.cdc.project,j2me.cdc.project.execui,j2me.cdc.project.execuiimpl,j2me.cdc.project.nokiaS80,j2me.cdc.project.ojec,j2me.cdc.project.savaje,j2me.cdc.project.semc,j2me.cdc.project.sjmc,jconsole,jmx,jmx.common,libs.aguiswinglayout,libs.findbugs,libs.oracle.cloud,libs.ppawtlayout,loadgenerator,maven.util,mobility.antext,mobility.cldcplatform.catalog,mobility.deployment.ftpscp,mobility.deployment.nokia,mobility.deployment.sonyericsson,mobility.deployment.webdav,mobility.editor,mobility.j2meunit,mobility.kit,mobility.plugins.mpowerplayer,mobility.project,mobility.project.bridge,mobility.project.bridge.impl,mobility.svgcore,mvd,o.apache.tools.ant.module.docs,o.n.swing.laf.dark,otherlicenses/mobility.proguard,profiler.commandrunner,profiler.loadgen,svg.perseus,swingapplib,vmd.analyzer,vmd.codegen,vmd.components.midp,vmd.components.midp.pda,vmd.components.midp.wma,vmd.components.svg,vmd.componentssupport,vmd.examples,vmd.flow,vmd.game,vmd.inspector,vmd.io,vmd.io.javame,vmd.kit,vmd.midp,vmd.midp.converter,vmd.midpnb,vmd.model,vmd.palette,vmd.properties,vmd.screen,vmd.structure,clearcase,coherence,contrib/ant.freeform.samples,contrib/api.workqueues,contrib/apisupport.projectinspector,contrib/autoproject.core,contrib/autoproject.java,contrib/autoproject.profiler,contrib/autoproject.web,contrib/cnd.debugger.gdbserver,contrib/docbook,contrib/docbook.project,contrib/imagepaste,contrib/insertunicode,contrib/j2ee.geronimo2,contrib/j2ee.jetty,contrib/libs.selenium,contrib/libs.selenium.server,contrib/logmanagement,contrib/masterfs.suspend,contrib/modulemanager,contrib/quickfilechooser,contrib/selenium,contrib/selenium.maven,contrib/selenium.php,contrib/selenium.server,o.apache.jmeter.module,websvc.rest.wadl.design,websvc.rest.wadl.model" />
    <property name="profiler.oql.language.dir" value="/home/ubuntu/tools/main/nbbuild/netbeans/profiler" />
    <property name="cnd.api.model.dir" value="/home/ubuntu/tools/main/nbbuild/netbeans/cnd" />
    <property name="o.eclipse.equinox.security.dir" value="/home/ubuntu/tools/main/nbbuild/netbeans/ide" />
    <property name="java.source.queriesimpl.dir" value="/home/ubuntu/tools/main/nbbuild/netbeans/java" />
    <property name="java.io.tmpdir" value="/tmp" />
    <property name="progress.ui.dir" value="/home/ubuntu/tools/main/nbbuild/netbeans/platform" />
    <property name="groovy.antproject.dir" value="/home/ubuntu/tools/main/nbbuild/netbeans/groovy" />
    <property name="ant.file.jdk" value="/home/ubuntu/tools/main/nbbuild/jdk.xml" />
    <property name="netbeans.dest.dir.excludes" value="/home/ubuntu/tools/main/nbbuild/netbeans/extra" />
    <property name="nb.cluster.platform" value="api.annotations.common,api.htmlui,api.intent,api.io,api.progress,api.progress.compat8,api.progress.nb,api.search,api.templates,api.visual,applemenu,autoupdate.cli,autoupdate.services,autoupdate.ui,core.execution,core.io.ui,core.kit,core.multitabs,core.multiview,core.nativeaccess,core.netigso,core.network,core.osgi,core.output2,core.ui,core.windows,editor.mimelookup,editor.mimelookup.impl,favorites,javahelp,junitlib,keyring,keyring.fallback,keyring.impl,lib.uihandler,libs.felix,libs.javafx,libs.jna,libs.jna.platform,libs.jsr223,libs.junit4,libs.osgi,libs.testng,masterfs,masterfs.linux,masterfs.macosx,masterfs.nio2,masterfs.ui,masterfs.windows,net.java.html,net.java.html.boot,net.java.html.boot.fx,net.java.html.boot.script,net.java.html.geo,net.java.html.json,net.java.html.sound,netbinox,o.jdesktop.layout,o.n.core,o.n.html.ko4j,o.n.html.xhr4j,o.n.swing.outline,o.n.swing.plaf,o.n.swing.tabcontrol,openide.actions,openide.awt,openide.compat,openide.dialogs,openide.execution,openide.execution.compat8,openide.explorer,openide.filesystems.compat8,openide.filesystems.nb,openide.io,openide.loaders,openide.nodes,openide.options,openide.text,openide.util.enumerations,openide.windows,options.api,options.keymap,print,progress.ui,queries,sampler,sendopts,settings,spi.actions,spi.quicksearch,templates,templatesui,uihandler" />
    <property name="jar-excludes" value="**/*.java,**/*.form,**/package.html,**/doc-files/" />
    <property name="os.arch" value="amd64" />
    <property name="hudson.git.dir" value="/home/ubuntu/tools/main/nbbuild/netbeans/ide" />
    <property name="retouche.javac.impl" value="/home/ubuntu/tools/main/libs.javacimpl/external/nb-javac-impl.jar" />
    <property name="cnd.spellchecker.bindings.dir" value="/home/ubuntu/tools/main/nbbuild/netbeans/cnd" />
    <property name="j2ee.jpa.verification.dir" value="/home/ubuntu/tools/main/nbbuild/netbeans/java" />
    <property name="websvc.jaxws21api.dir" value="/home/ubuntu/tools/main/nbbuild/netbeans/java" />
    <property name="lib.nbjavac.dir" value="/home/ubuntu/tools/main/nbbuild/netbeans/java" />
    <property name="hudson.GDM_LANG" value="en_US" />
    <property name="projectui.dir" value="/home/ubuntu/tools/main/nbbuild/netbeans/ide" />
    <property name="nb.cluster.java.dir" value="java" />
    <property name="extra.test.libs.short" value="" />
    <property name="javascript2.jsdoc.dir" value="/home/ubuntu/tools/main/nbbuild/netbeans/webcommon" />
    <property name="gsf.testrunner.ui.dir" value="/home/ubuntu/tools/main/nbbuild/netbeans/ide" />
    <property name="line.separator" value="&#xa;" />
    <property name="module.classpath" value="/home/ubuntu/tools/main/nbbuild/build/public-package-jars/org-netbeans-api-annotations-common.jar:/home/ubuntu/tools/main/nbbuild/build/public-package-jars/org-openide-filesystems.jar:/home/ubuntu/tools/main/nbbuild/build/public-package-jars/org-openide-util-ui.jar:/home/ubuntu/tools/main/nbbuild/build/public-package-jars/org-openide-util.jar:/home/ubuntu/tools/main/nbbuild/build/public-package-jars/org-openide-util-lookup.jar" />
    <property name="libs.amazon.dir" value="/home/ubuntu/tools/main/nbbuild/netbeans/enterprise" />
    <property name="ide.ergonomics.dir" value="/home/ubuntu/tools/main/nbbuild/netbeans/ergonomics" />
    <property name="javacard.oberthur.dir" value="/home/ubuntu/tools/main/nbbuild/netbeans/javacard" />
    <property name="editor.kit.dir" value="/home/ubuntu/tools/main/nbbuild/netbeans/ide" />
    <property name="cnd.debugger.common2.dir" value="/home/ubuntu/tools/main/nbbuild/netbeans/cnd" />
    <property name="projectuiapi.dir" value="/home/ubuntu/tools/main/nbbuild/netbeans/ide" />
    <property name="profiler.snaptracer.dir" value="/home/ubuntu/tools/main/nbbuild/netbeans/profiler" />
    <property name="web.jsf.editor.dir" value="/home/ubuntu/tools/main/nbbuild/netbeans/enterprise" />
    <property name="profiler.ppoints.dir" value="/home/ubuntu/tools/main/nbbuild/netbeans/profiler" />
    <property name="editor.dir" value="/home/ubuntu/tools/main/nbbuild/netbeans/ide" />
    <property name="hudson.XFILESEARCHPATH" value="/usr/dt/app-defaults/%L/Dt" />
    <property name="-nb.build.dir-default" value="/home/ubuntu/tools/main/nbbuild/build" />
    <property name="cnd.modelimpl.dir" value="/home/ubuntu/tools/main/nbbuild/netbeans/cnd" />
    <property name="javacard.apdu.io.dir" value="/home/ubuntu/tools/main/nbbuild/netbeans/javacard" />
    <property name="apisupport.paintapp.dir" value="/home/ubuntu/tools/main/nbbuild/netbeans/apisupport" />
    <property name="java.editor.lib.dir" value="/home/ubuntu/tools/main/nbbuild/netbeans/java" />
    <property name="apisupport.refactoring.dir" value="/home/ubuntu/tools/main/nbbuild/netbeans/apisupport" />
    <property name="clusters.config.remote.list" value="nb.cluster.harness,nb.cluster.bootstrap,nb.cluster.platform,nb.cluster.ide,nb.cluster.extide,nb.cluster.websvccommon,nb.cluster.java,nb.cluster.javafx,nb.cluster.profiler,nb.cluster.nb,nb.cluster.remote" />
    <property name="DSTAMP" value="20180821" />
    <property name="keyring.dir" value="/home/ubuntu/tools/main/nbbuild/netbeans/platform" />
    <property name="html.editor.lib.dir" value="/home/ubuntu/tools/main/nbbuild/netbeans/ide" />
    <property name="lib.profiler.dir" value="/home/ubuntu/tools/main/nbbuild/netbeans/profiler" />
    <property name="java.ext.dirs" value="/usr/lib/jvm/java-8-oracle/jre/lib/ext:/usr/java/packages/lib/ext" />
    <property name="editor.document.dir" value="/home/ubuntu/tools/main/nbbuild/netbeans/ide" />
    <property name="tools.jar" value="/usr/lib/jvm/java-8-oracle/lib/tools.jar" />
    <property name="maven.hints.dir" value="/home/ubuntu/tools/main/nbbuild/netbeans/java" />
    <property name="editor.plain.lib.dir" value="/home/ubuntu/tools/main/nbbuild/netbeans/ide" />
    <property name="module.name" value="openide.awt" />
    <property name="libs.testng.dir" value="/home/ubuntu/tools/main/nbbuild/netbeans/platform" />
    <property name="nb.cluster.profiler" value="debugger.jpda.heapwalk,lib.profiler,lib.profiler.charts,lib.profiler.common,lib.profiler.ui,maven.profiler,profiler,profiler.api,profiler.attach,profiler.freeform,profiler.heapwalker,profiler.j2se,profiler.kit,profiler.nbimpl,profiler.nbmodule,profiler.options,profiler.oql,profiler.oql.language,profiler.ppoints,profiler.projectsupport,profiler.snaptracer,profiler.utilities" />
    <property name="hudson.FUSEKI_HOME" value="/opt/fuseki/apache-jena-fuseki-2.3.1/" />
    <property name="nb.cluster.platform.dir" value="platform" />
    <property name="php.atoum.dir" value="/home/ubuntu/tools/main/nbbuild/netbeans/php" />
    <property name="hudson.VTE_VERSION" value="3409" />
    <property name="versioning.masterfs.dir" value="/home/ubuntu/tools/main/nbbuild/netbeans/ide" />
    <property name="cp.extra" value="" />
    <property name="branding.token" value="nb" />
    <property name="j2ee.core.utilities.dir" value="/home/ubuntu/tools/main/nbbuild/netbeans/java" />
    <property name="project.spi.intern.dir" value="/home/ubuntu/tools/main/nbbuild/netbeans/ide" />
    <property name="javafx2.kit.dir" value="/home/ubuntu/tools/main/nbbuild/netbeans/javafx" />
    <property name="websvc.utilities.dir" value="/home/ubuntu/tools/main/nbbuild/netbeans/enterprise" />
    <property name="j2ee.common.dir" value="/home/ubuntu/tools/main/nbbuild/netbeans/enterprise" />
    <property name="clusters.config.basic.list" value="nb.cluster.harness,nb.cluster.bootstrap,nb.cluster.platform,nb.cluster.ide,nb.cluster.extide,nb.cluster.websvccommon,nb.cluster.java,nb.cluster.javafx,nb.cluster.profiler,nb.cluster.nb,nb.cluster.apisupport" />
    <property name="image.dir" value="/home/ubuntu/tools/main/nbbuild/netbeans/ide" />
    <property name="editor.settings.lib.dir" value="/home/ubuntu/tools/main/nbbuild/netbeans/ide" />
    <property name="versioning.util.dir" value="/home/ubuntu/tools/main/nbbuild/netbeans/ide" />
    <property name="groovy.refactoring.dir" value="/home/ubuntu/tools/main/nbbuild/netbeans/groovy" />
    <property name="nb.cluster.dlight" value="dlight.kit,dlight.libs.common,dlight.remote,dlight.remote.impl,dlight.remote.ui,dlight.sendto,git.remote,git.remote.cli,mercurial.remote,remotefs.versioning,remotefs.versioning.api,subversion.remote" />
    <property name="path.separator" value=":" />
    <property name="javascript2.editor.dir" value="/home/ubuntu/tools/main/nbbuild/netbeans/webcommon" />
    <property name="o.eclipse.mylyn.wikitext.textile.core.dir" value="/home/ubuntu/tools/main/nbbuild/netbeans/ide" />
    <property name="build.package.index" value="false" />
    <property name="xml.catalog.ui.dir" value="/home/ubuntu/tools/main/nbbuild/netbeans/ide" />
    <property name="cloud.amazon.dir" value="/home/ubuntu/tools/main/nbbuild/netbeans/enterprise" />
    <property name="settings.dir" value="/home/ubuntu/tools/main/nbbuild/netbeans/platform" />
    <property name="java.hints.legacy.spi.dir" value="/home/ubuntu/tools/main/nbbuild/netbeans/java" />
    <property name="spi.debugger.jpda.ui.dir" value="/home/ubuntu/tools/main/nbbuild/netbeans/java" />
    <property name="sun.desktop" value="gnome" />
    <property name="java.vm.vendor" value="Oracle Corporation" />
    <property name="libs.jna.platform.dir" value="/home/ubuntu/tools/main/nbbuild/netbeans/platform" />
    <property name="bugtracking.bridge.dir" value="/home/ubuntu/tools/main/nbbuild/netbeans/ide" />
    <property name="java.home.parent" value="/usr/lib/jvm/java-8-oracle" />
    <property name="websvc.editor.hints.dir" value="/home/ubuntu/tools/main/nbbuild/netbeans/enterprise" />
    <property name="netbeans.javadoc.dir" value="/home/ubuntu/tools/main/nbbuild/build/javadoc" />
    <property name="apisupport.osgidemo.dir" value="/home/ubuntu/tools/main/nbbuild/netbeans/apisupport" />
    <property name="uihandler.exceptionreporter.dir" value="/home/ubuntu/tools/main/nbbuild/netbeans/nb" />
    <property name="maven.search.dir" value="/home/ubuntu/tools/main/nbbuild/netbeans/java" />
    <property name="file.encoding" value="UTF-8" />
    <property name="net.java.html.boot.fx.dir" value="/home/ubuntu/tools/main/nbbuild/netbeans/platform" />
    <property name="java.source.dir" value="/home/ubuntu/tools/main/nbbuild/netbeans/java" />
    <property name="nbjdk.home.defaulted" value="true" />
    <property name="web.jsf.kit.dir" value="/home/ubuntu/tools/main/nbbuild/netbeans/enterprise" />
    <property name="javascript2.requirejs.dir" value="/home/ubuntu/tools/main/nbbuild/netbeans/webcommon" />
    <property name="nbm.release.date" value="" />
    <property name="docker.ui.dir" value="/home/ubuntu/tools/main/nbbuild/netbeans/ide" />
    <property name="release.files" value="" />
    <property name="java.editor.base.dir" value="/home/ubuntu/tools/main/nbbuild/netbeans/java" />
    <property name="hudson.ui.dir" value="/home/ubuntu/tools/main/nbbuild/netbeans/ide" />
    <property name="form.kit.dir" value="/home/ubuntu/tools/main/nbbuild/netbeans/java" />
    <property name="lexer.nbbridge.dir" value="/home/ubuntu/tools/main/nbbuild/netbeans/ide" />
    <property name="findbugs.installer.dir" value="/home/ubuntu/tools/main/nbbuild/netbeans/java" />
    <property name="java.lexer.dir" value="/home/ubuntu/tools/main/nbbuild/netbeans/java" />
    <property name="api.knockout.dir" value="/home/ubuntu/tools/main/nbbuild/netbeans/webcommon" />
    <property name="cnd.dwarfdiscovery.dir" value="/home/ubuntu/tools/main/nbbuild/netbeans/cnd" />
    <property name="extbrowser.dir" value="/home/ubuntu/tools/main/nbbuild/netbeans/ide" />
    <property name="libs.bytelist.dir" value="/home/ubuntu/tools/main/nbbuild/netbeans/ide" />
    <property name="derby.dir" value="/home/ubuntu/tools/main/nbbuild/netbeans/ide" />
    <property name="utilities.dir" value="/home/ubuntu/tools/main/nbbuild/netbeans/ide" />
    <property name="html.lexer.dir" value="/home/ubuntu/tools/main/nbbuild/netbeans/ide" />
    <property name="j2eeapis.dir" value="/home/ubuntu/tools/main/nbbuild/netbeans/enterprise" />
    <property name="javacard.console.dir" value="/home/ubuntu/tools/main/nbbuild/netbeans/javacard" />
    <property name="extra.test.libs.dir" value="/home/ubuntu/tools/main/nbbuild/build/testdist/extralibs" />
    <property name="javac.target" value="1.6" />
    <property name="autoupdate.ui.dir" value="/home/ubuntu/tools/main/nbbuild/netbeans/platform" />
    <property name="ant.file.openide.awt" value="/home/ubuntu/tools/main/openide.awt/build.xml" />
    <property name="nb.cluster.ergonomics" value="ide.ergonomics,performance.ergonomics" />
    <property name="projectimport.eclipse.web.dir" value="/home/ubuntu/tools/main/nbbuild/netbeans/enterprise" />
    <property name="libs.freemarker.dir" value="/home/ubuntu/tools/main/nbbuild/netbeans/ide" />
    <property name="xml.core.dir" value="/home/ubuntu/tools/main/nbbuild/netbeans/ide" />
    <property name="o.eclipse.core.jobs.dir" value="/home/ubuntu/tools/main/nbbuild/netbeans/ide" />
    <property name="php.latte.dir" value="/home/ubuntu/tools/main/nbbuild/netbeans/php" />
    <property name="openide.util.dir" value="/home/ubuntu/tools/main/nbbuild/netbeans/platform" />
    <property name="api.xml.ui.dir" value="/home/ubuntu/tools/main/nbbuild/netbeans/ide" />
    <property name="performance.java.dir" value="/home/ubuntu/tools/main/nbbuild/netbeans/java" />
    <property name="j2ee.weblogic9.dir" value="/home/ubuntu/tools/main/nbbuild/netbeans/enterprise" />
    <property name="ide.branding.kit.dir" value="/home/ubuntu/tools/main/nbbuild/netbeans/nb" />
    <property name="asm.jar" value="/home/ubuntu/tools/main/nbbuild/netbeans/platform/core/asm-all-5.0.1.jar" />
    <property name="hudson.IM_CONFIG_PHASE" value="1" />
    <property name="hudson.QT4_IM_MODULE" value="xim" />
    <property name="j2ee.api.ejbmodule.dir" value="/home/ubuntu/tools/main/nbbuild/netbeans/enterprise" />
    <property name="nbm_alias" value="nb_ide" />
    <property name="web.core.syntax.dir" value="/home/ubuntu/tools/main/nbbuild/netbeans/enterprise" />
    <property name="java.project.ui.dir" value="/home/ubuntu/tools/main/nbbuild/netbeans/java" />
    <property name="hudson.UPSTART_SESSION" value="unix:abstract=/com/ubuntu/upstart-session/1000/2566" />
    <property name="javacard.ri.platform.dir" value="/home/ubuntu/tools/main/nbbuild/netbeans/javacard" />
    <property name="nbm.homepage" value="http://www.netbeans.org/" />
    <property name="hudson.XAUTHORITY" value="/home/ubuntu/.Xauthority" />
    <property name="db.core.dir" value="/home/ubuntu/tools/main/nbbuild/netbeans/ide" />
    <property name="api.maven.dir" value="/home/ubuntu/tools/main/nbbuild/netbeans/java" />
    <property name="nb.cluster.experimental.dir" value="extra" />
    <property name="apple.awt.UIElement" value="true" />
    <property name="hudson.GNOME_DESKTOP_SESSION_ID" value="this-is-deprecated" />
    <property name="editor.breadcrumbs.dir" value="/home/ubuntu/tools/main/nbbuild/netbeans/ide" />
    <property name="javaee.resources.dir" value="/home/ubuntu/tools/main/nbbuild/netbeans/enterprise" />
    <property name="team.commons.dir" value="/home/ubuntu/tools/main/nbbuild/netbeans/ide" />
    <property name="hudson._" value="/usr/bin/ant" />
    <property name="profiler.utilities.dir" value="/home/ubuntu/tools/main/nbbuild/netbeans/profiler" />
    <property name="nbm.executable.files" value="[NOTHING]" />
    <property name="user.country" value="US" />
    <property name="maven.refactoring.dir" value="/home/ubuntu/tools/main/nbbuild/netbeans/java" />
    <property name="libs.plist.dir" value="/home/ubuntu/tools/main/nbbuild/netbeans/webcommon" />
    <property name="javaee.api.dir" value="/home/ubuntu/tools/main/nbbuild/netbeans/enterprise" />
    <property name="javascript.cdnjs.dir" value="/home/ubuntu/tools/main/nbbuild/netbeans/webcommon" />
    <property name="profiler.j2se.dir" value="/home/ubuntu/tools/main/nbbuild/netbeans/profiler" />
    <property name="extexecution.base.dir" value="/home/ubuntu/tools/main/nbbuild/netbeans/ide" />
    <property name="java.class.version" value="52.0" />
    <property name="cnd.api.remote.dir" value="/home/ubuntu/tools/main/nbbuild/netbeans/cnd" />
    <property name="java.vm.info" value="mixed mode" />
    <property name="websocket.dir" value="/home/ubuntu/tools/main/nbbuild/netbeans/enterprise" />
    <property name="libs.swingx.dir" value="/home/ubuntu/tools/main/nbbuild/netbeans/ide" />
    <property name="websvc.saas.codegen.j2ee.dir" value="/home/ubuntu/tools/main/nbbuild/netbeans/enterprise" />
    <property name="o.eclipse.equinox.preferences.dir" value="/home/ubuntu/tools/main/nbbuild/netbeans/ide" />
    <property name="cnd.remote.ui.dir" value="/home/ubuntu/tools/main/nbbuild/netbeans/cnd" />
    <property name="lib.uihandler.dir" value="/home/ubuntu/tools/main/nbbuild/netbeans/platform" />
    <property name="selenium2.server.dir" value="/home/ubuntu/tools/main/nbbuild/netbeans/ide" />
    <property name="form.j2ee.dir" value="/home/ubuntu/tools/main/nbbuild/netbeans/java" />
    <property name="os.name" value="Linux" />
    <property name="spi.tasklist.dir" value="/home/ubuntu/tools/main/nbbuild/netbeans/ide" />
    <property name="extexecution.process.dir" value="/home/ubuntu/tools/main/nbbuild/netbeans/ide" />
    <property name="nb.cluster.stableuc.dir" value="extra" />
    <property name="j2me.kit.dir" value="/home/ubuntu/tools/main/nbbuild/netbeans/mobility" />
    <property name="maven.embedder.dir" value="/home/ubuntu/tools/main/nbbuild/netbeans/java" />
    <property name="websvc.manager.dir" value="/home/ubuntu/tools/main/nbbuild/netbeans/enterprise" />
    <property name="javascript.bower.dir" value="/home/ubuntu/tools/main/nbbuild/netbeans/webcommon" />
    <property name="o.apache.ws.commons.util.dir" value="/home/ubuntu/tools/main/nbbuild/netbeans/ide" />
    <property name="cnd.classview.dir" value="/home/ubuntu/tools/main/nbbuild/netbeans/cnd" />
    <property name="spellchecker.dictionary_en.dir" value="/home/ubuntu/tools/main/nbbuild/netbeans/ide" />
    <property name="hudson.GTK_IM_MODULE" value="ibus" />
    <property name="performance.javaee.dir" value="/home/ubuntu/tools/main/nbbuild/netbeans/enterprise" />
    <property name="localtasks.dir" value="/home/ubuntu/tools/main/nbbuild/netbeans/ide" />
    <property name="test.runner" value="junit" />
    <property name="hudson.UPSTART_EVENTS" value="started starting" />
    <property name="php.zend.dir" value="/home/ubuntu/tools/main/nbbuild/netbeans/php" />
    <property name="api.templates.dir" value="/home/ubuntu/tools/main/nbbuild/netbeans/platform" />
    <property name="clusters.config.jdev.list" value="nb.cluster.harness,nb.cluster.bootstrap,nb.cluster.platform,nb.cluster.ide,nb.cluster.extide,nb.cluster.websvccommon,nb.cluster.java,nb.cluster.profiler,nb.cluster.jira,nb.cluster.odcs" />
    <property name="apisupport.restsample.dir" value="/home/ubuntu/tools/main/nbbuild/netbeans/enterprise" />
    <property name="hudson.J2SDKDIR" value="/usr/lib/jvm/java-8-oracle" />
    <property name="git.remote.dir" value="/home/ubuntu/tools/main/nbbuild/netbeans/dlight" />
    <property name="libs.nashorn.dir" value="/home/ubuntu/tools/main/nbbuild/netbeans/webcommon" />
    <property name="spellchecker.bindings.java.dir" value="/home/ubuntu/tools/main/nbbuild/netbeans/java" />
    <property name="test.excludes" value="" />
    <property name="ant.browsetask.dir" value="/home/ubuntu/tools/main/nbbuild/netbeans/java" />
    <property name="core.multitabs.project.dir" value="/home/ubuntu/tools/main/nbbuild/netbeans/ide" />
    <property name="hudson.SELINUX_INIT" value="YES" />
    <property name="project.libraries.dir" value="/home/ubuntu/tools/main/nbbuild/netbeans/ide" />
    <property name="cluster.path.evaluated" value=":/home/ubuntu/tools/main/nbbuild/netbeans/platform:/home/ubuntu/tools/main/nbbuild/netbeans/platform:/home/ubuntu/tools/main/nbbuild/netbeans/ide:/home/ubuntu/tools/main/nbbuild/netbeans/java:/home/ubuntu/tools/main/nbbuild/netbeans/apisupport:/home/ubuntu/tools/main/nbbuild/netbeans/enterprise:/home/ubuntu/tools/main/nbbuild/netbeans/ergonomics:/home/ubuntu/tools/main/nbbuild/netbeans/nb:/home/ubuntu/tools/main/nbbuild/netbeans/harness:/home/ubuntu/tools/main/nbbuild/netbeans/profiler:/home/ubuntu/tools/main/nbbuild/netbeans/php:/home/ubuntu/tools/main/nbbuild/netbeans/groovy:/home/ubuntu/tools/main/nbbuild/netbeans/mobility:/home/ubuntu/tools/main/nbbuild/netbeans/identity:/home/ubuntu/tools/main/nbbuild/netbeans/cnd:/home/ubuntu/tools/main/nbbuild/netbeans/cndext:/home/ubuntu/tools/main/nbbuild/netbeans/dlight:/home/ubuntu/tools/main/nbbuild/netbeans/extra:/home/ubuntu/tools/main/nbbuild/netbeans/extra:/home/ubuntu/tools/main/nbbuild/netbeans/extra:/home/ubuntu/tools/main/nbbuild/netbeans/extra:/home/ubuntu/tools/main/nbbuild/netbeans/extra:/home/ubuntu/tools/main/nbbuild/netbeans/extra:/home/ubuntu/tools/main/nbbuild/netbeans/extide:/home/ubuntu/tools/main/nbbuild/netbeans/webcommon:/home/ubuntu/tools/main/nbbuild/netbeans/websvccommon:/home/ubuntu/tools/main/nbbuild/netbeans/javacard:/home/ubuntu/tools/main/nbbuild/netbeans/javafx:/home/ubuntu/tools/main/nbbuild/netbeans/extra" />
    <property name="mobility.licensing.dir" value="/home/ubuntu/tools/main/nbbuild/netbeans/mobility" />
    <property name="javaee7.api.dir" value="/home/ubuntu/tools/main/nbbuild/netbeans/enterprise" />
    <property name="form.dir" value="/home/ubuntu/tools/main/nbbuild/netbeans/java" />
    <property name="core.nativeaccess.dir" value="/home/ubuntu/tools/main/nbbuild/netbeans/platform" />
    <property name="testcoverage.import" value="no-testcoverage.xml" />
    <property name="hibernate.dir" value="/home/ubuntu/tools/main/nbbuild/netbeans/java" />
    <property name="clusters.config.identity.list" value="nb.cluster.harness,nb.cluster.bootstrap,nb.cluster.platform,nb.cluster.ide,nb.cluster.extide,nb.cluster.websvccommon,nb.cluster.java,nb.cluster.javafx,nb.cluster.profiler,nb.cluster.nb,nb.cluster.webcommon,nb.cluster.enterprise,nb.cluster.identity" />
    <property name="editor.indent.project.dir" value="/home/ubuntu/tools/main/nbbuild/netbeans/ide" />
    <property name="sun.java.command" value="org.apache.tools.ant.taskdefs.optional.junit.JUnitTestRunner org.openide.awt.UndoRedoTest skipNonTests=false filtertrace=true haltOnError=false haltOnFailure=false showoutput=true outputtoformatters=true logfailedtests=true logtestlistenerevents=false formatter=org.apache.tools.ant.taskdefs.optional.junit.BriefJUnitResultFormatter formatter=org.apache.tools.ant.taskdefs.optional.junit.XMLJUnitResultFormatter,/home/ubuntu/tools/main/openide.awt/build/test/unit/results/TEST-org.openide.awt.UndoRedoTest.xml crashfile=/home/ubuntu/tools/main/openide.awt/build/test/unit/results/junitvmwatcher6804604861487257243.properties propsfile=/home/ubuntu/tools/main/openide.awt/build/test/unit/results/junit9034729136662207270.properties" />
    <property name="glassfish.common.dir" value="/home/ubuntu/tools/main/nbbuild/netbeans/enterprise" />
    <property name="java.hints.dir" value="/home/ubuntu/tools/main/nbbuild/netbeans/java" />
    <property name="nbm" value="org-openide-awt.nbm" />
    <property name="core.multiview.dir" value="/home/ubuntu/tools/main/nbbuild/netbeans/platform" />
    <property name="commit.mail" value="openide-commits@platform.netbeans.org" />
    <property name="web.jsf.icefaces.dir" value="/home/ubuntu/tools/main/nbbuild/netbeans/enterprise" />
    <property name="web.clientproject.api.dir" value="/home/ubuntu/tools/main/nbbuild/netbeans/webcommon" />
    <property name="code.name.base.dashes" value="org-openide-awt" />
    <property name="_build.dir" value="/home/ubuntu/tools/main/openide.awt" />
    <property name="nbjunit.dir" value="/home/ubuntu/tools/main/nbbuild/netbeans/harness" />
    <property name="cnd.repository.dir" value="/home/ubuntu/tools/main/nbbuild/netbeans/cnd" />
    <property name="java.testrunner.ant.dir" value="/home/ubuntu/tools/main/nbbuild/netbeans/java" />
    <property name="module.javadoc.packages" value="org.netbeans.api.actions, org.netbeans.spi.actions, org.openide.awt" />
    <property name="editor.fold.dir" value="/home/ubuntu/tools/main/nbbuild/netbeans/ide" />
    <property name="cnd.asm.dir" value="/home/ubuntu/tools/main/nbbuild/netbeans/cnd" />
    <property name="libs.glassfish_logging.dir" value="/home/ubuntu/tools/main/nbbuild/netbeans/enterprise" />
    <property name="nb.cluster.groovy.depends" value="nb.cluster.platform,nb.cluster.ide,nb.cluster.extide,nb.cluster.java" />
    <property name="mylyn.util.dir" value="/home/ubuntu/tools/main/nbbuild/netbeans/ide" />
    <property name="java.class.path" value="/home/ubuntu/tools/main/openide.awt/build/test/unit/classes:/home/ubuntu/tools/main/nbbuild/netbeans/platform/modules/org-netbeans-libs-junit4.jar:/home/ubuntu/tools/main/nbbuild/netbeans/harness/modules/org-netbeans-insane.jar:/home/ubuntu/tools/main/nbbuild/netbeans/platform/lib/org-openide-util-lookup.jar:/home/ubuntu/tools/main/nbbuild/netbeans/harness/modules/org-netbeans-modules-nbjunit.jar:/home/ubuntu/tools/main/nbbuild/netbeans/platform/core/org-openide-filesystems.jar:/home/ubuntu/tools/main/nbbuild/build/testdist/unit/platform/org-openide-util-lookup/tests.jar:/home/ubuntu/tools/main/nbbuild/netbeans/platform/modules/org-openide-awt.jar:/home/ubuntu/tools/main/nbbuild/netbeans/platform/modules/org-netbeans-api-annotations-common.jar:/home/ubuntu/tools/main/nbbuild/netbeans/platform/lib/org-openide-util.jar:/home/ubuntu/tools/main/nbbuild/netbeans/platform/lib/org-openide-util-ui.jar:/usr/share/ant/lib/junit.jar:/usr/share/java/ant-launcher-1.9.3.jar:/usr/share/ant/lib/ant.jar:/usr/share/ant/lib/ant-junit.jar:/usr/share/ant/lib/ant-junit4.jar" />
    <property name="ant.core.lib" value="/usr/share/ant/lib/ant.jar" />
    <property name="cnd.dwarfdump.dir" value="/home/ubuntu/tools/main/nbbuild/netbeans/cnd" />
    <property name="db.mysql.dir" value="/home/ubuntu/tools/main/nbbuild/netbeans/ide" />
    <property name="javascript2.model.dir" value="/home/ubuntu/tools/main/nbbuild/netbeans/webcommon" />
    <property name="javascript2.extdoc.dir" value="/home/ubuntu/tools/main/nbbuild/netbeans/webcommon" />
    <property name="maven.indexer.dir" value="/home/ubuntu/tools/main/nbbuild/netbeans/java" />
    <property name="nb.cluster.bootstrap" value="core.startup,core.startup.base,libs.asm,o.n.bootstrap,openide.filesystems,openide.modules,openide.util,openide.util.lookup,openide.util.ui" />
    <property name="cnd.navigation.dir" value="/home/ubuntu/tools/main/nbbuild/netbeans/cnd" />
    <property name="libs.nbi.engine.dir" value="/home/ubuntu/tools/main/nbbuild/netbeans/harness" />
    <property name="web.refactoring.dir" value="/home/ubuntu/tools/main/nbbuild/netbeans/enterprise" />
    <property name="selenium2.php.dir" value="/home/ubuntu/tools/main/nbbuild/netbeans/php" />
    <property name="libs.clank.dir" value="/home/ubuntu/tools/main/nbbuild/netbeans/cnd" />
    <property name="code.name.base" value="org.openide.awt" />
    <property name="net.java.html.json.dir" value="/home/ubuntu/tools/main/nbbuild/netbeans/platform" />
    <property name="hudson.GNOME_KEYRING_CONTROL" value="/run/user/1000/keyring-RhzWJt" />
    <property name="selenium2.maven.dir" value="/home/ubuntu/tools/main/nbbuild/netbeans/java" />
    <property name="ant.file.type.openide.awt" value="file" />
    <property name="build.dir" value="/home/ubuntu/tools/main/openide.awt/build" />
    <property name="spring.webmvc.dir" value="/home/ubuntu/tools/main/nbbuild/netbeans/enterprise" />
    <property name="projectimport.eclipse.core.dir" value="/home/ubuntu/tools/main/nbbuild/netbeans/java" />
    <property name="user.timezone" value="" />
    <property name="module.processor.classpath" value="/home/ubuntu/tools/main/nbbuild/netbeans/platform/modules/org-netbeans-api-annotations-common.jar:/home/ubuntu/tools/main/nbbuild/netbeans/platform/core/org-openide-filesystems.jar:/home/ubuntu/tools/main/nbbuild/netbeans/platform/lib/org-openide-util.jar:/home/ubuntu/tools/main/nbbuild/netbeans/platform/lib/org-openide-util-lookup.jar:/home/ubuntu/tools/main/nbbuild/netbeans/platform/lib/org-openide-util-ui.jar:/home/ubuntu/tools/main/nbbuild/netbeans/platform/lib/org-openide-util.jar:/home/ubuntu/tools/main/nbbuild/netbeans/platform/lib/org-openide-util-lookup.jar:/home/ubuntu/tools/main/nbbuild/netbeans/platform/lib/org-openide-util.jar:/home/ubuntu/tools/main/nbbuild/netbeans/platform/lib/org-openide-util-lookup.jar:/home/ubuntu/tools/main/nbbuild/netbeans/platform/lib/org-openide-util-lookup.jar" />
    <property name="remotefs.versioning.dir" value="/home/ubuntu/tools/main/nbbuild/netbeans/dlight" />
    <property name="javascript.jstestdriver.dir" value="/home/ubuntu/tools/main/nbbuild/netbeans/webcommon" />
    <property name="mobility.jsr172.dir" value="/home/ubuntu/tools/main/nbbuild/netbeans/mobility" />
    <property name="libs.jstestdriver.dir" value="/home/ubuntu/tools/main/nbbuild/netbeans/webcommon" />
    <property name="api.intent.dir" value="/home/ubuntu/tools/main/nbbuild/netbeans/platform" />
    <property name="java.source.compat8.dir" value="/home/ubuntu/tools/main/nbbuild/netbeans/java" />
    <property name="html.dir" value="/home/ubuntu/tools/main/nbbuild/netbeans/ide" />
    <property name="nb.cluster.stableuc" value="apisupport.apidocs,cloud.oracle,db.mysql.sakila,debugger.jpda.truffle,debugger.jpda.trufflenode,deployment.deviceanywhere,findbugs,j2me.cdc.kit,j2me.cdc.platform,j2me.cdc.platform.nokias80,j2me.cdc.platform.ojec,j2me.cdc.platform.semc,j2me.cdc.platform.sjmc,j2me.cdc.platform.sun,j2me.cdc.project,j2me.cdc.project.execui,j2me.cdc.project.execuiimpl,j2me.cdc.project.nokiaS80,j2me.cdc.project.ojec,j2me.cdc.project.savaje,j2me.cdc.project.semc,j2me.cdc.project.sjmc,jconsole,jmx,jmx.common,libs.aguiswinglayout,libs.findbugs,libs.oracle.cloud,libs.ppawtlayout,loadgenerator,maven.util,mobility.antext,mobility.cldcplatform.catalog,mobility.deployment.ftpscp,mobility.deployment.nokia,mobility.deployment.sonyericsson,mobility.deployment.webdav,mobility.editor,mobility.j2meunit,mobility.kit,mobility.plugins.mpowerplayer,mobility.project,mobility.project.bridge,mobility.project.bridge.impl,mobility.svgcore,mvd,o.apache.tools.ant.module.docs,o.n.swing.laf.dark,otherlicenses/mobility.proguard,profiler.commandrunner,profiler.loadgen,svg.perseus,swingapplib,vmd.analyzer,vmd.codegen,vmd.components.midp,vmd.components.midp.pda,vmd.components.midp.wma,vmd.components.svg,vmd.componentssupport,vmd.examples,vmd.flow,vmd.game,vmd.inspector,vmd.io,vmd.io.javame,vmd.kit,vmd.midp,vmd.midp.converter,vmd.midpnb,vmd.model,vmd.palette,vmd.properties,vmd.screen,vmd.structure" />
    <property name="properties.dir" value="/home/ubuntu/tools/main/nbbuild/netbeans/ide" />
    <property name="o.eclipse.mylyn.bugzilla.core.dir" value="/home/ubuntu/tools/main/nbbuild/netbeans/ide" />
    <property name="updatecenters.dir" value="/home/ubuntu/tools/main/nbbuild/netbeans/nb" />
    <property name="refactoring.api.dir" value="/home/ubuntu/tools/main/nbbuild/netbeans/ide" />
    <property name="parsing.lucene.dir" value="/home/ubuntu/tools/main/nbbuild/netbeans/ide" />
    <property name="javacard.platform.ui.dir" value="/home/ubuntu/tools/main/nbbuild/netbeans/javacard" />
    <property name="languages.apacheconf.dir" value="/home/ubuntu/tools/main/nbbuild/netbeans/webcommon" />
    <property name="sun.boot.class.path" value="/home/ubuntu/tools/main/libs.javacapi/external/nb-javac-api.jar:/home/ubuntu/tools/main/libs.javacimpl/external/nb-javac-impl.jar:/usr/lib/jvm/java-8-oracle/jre/lib/resources.jar:/usr/lib/jvm/java-8-oracle/jre/lib/rt.jar:/usr/lib/jvm/java-8-oracle/jre/lib/sunrsasign.jar:/usr/lib/jvm/java-8-oracle/jre/lib/jsse.jar:/usr/lib/jvm/java-8-oracle/jre/lib/jce.jar:/usr/lib/jvm/java-8-oracle/jre/lib/charsets.jar:/usr/lib/jvm/java-8-oracle/jre/lib/jfr.jar:/usr/lib/jvm/java-8-oracle/jre/classes" />
    <property name="test.config.default.includes" value="**/*Test.class" />
    <property name="j2ee.ejbrefactoring.dir" value="/home/ubuntu/tools/main/nbbuild/netbeans/enterprise" />
    <property name="xml.schema.model.dir" value="/home/ubuntu/tools/main/nbbuild/netbeans/ide" />
    <property name="parsing.nb.dir" value="/home/ubuntu/tools/main/nbbuild/netbeans/ide" />
    <property name="subversion.dir" value="/home/ubuntu/tools/main/nbbuild/netbeans/ide" />
    <property name="php.api.templates.dir" value="/home/ubuntu/tools/main/nbbuild/netbeans/php" />
    <property name="applemenu.dir" value="/home/ubuntu/tools/main/nbbuild/netbeans/platform" />
    <property name="properties.syntax.dir" value="/home/ubuntu/tools/main/nbbuild/netbeans/ide" />
    <property name="build.sysclasspath" value="ignore" />
    <property name="test.qa-functional.runtime.cp" value="/home/ubuntu/tools/main/nbbuild/netbeans/platform/modules/org-netbeans-libs-junit4.jar:/home/ubuntu/tools/main/nbbuild/netbeans/harness/modules/org-netbeans-modules-nbjunit.jar:/home/ubuntu/tools/main/nbbuild/netbeans/harness/modules/org-netbeans-insane.jar:/home/ubuntu/tools/main/nbbuild/netbeans/java/modules/org-netbeans-modules-java-j2seproject.jar:/home/ubuntu/tools/main/nbbuild/build/testdist/qa-functional/java/org-netbeans-modules-java-j2seproject/tests.jar:/home/ubuntu/tools/main/nbbuild/build/testdist/unit/java/org-netbeans-modules-java-j2seproject/tests.jar:/home/ubuntu/tools/main/nbbuild/netbeans/extide/modules/org-netbeans-modules-options-java.jar:/home/ubuntu/tools/main/nbbuild/netbeans/ide/modules/org-netbeans-modules-editor-settings-storage.jar:/home/ubuntu/tools/main/nbbuild/netbeans/java/modules/org-netbeans-libs-javacapi.jar:/home/ubuntu/tools/main/nbbuild/netbeans/ide/modules/org-netbeans-modules-web-browser-api.jar:/home/ubuntu/tools/main/nbbuild/netbeans/ide/modules/org-apache-xml-resolver.jar:/home/ubuntu/tools/main/nbbuild/netbeans/platform/modules/org-netbeans-swing-plaf.jar:/home/ubuntu/tools/main/nbbuild/netbeans/ide/modules/org-netbeans-modules-editor-settings-lib.jar:/home/ubuntu/tools/main/nbbuild/netbeans/ide/modules/org-netbeans-modules-editor-document.jar:/home/ubuntu/tools/main/nbbuild/netbeans/ide/modules/org-netbeans-modules-extexecution.jar:/home/ubuntu/tools/main/nbbuild/netbeans/java/modules/org-netbeans-api-java.jar:/home/ubuntu/tools/main/nbbuild/netbeans/ide/modules/org-netbeans-modules-xml-catalog.jar:/home/ubuntu/tools/main/nbbuild/netbeans/java/modules/org-netbeans-modules-debugger-jpda-ant.jar:/home/ubuntu/tools/main/nbbuild/netbeans/ide/modules/org-netbeans-modules-project-ant-ui.jar:/home/ubuntu/tools/main/nbbuild/netbeans/platform/modules/org-netbeans-modules-options-api.jar:/home/ubuntu/tools/main/nbbuild/netbeans/platform/lib/org-openide-modules.jar:/home/ubuntu/tools/main/nbbuild/netbeans/java/modules/org-netbeans-modules-java-platform-ui.jar:/home/ubuntu/tools/main/nbbuild/netbeans/platform/modules/org-netbeans-api-search.jar:/home/ubuntu/tools/main/nbbuild/netbeans/platform/modules/org-openide-filesystems-nb.jar:/home/ubuntu/tools/main/nbbuild/netbeans/ide/modules/org-netbeans-modules-editor-guards.jar:/home/ubuntu/tools/main/nbbuild/netbeans/ide/modules/org-netbeans-spi-tasklist.jar:/home/ubuntu/tools/main/nbbuild/netbeans/platform/modules/org-netbeans-modules-keyring.jar:/home/ubuntu/tools/main/nbbuild/netbeans/java/modules/org-netbeans-lib-nbjavac.jar:/home/ubuntu/tools/main/nbbuild/netbeans/platform/modules/org-netbeans-api-templates.jar:/home/ubuntu/tools/main/nbbuild/netbeans/platform/lib/org-openide-util-lookup.jar:/home/ubuntu/tools/main/nbbuild/netbeans/ide/modules/org-netbeans-modules-web-common.jar:/home/ubuntu/tools/main/nbbuild/netbeans/ide/modules/org-netbeans-spi-navigator.jar:/home/ubuntu/tools/main/nbbuild/netbeans/platform/modules/org-netbeans-api-annotations-common.jar:/home/ubuntu/tools/main/nbbuild/netbeans/ide/modules/org-netbeans-modules-refactoring-api.jar:/home/ubuntu/tools/main/nbbuild/netbeans/ide/modules/org-netbeans-api-xml-ui.jar:/home/ubuntu/tools/main/nbbuild/netbeans/platform/lib/boot.jar:/home/ubuntu/tools/main/nbbuild/netbeans/platform/modules/org-openide-execution.jar:/home/ubuntu/tools/main/nbbuild/netbeans/java/modules/org-netbeans-modules-j2ee-metadata-model-support.jar:/home/ubuntu/tools/main/nbbuild/netbeans/java/modules/org-netbeans-modules-classfile.jar:/home/ubuntu/tools/main/nbbuild/netbeans/platform/lib/org-openide-util.jar:/home/ubuntu/tools/main/nbbuild/netbeans/platform/modules/org-netbeans-spi-quicksearch.jar:/home/ubuntu/tools/main/nbbuild/netbeans/platform/modules/org-openide-windows.jar:/home/ubuntu/tools/main/nbbuild/netbeans/ide/modules/org-netbeans-modules-editor-indent.jar:/home/ubuntu/tools/main/nbbuild/netbeans/java/modules/org-netbeans-modules-java-preprocessorbridge.jar:/home/ubuntu/tools/main/nbbuild/netbeans/platform/modules/org-netbeans-modules-sampler.jar:/home/ubuntu/tools/main/nbbuild/netbeans/java/modules/org-netbeans-api-debugger-jpda.jar:/home/ubuntu/tools/main/nbbuild/netbeans/java/modules/org-netbeans-modules-java-sourceui.jar:/home/ubuntu/tools/main/nbbuild/netbeans/platform/modules/org-openide-dialogs.jar:/home/ubuntu/tools/main/nbbuild/netbeans/ide/modules/org-netbeans-modules-projectuiapi.jar:/home/ubuntu/tools/main/nbbuild/netbeans/ide/modules/org-netbeans-modules-projectapi.jar:/home/ubuntu/tools/main/nbbuild/netbeans/ide/modules/org-netbeans-modules-editor-errorstripe.jar:/home/ubuntu/tools/main/nbbuild/netbeans/ide/modules/org-netbeans-modules-project-libraries-ui.jar:/home/ubuntu/tools/main/nbbuild/netbeans/platform/modules/org-openide-awt.jar:/home/ubuntu/tools/main/nbbuild/netbeans/java/modules/org-netbeans-modules-j2ee-metadata.jar:/home/ubuntu/tools/main/nbbuild/netbeans/ide/modules/org-netbeans-modules-extbrowser.jar:/home/ubuntu/tools/main/nbbuild/netbeans/platform/modules/org-openide-actions.jar:/home/ubuntu/tools/main/nbbuild/netbeans/java/modules/org-netbeans-modules-java-source.jar:/home/ubuntu/tools/main/nbbuild/netbeans/platform/modules/org-netbeans-api-io.jar:/home/ubuntu/tools/main/nbbuild/netbeans/ide/modules/org-netbeans-modules-editor-settings.jar:/home/ubuntu/tools/main/nbbuild/netbeans/ide/modules/org-netbeans-modules-editor.jar:/home/ubuntu/tools/main/nbbuild/netbeans/platform/modules/org-openide-loaders.jar:/home/ubuntu/tools/main/nbbuild/netbeans/platform/modules/org-netbeans-api-intent.jar:/home/ubuntu/tools/main/nbbuild/netbeans/platform/modules/org-openide-nodes.jar:/home/ubuntu/tools/main/nbbuild/netbeans/platform/modules/org-netbeans-swing-outline.jar:/home/ubuntu/tools/main/nbbuild/netbeans/platform/modules/org-netbeans-api-progress-nb.jar:/home/ubuntu/tools/main/nbbuild/netbeans/platform/modules/org-openide-io.jar:/home/ubuntu/tools/main/nbbuild/netbeans/ide/modules/org-netbeans-modules-options-editor.jar:/home/ubuntu/tools/main/nbbuild/netbeans/ide/modules/org-netbeans-modules-projectuiapi-base.jar:/home/ubuntu/tools/main/nbbuild/netbeans/platform/modules/org-netbeans-api-progress.jar:/home/ubuntu/tools/main/nbbuild/netbeans/ide/modules/org-netbeans-libs-antlr3-runtime.jar:/home/ubuntu/tools/main/nbbuild/netbeans/ide/modules/org-netbeans-api-xml.jar:/home/ubuntu/tools/main/nbbuild/netbeans/platform/lib/org-openide-util-ui.jar:/home/ubuntu/tools/main/nbbuild/netbeans/ide/modules/org-netbeans-modules-editor-fold.jar:/home/ubuntu/tools/main/nbbuild/netbeans/ide/modules/org-netbeans-modules-editor-fold-nbui.jar:/home/ubuntu/tools/main/nbbuild/netbeans/java/modules/org-netbeans-modules-j2ee-persistenceapi.jar:/home/ubuntu/tools/main/nbbuild/netbeans/platform/modules/org-openide-text.jar:/home/ubuntu/tools/main/nbbuild/netbeans/platform/core/org-netbeans-libs-asm.jar:/home/ubuntu/tools/main/nbbuild/netbeans/ide/modules/org-netbeans-modules-jumpto.jar:/home/ubuntu/tools/main/nbbuild/netbeans/extide/modules/org-apache-tools-ant-module.jar:/home/ubuntu/tools/main/nbbuild/netbeans/platform/modules/org-netbeans-modules-favorites.jar:/home/ubuntu/tools/main/nbbuild/netbeans/platform/modules/org-netbeans-modules-options-keymap.jar:/home/ubuntu/tools/main/nbbuild/netbeans/platform/core/core.jar:/home/ubuntu/tools/main/nbbuild/netbeans/ide/modules/org-netbeans-modules-project-indexingbridge.jar:/home/ubuntu/tools/main/nbbuild/netbeans/ide/modules/org-netbeans-modules-diff.jar:/home/ubuntu/tools/main/nbbuild/netbeans/ide/modules/org-netbeans-modules-project-spi-intern.jar:/home/ubuntu/tools/main/nbbuild/netbeans/platform/modules/org-netbeans-modules-queries.jar:/home/ubuntu/tools/main/nbbuild/netbeans/ide/modules/org-netbeans-api-java-classpath.jar:/home/ubuntu/tools/main/nbbuild/netbeans/ide/modules/org-netbeans-modules-lexer.jar:/home/ubuntu/tools/main/nbbuild/netbeans/ide/modules/org-netbeans-modules-project-ant.jar:/home/ubuntu/tools/main/nbbuild/netbeans/platform/modules/org-netbeans-core-execution.jar:/home/ubuntu/tools/main/nbbuild/netbeans/platform/modules/org-netbeans-modules-editor-mimelookup.jar:/home/ubuntu/tools/main/nbbuild/netbeans/java/modules/org-netbeans-modules-java-platform.jar:/home/ubuntu/tools/main/nbbuild/netbeans/ide/modules/org-netbeans-modules-editor-indent-project.jar:/home/ubuntu/tools/main/nbbuild/netbeans/java/modules/org-netbeans-modules-java-lexer.jar:/home/ubuntu/tools/main/nbbuild/netbeans/platform/modules/org-netbeans-core.jar:/home/ubuntu/tools/main/nbbuild/netbeans/platform/modules/org-netbeans-modules-sendopts.jar:/home/ubuntu/tools/main/nbbuild/netbeans/ide/modules/org-netbeans-modules-projectui.jar:/home/ubuntu/tools/main/nbbuild/netbeans/ide/modules/org-netbeans-modules-editor-util.jar:/home/ubuntu/tools/main/nbbuild/netbeans/java/modules/org-netbeans-libs-javacimpl.jar:/home/ubuntu/tools/main/nbbuild/netbeans/platform/modules/org-netbeans-core-multiview.jar:/home/ubuntu/tools/main/nbbuild/netbeans/platform/modules/org-netbeans-modules-settings.jar:/home/ubuntu/tools/main/nbbuild/netbeans/ide/modules/org-netbeans-modules-parsing-indexing.jar:/home/ubuntu/tools/main/nbbuild/netbeans/ide/modules/org-netbeans-modules-editor-errorstripe-api.jar:/home/ubuntu/tools/main/nbbuild/netbeans/java/modules/org-netbeans-modules-java-project.jar:/home/ubuntu/tools/main/nbbuild/netbeans/platform/modules/org-netbeans-modules-masterfs.jar:/home/ubuntu/tools/main/nbbuild/netbeans/ide/modules/org-netbeans-libs-lucene.jar:/home/ubuntu/tools/main/nbbuild/netbeans/java/modules/org-netbeans-modules-java-api-common.jar:/home/ubuntu/tools/main/nbbuild/netbeans/platform/modules/org-openide-explorer.jar:/home/ubuntu/tools/main/nbbuild/netbeans/java/modules/org-netbeans-modules-whitelist.jar:/home/ubuntu/tools/main/nbbuild/netbeans/ide/modules/org-netbeans-modules-editor-lib.jar:/home/ubuntu/tools/main/nbbuild/netbeans/ide/modules/org-netbeans-modules-project-libraries.jar:/home/ubuntu/tools/main/nbbuild/netbeans/java/modules/org-netbeans-modules-java-project-ui.jar:/home/ubuntu/tools/main/nbbuild/netbeans/platform/core/org-openide-filesystems.jar:/home/ubuntu/tools/main/nbbuild/netbeans/ide/modules/org-netbeans-modules-editor-indent-support.jar:/home/ubuntu/tools/main/nbbuild/netbeans/ide/modules/org-netbeans-modules-extexecution-base.jar:/home/ubuntu/tools/main/nbbuild/netbeans/platform/modules/org-netbeans-swing-tabcontrol.jar:/home/ubuntu/tools/main/nbbuild/netbeans/java/modules/org-netbeans-modules-ant-browsetask.jar:/home/ubuntu/tools/main/nbbuild/netbeans/ide/modules/org-netbeans-modules-parsing-lucene.jar:/home/ubuntu/tools/main/nbbuild/netbeans/java/modules/org-netbeans-modules-java-source-base.jar:/home/ubuntu/tools/main/nbbuild/netbeans/platform/modules/org-netbeans-core-ui.jar:/home/ubuntu/tools/main/nbbuild/netbeans/ide/modules/org-netbeans-modules-editor-lib2.jar:/home/ubuntu/tools/main/nbbuild/netbeans/platform/core/core-base.jar:/home/ubuntu/tools/main/nbbuild/netbeans/ide/modules/org-netbeans-libs-json_simple.jar:/home/ubuntu/tools/main/nbbuild/netbeans/ide/modules/org-netbeans-modules-parsing-api.jar:/home/ubuntu/tools/main/nbbuild/netbeans/ide/modules/org-netbeans-api-debugger.jar:/home/ubuntu/tools/main/nbbuild/netbeans/harness/modules/org-netbeans-modules-jemmy.jar" />
    <property name="php.editor.dir" value="/home/ubuntu/tools/main/nbbuild/netbeans/php" />
    <property name="classfile.dir" value="/home/ubuntu/tools/main/nbbuild/netbeans/java" />
    <property name="languages.ini.dir" value="/home/ubuntu/tools/main/nbbuild/netbeans/webcommon" />
    <property name="mobility.cldcplatform.dir" value="/home/ubuntu/tools/main/nbbuild/netbeans/mobility" />
    <property name="locjhindexer.locales" value="" />
    <property name="cnd.api.project.dir" value="/home/ubuntu/tools/main/nbbuild/netbeans/cnd" />
    <property name="openide.filesystems.compat8.dir" value="/home/ubuntu/tools/main/nbbuild/netbeans/platform" />
    <property name="debugger.jpda.jsui.dir" value="/home/ubuntu/tools/main/nbbuild/netbeans/java" />
    <property name="openide.compat.dir" value="/home/ubuntu/tools/main/nbbuild/netbeans/platform" />
    <property name="php.api.annotation.dir" value="/home/ubuntu/tools/main/nbbuild/netbeans/php" />
    <property name="cnd.modelui.dir" value="/home/ubuntu/tools/main/nbbuild/netbeans/cnd" />
    <property name="css.lib.dir" value="/home/ubuntu/tools/main/nbbuild/netbeans/ide" />
    <property name="cnd.api.remote.ui.dir" value="/home/ubuntu/tools/main/nbbuild/netbeans/cnd" />
    <property name="lib.nbjshell9.dir" value="/home/ubuntu/tools/main/nbbuild/netbeans/java" />
    <property name="ant.file.no-testcoverage" value="/home/ubuntu/tools/main/nbbuild/templates/no-testcoverage.xml" />
    <property name="xml.tax.dir" value="/home/ubuntu/tools/main/nbbuild/netbeans/ide" />
    <property name="libs.felix.dir" value="/home/ubuntu/tools/main/nbbuild/netbeans/platform" />
    <property name="nbm.is.global" value="" />
    <property name="maven.spring.dir" value="/home/ubuntu/tools/main/nbbuild/netbeans/java" />
    <property name="j2ee.sun.appsrv.dir" value="/home/ubuntu/tools/main/nbbuild/netbeans/enterprise" />
    <property name="php.api.framework.dir" value="/home/ubuntu/tools/main/nbbuild/netbeans/php" />
    <property name="hudson.TEXTDOMAINDIR" value="/usr/share/locale/" />
    <property name="swing.customizerlayout.dir" value="/home/ubuntu/tools/main/nbbuild/netbeans/javacard" />
    <property name="nb.cluster.java.depends" value="nb.cluster.ide,nb.cluster.extide,nb.cluster.platform,nb.cluster.websvccommon,nb.cluster.harness" />
    <property name="debugger.jpda.ui.dir" value="/home/ubuntu/tools/main/nbbuild/netbeans/java" />
    <property name="api.debugger.jpda.dir" value="/home/ubuntu/tools/main/nbbuild/netbeans/java" />
    <property name="libs.javafx.dir" value="/home/ubuntu/tools/main/nbbuild/netbeans/platform" />
    <property name="nb.cluster.harness.dir" value="harness" />
    <property name="nbm.needs.restart" value="false" />
    <property name="core.browser.dir" value="/home/ubuntu/tools/main/nbbuild/netbeans/ide" />
    <property name="ant.file.2" value="/home/ubuntu/tools/main/openide.awt/build.xml" />
    <property name="ant.file.1" value="/home/ubuntu/tools/main/openide.awt/build.xml" />
    <property name="ant.project.default-target" value="netbeans" />
    <property name="editor.bracesmatching.dir" value="/home/ubuntu/tools/main/nbbuild/netbeans/ide" />
    <property name="ant.grammar.dir" value="/home/ubuntu/tools/main/nbbuild/netbeans/java" />
    <property name="xml.tools.java.dir" value="/home/ubuntu/tools/main/nbbuild/netbeans/java" />
    <property name="php.api.phpmodule.dir" value="/home/ubuntu/tools/main/nbbuild/netbeans/php" />
    <property name="lib.profiler.charts.dir" value="/home/ubuntu/tools/main/nbbuild/netbeans/profiler" />
    <property name="o.eclipse.jgit.dir" value="/home/ubuntu/tools/main/nbbuild/netbeans/ide" />
    <property name="debugger.jpda.projectsui.dir" value="/home/ubuntu/tools/main/nbbuild/netbeans/java" />
    <property name="profiler.api.dir" value="/home/ubuntu/tools/main/nbbuild/netbeans/profiler" />
    <property name="test.config" value="default" />
    <property name="javascript.karma.dir" value="/home/ubuntu/tools/main/nbbuild/netbeans/webcommon" />
    <property name="cnd.remote.dir" value="/home/ubuntu/tools/main/nbbuild/netbeans/cnd" />
    <property name="nb.cluster.mobility.dir" value="mobility" />
    <property name="websvc.owsm.dir" value="/home/ubuntu/tools/main/nbbuild/netbeans/enterprise" />
    <property name="tasklist.kit.dir" value="/home/ubuntu/tools/main/nbbuild/netbeans/ide" />
    <property name="test.unit.runtime.cp" value="/home/ubuntu/tools/main/nbbuild/netbeans/platform/modules/org-netbeans-libs-junit4.jar:/home/ubuntu/tools/main/nbbuild/netbeans/harness/modules/org-netbeans-insane.jar:/home/ubuntu/tools/main/nbbuild/netbeans/platform/lib/org-openide-util-lookup.jar:/home/ubuntu/tools/main/nbbuild/netbeans/harness/modules/org-netbeans-modules-nbjunit.jar:/home/ubuntu/tools/main/nbbuild/netbeans/platform/core/org-openide-filesystems.jar:/home/ubuntu/tools/main/nbbuild/build/testdist/unit/platform/org-openide-util-lookup/tests.jar" />
    <property name="web.debug.dir" value="/home/ubuntu/tools/main/nbbuild/netbeans/enterprise" />
    <property name="libs.jsr223.dir" value="/home/ubuntu/tools/main/nbbuild/netbeans/platform" />
    <property name="groovy.grails.dir" value="/home/ubuntu/tools/main/nbbuild/netbeans/groovy" />
    <property name="module.auto.deps.xml" value="/home/ubuntu/tools/main/openide.awt/module-auto-deps.xml" />
    <property name="api.debugger.dir" value="/home/ubuntu/tools/main/nbbuild/netbeans/ide" />
    <property name="websvc.customization.dir" value="/home/ubuntu/tools/main/nbbuild/netbeans/enterprise" />
    <property name="cnd.completion.dir" value="/home/ubuntu/tools/main/nbbuild/netbeans/cnd" />
    <property name="openide.actions.dir" value="/home/ubuntu/tools/main/nbbuild/netbeans/platform" />
    <property name="api.java.classpath.dir" value="/home/ubuntu/tools/main/nbbuild/netbeans/ide" />
    <property name="hudson.INSTANCE" value="Unity" />
    <property name="xml.jaxb.dir" value="/home/ubuntu/tools/main/nbbuild/netbeans/java" />
    <property name="clusters.config.standard.list" value="nb.cluster.harness,nb.cluster.bootstrap,nb.cluster.platform,nb.cluster.ide,nb.cluster.extide,nb.cluster.websvccommon,nb.cluster.java,nb.cluster.javafx,nb.cluster.profiler,nb.cluster.nb,nb.cluster.apisupport,nb.cluster.webcommon,nb.cluster.enterprise" />
    <property name="websvc.saas.codegen.java.dir" value="/home/ubuntu/tools/main/nbbuild/netbeans/java" />
    <property name="o.apache.commons.logging.dir" value="/home/ubuntu/tools/main/nbbuild/netbeans/ide" />
    <property name="languages.dir" value="/home/ubuntu/tools/main/nbbuild/netbeans/ide" />
    <property name="libs.ini4j.dir" value="/home/ubuntu/tools/main/nbbuild/netbeans/ide" />
    <property name="hudson.DERBY_HOME" value="/usr/lib/jvm/java-8-oracle/db" />
    <property name="php.symfony2.dir" value="/home/ubuntu/tools/main/nbbuild/netbeans/php" />
    <property name="license.file" value="/home/ubuntu/tools/main/nbbuild/standard-nbm-license.txt" />
    <property name="apisupport.harness.dir" value="/home/ubuntu/tools/main/nbbuild/netbeans/harness" />
    <property name="java.kit.dir" value="/home/ubuntu/tools/main/nbbuild/netbeans/java" />
    <property name="nbm.is.preferredupdate" value="" />
    <property name="cnd.search.dir" value="/home/ubuntu/tools/main/nbbuild/netbeans/cnd" />
    <property name="release.files.extra" value="" />
    <property name="javascript.grunt.dir" value="/home/ubuntu/tools/main/nbbuild/netbeans/webcommon" />
    <property name="test.dist.dir" value="/home/ubuntu/tools/main/nbbuild/build/testdist" />
    <property name="nbm.module.author" value="" />
    <property name="libs.lucene.dir" value="/home/ubuntu/tools/main/nbbuild/netbeans/ide" />
    <property name="c.googlecode.javaewah.JavaEWAH.dir" value="/home/ubuntu/tools/main/nbbuild/netbeans/ide" />
    <property name="xml.axi.dir" value="/home/ubuntu/tools/main/nbbuild/netbeans/ide" />
    <property name="sun.jnu.encoding" value="UTF-8" />
    <property name="groovy.grailsproject.dir" value="/home/ubuntu/tools/main/nbbuild/netbeans/groovy" />
    <property name="java.specification.version" value="1.8" />
    <property name="code.name.base.slashes" value="org/openide/awt" />
    <property name="maven.htmlui.dir" value="/home/ubuntu/tools/main/nbbuild/netbeans/java" />
    <property name="java.awt.graphicsenv" value="sun.awt.X11GraphicsEnvironment" />
    <property name="php.dbgp.dir" value="/home/ubuntu/tools/main/nbbuild/netbeans/php" />
    <property name="simple.project.templates.dir" value="/home/ubuntu/tools/main/nbbuild/netbeans/javacard" />
    <property name="php.doctrine2.dir" value="/home/ubuntu/tools/main/nbbuild/netbeans/php" />
    <property name="nbm.target.cluster" value="platform" />
    <property name="web.jsf12ri.dir" value="/home/ubuntu/tools/main/nbbuild/netbeans/enterprise" />
    <property name="terminal.nb.dir" value="/home/ubuntu/tools/main/nbbuild/netbeans/ide" />
    <property name="bugzilla.dir" value="/home/ubuntu/tools/main/nbbuild/netbeans/ide" />
    <property name="api.visual.dir" value="/home/ubuntu/tools/main/nbbuild/netbeans/platform" />
    <property name="websvc.websvcapi.dir" value="/home/ubuntu/tools/main/nbbuild/netbeans/enterprise" />
    <property name="dlight.remote.ui.dir" value="/home/ubuntu/tools/main/nbbuild/netbeans/dlight" />
    <property name="test.qa-functional.data.dir" value="/home/ubuntu/tools/main/openide.awt/test/qa-functional/data" />
    <property name="maven.jaxws.dir" value="/home/ubuntu/tools/main/nbbuild/netbeans/enterprise" />
    <property name="maven.repository.dir" value="/home/ubuntu/tools/main/nbbuild/netbeans/java" />
    <property name="selenium2.dir" value="/home/ubuntu/tools/main/nbbuild/netbeans/ide" />
    <property name="hudson.DESKTOP_SESSION" value="ubuntu" />
    <property name="tasklist.projectint.dir" value="/home/ubuntu/tools/main/nbbuild/netbeans/ide" />
    <property name="javascript2.prototypejs.dir" value="/home/ubuntu/tools/main/nbbuild/netbeans/webcommon" />
    <property name="editor.settings.dir" value="/home/ubuntu/tools/main/nbbuild/netbeans/ide" />
    <property name="php.composer.dir" value="/home/ubuntu/tools/main/nbbuild/netbeans/php" />
    <property name="docker.api.dir" value="/home/ubuntu/tools/main/nbbuild/netbeans/ide" />
    <property name="websvc.jaxwsmodelapi.dir" value="/home/ubuntu/tools/main/nbbuild/netbeans/websvccommon" />
    <property name="nb.cluster.javafx" value="javafx2.editor,javafx2.kit,javafx2.platform,javafx2.project,javafx2.samples,javafx2.scenebuilder" />
    <property name="html.validation.dir" value="/home/ubuntu/tools/main/nbbuild/netbeans/ide" />
    <property name="module.jar.verifylinkageignores" value="" />
    <property name="debugger.jpda.heapwalk.dir" value="/home/ubuntu/tools/main/nbbuild/netbeans/profiler" />
    <property name="openide.windows.dir" value="/home/ubuntu/tools/main/nbbuild/netbeans/platform" />
    <property name="cnd.utils.dir" value="/home/ubuntu/tools/main/nbbuild/netbeans/cnd" />
    <property name="check.module.startlevel" value="true" />
    <property name="exists.test.unit.src.dir" value="true" />
    <property name="j2ee.metadata.model.support.dir" value="/home/ubuntu/tools/main/nbbuild/netbeans/java" />
    <property name="cnd.ui.dir" value="/home/ubuntu/tools/main/nbbuild/netbeans/cnd" />
    <property name="nb.cluster.mobility" value="api.mobility,j2me.common.ant,j2me.keystore,j2me.kit,j2me.project,mobility.cldcplatform,mobility.databindingme,mobility.end2end,mobility.jsr172,mobility.licensing,mobility.project.ant" />
    <property name="profiler.kit.dir" value="/home/ubuntu/tools/main/nbbuild/netbeans/profiler" />
    <property name="nb.cluster.webcommon.depends" value="nb.cluster.ide,nb.cluster.extide,nb.cluster.platform" />
    <property name="print.editor.dir" value="/home/ubuntu/tools/main/nbbuild/netbeans/ide" />
    <property name="hudson.XDG_CURRENT_DESKTOP" value="Unity" />
    <property name="nb.cluster.harness" value="apisupport.harness,jellytools.platform,jemmy,libs.nbi.ant,libs.nbi.engine,nbjunit,o.n.insane" />
    <property name="clusters.config.odcs.list" value="nb.cluster.harness,nb.cluster.bootstrap,nb.cluster.platform,nb.cluster.ide,nb.cluster.nb,nb.cluster.odcs" />
    <property name="hudson.UPSTART_INSTANCE" value="" />
    <property name="spi.palette.dir" value="/home/ubuntu/tools/main/nbbuild/netbeans/ide" />
    <property name="maven.profiler.dir" value="/home/ubuntu/tools/main/nbbuild/netbeans/profiler" />
    <property name="php.twig.dir" value="/home/ubuntu/tools/main/nbbuild/netbeans/php" />
    <property name="websvc.metro.samples.dir" value="/home/ubuntu/tools/main/nbbuild/netbeans/enterprise" />
    <property name="dlight.libs.common.dir" value="/home/ubuntu/tools/main/nbbuild/netbeans/dlight" />
    <property name="disable.apple.ui" value="true" />
    <property name="nb.cluster.nb" value="autoupdate.pluginimporter,bugzilla.exceptionreporter,deadlock.detector,ide.branding,ide.branding.kit,o.n.upgrader,uihandler.exceptionreporter,updatecenters,welcome" />
    <property name="web.inspect.dir" value="/home/ubuntu/tools/main/nbbuild/netbeans/webcommon" />
    <property name="cnd.remote.projectui.dir" value="/home/ubuntu/tools/main/nbbuild/netbeans/cnd" />
    <property name="usersguide.dir" value="/home/ubuntu/tools/main/nbbuild/netbeans/ide" />
    <property name="clusters.config.platform.list" value="nb.cluster.harness,nb.cluster.bootstrap,nb.cluster.platform" />
    <property name="net.java.html.sound.dir" value="/home/ubuntu/tools/main/nbbuild/netbeans/platform" />
    <property name="javascript2.lexer.dir" value="/home/ubuntu/tools/main/nbbuild/netbeans/webcommon" />
    <property name="o.eclipse.mylyn.commons.repositories.core.dir" value="/home/ubuntu/tools/main/nbbuild/netbeans/ide" />
    <property name="spellchecker.kit.dir" value="/home/ubuntu/tools/main/nbbuild/netbeans/ide" />
    <property name="java.testrunner.dir" value="/home/ubuntu/tools/main/nbbuild/netbeans/java" />
    <property name="o.eclipse.mylyn.wikitext.markdown.core.dir" value="/home/ubuntu/tools/main/nbbuild/netbeans/ide" />
    <property name="websvc.saas.services.flickr.dir" value="/home/ubuntu/tools/main/nbbuild/netbeans/websvccommon" />
    <property name="java.j2seembedded.dir" value="/home/ubuntu/tools/main/nbbuild/netbeans/java" />
    <property name="j2ee.ejbverification.dir" value="/home/ubuntu/tools/main/nbbuild/netbeans/enterprise" />
    <property name="lib.profiler.common.dir" value="/home/ubuntu/tools/main/nbbuild/netbeans/profiler" />
    <property name="test.config.stableBTD.includes" value="**/*Test.class" />
    <property name="test.config.default.excludes" value="" />
    <property name="o.eclipse.equinox.app.dir" value="/home/ubuntu/tools/main/nbbuild/netbeans/ide" />
    <property name="build.test.qa-functional.work.dir" value="/home/ubuntu/tools/main/openide.awt/build/test/qa-functional/work" />
    <property name="cordova.platforms.dir" value="/home/ubuntu/tools/main/nbbuild/netbeans/webcommon" />
    <property name="xsl.dir" value="/home/ubuntu/tools/main/nbbuild/netbeans/ide" />
    <property name="bugtracking.dir" value="/home/ubuntu/tools/main/nbbuild/netbeans/ide" />
    <property name="masterfs.windows.dir" value="/home/ubuntu/tools/main/nbbuild/netbeans/platform" />
    <property name="uihandler.dir" value="/home/ubuntu/tools/main/nbbuild/netbeans/platform" />
    <property name="libs.groovy.dir" value="/home/ubuntu/tools/main/nbbuild/netbeans/groovy" />
    <property name="hudson.ANDROID_HOME" value="/opt/android-sdk-linux/" />
    <property name="testng.ui.dir" value="/home/ubuntu/tools/main/nbbuild/netbeans/java" />
    <property name="nb.cluster.websvccommon" value="websvc.jaxwsmodelapi,websvc.saas.api,websvc.saas.codegen,websvc.saas.kit,websvc.saas.services.amazon,websvc.saas.services.delicious,websvc.saas.services.flickr,websvc.saas.services.google,websvc.saas.services.strikeiron,websvc.saas.services.weatherbug,websvc.saas.services.zillow,websvc.saas.services.zvents,websvc.saas.ui" />
    <property name="ant.file.type.projectized" value="file" />
    <property name="ant.file.type" value="file" />
    <property name="nashorn.execution.dir" value="/home/ubuntu/tools/main/nbbuild/netbeans/java" />
    <property name="ant.home" value="/usr/share/ant" />
    <property name="sun.os.patch.level" value="unknown" />
    <property name="ide.kit.dir" value="/home/ubuntu/tools/main/nbbuild/netbeans/ide" />
    <property name="o.eclipse.core.contenttype.dir" value="/home/ubuntu/tools/main/nbbuild/netbeans/ide" />
    <property name="junit.ant.ui.dir" value="/home/ubuntu/tools/main/nbbuild/netbeans/java" />
    <property name="java.api.common.dir" value="/home/ubuntu/tools/main/nbbuild/netbeans/java" />
    <property name="apisupport.project.dir" value="/home/ubuntu/tools/main/nbbuild/netbeans/apisupport" />
    <property name="editor.lib.dir" value="/home/ubuntu/tools/main/nbbuild/netbeans/ide" />
    <property name="form.refactoring.dir" value="/home/ubuntu/tools/main/nbbuild/netbeans/java" />
    <property name="javacard.ri.bundle.dir" value="/home/ubuntu/tools/main/nbbuild/netbeans/javacard" />
    <property name="nb.cluster.jira" value="c.atlassian.connector.eclipse.commons.core,c.atlassian.connector.eclipse.jira.core,c.atlassian.connector.eclipse.jira.core.rest,c.s.jersey,c.s.mail.javax.mail,javax.servlet,javax.wsdl,javax.xml.rpc,javax.xml.soap,jira,jira.rest,jira.xmlrpc,libs.jira.rest,o.apache.axis,o.apache.commons.discovery,o.codehaus.jettison,o.eclipse.mylyn.commons.soap,o.eclipse.mylyn.monitor.ui.dummy,o.joda.time" />
    <property name="javadoc.arch" value="/home/ubuntu/tools/main/openide.awt/arch.xml" />
    <property name="maven.dir" value="/home/ubuntu/tools/main/nbbuild/netbeans/java" />
    <property name="maven.indexer.ui.dir" value="/home/ubuntu/tools/main/nbbuild/netbeans/java" />
    <property name="options.api.dir" value="/home/ubuntu/tools/main/nbbuild/netbeans/platform" />
    <property name="css.editor.dir" value="/home/ubuntu/tools/main/nbbuild/netbeans/ide" />
    <property name="j2ee.jpa.refactoring.dir" value="/home/ubuntu/tools/main/nbbuild/netbeans/java" />
    <property name="editor.fold.nbui.dir" value="/home/ubuntu/tools/main/nbbuild/netbeans/ide" />
    <property name="net.java.html.boot.script.dir" value="/home/ubuntu/tools/main/nbbuild/netbeans/platform" />
    <property name="project.ant.dir" value="/home/ubuntu/tools/main/nbbuild/netbeans/ide" />
    <property name="debugger.jpda.dir" value="/home/ubuntu/tools/main/nbbuild/netbeans/java" />
    <property name="java.j2sedeploy.dir" value="/home/ubuntu/tools/main/nbbuild/netbeans/java" />
    <property name="editor.lib2.dir" value="/home/ubuntu/tools/main/nbbuild/netbeans/ide" />
    <property name="hudson.tasklist.dir" value="/home/ubuntu/tools/main/nbbuild/netbeans/ide" />
    <property name="test-unit-sys-prop.cluster.path.final" value="/home/ubuntu/tools/main/nbbuild/netbeans/platform:/home/ubuntu/tools/main/nbbuild/netbeans/ide:/home/ubuntu/tools/main/nbbuild/netbeans/java:/home/ubuntu/tools/main/nbbuild/netbeans/apisupport:/home/ubuntu/tools/main/nbbuild/netbeans/enterprise:/home/ubuntu/tools/main/nbbuild/netbeans/ergonomics:/home/ubuntu/tools/main/nbbuild/netbeans/nb:/home/ubuntu/tools/main/nbbuild/netbeans/harness:/home/ubuntu/tools/main/nbbuild/netbeans/profiler:/home/ubuntu/tools/main/nbbuild/netbeans/php:/home/ubuntu/tools/main/nbbuild/netbeans/groovy:/home/ubuntu/tools/main/nbbuild/netbeans/mobility:/home/ubuntu/tools/main/nbbuild/netbeans/identity:/home/ubuntu/tools/main/nbbuild/netbeans/cnd:/home/ubuntu/tools/main/nbbuild/netbeans/cndext:/home/ubuntu/tools/main/nbbuild/netbeans/dlight:/home/ubuntu/tools/main/nbbuild/netbeans/extra:/home/ubuntu/tools/main/nbbuild/netbeans/extide:/home/ubuntu/tools/main/nbbuild/netbeans/webcommon:/home/ubuntu/tools/main/nbbuild/netbeans/websvccommon:/home/ubuntu/tools/main/nbbuild/netbeans/javacard:/home/ubuntu/tools/main/nbbuild/netbeans/javafx:/home/ubuntu/tools/main/nbbuild/netbeans/platform" />
    <property name="spellchecker.bindings.htmlxml.dir" value="/home/ubuntu/tools/main/nbbuild/netbeans/ide" />
    <property name="nb.cluster.profiler.dir" value="profiler" />
    <property name="web.common.ui.dir" value="/home/ubuntu/tools/main/nbbuild/netbeans/ide" />
    <property name="websvc.saas.services.strikeiron.dir" value="/home/ubuntu/tools/main/nbbuild/netbeans/websvccommon" />
    <property name="nbm.distribution" value="http://deadlock.netbeans.org/job/nbms-and-javadoc/lastStableBuild/artifact/nbbuild/nbms/platform/org-openide-awt.nbm" />
    <property name="maven.samples.dir" value="/home/ubuntu/tools/main/nbbuild/netbeans/enterprise" />
    <property name="editor.structure.dir" value="/home/ubuntu/tools/main/nbbuild/netbeans/ide" />
    <property name="websvc.jaxws21.dir" value="/home/ubuntu/tools/main/nbbuild/netbeans/java" />
    <property name="o.n.swing.tabcontrol.dir" value="/home/ubuntu/tools/main/nbbuild/netbeans/platform" />
    <property name="openide.filesystems.nb.dir" value="/home/ubuntu/tools/main/nbbuild/netbeans/platform" />
    <property name="core.io.ui.dir" value="/home/ubuntu/tools/main/nbbuild/netbeans/platform" />
    <property name="javascript.gulp.dir" value="/home/ubuntu/tools/main/nbbuild/netbeans/webcommon" />
    <property name="nb.cluster.remote.depends" value="nb.cluster.java,nb.cluster.ide,nb.cluster.extide,nb.cluster.platform,nb.cluster.harness" />
    <property name="hudson.JOB" value="gnome-session" />
    <property name="sun.arch.data.model" value="64" />
    <property name="cnd.source.dir" value="/home/ubuntu/tools/main/nbbuild/netbeans/cnd" />
    <property name="hudson.LOGNAME" value="root" />
    <property name="user.home" value="/root" />
    <property name="web.clientproject.dir" value="/home/ubuntu/tools/main/nbbuild/netbeans/webcommon" />
    <property name="db.sql.editor.dir" value="/home/ubuntu/tools/main/nbbuild/netbeans/ide" />
    <property name="cnd.antlr.dir" value="/home/ubuntu/tools/main/nbbuild/netbeans/cnd" />
    <property name="server.dir" value="/home/ubuntu/tools/main/nbbuild/netbeans/ide" />
    <property name="spi.viewmodel.dir" value="/home/ubuntu/tools/main/nbbuild/netbeans/ide" />
    <property name="cnd.apt.dir" value="/home/ubuntu/tools/main/nbbuild/netbeans/cnd" />
    <property name="clusters.config.java.list" value="nb.cluster.harness,nb.cluster.bootstrap,nb.cluster.platform,nb.cluster.ide,nb.cluster.extide,nb.cluster.websvccommon,nb.cluster.java,nb.cluster.javafx,nb.cluster.profiler,nb.cluster.nb" />
    <property name="build.compiler.deprecation" value="true" />
    <property name="editor.plain.dir" value="/home/ubuntu/tools/main/nbbuild/netbeans/ide" />
    <property name="project.spi.intern.impl.dir" value="/home/ubuntu/tools/main/nbbuild/netbeans/ide" />
    <property name="masterfs.dir" value="/home/ubuntu/tools/main/nbbuild/netbeans/platform" />
    <property name="net.java.html.dir" value="/home/ubuntu/tools/main/nbbuild/netbeans/platform" />
    <property name="editor.tools.storage.dir" value="/home/ubuntu/tools/main/nbbuild/netbeans/ide" />
    <property name="maven.checkstyle.dir" value="/home/ubuntu/tools/main/nbbuild/netbeans/java" />
    <property name="openide.filesystems.dir" value="/home/ubuntu/tools/main/nbbuild/netbeans/platform" />
    <property name="cnd.debugger.dbx.dir" value="/home/ubuntu/tools/main/nbbuild/netbeans/cnd" />
    <property name="hudson.XDG_SESSION_PATH" value="/org/freedesktop/DisplayManager/Session0" />
    <property name="cnd.refactoring.dir" value="/home/ubuntu/tools/main/nbbuild/netbeans/cnd" />
    <property name="nb.cluster.nb.dir" value="nb" />
    <property name="cnd.kit.dir" value="/home/ubuntu/tools/main/nbbuild/netbeans/cnd" />
    <property name="masterfs.nio2.dir" value="/home/ubuntu/tools/main/nbbuild/netbeans/platform" />
    <property name="o.n.swing.plaf.dir" value="/home/ubuntu/tools/main/nbbuild/netbeans/platform" />
    <property name="sun.cpu.endian" value="little" />
    <property name="weblogic.common.dir" value="/home/ubuntu/tools/main/nbbuild/netbeans/enterprise" />
    <property name="autoupdate.catalog.url" value="http://bits.netbeans.org/dev/nbms-and-javadoc/lastSuccessfulBuild/artifact/nbbuild/nbms/updates.xml.gz" />
    <property name="lib.terminalemulator.dir" value="/home/ubuntu/tools/main/nbbuild/netbeans/ide" />
    <property name="is.autoload" value="true" />
    <property name="o.eclipse.mylyn.wikitext.core.dir" value="/home/ubuntu/tools/main/nbbuild/netbeans/ide" />
    <property name="jsp.lexer.dir" value="/home/ubuntu/tools/main/nbbuild/netbeans/enterprise" />
    <property name="libs.junit4.dir" value="/home/ubuntu/tools/main/nbbuild/netbeans/platform" />
    <property name="j2me.keystore.dir" value="/home/ubuntu/tools/main/nbbuild/netbeans/mobility" />
    <property name="j2ee.ddloaders.dir" value="/home/ubuntu/tools/main/nbbuild/netbeans/enterprise" />
    <property name="o.eclipse.core.net.dir" value="/home/ubuntu/tools/main/nbbuild/netbeans/ide" />
    <property name="buildnumber" value="20180821-8b456fec8494" />
    <property name="websvc.core.dir" value="/home/ubuntu/tools/main/nbbuild/netbeans/enterprise" />
    <property name="openide.util.lookup.dir" value="/home/ubuntu/tools/main/nbbuild/netbeans/platform" />
    <property name="hudson.GTK_MODULES" value="overlay-scrollbar:unity-gtk-module" />
    <property name="nb.cluster.odcs.dir" value="extra" />
    <property name="dlight.sendto.dir" value="/home/ubuntu/tools/main/nbbuild/netbeans/dlight" />
    <property name="masterfs.macosx.dir" value="/home/ubuntu/tools/main/nbbuild/netbeans/platform" />
    <property name="web.webkit.debugging.dir" value="/home/ubuntu/tools/main/nbbuild/netbeans/ide" />
    <property name="ant.file.type.jdk" value="file" />
    <property name="o.eclipse.jgit.java7.dir" value="/home/ubuntu/tools/main/nbbuild/netbeans/ide" />
    <property name="junit.ui.dir" value="/home/ubuntu/tools/main/nbbuild/netbeans/java" />
    <property name="o.eclipse.equinox.registry.dir" value="/home/ubuntu/tools/main/nbbuild/netbeans/ide" />
    <property name="o.eclipse.mylyn.commons.core.dir" value="/home/ubuntu/tools/main/nbbuild/netbeans/ide" />
    <property name="o.n.swing.outline.dir" value="/home/ubuntu/tools/main/nbbuild/netbeans/platform" />
    <property name="hudson.XDG_DATA_DIRS" value="/usr/share/ubuntu:/usr/share/gnome:/usr/local/share/:/usr/share/" />
    <property name="cnd.makeproject.source.bridge.dir" value="/home/ubuntu/tools/main/nbbuild/netbeans/cnd" />
    <property name="hudson.ant.dir" value="/home/ubuntu/tools/main/nbbuild/netbeans/java" />
    <property name="j2ee.metadata.dir" value="/home/ubuntu/tools/main/nbbuild/netbeans/java" />
    <property name="hudson.JAVA_HOME" value="/usr/lib/jvm/java-8-oracle" />
    <property name="core.windows.dir" value="/home/ubuntu/tools/main/nbbuild/netbeans/platform" />
    <property name="openide.options.dir" value="/home/ubuntu/tools/main/nbbuild/netbeans/platform" />
    <property name="hudson.PWD" value="/home/ubuntu/tools/main/openide.awt" />
    <property name="ant.file.projectized-common" value="/home/ubuntu/tools/main/nbbuild/templates/common.xml" />
    <property name="nb.clusters.list" value="nb.cluster.cnd,nb.cluster.cndext,nb.cluster.dlight,nb.cluster.groovy,nb.cluster.javacard,nb.cluster.mobility,nb.cluster.php,nb.cluster.harness,nb.cluster.bootstrap,nb.cluster.platform,nb.cluster.ide,nb.cluster.extide,nb.cluster.websvccommon,nb.cluster.java,nb.cluster.javafx,nb.cluster.profiler,nb.cluster.nb,nb.cluster.apisupport,nb.cluster.webcommon,nb.cluster.enterprise,nb.cluster.ergonomics" />
    <property name="hudson.subversion.dir" value="/home/ubuntu/tools/main/nbbuild/netbeans/ide" />
    <property name="nb.cluster.ergonomics.dir" value="ergonomics" />
    <property name="php.codeception.dir" value="/home/ubuntu/tools/main/nbbuild/netbeans/php" />
    <property name="libs.springframework.dir" value="/home/ubuntu/tools/main/nbbuild/netbeans/java" />
    <property name="ant.file.type.projectized-common" value="file" />
    <property name="maven.groovy.dir" value="/home/ubuntu/tools/main/nbbuild/netbeans/groovy" />
    <property name="hudson.php.dir" value="/home/ubuntu/tools/main/nbbuild/netbeans/php" />
    <property name="core.ui.dir" value="/home/ubuntu/tools/main/nbbuild/netbeans/platform" />
    <property name="j2ee.eclipselink.dir" value="/home/ubuntu/tools/main/nbbuild/netbeans/java" />
    <property name="maven.grammar.dir" value="/home/ubuntu/tools/main/nbbuild/netbeans/java" />
    <property name="dlight.remote.dir" value="/home/ubuntu/tools/main/nbbuild/netbeans/dlight" />
    <property name="hudson.DEFAULTS_PATH" value="/usr/share/gconf/ubuntu.default.path" />
    <property name="groovy.editor.dir" value="/home/ubuntu/tools/main/nbbuild/netbeans/groovy" />
    <property name="web.project.dir" value="/home/ubuntu/tools/main/nbbuild/netbeans/enterprise" />
    <property name="javascript2.extjs.dir" value="/home/ubuntu/tools/main/nbbuild/netbeans/webcommon" />
    <property name="php.project.dir" value="/home/ubuntu/tools/main/nbbuild/netbeans/php" />
    <property name="profiler.options.dir" value="/home/ubuntu/tools/main/nbbuild/netbeans/profiler" />
    <property name="selenium2.webclient.mocha.dir" value="/home/ubuntu/tools/main/nbbuild/netbeans/webcommon" />
    <property name="j2ee.samples.dir" value="/home/ubuntu/tools/main/nbbuild/netbeans/enterprise" />
    <property name="test.unit.dir" value="/home/ubuntu/tools/main/openide.awt/test/unit" />
    <property name="nb.cluster.cndext.depends" value="nb.cluster.cnd,nb.cluster.extide,nb.cluster.java" />
    <property name="java.specification.vendor" value="Oracle Corporation" />
    <property name="j2ee.persistence.kit.dir" value="/home/ubuntu/tools/main/nbbuild/netbeans/java" />
    <property name="o.n.core.dir" value="/home/ubuntu/tools/main/nbbuild/netbeans/platform" />
    <property name="javafx2.samples.dir" value="/home/ubuntu/tools/main/nbbuild/netbeans/javafx" />
    <property name="clusters.list" value="nb.cluster.cnd,nb.cluster.cndext,nb.cluster.dlight,nb.cluster.groovy,nb.cluster.javacard,nb.cluster.mobility,nb.cluster.php,nb.cluster.harness,nb.cluster.bootstrap,nb.cluster.platform,nb.cluster.ide,nb.cluster.extide,nb.cluster.websvccommon,nb.cluster.java,nb.cluster.javafx,nb.cluster.profiler,nb.cluster.nb,nb.cluster.apisupport,nb.cluster.webcommon,nb.cluster.enterprise,nb.cluster.ergonomics" />
    <property name="nb.cluster.php" value="hudson.php,languages.neon,libs.javacup,php.api.annotation,php.api.documentation,php.api.editor,php.api.executable,php.api.framework,php.api.phpmodule,php.api.templates,php.api.testing,php.apigen,php.atoum,php.code.analysis,php.codeception,php.composer,php.dbgp,php.doctrine2,php.editor,php.kit,php.latte,php.nette.tester,php.nette2,php.phing,php.phpdoc,php.phpdoc.documentation,php.phpunit,php.project,php.refactoring,php.samples,php.smarty,php.symfony,php.symfony2,php.twig,php.zend,php.zend2,selenium2.php,spellchecker.bindings.php,websvc.saas.codegen.php" />
    <property name="options.java.dir" value="/home/ubuntu/tools/main/nbbuild/netbeans/extide" />
    <property name="print.dir" value="/home/ubuntu/tools/main/nbbuild/netbeans/platform" />
    <property name="spi.actions.dir" value="/home/ubuntu/tools/main/nbbuild/netbeans/platform" />
    <property name="languages.manifest.dir" value="/home/ubuntu/tools/main/nbbuild/netbeans/ide" />
    <property name="hudson.LANG" value="en_US.UTF-8" />
    <property name="buildnum" value="dev-20180821-8b456fec8494" />
    <property name="core.startup.base.dir" value="/home/ubuntu/tools/main/nbbuild/netbeans/platform" />
    <property name="clusters.config.betauc.list" value="nb.cluster.cnd,nb.cluster.cndext,nb.cluster.dlight,nb.cluster.groovy,nb.cluster.javacard,nb.cluster.mobility,nb.cluster.php,nb.cluster.harness,nb.cluster.bootstrap,nb.cluster.platform,nb.cluster.ide,nb.cluster.extide,nb.cluster.websvccommon,nb.cluster.java,nb.cluster.javafx,nb.cluster.profiler,nb.cluster.nb,nb.cluster.apisupport,nb.cluster.webcommon,nb.cluster.enterprise,nb.cluster.ergonomics,nb.cluster.jira,nb.cluster.team,nb.cluster.betauc" />
    <property name="xml.xam.dir" value="/home/ubuntu/tools/main/nbbuild/netbeans/ide" />
    <property name="websvc.wsstackapi.dir" value="/home/ubuntu/tools/main/nbbuild/netbeans/enterprise" />
    <property name="db.dir" value="/home/ubuntu/tools/main/nbbuild/netbeans/ide" />
    <property name="php.api.documentation.dir" value="/home/ubuntu/tools/main/nbbuild/netbeans/php" />
    <property name="maven.persistence.dir" value="/home/ubuntu/tools/main/nbbuild/netbeans/java" />
    <property name="xml.catalog.dir" value="/home/ubuntu/tools/main/nbbuild/netbeans/ide" />
    <property name="test.qa-functional.folder" value="/home/ubuntu/tools/main/nbbuild/build/testdist/qa-functional/platform/org-openide-awt" />
    <property name="nb.cluster.cnd" value="cnd,cnd.analysis.api,cnd.analysis.impl,cnd.antlr,cnd.api.model,cnd.api.project,cnd.api.remote,cnd.api.remote.ui,cnd.apt,cnd.asm,cnd.callgraph,cnd.classview,cnd.cncppunit,cnd.completion,cnd.debugger.common2,cnd.debugger.dbx,cnd.debugger.gdb2,cnd.discovery,cnd.dwarfdiscovery,cnd.dwarfdump,cnd.editor,cnd.gotodeclaration,cnd.highlight,cnd.indexing,cnd.kit,cnd.lexer,cnd.makeproject,cnd.makeproject.source.bridge,cnd.makeproject.ui,cnd.model.jclank.bridge,cnd.model.services,cnd.modeldiscovery,cnd.modelimpl,cnd.modelui,cnd.modelutil,cnd.navigation,cnd.qnavigator,cnd.refactoring,cnd.remote,cnd.remote.projectui,cnd.remote.ui,cnd.repository,cnd.repository.api,cnd.script,cnd.search,cnd.simpleunit,cnd.source,cnd.spellchecker.bindings,cnd.testrunner,cnd.toolchain,cnd.toolchain.ui,cnd.ui,cnd.utils,cnd.utils.ui,jellytools.cnd,libs.clank,libs.dbx.support" />
    <property name="module.cluster.name" value="nb.cluster.platform" />
    <property name="nb.cluster.bootstrap.dir" value="platform" />
    <property name="nb.cluster.identity.dir" value="identity" />
    <property name="php.phpunit.dir" value="/home/ubuntu/tools/main/nbbuild/netbeans/php" />
    <property name="nb.cluster.dlight.depends" value="nb.cluster.platform,nb.cluster.ide" />
    <property name="profiler.projectsupport.dir" value="/home/ubuntu/tools/main/nbbuild/netbeans/profiler" />
    <property name="dbapi.dir" value="/home/ubuntu/tools/main/nbbuild/netbeans/ide" />
    <property name="spec.version.base.fatal.warning" value="true" />
    <property name="libs.jsch.agentproxy.dir" value="/home/ubuntu/tools/main/nbbuild/netbeans/ide" />
    <property name="hudson.GPG_AGENT_INFO" value="/run/user/1000/keyring-RhzWJt/gpg:0:1" />
    <property name="css.model.dir" value="/home/ubuntu/tools/main/nbbuild/netbeans/ide" />
    <property name="libs.json_simple.dir" value="/home/ubuntu/tools/main/nbbuild/netbeans/ide" />
    <property name="extexecution.process.jdk9.dir" value="/home/ubuntu/tools/main/nbbuild/netbeans/ide" />
    <property name="j2ee.ejbjarproject.dir" value="/home/ubuntu/tools/main/nbbuild/netbeans/enterprise" />
    <property name="cnd.lexer.dir" value="/home/ubuntu/tools/main/nbbuild/netbeans/cnd" />
    <property name="ant.freeform.dir" value="/home/ubuntu/tools/main/nbbuild/netbeans/java" />
    <property name="spi.navigator.dir" value="/home/ubuntu/tools/main/nbbuild/netbeans/ide" />
    <property name="web.client.rest.dir" value="/home/ubuntu/tools/main/nbbuild/netbeans/enterprise" />
    <property name="languages.diff.dir" value="/home/ubuntu/tools/main/nbbuild/netbeans/ide" />
    <property name="project.libraries.ui.dir" value="/home/ubuntu/tools/main/nbbuild/netbeans/ide" />
    <property name="openide.util.enumerations.dir" value="/home/ubuntu/tools/main/nbbuild/netbeans/platform" />
    <property name="nb.cluster.python.depends" value="nb.cluster.ide" />
    <property name="websvc.restapi.dir" value="/home/ubuntu/tools/main/nbbuild/netbeans/enterprise" />
    <property name="languages.yaml.dir" value="/home/ubuntu/tools/main/nbbuild/netbeans/ide" />
    <property name="api.search.dir" value="/home/ubuntu/tools/main/nbbuild/netbeans/platform" />
    <property name="core.netigso.dir" value="/home/ubuntu/tools/main/nbbuild/netbeans/platform" />
    <property name="ide.branding.dir" value="/home/ubuntu/tools/main/nbbuild/netbeans/nb" />
    <property name="diff.dir" value="/home/ubuntu/tools/main/nbbuild/netbeans/ide" />
    <property name="cnd.highlight.dir" value="/home/ubuntu/tools/main/nbbuild/netbeans/cnd" />
    <property name="java.examples.dir" value="/home/ubuntu/tools/main/nbbuild/netbeans/java" />
    <property name="netbinox.dir" value="/home/ubuntu/tools/main/nbbuild/netbeans/platform" />
    <property name="test.unit.data.dir" value="/home/ubuntu/tools/main/openide.awt/test/unit/data" />
    <property name="sun.management.compiler" value="HotSpot 64-Bit Tiered Compilers" />
    <property name="nb.cluster.stableuc.depends" value="nb.cluster.cnd,nb.cluster.cndext,nb.cluster.dlight,nb.cluster.groovy,nb.cluster.javacard,nb.cluster.mobility,nb.cluster.php,nb.cluster.harness,nb.cluster.bootstrap,nb.cluster.platform,nb.cluster.ide,nb.cluster.extide,nb.cluster.websvccommon,nb.cluster.java,nb.cluster.javafx,nb.cluster.profiler,nb.cluster.nb,nb.cluster.apisupport,nb.cluster.webcommon,nb.cluster.enterprise,nb.cluster.ergonomics" />
    <property name="openide.awt.dir" value="/home/ubuntu/tools/main/nbbuild/netbeans/platform" />
    <property name="web.webkit.tooling.dir" value="/home/ubuntu/tools/main/nbbuild/netbeans/webcommon" />
    <property name="editor.settings.storage.dir" value="/home/ubuntu/tools/main/nbbuild/netbeans/ide" />
    <property name="o.n.html.xhr4j.dir" value="/home/ubuntu/tools/main/nbbuild/netbeans/platform" />
    <property name="nb.cluster.apisupport.dir" value="apisupport" />
    <property name="clusters.prefix" value="libnb" />
    <property name="javahelp.dir" value="/home/ubuntu/tools/main/nbbuild/netbeans/platform" />
    <property name="websvc.wsitconf.dir" value="/home/ubuntu/tools/main/nbbuild/netbeans/enterprise" />
    <property name="xml.xdm.dir" value="/home/ubuntu/tools/main/nbbuild/netbeans/ide" />
    <property name="profiler.attach.dir" value="/home/ubuntu/tools/main/nbbuild/netbeans/profiler" />
    <property name="api.mobility.dir" value="/home/ubuntu/tools/main/nbbuild/netbeans/mobility" />
    <property name="cnd.simpleunit.dir" value="/home/ubuntu/tools/main/nbbuild/netbeans/cnd" />
    <property name="c.google.guava.dir" value="/home/ubuntu/tools/main/nbbuild/netbeans/ide" />
    <property name="junitlib.dir" value="/home/ubuntu/tools/main/nbbuild/netbeans/platform" />
    <property name="c.jcraft.jzlib.dir" value="/home/ubuntu/tools/main/nbbuild/netbeans/ide" />
    <property name="java.library.path" value="/usr/java/packages/lib/amd64:/usr/lib64:/lib64:/lib:/usr/lib" />
    <property name="javascript2.debug.ui.dir" value="/home/ubuntu/tools/main/nbbuild/netbeans/ide" />
    <property name="o.eclipse.mylyn.wikitext.confluence.core.dir" value="/home/ubuntu/tools/main/nbbuild/netbeans/ide" />
    <property name="websvc.clientapi.dir" value="/home/ubuntu/tools/main/nbbuild/netbeans/enterprise" />
    <property name="javaee.specs.support.dir" value="/home/ubuntu/tools/main/nbbuild/netbeans/enterprise" />
    <property name="web.beans.dir" value="/home/ubuntu/tools/main/nbbuild/netbeans/enterprise" />
    <property name="mercurial.remote.dir" value="/home/ubuntu/tools/main/nbbuild/netbeans/dlight" />
    <property name="web.javascript.debugger.dir" value="/home/ubuntu/tools/main/nbbuild/netbeans/webcommon" />
    <property name="jemmy.dir" value="/home/ubuntu/tools/main/nbbuild/netbeans/harness" />
    <property name="javaee.wildfly.dir" value="/home/ubuntu/tools/main/nbbuild/netbeans/enterprise" />
    <property name="netbeans.dest.dir" value="/home/ubuntu/tools/main/nbbuild/netbeans" />
    <property name="selenium2.webclient.protractor.dir" value="/home/ubuntu/tools/main/nbbuild/netbeans/webcommon" />
    <property name="clusters.config.javacard.list" value="nb.cluster.harness,nb.cluster.bootstrap,nb.cluster.platform,nb.cluster.ide,nb.cluster.extide,nb.cluster.websvccommon,nb.cluster.java,nb.cluster.javafx,nb.cluster.profiler,nb.cluster.nb,nb.cluster.javacard" />
    <property name="clusters.config.mobility.list" value="nb.cluster.harness,nb.cluster.bootstrap,nb.cluster.platform,nb.cluster.ide,nb.cluster.extide,nb.cluster.websvccommon,nb.cluster.java,nb.cluster.javafx,nb.cluster.profiler,nb.cluster.nb,nb.cluster.webcommon,nb.cluster.enterprise,nb.cluster.mobility" />
    <property name="openide.util.ui.dir" value="/home/ubuntu/tools/main/nbbuild/netbeans/platform" />
    <property name="j2ee.earproject.dir" value="/home/ubuntu/tools/main/nbbuild/netbeans/enterprise" />
    <property name="maven.graph.dir" value="/home/ubuntu/tools/main/nbbuild/netbeans/java" />
    <property name="openide.nodes.dir" value="/home/ubuntu/tools/main/nbbuild/netbeans/platform" />
    <property name="ant.file.default" value="/home/ubuntu/tools/main/nbbuild/default.xml" />
    <property name="java.vm.specification.name" value="Java Virtual Machine Specification" />
    <property name="j2ee.dd.dir" value="/home/ubuntu/tools/main/nbbuild/netbeans/enterprise" />
    <property name="test.run.args" value="-ea -Xmx480m" />
    <property name="api.java.dir" value="/home/ubuntu/tools/main/nbbuild/netbeans/java" />
    <property name="core.execution.dir" value="/home/ubuntu/tools/main/nbbuild/netbeans/platform" />
    <property name="bootclasspath.prepend" value="/home/ubuntu/tools/main/libs.javacapi/external/nb-javac-api.jar:/home/ubuntu/tools/main/libs.javacimpl/external/nb-javac-impl.jar" />
    <property name="extexecution.impl.dir" value="/home/ubuntu/tools/main/nbbuild/netbeans/ide" />
    <property name="php.nette2.dir" value="/home/ubuntu/tools/main/nbbuild/netbeans/php" />
    <property name="file.separator" value="/" />
    <property name="ant.file.default-properties" value="/home/ubuntu/tools/main/nbbuild/default-properties.xml" />
    <property name="java.navigation.dir" value="/home/ubuntu/tools/main/nbbuild/netbeans/java" />
    <property name="websvc.rest.dir" value="/home/ubuntu/tools/main/nbbuild/netbeans/enterprise" />
    <property name="versioning.dir" value="/home/ubuntu/tools/main/nbbuild/netbeans/ide" />
    <property name="websvc.jaxwsmodel.dir" value="/home/ubuntu/tools/main/nbbuild/netbeans/enterprise" />
    <property name="dbschema.dir" value="/home/ubuntu/tools/main/nbbuild/netbeans/java" />
    <property name="ant.file.type.default-properties" value="file" />
    <property name="locmakenbm.locales" value="" />
    <property name="nb.cluster.jira.dir" value="extra" />
    <property name="welcome.dir" value="/home/ubuntu/tools/main/nbbuild/netbeans/nb" />
    <property name="parsing.ui.dir" value="/home/ubuntu/tools/main/nbbuild/netbeans/ide" />
    <property name="nb.cluster.jira.depends" value="nb.cluster.harness,nb.cluster.platform,nb.cluster.ide" />
    <property name="nb.cluster.apisupport" value="apisupport.ant,apisupport.crudsample,apisupport.feedreader,apisupport.installer,apisupport.installer.maven,apisupport.kit,apisupport.osgidemo,apisupport.paintapp,apisupport.project,apisupport.refactoring,apisupport.wizards,maven.apisupport,timers" />
    <property name="j2ee.persistenceapi.dir" value="/home/ubuntu/tools/main/nbbuild/netbeans/java" />
    <property name="websvc.saas.api.dir" value="/home/ubuntu/tools/main/nbbuild/netbeans/websvccommon" />
    <property name="cluster.dir.fallback" value="extra" />
    <property name="php.nette.tester.dir" value="/home/ubuntu/tools/main/nbbuild/netbeans/php" />
    <property name="testng.maven.dir" value="/home/ubuntu/tools/main/nbbuild/netbeans/java" />
    <property name="o.apache.commons.io.dir" value="/home/ubuntu/tools/main/nbbuild/netbeans/ide" />
    <property name="j2ee.sun.ddui.dir" value="/home/ubuntu/tools/main/nbbuild/netbeans/enterprise" />
    <property name="nb.cluster.betauc.depends" value="nb.cluster.cnd,nb.cluster.cndext,nb.cluster.dlight,nb.cluster.groovy,nb.cluster.javacard,nb.cluster.mobility,nb.cluster.php,nb.cluster.harness,nb.cluster.bootstrap,nb.cluster.platform,nb.cluster.ide,nb.cluster.extide,nb.cluster.websvccommon,nb.cluster.java,nb.cluster.javafx,nb.cluster.profiler,nb.cluster.nb,nb.cluster.apisupport,nb.cluster.webcommon,nb.cluster.enterprise,nb.cluster.ergonomics" />
    <property name="hudson.XDG_SEAT_PATH" value="/org/freedesktop/DisplayManager/Seat0" />
    <property name="spring.beans.dir" value="/home/ubuntu/tools/main/nbbuild/netbeans/java" />
    <property name="websvc.restkit.dir" value="/home/ubuntu/tools/main/nbbuild/netbeans/enterprise" />
    <property name="nbm.target.dir" value="/home/ubuntu/tools/main/openide.awt/build" />
    <property name="web.jsf.richfaces.dir" value="/home/ubuntu/tools/main/nbbuild/netbeans/enterprise" />
    <property name="lib.v8debug.dir" value="/home/ubuntu/tools/main/nbbuild/netbeans/webcommon" />
    <property name="java.hints.test.dir" value="/home/ubuntu/tools/main/nbbuild/netbeans/java" />
    <property name="run.bootclasspath.prepend" value="/home/ubuntu/tools/main/libs.javacapi/external/nb-javac-api.jar:/home/ubuntu/tools/main/libs.javacimpl/external/nb-javac-impl.jar" />
    <property name="nb.cluster.webcommon.dir" value="webcommon" />
    <property name="versioning.indexingbridge.dir" value="/home/ubuntu/tools/main/nbbuild/netbeans/ide" />
    <property name="web.monitor.dir" value="/home/ubuntu/tools/main/nbbuild/netbeans/enterprise" />
    <property name="o.n.bootstrap.dir" value="/home/ubuntu/tools/main/nbbuild/netbeans/platform" />
    <property name="gototest.dir" value="/home/ubuntu/tools/main/nbbuild/netbeans/ide" />
    <property name="java.freeform.dir" value="/home/ubuntu/tools/main/nbbuild/netbeans/java" />
    <property name="binaries.cache" value="/root/.hgexternalcache" />
    <property name="javascript2.doc.dir" value="/home/ubuntu/tools/main/nbbuild/netbeans/webcommon" />
    <property name="libs.nbi.ant.dir" value="/home/ubuntu/tools/main/nbbuild/netbeans/harness" />
    <property name="editor.errorstripe.dir" value="/home/ubuntu/tools/main/nbbuild/netbeans/ide" />
    <property name="tasklist.todo.dir" value="/home/ubuntu/tools/main/nbbuild/netbeans/ide" />
    <property name="websvc.saas.codegen.php.dir" value="/home/ubuntu/tools/main/nbbuild/netbeans/php" />
    <property name="sendopts.dir" value="/home/ubuntu/tools/main/nbbuild/netbeans/platform" />
    <property name="nb.cluster.javafx.dir" value="javafx" />
    <property name="cordova.dir" value="/home/ubuntu/tools/main/nbbuild/netbeans/webcommon" />
    <property name="hudson.TERM" value="xterm" />
    <property name="editor.completion.dir" value="/home/ubuntu/tools/main/nbbuild/netbeans/ide" />
    <property name="websvc.projectapi.dir" value="/home/ubuntu/tools/main/nbbuild/netbeans/enterprise" />
    <property name="cnd.makeproject.ui.dir" value="/home/ubuntu/tools/main/nbbuild/netbeans/cnd" />
    <property name="subversion.remote.dir" value="/home/ubuntu/tools/main/nbbuild/netbeans/dlight" />
    <property name="php.phpdoc.documentation.dir" value="/home/ubuntu/tools/main/nbbuild/netbeans/php" />
    <property name="dtd.cp" value="/home/ubuntu/tools/main/openide.filesystems/src" />
    <property name="nb.cluster.python" value="contrib/o.jython,contrib/o.jython.distro,contrib/python.console,contrib/python.core,contrib/python.debugger,contrib/python.editor,contrib/python.help,contrib/python.hints,contrib/python.kit,contrib/python.options,contrib/python.platform,contrib/python.project,contrib/python.project2,contrib/python.samples,contrib/python.source,contrib/python.testrunner" />
    <property name="nb.cluster.odcs" value="c.tasktop.c2c.server.cloud.api,c.tasktop.c2c.server.common.api,c.tasktop.c2c.server.profile.api,c.tasktop.c2c.server.scm.api,c.tasktop.c2c.server.tasks.api,c.tasktop.c2c.server.wiki.api,o.codehaus.jackson.core,o.codehaus.jackson.mapper,odcs,odcs.git,odcs.hudson,odcs.kit,odcs.tasks,odcs.tasks.bridge,odcs.ui,odcs.versioning,oracle.clouddev.server.profile.activity.client.api,oracle.clouddev.server.profile.activity.client.rest,oracle.eclipse.tools.cloud.dev.tasks,team.server,team.server.nb" />
    <property name="websvc.rest.samples.dir" value="/home/ubuntu/tools/main/nbbuild/netbeans/enterprise" />
    <property name="TODAY" value="August 21 2018" />
    <property name="user.name" value="root" />
    <property name="db.drivers.dir" value="/home/ubuntu/tools/main/nbbuild/netbeans/ide" />
    <property name="hudson.QT_QPA_PLATFORMTHEME" value="appmenu-qt5" />
    <property name="java.j2semodule.dir" value="/home/ubuntu/tools/main/nbbuild/netbeans/java" />
    <property name="versioning.ui.dir" value="/home/ubuntu/tools/main/nbbuild/netbeans/ide" />
    <property name="nb.cluster.bootstrap.depends" value="" />
    <property name="build.classes.dir.ml" value="/home/ubuntu/tools/main/openide.awt/build/ml/classes" />
    <property name="o.openidex.util.dir" value="/home/ubuntu/tools/main/nbbuild/netbeans/ide" />
    <property name="javascript2.react.dir" value="/home/ubuntu/tools/main/nbbuild/netbeans/webcommon" />
    <property name="mercurial.dir" value="/home/ubuntu/tools/main/nbbuild/netbeans/ide" />
    <property name="web.client.samples.dir" value="/home/ubuntu/tools/main/nbbuild/netbeans/webcommon" />
    <property name="sun.io.unicode.encoding" value="UnicodeLittle" />
    <property name="core.multitabs.dir" value="/home/ubuntu/tools/main/nbbuild/netbeans/platform" />
    <property name="javascript.nodejs.dir" value="/home/ubuntu/tools/main/nbbuild/netbeans/webcommon" />
    <property name="javafx2.platform.dir" value="/home/ubuntu/tools/main/nbbuild/netbeans/javafx" />
    <property name="editor.actions.dir" value="/home/ubuntu/tools/main/nbbuild/netbeans/ide" />
    <property name="db.metadata.model.dir" value="/home/ubuntu/tools/main/nbbuild/netbeans/ide" />
    <property name="clusters.config.php.list" value="nb.cluster.harness,nb.cluster.bootstrap,nb.cluster.platform,nb.cluster.ide,nb.cluster.extide,nb.cluster.webcommon,nb.cluster.php,nb.cluster.websvccommon,nb.cluster.nb" />
    <property name="java.editor.dir" value="/home/ubuntu/tools/main/nbbuild/netbeans/java" />
    <property name="code.analysis.dir" value="/home/ubuntu/tools/main/nbbuild/netbeans/ide" />
    <property name="o.n.swing.dirchooser.dir" value="/home/ubuntu/tools/main/nbbuild/netbeans/ide" />
    <property name="nb.cluster.enterprise.depends" value="nb.cluster.java,nb.cluster.ide,nb.cluster.extide,nb.cluster.profiler,nb.cluster.webcommon,nb.cluster.websvccommon,nb.cluster.platform,nb.cluster.harness" />
    <property name="os.version" value="4.2.0-27-generic" />
    <property name="api.xml.dir" value="/home/ubuntu/tools/main/nbbuild/netbeans/ide" />
    <property name="validation.nb.cluster.java" value="java.hints,java.kit" />
    <property name="websvc.saas.kit.dir" value="/home/ubuntu/tools/main/nbbuild/netbeans/websvccommon" />
    <property name="javascript2.kit.dir" value="/home/ubuntu/tools/main/nbbuild/netbeans/webcommon" />
    <property name="clusters.config.cndext.list" value="nb.cluster.harness,nb.cluster.bootstrap,nb.cluster.platform,nb.cluster.ide,nb.cluster.cnd,nb.cluster.nb,nb.cluster.dlight,nb.cluster.cndext,nb.cluster.extide,nb.cluster.java" />
    <property name="awt.toolkit" value="sun.awt.X11.XToolkit" />
    <property name="javascript.v8debug.ui.dir" value="/home/ubuntu/tools/main/nbbuild/netbeans/webcommon" />
    <property name="openide.execution.compat8.dir" value="/home/ubuntu/tools/main/nbbuild/netbeans/platform" />
    <property name="cluster.dir" value="platform" />
    <property name="module.jar.basename" value="org-openide-awt.jar" />
    <property name="spellchecker.apimodule.dir" value="/home/ubuntu/tools/main/nbbuild/netbeans/ide" />
    <property name="openide.explorer.dir" value="/home/ubuntu/tools/main/nbbuild/netbeans/platform" />
    <property name="java.testrunner.ui.dir" value="/home/ubuntu/tools/main/nbbuild/netbeans/java" />
    <property name="netserver.dir" value="/home/ubuntu/tools/main/nbbuild/netbeans/webcommon" />
    <property name="build.test.unit.work.dir" value="/home/ubuntu/tools/main/openide.awt/build/test/unit/work" />
    <property name="basedir" value="/home/ubuntu/tools/main/openide.awt" />
    <property name="httpserver.dir" value="/home/ubuntu/tools/main/nbbuild/netbeans/ide" />
    <property name="libs.jaxb.dir" value="/home/ubuntu/tools/main/nbbuild/netbeans/ide" />
    <property name="core.ide.dir" value="/home/ubuntu/tools/main/nbbuild/netbeans/ide" />
    <property name="editor.guards.dir" value="/home/ubuntu/tools/main/nbbuild/netbeans/ide" />
    <property name="hudson.COLORTERM" value="gnome-terminal" />
    <property name="apisupport.installer.dir" value="/home/ubuntu/tools/main/nbbuild/netbeans/apisupport" />
    <property name="maven.osgi.dir" value="/home/ubuntu/tools/main/nbbuild/netbeans/java" />
    <property name="j2ee.persistence.dir" value="/home/ubuntu/tools/main/nbbuild/netbeans/java" />
    <property name="binaries.server" value="http://hg.netbeans.org/binaries/" />
    <property name="java.completion.dir" value="/home/ubuntu/tools/main/nbbuild/netbeans/java" />
    <property name="hudson.PATH" value="/opt/bin:/opt/bin:/opt/bin:/opt/bin:/opt/bin:/opt/bin:/usr/local/sbin:/usr/local/bin:/usr/sbin:/usr/bin:/sbin:/bin:/usr/games:/usr/local/games" />
    <property name="nb.cluster.mobility.depends" value="nb.cluster.platform,nb.cluster.java,nb.cluster.websvccommon,nb.cluster.apisupport,nb.cluster.ide,nb.cluster.enterprise,nb.cluster.extide" />
    <property name="performance.ergonomics.dir" value="/home/ubuntu/tools/main/nbbuild/netbeans/ergonomics" />
    <property name="o.n.html.ko4j.dir" value="/home/ubuntu/tools/main/nbbuild/netbeans/platform" />
    <property name="websvc.saas.services.weatherbug.dir" value="/home/ubuntu/tools/main/nbbuild/netbeans/websvccommon" />
    <property name="php.phpdoc.dir" value="/home/ubuntu/tools/main/nbbuild/netbeans/php" />
    <property name="php.api.testing.dir" value="/home/ubuntu/tools/main/nbbuild/netbeans/php" />
    <property name="nb.cluster.websvccommon.depends" value="nb.cluster.ide,nb.cluster.platform" />
    <property name="clusters.list.file" value="/home/ubuntu/tools/main/nbbuild/cluster.properties" />
    <property name="j2ee.eclipselinkmodelgen.dir" value="/home/ubuntu/tools/main/nbbuild/netbeans/java" />
    <property name="jshell.support.dir" value="/home/ubuntu/tools/main/nbbuild/netbeans/java" />
    <property name="javascript2.jade.dir" value="/home/ubuntu/tools/main/nbbuild/netbeans/webcommon" />
    <property name="schema2beans.dir" value="/home/ubuntu/tools/main/nbbuild/netbeans/ide" />
    <property name="java.hints.declarative.dir" value="/home/ubuntu/tools/main/nbbuild/netbeans/java" />
    <property name="build.test.qa-functional.classes.dir" value="/home/ubuntu/tools/main/openide.awt/build/test/qa-functional/classes" />
    <property name="web.freeform.dir" value="/home/ubuntu/tools/main/nbbuild/netbeans/enterprise" />
    <property name="java.endorsed.dirs" value="/usr/lib/jvm/java-8-oracle/jre/lib/endorsed" />
    <property name="performance.scripting.dir" value="/home/ubuntu/tools/main/nbbuild/netbeans/enterprise" />
    <property name="queries.dir" value="/home/ubuntu/tools/main/nbbuild/netbeans/platform" />
    <property name="php.kit.dir" value="/home/ubuntu/tools/main/nbbuild/netbeans/php" />
    <property name="nb.cluster.enterprise.dir" value="enterprise" />
    <property name="hudson.USER" value="root" />
    <property name="libs.dbx.support.dir" value="/home/ubuntu/tools/main/nbbuild/netbeans/cnd" />
    <property name="projectuiapi.base.dir" value="/home/ubuntu/tools/main/nbbuild/netbeans/ide" />
    <property name="javaee.injection.dir" value="/home/ubuntu/tools/main/nbbuild/netbeans/java" />
    <property name="test.unit.src.dir" value="/home/ubuntu/tools/main/openide.awt/test/unit/src" />
    <property name="performance.web.dir" value="/home/ubuntu/tools/main/nbbuild/netbeans/enterprise" />
    <property name="cnd.mixeddev.dir" value="/home/ubuntu/tools/main/nbbuild/netbeans/cndext" />
    <property name="hudson.XDG_CONFIG_DIRS" value="/etc/xdg/xdg-ubuntu:/usr/share/upstart/xdg:/etc/xdg" />
    <property name="clusters.config.groovy.list" value="nb.cluster.harness,nb.cluster.bootstrap,nb.cluster.platform,nb.cluster.ide,nb.cluster.extide,nb.cluster.websvccommon,nb.cluster.java,nb.cluster.javafx,nb.cluster.profiler,nb.cluster.nb,nb.cluster.groovy" />
    <property name="ant.library.dir" value="/usr/share/ant/lib" />
    <property name="jellytools.enterprise.dir" value="/home/ubuntu/tools/main/nbbuild/netbeans/enterprise" />
    <property name="refactoring.java.dir" value="/home/ubuntu/tools/main/nbbuild/netbeans/java" />
    <property name="defaults.dir" value="/home/ubuntu/tools/main/nbbuild/netbeans/ide" />
    <property name="groovy.samples.dir" value="/home/ubuntu/tools/main/nbbuild/netbeans/groovy" />
    <property name="versioning.system.cvss.installer.dir" value="/home/ubuntu/tools/main/nbbuild/netbeans/ide" />
    <property name="ant.file.type.no-testcoverage" value="file" />
    <property name="cnd.utils.ui.dir" value="/home/ubuntu/tools/main/nbbuild/netbeans/cnd" />
    <property name="api.web.webmodule.dir" value="/home/ubuntu/tools/main/nbbuild/netbeans/enterprise" />
    <property name="team.ide.dir" value="/home/ubuntu/tools/main/nbbuild/netbeans/ide" />
    <property name="masterfs.linux.dir" value="/home/ubuntu/tools/main/nbbuild/netbeans/platform" />
    <property name="o.n.insane.dir" value="/home/ubuntu/tools/main/nbbuild/netbeans/harness" />
    <property name="openide.loaders.dir" value="/home/ubuntu/tools/main/nbbuild/netbeans/platform" />
    <property name="web.jsfapi.dir" value="/home/ubuntu/tools/main/nbbuild/netbeans/enterprise" />
    <property name="cnd.discovery.dir" value="/home/ubuntu/tools/main/nbbuild/netbeans/cnd" />
    <property name="java.graph.dir" value="/home/ubuntu/tools/main/nbbuild/netbeans/java" />
    <property name="test.qa-functional.dir" value="/home/ubuntu/tools/main/openide.awt/test/qa-functional" />
    <property name="validation.nb.cluster.profiler" value="profiler.kit" />
    <property name="java.vm.specification.version" value="1.8" />
    <property name="j2ee.dd.webservice.dir" value="/home/ubuntu/tools/main/nbbuild/netbeans/enterprise" />
    <property name="cnd.toolchain.ui.dir" value="/home/ubuntu/tools/main/nbbuild/netbeans/cnd" />
    <property name="cnd.cncppunit.dir" value="/home/ubuntu/tools/main/nbbuild/netbeans/cnd" />
    <property name="hudson.XDG_SESSION_ID" value="c2" />
    <property name="templatesui.dir" value="/home/ubuntu/tools/main/nbbuild/netbeans/platform" />
    <property name="javascript2.json.dir" value="/home/ubuntu/tools/main/nbbuild/netbeans/webcommon" />
    <property name="build.compiler.debug" value="true" />
    <property name="nb.cluster.experimental" value="apisupport.apidocs,cloud.oracle,db.mysql.sakila,debugger.jpda.truffle,debugger.jpda.trufflenode,deployment.deviceanywhere,findbugs,j2me.cdc.kit,j2me.cdc.platform,j2me.cdc.platform.nokias80,j2me.cdc.platform.ojec,j2me.cdc.platform.semc,j2me.cdc.platform.sjmc,j2me.cdc.platform.sun,j2me.cdc.project,j2me.cdc.project.execui,j2me.cdc.project.execuiimpl,j2me.cdc.project.nokiaS80,j2me.cdc.project.ojec,j2me.cdc.project.savaje,j2me.cdc.project.semc,j2me.cdc.project.sjmc,jconsole,jmx,jmx.common,libs.aguiswinglayout,libs.findbugs,libs.oracle.cloud,libs.ppawtlayout,loadgenerator,maven.util,mobility.antext,mobility.cldcplatform.catalog,mobility.deployment.ftpscp,mobility.deployment.nokia,mobility.deployment.sonyericsson,mobility.deployment.webdav,mobility.editor,mobility.j2meunit,mobility.kit,mobility.plugins.mpowerplayer,mobility.project,mobility.project.bridge,mobility.project.bridge.impl,mobility.svgcore,mvd,o.apache.tools.ant.module.docs,o.n.swing.laf.dark,otherlicenses/mobility.proguard,profiler.commandrunner,profiler.loadgen,svg.perseus,swingapplib,vmd.analyzer,vmd.codegen,vmd.components.midp,vmd.components.midp.pda,vmd.components.midp.wma,vmd.components.svg,vmd.componentssupport,vmd.examples,vmd.flow,vmd.game,vmd.inspector,vmd.io,vmd.io.javame,vmd.kit,vmd.midp,vmd.midp.converter,vmd.midpnb,vmd.model,vmd.palette,vmd.properties,vmd.screen,vmd.structure,clearcase,coherence,contrib/ant.freeform.samples,contrib/api.workqueues,contrib/apisupport.projectinspector,contrib/autoproject.core,contrib/autoproject.java,contrib/autoproject.profiler,contrib/autoproject.web,contrib/cnd.debugger.gdbserver,contrib/docbook,contrib/docbook.project,contrib/imagepaste,contrib/insertunicode,contrib/j2ee.geronimo2,contrib/j2ee.jetty,contrib/libs.selenium,contrib/libs.selenium.server,contrib/logmanagement,contrib/masterfs.suspend,contrib/modulemanager,contrib/quickfilechooser,contrib/selenium,contrib/selenium.maven,contrib/selenium.php,contrib/selenium.server,o.apache.jmeter.module,websvc.rest.wadl.design,websvc.rest.wadl.model,avatar_js.project,c.s.collablet,c.s.collablet.moxc,collab.channel.chat,collab.channel.chat.html,collab.channel.chat.java,collab.channel.chat.text,collab.channel.chat.xml,collab.channel.filesharing,collab.channel.output,collab.kit,collab.provider.im,collab.ui,contrib/a11y,contrib/accelerators.terminal,contrib/apisupport.beanbrowser,contrib/apisupport.tc.cobertura,contrib/archiver,contrib/autosave,contrib/c.ericsson.otp.erlang,contrib/codetemplatetools,contrib/de.hunsicker.jalopy.plugin.netbeans,contrib/editor.deprecated.pre61completion,contrib/editor.deprecated.pre61settings,contrib/editor.fold.support,contrib/editor.hints.i18n,contrib/editor.nexterror,contrib/encoding,contrib/explorefromhere,contrib/fisheye,contrib/folder2html,contrib/formatmany,contrib/genericnavigator,contrib/graphicclassview,contrib/group,contrib/gsf,contrib/gsf.api,contrib/gsfpath.api,contrib/hexeditor,contrib/htmlprojects,contrib/j2ee.oc4j,contrib/j2ee.sun.ws7,contrib/java.debugjavac,contrib/java.ext.editor,contrib/javahints,contrib/javanavigators,contrib/jemmysupport,contrib/languages.execution,contrib/languages.prolog,contrib/languages.tcl,contrib/languages.velocity,contrib/libs.commons_lang,contrib/libs.ical4j,contrib/libs.jcalendar,contrib/licensechanger,contrib/loaderswitcher,contrib/moduleresolver,contrib/mount,contrib/nbignore,contrib/nborgsourcebrowse,contrib/o.jython,contrib/o.jython.distro,contrib/o.n.contrib.debuggerretry,contrib/o.n.erdbeans,contrib/o.n.misc.diff,contrib/performance.insane,contrib/perspective,contrib/python.console,contrib/python.core,contrib/python.debugger,contrib/python.editor,contrib/python.help,contrib/python.hints,contrib/python.kit,contrib/python.options,contrib/python.platform,contrib/python.project,contrib/python.project2,contrib/python.samples,contrib/python.source,contrib/python.testrunner,contrib/showtodos,contrib/sysprops,contrib/tanui,contrib/websvc.saas.services.rtm,contrib/whichproject,j2ee.websphere6,j2me.cdc.platform.bdj,j2me.cdc.project.bdj,keyring.jps,languages.refactoring,libs.xmlbeans,mercurial.search,o.n.bluej,o.n.bluej.ui,projectimport.jbuilder,traceio,uihandler.interactive,web.domdiff,web.facelets010114,web.jsf.extensions,web.livehtml,websvc.axis2,websvc.jaxrpc,websvc.jaxrpc16,websvc.jaxrpckit,websvc.registry" />
    <property name="extexecution.dir" value="/home/ubuntu/tools/main/nbbuild/netbeans/ide" />
    <property name="o.apache.commons.httpclient.dir" value="/home/ubuntu/tools/main/nbbuild/netbeans/ide" />
  </properties>
  <testcase classname="org.openide.awt.UndoRedoTest" name="testUndoRedoStable" time="0.022" />
  <testcase classname="org.openide.awt.UndoRedoTest" name="testUndoDeliversChangesWithTooManyEdits" time="0.011" />
  <testcase classname="org.openide.awt.UndoRedoTest" name="testUndoDeliversChanges" time="0.004" />
  <system-out><![CDATA[hello
]]></system-out>
  <system-err><![CDATA[]]></system-err>
</testsuite>
