<?xml version="1.0" encoding="UTF-8"?>
<testsuite xmlns:xsi="http://www.w3.org/2001/XMLSchema-instance" xsi:schemaLocation="https://maven.apache.org/surefire/maven-surefire-plugin/xsd/surefire-test-report.xsd" name="org.apache.commons.jexl3.ArithmeticTest" time="2.134" tests="41" errors="0" skipped="0" failures="0">
  <properties>
    <property name="java.runtime.name" value="Java(TM) SE Runtime Environment"/>
    <property name="sun.boot.library.path" value="/usr/lib/jvm/java-8-oracle/jre/lib/amd64"/>
    <property name="java.vm.version" value="25.111-b14"/>
    <property name="java.vm.vendor" value="Oracle Corporation"/>
    <property name="java.vendor.url" value="http://java.oracle.com/"/>
    <property name="path.separator" value=":"/>
    <property name="guice.disable.misplaced.annotation.check" value="true"/>
    <property name="java.vm.name" value="Java HotSpot(TM) 64-Bit Server VM"/>
    <property name="file.encoding.pkg" value="sun.io"/>
    <property name="user.country" value="US"/>
    <property name="sun.java.launcher" value="SUN_STANDARD"/>
    <property name="sun.os.patch.level" value="unknown"/>
    <property name="java.vm.specification.name" value="Java Virtual Machine Specification"/>
    <property name="user.dir" value="/home/ubuntu/pristine/commons-jexl3"/>
    <property name="java.runtime.version" value="1.8.0_111-b14"/>
    <property name="java.awt.graphicsenv" value="sun.awt.X11GraphicsEnvironment"/>
    <property name="java.endorsed.dirs" value="/usr/lib/jvm/java-8-oracle/jre/lib/endorsed"/>
    <property name="os.arch" value="amd64"/>
    <property name="java.io.tmpdir" value="/tmp"/>
    <property name="line.separator" value="&#10;"/>
    <property name="java.vm.specification.vendor" value="Oracle Corporation"/>
    <property name="os.name" value="Linux"/>
    <property name="classworlds.conf" value="/usr/share/maven/bin/m2.conf"/>
    <property name="sun.jnu.encoding" value="UTF-8"/>
    <property name="java.library.path" value="/usr/java/packages/lib/amd64:/usr/lib64:/lib64:/lib:/usr/lib"/>
    <property name="java.specification.name" value="Java Platform API Specification"/>
    <property name="java.class.version" value="52.0"/>
    <property name="sun.management.compiler" value="HotSpot 64-Bit Tiered Compilers"/>
    <property name="os.version" value="4.2.0-27-generic"/>
    <property name="user.home" value="/root"/>
    <property name="user.timezone" value="America/Los_Angeles"/>
    <property name="java.awt.printerjob" value="sun.print.PSPrinterJob"/>
    <property name="file.encoding" value="UTF-8"/>
    <property name="java.specification.version" value="1.8"/>
    <property name="user.name" value="root"/>
    <property name="java.class.path" value="/usr/share/maven/boot/plexus-classworlds-2.x.jar"/>
    <property name="java.vm.specification.version" value="1.8"/>
    <property name="sun.arch.data.model" value="64"/>
    <property name="java.home" value="/usr/lib/jvm/java-8-oracle/jre"/>
    <property name="sun.java.command" value="org.codehaus.plexus.classworlds.launcher.Launcher test"/>
    <property name="java.specification.vendor" value="Oracle Corporation"/>
    <property name="user.language" value="en"/>
    <property name="awt.toolkit" value="sun.awt.X11.XToolkit"/>
    <property name="java.vm.info" value="mixed mode"/>
    <property name="java.version" value="1.8.0_111"/>
    <property name="java.ext.dirs" value="/usr/lib/jvm/java-8-oracle/jre/lib/ext:/usr/java/packages/lib/ext"/>
    <property name="securerandom.source" value="file:/dev/./urandom"/>
    <property name="sun.boot.class.path" value="/usr/lib/jvm/java-8-oracle/jre/lib/resources.jar:/usr/lib/jvm/java-8-oracle/jre/lib/rt.jar:/usr/lib/jvm/java-8-oracle/jre/lib/sunrsasign.jar:/usr/lib/jvm/java-8-oracle/jre/lib/jsse.jar:/usr/lib/jvm/java-8-oracle/jre/lib/jce.jar:/usr/lib/jvm/java-8-oracle/jre/lib/charsets.jar:/usr/lib/jvm/java-8-oracle/jre/lib/jfr.jar:/usr/lib/jvm/java-8-oracle/jre/classes"/>
    <property name="java.vendor" value="Oracle Corporation"/>
    <property name="maven.home" value="/usr/share/maven"/>
    <property name="file.separator" value="/"/>
    <property name="java.vendor.url.bug" value="http://bugreport.sun.com/bugreport/"/>
    <property name="sun.cpu.endian" value="little"/>
    <property name="sun.io.unicode.encoding" value="UnicodeLittle"/>
    <property name="sun.desktop" value="gnome"/>
    <property name="sun.cpu.isalist" value=""/>
  </properties>
  <testcase name="testJexl173" classname="org.apache.commons.jexl3.ArithmeticTest" time="0.055"/>
  <testcase name="testBigLiteralValue" classname="org.apache.commons.jexl3.ArithmeticTest" time="0.001"/>
  <testcase name="test2DoubleLiterals" classname="org.apache.commons.jexl3.ArithmeticTest" time="0"/>
  <testcase name="testEmptyFloat" classname="org.apache.commons.jexl3.ArithmeticTest" time="0.001"/>
  <testcase name="testDivideByZero" classname="org.apache.commons.jexl3.ArithmeticTest" time="0.389"/>
  <testcase name="testNaN" classname="org.apache.commons.jexl3.ArithmeticTest" time="0"/>
  <testcase name="testArithmeticPlusNoCache" classname="org.apache.commons.jexl3.ArithmeticTest" time="0.118"/>
  <testcase name="testXmlArithmetic" classname="org.apache.commons.jexl3.ArithmeticTest" time="0.595"/>
  <testcase name="testCoerceDouble" classname="org.apache.commons.jexl3.ArithmeticTest" time="0.001"/>
  <testcase name="testBigDecimal" classname="org.apache.commons.jexl3.ArithmeticTest" time="0.04"/>
  <testcase name="testCoerceInteger" classname="org.apache.commons.jexl3.ArithmeticTest" time="0"/>
  <testcase name="testAddWithStringsLenient" classname="org.apache.commons.jexl3.ArithmeticTest" time="0.001"/>
  <testcase name="testEmpty" classname="org.apache.commons.jexl3.ArithmeticTest" time="0.003"/>
  <testcase name="testRightNullOperand" classname="org.apache.commons.jexl3.ArithmeticTest" time="0.003"/>
  <testcase name="testBigInteger" classname="org.apache.commons.jexl3.ArithmeticTest" time="0.001"/>
  <testcase name="testPlusClass" classname="org.apache.commons.jexl3.ArithmeticTest" time="0.001"/>
  <testcase name="testCoerceLong" classname="org.apache.commons.jexl3.ArithmeticTest" time="0.001"/>
  <testcase name="testEmptyLong" classname="org.apache.commons.jexl3.ArithmeticTest" time="0.048"/>
  <testcase name="testMultClass" classname="org.apache.commons.jexl3.ArithmeticTest" time="0.004"/>
  <testcase name="testUnaryMinus" classname="org.apache.commons.jexl3.ArithmeticTest" time="0.123"/>
  <testcase name="testNullOperand" classname="org.apache.commons.jexl3.ArithmeticTest" time="0"/>
  <testcase name="testIsFloatingPointPattern" classname="org.apache.commons.jexl3.ArithmeticTest" time="0.001"/>
  <testcase name="testLeftNullOperand" classname="org.apache.commons.jexl3.ArithmeticTest" time="0.05"/>
  <testcase name="testLongLiterals" classname="org.apache.commons.jexl3.ArithmeticTest" time="0"/>
  <testcase name="testEmptyDouble" classname="org.apache.commons.jexl3.ArithmeticTest" time="0.06"/>
  <testcase name="testBigLiterals" classname="org.apache.commons.jexl3.ArithmeticTest" time="0.001"/>
  <testcase name="testInfiniteArithmetic" classname="org.apache.commons.jexl3.ArithmeticTest" time="0.04"/>
  <testcase name="testBigExponentLiterals" classname="org.apache.commons.jexl3.ArithmeticTest" time="0.03"/>
  <testcase name="testNullOperands" classname="org.apache.commons.jexl3.ArithmeticTest" time="0.002"/>
  <testcase name="testAddWithStringsStrict" classname="org.apache.commons.jexl3.ArithmeticTest" time="0.001"/>
  <testcase name="testArithmeticPlus" classname="org.apache.commons.jexl3.ArithmeticTest" time="0.077"/>
  <testcase name="testCoercions" classname="org.apache.commons.jexl3.ArithmeticTest" time="0.002"/>
  <testcase name="testDivClass" classname="org.apache.commons.jexl3.ArithmeticTest" time="0.044"/>
  <testcase name="testMinusClass" classname="org.apache.commons.jexl3.ArithmeticTest" time="0.008"/>
  <testcase name="testAtomicBoolean" classname="org.apache.commons.jexl3.ArithmeticTest" time="0.106"/>
  <testcase name="testBigdOp" classname="org.apache.commons.jexl3.ArithmeticTest" time="0.028"/>
  <testcase name="testCoerceBigDecimal" classname="org.apache.commons.jexl3.ArithmeticTest" time="0.001"/>
  <testcase name="testOption" classname="org.apache.commons.jexl3.ArithmeticTest" time="0"/>
  <testcase name="testCoerceBigInteger" classname="org.apache.commons.jexl3.ArithmeticTest" time="0.001"/>
  <testcase name="testCalculations" classname="org.apache.commons.jexl3.ArithmeticTest" time="0.035"/>
  <testcase name="testUndefinedVar" classname="org.apache.commons.jexl3.ArithmeticTest" time="0"/>
</testsuite>