<?xml version="1.0" encoding="UTF-8"?>
<testsuite xmlns:xsi="http://www.w3.org/2001/XMLSchema-instance" xsi:schemaLocation="https://maven.apache.org/surefire/maven-surefire-plugin/xsd/surefire-test-report.xsd" name="org.apache.commons.jexl3.IssuesTest" time="1.158" tests="52" errors="0" skipped="0" failures="0">
  <properties>
    <property name="java.runtime.name" value="Java(TM) SE Runtime Environment"/>
    <property name="sun.boot.library.path" value="/usr/lib/jvm/java-8-oracle/jre/lib/amd64"/>
    <property name="java.vm.version" value="25.111-b14"/>
    <property name="java.vm.vendor" value="Oracle Corporation"/>
    <property name="java.vendor.url" value="http://java.oracle.com/"/>
    <property name="path.separator" value=":"/>
    <property name="guice.disable.misplaced.annotation.check" value="true"/>
    <property name="java.vm.name" value="Java HotSpot(TM) 64-Bit Server VM"/>
    <property name="file.encoding.pkg" value="sun.io"/>
    <property name="user.country" value="US"/>
    <property name="sun.java.launcher" value="SUN_STANDARD"/>
    <property name="sun.os.patch.level" value="unknown"/>
    <property name="java.vm.specification.name" value="Java Virtual Machine Specification"/>
    <property name="user.dir" value="/home/ubuntu/pristine/commons-jexl3"/>
    <property name="java.runtime.version" value="1.8.0_111-b14"/>
    <property name="java.awt.graphicsenv" value="sun.awt.X11GraphicsEnvironment"/>
    <property name="java.endorsed.dirs" value="/usr/lib/jvm/java-8-oracle/jre/lib/endorsed"/>
    <property name="os.arch" value="amd64"/>
    <property name="java.io.tmpdir" value="/tmp"/>
    <property name="line.separator" value="&#10;"/>
    <property name="java.vm.specification.vendor" value="Oracle Corporation"/>
    <property name="os.name" value="Linux"/>
    <property name="classworlds.conf" value="/usr/share/maven/bin/m2.conf"/>
    <property name="sun.jnu.encoding" value="UTF-8"/>
    <property name="java.library.path" value="/usr/java/packages/lib/amd64:/usr/lib64:/lib64:/lib:/usr/lib"/>
    <property name="java.specification.name" value="Java Platform API Specification"/>
    <property name="java.class.version" value="52.0"/>
    <property name="sun.management.compiler" value="HotSpot 64-Bit Tiered Compilers"/>
    <property name="os.version" value="4.2.0-27-generic"/>
    <property name="user.home" value="/root"/>
    <property name="user.timezone" value="America/Los_Angeles"/>
    <property name="java.awt.printerjob" value="sun.print.PSPrinterJob"/>
    <property name="file.encoding" value="UTF-8"/>
    <property name="java.specification.version" value="1.8"/>
    <property name="user.name" value="root"/>
    <property name="java.class.path" value="/usr/share/maven/boot/plexus-classworlds-2.x.jar"/>
    <property name="java.vm.specification.version" value="1.8"/>
    <property name="sun.arch.data.model" value="64"/>
    <property name="java.home" value="/usr/lib/jvm/java-8-oracle/jre"/>
    <property name="sun.java.command" value="org.codehaus.plexus.classworlds.launcher.Launcher test"/>
    <property name="java.specification.vendor" value="Oracle Corporation"/>
    <property name="user.language" value="en"/>
    <property name="awt.toolkit" value="sun.awt.X11.XToolkit"/>
    <property name="java.vm.info" value="mixed mode"/>
    <property name="java.version" value="1.8.0_111"/>
    <property name="java.ext.dirs" value="/usr/lib/jvm/java-8-oracle/jre/lib/ext:/usr/java/packages/lib/ext"/>
    <property name="securerandom.source" value="file:/dev/./urandom"/>
    <property name="sun.boot.class.path" value="/usr/lib/jvm/java-8-oracle/jre/lib/resources.jar:/usr/lib/jvm/java-8-oracle/jre/lib/rt.jar:/usr/lib/jvm/java-8-oracle/jre/lib/sunrsasign.jar:/usr/lib/jvm/java-8-oracle/jre/lib/jsse.jar:/usr/lib/jvm/java-8-oracle/jre/lib/jce.jar:/usr/lib/jvm/java-8-oracle/jre/lib/charsets.jar:/usr/lib/jvm/java-8-oracle/jre/lib/jfr.jar:/usr/lib/jvm/java-8-oracle/jre/classes"/>
    <property name="java.vendor" value="Oracle Corporation"/>
    <property name="maven.home" value="/usr/share/maven"/>
    <property name="file.separator" value="/"/>
    <property name="java.vendor.url.bug" value="http://bugreport.sun.com/bugreport/"/>
    <property name="sun.cpu.endian" value="little"/>
    <property name="sun.io.unicode.encoding" value="UnicodeLittle"/>
    <property name="sun.desktop" value="gnome"/>
    <property name="sun.cpu.isalist" value=""/>
  </properties>
  <testcase name="test100" classname="org.apache.commons.jexl3.IssuesTest" time="0.001"/>
  <testcase name="test105" classname="org.apache.commons.jexl3.IssuesTest" time="0.039"/>
  <testcase name="test106" classname="org.apache.commons.jexl3.IssuesTest" time="0.001"/>
  <testcase name="test107" classname="org.apache.commons.jexl3.IssuesTest" time="0.09"/>
  <testcase name="test108" classname="org.apache.commons.jexl3.IssuesTest" time="0.032"/>
  <testcase name="test109" classname="org.apache.commons.jexl3.IssuesTest" time="0"/>
  <testcase name="test110" classname="org.apache.commons.jexl3.IssuesTest" time="0.041"/>
  <testcase name="test111" classname="org.apache.commons.jexl3.IssuesTest" time="0.001"/>
  <testcase name="test112" classname="org.apache.commons.jexl3.IssuesTest" time="0"/>
  <testcase name="test117" classname="org.apache.commons.jexl3.IssuesTest" time="0"/>
  <testcase name="test125" classname="org.apache.commons.jexl3.IssuesTest" time="0.052"/>
  <testcase name="test135" classname="org.apache.commons.jexl3.IssuesTest" time="0.022"/>
  <testcase name="test136" classname="org.apache.commons.jexl3.IssuesTest" time="0.001"/>
  <testcase name="test143" classname="org.apache.commons.jexl3.IssuesTest" time="0.035"/>
  <testcase name="test144" classname="org.apache.commons.jexl3.IssuesTest" time="0.001"/>
  <testcase name="test155" classname="org.apache.commons.jexl3.IssuesTest" time="0.001"/>
  <testcase name="test179" classname="org.apache.commons.jexl3.IssuesTest" time="0.034"/>
  <testcase name="test192" classname="org.apache.commons.jexl3.IssuesTest" time="0.002"/>
  <testcase name="test199" classname="org.apache.commons.jexl3.IssuesTest" time="0.001"/>
  <testcase name="test200" classname="org.apache.commons.jexl3.IssuesTest" time="0.04"/>
  <testcase name="test210" classname="org.apache.commons.jexl3.IssuesTest" time="0.002"/>
  <testcase name="test217" classname="org.apache.commons.jexl3.IssuesTest" time="0"/>
  <testcase name="test221" classname="org.apache.commons.jexl3.IssuesTest" time="0.001"/>
  <testcase name="test5115a" classname="org.apache.commons.jexl3.IssuesTest" time="0"/>
  <testcase name="test5115b" classname="org.apache.commons.jexl3.IssuesTest" time="0"/>
  <testcase name="test5115c" classname="org.apache.commons.jexl3.IssuesTest" time="0.027"/>
  <testcase name="test130a" classname="org.apache.commons.jexl3.IssuesTest" time="0.031"/>
  <testcase name="test130b" classname="org.apache.commons.jexl3.IssuesTest" time="0.01"/>
  <testcase name="test144a" classname="org.apache.commons.jexl3.IssuesTest" time="0.002"/>
  <testcase name="test147b" classname="org.apache.commons.jexl3.IssuesTest" time="0.053"/>
  <testcase name="test147c" classname="org.apache.commons.jexl3.IssuesTest" time="0.001"/>
  <testcase name="test148a" classname="org.apache.commons.jexl3.IssuesTest" time="0.031"/>
  <testcase name="test200b" classname="org.apache.commons.jexl3.IssuesTest" time="0.002"/>
  <testcase name="test209a" classname="org.apache.commons.jexl3.IssuesTest" time="0"/>
  <testcase name="test209b" classname="org.apache.commons.jexl3.IssuesTest" time="0.002"/>
  <testcase name="test11" classname="org.apache.commons.jexl3.IssuesTest" time="0.004"/>
  <testcase name="test40" classname="org.apache.commons.jexl3.IssuesTest" time="0.013"/>
  <testcase name="test42" classname="org.apache.commons.jexl3.IssuesTest" time="0.001"/>
  <testcase name="test44" classname="org.apache.commons.jexl3.IssuesTest" time="0.001"/>
  <testcase name="test47" classname="org.apache.commons.jexl3.IssuesTest" time="0.001"/>
  <testcase name="test48" classname="org.apache.commons.jexl3.IssuesTest" time="0.001"/>
  <testcase name="test49" classname="org.apache.commons.jexl3.IssuesTest" time="0"/>
  <testcase name="test62" classname="org.apache.commons.jexl3.IssuesTest" time="0.002"/>
  <testcase name="test73" classname="org.apache.commons.jexl3.IssuesTest" time="0.001"/>
  <testcase name="test87" classname="org.apache.commons.jexl3.IssuesTest" time="0.001"/>
  <testcase name="test90" classname="org.apache.commons.jexl3.IssuesTest" time="0.039"/>
  <testcase name="test97" classname="org.apache.commons.jexl3.IssuesTest" time="0.003"/>
  <testcase name="test98" classname="org.apache.commons.jexl3.IssuesTest" time="0.046"/>
  <testcase name="testQuestion42" classname="org.apache.commons.jexl3.IssuesTest" time="0.053"/>
  <testcase name="test52base" classname="org.apache.commons.jexl3.IssuesTest" time="0.002"/>
  <testcase name="testScaleIssue" classname="org.apache.commons.jexl3.IssuesTest" time="0.041"/>
  <testcase name="testRichContext" classname="org.apache.commons.jexl3.IssuesTest" time="0.072"/>
</testsuite>