<?xml version="1.0" encoding="UTF-8"?>
<testsuite xmlns:xsi="http://www.w3.org/2001/XMLSchema-instance" xsi:schemaLocation="https://maven.apache.org/surefire/maven-surefire-plugin/xsd/surefire-test-report.xsd" name="org.apache.commons.jexl3.JexlTest" time="1.536" tests="37" errors="0" skipped="0" failures="0">
  <properties>
    <property name="java.runtime.name" value="Java(TM) SE Runtime Environment"/>
    <property name="sun.boot.library.path" value="/usr/lib/jvm/java-8-oracle/jre/lib/amd64"/>
    <property name="java.vm.version" value="25.111-b14"/>
    <property name="java.vm.vendor" value="Oracle Corporation"/>
    <property name="java.vendor.url" value="http://java.oracle.com/"/>
    <property name="path.separator" value=":"/>
    <property name="guice.disable.misplaced.annotation.check" value="true"/>
    <property name="java.vm.name" value="Java HotSpot(TM) 64-Bit Server VM"/>
    <property name="file.encoding.pkg" value="sun.io"/>
    <property name="user.country" value="US"/>
    <property name="sun.java.launcher" value="SUN_STANDARD"/>
    <property name="sun.os.patch.level" value="unknown"/>
    <property name="java.vm.specification.name" value="Java Virtual Machine Specification"/>
    <property name="user.dir" value="/home/ubuntu/pristine/commons-jexl3"/>
    <property name="java.runtime.version" value="1.8.0_111-b14"/>
    <property name="java.awt.graphicsenv" value="sun.awt.X11GraphicsEnvironment"/>
    <property name="java.endorsed.dirs" value="/usr/lib/jvm/java-8-oracle/jre/lib/endorsed"/>
    <property name="os.arch" value="amd64"/>
    <property name="java.io.tmpdir" value="/tmp"/>
    <property name="line.separator" value="&#10;"/>
    <property name="java.vm.specification.vendor" value="Oracle Corporation"/>
    <property name="os.name" value="Linux"/>
    <property name="classworlds.conf" value="/usr/share/maven/bin/m2.conf"/>
    <property name="sun.jnu.encoding" value="UTF-8"/>
    <property name="java.library.path" value="/usr/java/packages/lib/amd64:/usr/lib64:/lib64:/lib:/usr/lib"/>
    <property name="java.specification.name" value="Java Platform API Specification"/>
    <property name="java.class.version" value="52.0"/>
    <property name="sun.management.compiler" value="HotSpot 64-Bit Tiered Compilers"/>
    <property name="os.version" value="4.2.0-27-generic"/>
    <property name="user.home" value="/root"/>
    <property name="user.timezone" value="America/Los_Angeles"/>
    <property name="java.awt.printerjob" value="sun.print.PSPrinterJob"/>
    <property name="file.encoding" value="UTF-8"/>
    <property name="java.specification.version" value="1.8"/>
    <property name="user.name" value="root"/>
    <property name="java.class.path" value="/usr/share/maven/boot/plexus-classworlds-2.x.jar"/>
    <property name="java.vm.specification.version" value="1.8"/>
    <property name="sun.arch.data.model" value="64"/>
    <property name="java.home" value="/usr/lib/jvm/java-8-oracle/jre"/>
    <property name="sun.java.command" value="org.codehaus.plexus.classworlds.launcher.Launcher test"/>
    <property name="java.specification.vendor" value="Oracle Corporation"/>
    <property name="user.language" value="en"/>
    <property name="awt.toolkit" value="sun.awt.X11.XToolkit"/>
    <property name="java.vm.info" value="mixed mode"/>
    <property name="java.version" value="1.8.0_111"/>
    <property name="java.ext.dirs" value="/usr/lib/jvm/java-8-oracle/jre/lib/ext:/usr/java/packages/lib/ext"/>
    <property name="securerandom.source" value="file:/dev/./urandom"/>
    <property name="sun.boot.class.path" value="/usr/lib/jvm/java-8-oracle/jre/lib/resources.jar:/usr/lib/jvm/java-8-oracle/jre/lib/rt.jar:/usr/lib/jvm/java-8-oracle/jre/lib/sunrsasign.jar:/usr/lib/jvm/java-8-oracle/jre/lib/jsse.jar:/usr/lib/jvm/java-8-oracle/jre/lib/jce.jar:/usr/lib/jvm/java-8-oracle/jre/lib/charsets.jar:/usr/lib/jvm/java-8-oracle/jre/lib/jfr.jar:/usr/lib/jvm/java-8-oracle/jre/classes"/>
    <property name="java.vendor" value="Oracle Corporation"/>
    <property name="maven.home" value="/usr/share/maven"/>
    <property name="file.separator" value="/"/>
    <property name="java.vendor.url.bug" value="http://bugreport.sun.com/bugreport/"/>
    <property name="sun.cpu.endian" value="little"/>
    <property name="sun.io.unicode.encoding" value="UnicodeLittle"/>
    <property name="sun.desktop" value="gnome"/>
    <property name="sun.cpu.isalist" value=""/>
  </properties>
  <testcase name="testCharAtBug" classname="org.apache.commons.jexl3.JexlTest" time="0.035"/>
  <testcase name="testAntPropertiesWithMethods" classname="org.apache.commons.jexl3.JexlTest" time="0.055"/>
  <testcase name="testEmptyDottedVariableName" classname="org.apache.commons.jexl3.JexlTest" time="0"/>
  <testcase name="testConditions" classname="org.apache.commons.jexl3.JexlTest" time="0.076"/>
  <testcase name="testStringQuoting" classname="org.apache.commons.jexl3.JexlTest" time="0.001"/>
  <testcase name="testBlankStrings" classname="org.apache.commons.jexl3.JexlTest" time="0.001"/>
  <testcase name="testBadParse" classname="org.apache.commons.jexl3.JexlTest" time="0"/>
  <testcase name="testBooleanShortCircuitAnd" classname="org.apache.commons.jexl3.JexlTest" time="0.068"/>
  <testcase name="testNew" classname="org.apache.commons.jexl3.JexlTest" time="0.002"/>
  <testcase name="testStringLiterals" classname="org.apache.commons.jexl3.JexlTest" time="0.001"/>
  <testcase name="testNegativeIntComparison" classname="org.apache.commons.jexl3.JexlTest" time="0.002"/>
  <testcase name="testArray" classname="org.apache.commons.jexl3.JexlTest" time="0.056"/>
  <testcase name="testEmpty" classname="org.apache.commons.jexl3.JexlTest" time="0.052"/>
  <testcase name="testDuck" classname="org.apache.commons.jexl3.JexlTest" time="0.062"/>
  <testcase name="testNull" classname="org.apache.commons.jexl3.JexlTest" time="0.002"/>
  <testcase name="testSize" classname="org.apache.commons.jexl3.JexlTest" time="0.127"/>
  <testcase name="testVariableNames" classname="org.apache.commons.jexl3.JexlTest" time="0.001"/>
  <testcase name="testComparisons" classname="org.apache.commons.jexl3.JexlTest" time="0.002"/>
  <testcase name="testToString" classname="org.apache.commons.jexl3.JexlTest" time="0.001"/>
  <testcase name="testSizeAsProperty" classname="org.apache.commons.jexl3.JexlTest" time="0.003"/>
  <testcase name="testIntProperty" classname="org.apache.commons.jexl3.JexlTest" time="0.001"/>
  <testcase name="testBoolean" classname="org.apache.commons.jexl3.JexlTest" time="0.002"/>
  <testcase name="testProperty" classname="org.apache.commons.jexl3.JexlTest" time="0.001"/>
  <testcase name="testUnicodeSupport" classname="org.apache.commons.jexl3.JexlTest" time="0.001"/>
  <testcase name="testEmptySubListOfMap" classname="org.apache.commons.jexl3.JexlTest" time="0.001"/>
  <testcase name="testNotConditions" classname="org.apache.commons.jexl3.JexlTest" time="0.097"/>
  <testcase name="testLogicExpressions" classname="org.apache.commons.jexl3.JexlTest" time="0.002"/>
  <testcase name="testStringConcatenation" classname="org.apache.commons.jexl3.JexlTest" time="0.001"/>
  <testcase name="testAssignment" classname="org.apache.commons.jexl3.JexlTest" time="0.002"/>
  <testcase name="testCoercionWithComparisionOperators" classname="org.apache.commons.jexl3.JexlTest" time="0.035"/>
  <testcase name="testStringLit" classname="org.apache.commons.jexl3.JexlTest" time="0.001"/>
  <testcase name="testComment" classname="org.apache.commons.jexl3.JexlTest" time="0.001"/>
  <testcase name="testNotConditionsWithDots" classname="org.apache.commons.jexl3.JexlTest" time="0.001"/>
  <testcase name="testMapDot" classname="org.apache.commons.jexl3.JexlTest" time="0.014"/>
  <testcase name="testBooleanShortCircuitOr" classname="org.apache.commons.jexl3.JexlTest" time="0.018"/>
  <testcase name="testExpression" classname="org.apache.commons.jexl3.JexlTest" time="0.143"/>
  <testcase name="testCalculations" classname="org.apache.commons.jexl3.JexlTest" time="0.003"/>
</testsuite>