<?xml version="1.0" encoding="UTF-8"?>
<testsuite xmlns:xsi="http://www.w3.org/2001/XMLSchema-instance" xsi:schemaLocation="https://maven.apache.org/surefire/maven-surefire-plugin/xsd/surefire-test-report.xsd" name="org.apache.jena.fuseki.TS_Fuseki" time="5.101" tests="82" errors="0" skipped="0" failures="0">
  <properties>
    <property name="java.runtime.name" value="Java(TM) SE Runtime Environment"/>
    <property name="sun.boot.library.path" value="/usr/lib/jvm/java-8-oracle/jre/lib/amd64"/>
    <property name="java.vm.version" value="25.111-b14"/>
    <property name="java.vm.vendor" value="Oracle Corporation"/>
    <property name="java.vendor.url" value="http://java.oracle.com/"/>
    <property name="path.separator" value=":"/>
    <property name="guice.disable.misplaced.annotation.check" value="true"/>
    <property name="java.vm.name" value="Java HotSpot(TM) 64-Bit Server VM"/>
    <property name="file.encoding.pkg" value="sun.io"/>
    <property name="user.country" value="US"/>
    <property name="sun.java.launcher" value="SUN_STANDARD"/>
    <property name="sun.os.patch.level" value="unknown"/>
    <property name="java.vm.specification.name" value="Java Virtual Machine Specification"/>
    <property name="user.dir" value="/home/ubuntu/research/jena"/>
    <property name="java.runtime.version" value="1.8.0_111-b14"/>
    <property name="java.awt.graphicsenv" value="sun.awt.X11GraphicsEnvironment"/>
    <property name="java.endorsed.dirs" value="/usr/lib/jvm/java-8-oracle/jre/lib/endorsed"/>
    <property name="os.arch" value="amd64"/>
    <property name="java.io.tmpdir" value="/tmp"/>
    <property name="line.separator" value="&#10;"/>
    <property name="java.vm.specification.vendor" value="Oracle Corporation"/>
    <property name="os.name" value="Linux"/>
    <property name="classworlds.conf" value="/usr/share/maven/bin/m2.conf"/>
    <property name="sun.jnu.encoding" value="UTF-8"/>
    <property name="java.library.path" value="/usr/java/packages/lib/amd64:/usr/lib64:/lib64:/lib:/usr/lib"/>
    <property name="java.specification.name" value="Java Platform API Specification"/>
    <property name="java.class.version" value="52.0"/>
    <property name="sun.management.compiler" value="HotSpot 64-Bit Tiered Compilers"/>
    <property name="os.version" value="4.2.0-27-generic"/>
    <property name="user.home" value="/root"/>
    <property name="user.timezone" value="America/Los_Angeles"/>
    <property name="java.awt.printerjob" value="sun.print.PSPrinterJob"/>
    <property name="file.encoding" value="UTF-8"/>
    <property name="java.specification.version" value="1.8"/>
    <property name="user.name" value="root"/>
    <property name="java.class.path" value="/usr/share/maven/boot/plexus-classworlds-2.x.jar"/>
    <property name="java.vm.specification.version" value="1.8"/>
    <property name="sun.arch.data.model" value="64"/>
    <property name="java.home" value="/usr/lib/jvm/java-8-oracle/jre"/>
    <property name="sun.java.command" value="org.codehaus.plexus.classworlds.launcher.Launcher package"/>
    <property name="java.specification.vendor" value="Oracle Corporation"/>
    <property name="user.language" value="en"/>
    <property name="awt.toolkit" value="sun.awt.X11.XToolkit"/>
    <property name="java.vm.info" value="mixed mode"/>
    <property name="java.version" value="1.8.0_111"/>
    <property name="java.ext.dirs" value="/usr/lib/jvm/java-8-oracle/jre/lib/ext:/usr/java/packages/lib/ext"/>
    <property name="securerandom.source" value="file:/dev/./urandom"/>
    <property name="sun.boot.class.path" value="/usr/lib/jvm/java-8-oracle/jre/lib/resources.jar:/usr/lib/jvm/java-8-oracle/jre/lib/rt.jar:/usr/lib/jvm/java-8-oracle/jre/lib/sunrsasign.jar:/usr/lib/jvm/java-8-oracle/jre/lib/jsse.jar:/usr/lib/jvm/java-8-oracle/jre/lib/jce.jar:/usr/lib/jvm/java-8-oracle/jre/lib/charsets.jar:/usr/lib/jvm/java-8-oracle/jre/lib/jfr.jar:/usr/lib/jvm/java-8-oracle/jre/classes"/>
    <property name="java.vendor" value="Oracle Corporation"/>
    <property name="maven.home" value="/usr/share/maven"/>
    <property name="file.separator" value="/"/>
    <property name="java.vendor.url.bug" value="http://bugreport.sun.com/bugreport/"/>
    <property name="sun.cpu.endian" value="little"/>
    <property name="sun.io.unicode.encoding" value="UnicodeLittle"/>
    <property name="sun.desktop" value="gnome"/>
    <property name="sun.cpu.isalist" value=""/>
  </properties>
  <testcase name="queryGet_01" classname="org.apache.jena.fuseki.http.TestHttpOp" time="0.429"/>
  <testcase name="queryGet_02" classname="org.apache.jena.fuseki.http.TestHttpOp" time="0.01"/>
  <testcase name="gsp_01" classname="org.apache.jena.fuseki.http.TestHttpOp" time="0.067"/>
  <testcase name="gsp_02" classname="org.apache.jena.fuseki.http.TestHttpOp" time="0.014"/>
  <testcase name="gsp_03" classname="org.apache.jena.fuseki.http.TestHttpOp" time="0.042"/>
  <testcase name="gsp_04" classname="org.apache.jena.fuseki.http.TestHttpOp" time="0.049"/>
  <testcase name="gsp_05" classname="org.apache.jena.fuseki.http.TestHttpOp" time="0.022"/>
  <testcase name="httpPost_01" classname="org.apache.jena.fuseki.http.TestHttpOp" time="0.007"/>
  <testcase name="httpPost_02" classname="org.apache.jena.fuseki.http.TestHttpOp" time="0.001"/>
  <testcase name="httpPost_03" classname="org.apache.jena.fuseki.http.TestHttpOp" time="0.003"/>
  <testcase name="httpPost_04" classname="org.apache.jena.fuseki.http.TestHttpOp" time="0.011"/>
  <testcase name="httpPost_05" classname="org.apache.jena.fuseki.http.TestHttpOp" time="0.009"/>
  <testcase name="httpPost_06" classname="org.apache.jena.fuseki.http.TestHttpOp" time="0.02"/>
  <testcase name="httpGet_01" classname="org.apache.jena.fuseki.http.TestHttpOp" time="0.011"/>
  <testcase name="httpGet_02" classname="org.apache.jena.fuseki.http.TestHttpOp" time="0.002"/>
  <testcase name="httpGet_03" classname="org.apache.jena.fuseki.http.TestHttpOp" time="0.011"/>
  <testcase name="httpGet_04" classname="org.apache.jena.fuseki.http.TestHttpOp" time="0.004"/>
  <testcase name="httpGet_05" classname="org.apache.jena.fuseki.http.TestHttpOp" time="0.004"/>
  <testcase name="update_01" classname="org.apache.jena.fuseki.TestSPARQLProtocol" time="0.179"/>
  <testcase name="update_02" classname="org.apache.jena.fuseki.TestSPARQLProtocol" time="0.046"/>
  <testcase name="query_01" classname="org.apache.jena.fuseki.TestSPARQLProtocol" time="0.087"/>
  <testcase name="query_02" classname="org.apache.jena.fuseki.TestSPARQLProtocol" time="0.025"/>
  <testcase name="get_01" classname="org.apache.jena.fuseki.http.TestDatasetGraphAccessorHTTP" time="0.023"/>
  <testcase name="get_02" classname="org.apache.jena.fuseki.http.TestDatasetGraphAccessorHTTP" time="0.005"/>
  <testcase name="put_01" classname="org.apache.jena.fuseki.http.TestDatasetGraphAccessorHTTP" time="0.04"/>
  <testcase name="put_02" classname="org.apache.jena.fuseki.http.TestDatasetGraphAccessorHTTP" time="0.031"/>
  <testcase name="post_01" classname="org.apache.jena.fuseki.http.TestDatasetGraphAccessorHTTP" time="0.025"/>
  <testcase name="post_02" classname="org.apache.jena.fuseki.http.TestDatasetGraphAccessorHTTP" time="0.029"/>
  <testcase name="delete_01" classname="org.apache.jena.fuseki.http.TestDatasetGraphAccessorHTTP" time="0.023"/>
  <testcase name="delete_02" classname="org.apache.jena.fuseki.http.TestDatasetGraphAccessorHTTP" time="0.067"/>
  <testcase name="clearup_1" classname="org.apache.jena.fuseki.http.TestDatasetAccessorHTTP" time="0.01"/>
  <testcase name="get_01" classname="org.apache.jena.fuseki.http.TestDatasetAccessorHTTP" time="0.005"/>
  <testcase name="get_02" classname="org.apache.jena.fuseki.http.TestDatasetAccessorHTTP" time="0.002"/>
  <testcase name="test_ds_1" classname="org.apache.jena.fuseki.http.TestDatasetAccessorHTTP" time="0.008"/>
  <testcase name="test_ds_2" classname="org.apache.jena.fuseki.http.TestDatasetAccessorHTTP" time="0.002"/>
  <testcase name="test_ds_3" classname="org.apache.jena.fuseki.http.TestDatasetAccessorHTTP" time="0.001"/>
  <testcase name="put_01" classname="org.apache.jena.fuseki.http.TestDatasetAccessorHTTP" time="0.02"/>
  <testcase name="put_02" classname="org.apache.jena.fuseki.http.TestDatasetAccessorHTTP" time="0.037"/>
  <testcase name="put_03" classname="org.apache.jena.fuseki.http.TestDatasetAccessorHTTP" time="0.024"/>
  <testcase name="post_01" classname="org.apache.jena.fuseki.http.TestDatasetAccessorHTTP" time="0.03"/>
  <testcase name="post_02" classname="org.apache.jena.fuseki.http.TestDatasetAccessorHTTP" time="0.02"/>
  <testcase name="delete_01" classname="org.apache.jena.fuseki.http.TestDatasetAccessorHTTP" time="0.001"/>
  <testcase name="delete_02" classname="org.apache.jena.fuseki.http.TestDatasetAccessorHTTP" time="0.001"/>
  <testcase name="head_01" classname="org.apache.jena.fuseki.http.TestDatasetAccessorHTTP" time="0.007"/>
  <testcase name="head_02" classname="org.apache.jena.fuseki.http.TestDatasetAccessorHTTP" time="0.023"/>
  <testcase name="test_404_1" classname="org.apache.jena.fuseki.http.TestDatasetAccessorHTTP" time="0.002"/>
  <testcase name="test_404_2" classname="org.apache.jena.fuseki.http.TestDatasetAccessorHTTP" time="0.001"/>
  <testcase name="test_404_3" classname="org.apache.jena.fuseki.http.TestDatasetAccessorHTTP" time="0.005"/>
  <testcase name="query_with_params_01" classname="org.apache.jena.fuseki.TestQuery" time="0.041"/>
  <testcase name="query_01" classname="org.apache.jena.fuseki.TestQuery" time="0.026"/>
  <testcase name="request_id_header_01" classname="org.apache.jena.fuseki.TestQuery" time="0.042"/>
  <testcase name="query_recursive_01" classname="org.apache.jena.fuseki.TestQuery" time="0.178"/>
  <testcase name="graphstore_with_auth_01" classname="org.apache.jena.fuseki.TestAuth" time="0.015"/>
  <testcase name="graphstore_with_auth_02" classname="org.apache.jena.fuseki.TestAuth" time="0.024"/>
  <testcase name="graphstore_with_auth_03" classname="org.apache.jena.fuseki.TestAuth" time="0.022"/>
  <testcase name="graphstore_with_auth_04" classname="org.apache.jena.fuseki.TestAuth" time="0.011"/>
  <testcase name="graphstore_with_auth_05" classname="org.apache.jena.fuseki.TestAuth" time="0.009"/>
  <testcase name="query_with_auth_01" classname="org.apache.jena.fuseki.TestAuth" time="0.002"/>
  <testcase name="query_with_auth_02" classname="org.apache.jena.fuseki.TestAuth" time="0.005"/>
  <testcase name="query_with_auth_03" classname="org.apache.jena.fuseki.TestAuth" time="0.018"/>
  <testcase name="query_with_auth_04" classname="org.apache.jena.fuseki.TestAuth" time="0.006"/>
  <testcase name="query_with_auth_05" classname="org.apache.jena.fuseki.TestAuth" time="0.015"/>
  <testcase name="query_with_auth_06" classname="org.apache.jena.fuseki.TestAuth" time="0.011"/>
  <testcase name="query_with_auth_07" classname="org.apache.jena.fuseki.TestAuth" time="0.006"/>
  <testcase name="query_with_auth_08" classname="org.apache.jena.fuseki.TestAuth" time="0.011"/>
  <testcase name="query_with_auth_09" classname="org.apache.jena.fuseki.TestAuth" time="0.012"/>
  <testcase name="query_with_auth_10" classname="org.apache.jena.fuseki.TestAuth" time="0.015"/>
  <testcase name="query_with_auth_11" classname="org.apache.jena.fuseki.TestAuth" time="0.02"/>
  <testcase name="query_with_auth_12" classname="org.apache.jena.fuseki.TestAuth" time="0.013"/>
  <testcase name="query_with_auth_13" classname="org.apache.jena.fuseki.TestAuth" time="0.01"/>
  <testcase name="query_with_auth_14" classname="org.apache.jena.fuseki.TestAuth" time="0.013"/>
  <testcase name="update_with_auth_01" classname="org.apache.jena.fuseki.TestAuth" time="0.005"/>
  <testcase name="update_with_auth_02" classname="org.apache.jena.fuseki.TestAuth" time="0.014"/>
  <testcase name="update_with_auth_03" classname="org.apache.jena.fuseki.TestAuth" time="0.016"/>
  <testcase name="update_with_auth_04" classname="org.apache.jena.fuseki.TestAuth" time="0.011"/>
  <testcase name="update_with_auth_05" classname="org.apache.jena.fuseki.TestAuth" time="0.002"/>
  <testcase name="update_with_auth_06" classname="org.apache.jena.fuseki.TestAuth" time="0.011"/>
  <testcase name="update_with_auth_07" classname="org.apache.jena.fuseki.TestAuth" time="0.017"/>
  <testcase name="update_with_auth_08" classname="org.apache.jena.fuseki.TestAuth" time="0.022"/>
  <testcase name="update_with_auth_09" classname="org.apache.jena.fuseki.TestAuth" time="0.004"/>
  <testcase name="update_with_auth_10" classname="org.apache.jena.fuseki.TestAuth" time="0.012"/>
  <testcase name="update_with_auth_11" classname="org.apache.jena.fuseki.TestAuth" time="0.011"/>
</testsuite>