<?xml version="1.0" encoding="UTF-8"?>
<testsuite xmlns:xsi="http://www.w3.org/2001/XMLSchema-instance" xsi:schemaLocation="https://maven.apache.org/surefire/maven-surefire-plugin/xsd/surefire-test-report.xsd" name="org.apache.jena.arq.querybuilder.SelectBuilderContractTest" time="0.202" tests="67" errors="0" skipped="0" failures="0">
  <properties>
    <property name="java.runtime.name" value="Java(TM) SE Runtime Environment"/>
    <property name="sun.boot.library.path" value="/usr/lib/jvm/java-8-oracle/jre/lib/amd64"/>
    <property name="java.vm.version" value="25.111-b14"/>
    <property name="java.vm.vendor" value="Oracle Corporation"/>
    <property name="java.vendor.url" value="http://java.oracle.com/"/>
    <property name="path.separator" value=":"/>
    <property name="guice.disable.misplaced.annotation.check" value="true"/>
    <property name="java.vm.name" value="Java HotSpot(TM) 64-Bit Server VM"/>
    <property name="file.encoding.pkg" value="sun.io"/>
    <property name="user.country" value="US"/>
    <property name="sun.java.launcher" value="SUN_STANDARD"/>
    <property name="sun.os.patch.level" value="unknown"/>
    <property name="java.vm.specification.name" value="Java Virtual Machine Specification"/>
    <property name="user.dir" value="/home/ubuntu/research/jena"/>
    <property name="java.runtime.version" value="1.8.0_111-b14"/>
    <property name="java.awt.graphicsenv" value="sun.awt.X11GraphicsEnvironment"/>
    <property name="java.endorsed.dirs" value="/usr/lib/jvm/java-8-oracle/jre/lib/endorsed"/>
    <property name="os.arch" value="amd64"/>
    <property name="java.io.tmpdir" value="/tmp"/>
    <property name="line.separator" value="&#10;"/>
    <property name="java.vm.specification.vendor" value="Oracle Corporation"/>
    <property name="os.name" value="Linux"/>
    <property name="classworlds.conf" value="/usr/share/maven/bin/m2.conf"/>
    <property name="sun.jnu.encoding" value="UTF-8"/>
    <property name="java.library.path" value="/usr/java/packages/lib/amd64:/usr/lib64:/lib64:/lib:/usr/lib"/>
    <property name="java.specification.name" value="Java Platform API Specification"/>
    <property name="java.class.version" value="52.0"/>
    <property name="sun.management.compiler" value="HotSpot 64-Bit Tiered Compilers"/>
    <property name="os.version" value="4.2.0-27-generic"/>
    <property name="user.home" value="/root"/>
    <property name="user.timezone" value="America/Los_Angeles"/>
    <property name="java.awt.printerjob" value="sun.print.PSPrinterJob"/>
    <property name="file.encoding" value="UTF-8"/>
    <property name="java.specification.version" value="1.8"/>
    <property name="user.name" value="root"/>
    <property name="java.class.path" value="/usr/share/maven/boot/plexus-classworlds-2.x.jar"/>
    <property name="java.vm.specification.version" value="1.8"/>
    <property name="sun.arch.data.model" value="64"/>
    <property name="java.home" value="/usr/lib/jvm/java-8-oracle/jre"/>
    <property name="sun.java.command" value="org.codehaus.plexus.classworlds.launcher.Launcher package"/>
    <property name="java.specification.vendor" value="Oracle Corporation"/>
    <property name="user.language" value="en"/>
    <property name="awt.toolkit" value="sun.awt.X11.XToolkit"/>
    <property name="java.vm.info" value="mixed mode"/>
    <property name="java.version" value="1.8.0_111"/>
    <property name="java.ext.dirs" value="/usr/lib/jvm/java-8-oracle/jre/lib/ext:/usr/java/packages/lib/ext"/>
    <property name="securerandom.source" value="file:/dev/./urandom"/>
    <property name="sun.boot.class.path" value="/usr/lib/jvm/java-8-oracle/jre/lib/resources.jar:/usr/lib/jvm/java-8-oracle/jre/lib/rt.jar:/usr/lib/jvm/java-8-oracle/jre/lib/sunrsasign.jar:/usr/lib/jvm/java-8-oracle/jre/lib/jsse.jar:/usr/lib/jvm/java-8-oracle/jre/lib/jce.jar:/usr/lib/jvm/java-8-oracle/jre/lib/charsets.jar:/usr/lib/jvm/java-8-oracle/jre/lib/jfr.jar:/usr/lib/jvm/java-8-oracle/jre/classes"/>
    <property name="java.vendor" value="Oracle Corporation"/>
    <property name="maven.home" value="/usr/share/maven"/>
    <property name="file.separator" value="/"/>
    <property name="java.vendor.url.bug" value="http://bugreport.sun.com/bugreport/"/>
    <property name="sun.cpu.endian" value="little"/>
    <property name="sun.io.unicode.encoding" value="UnicodeLittle"/>
    <property name="sun.desktop" value="gnome"/>
    <property name="sun.cpu.isalist" value=""/>
  </properties>
  <testcase name="testAll(DatasetClauseTest)" classname="org.apache.jena.arq.querybuilder.SelectBuilderContractTest" time="0.002"/>
  <testcase name="setVarsFromNamed(DatasetClauseTest)" classname="org.apache.jena.arq.querybuilder.SelectBuilderContractTest" time="0.001"/>
  <testcase name="testFrom(DatasetClauseTest)" classname="org.apache.jena.arq.querybuilder.SelectBuilderContractTest" time="0.001"/>
  <testcase name="testGetDatasetHandler(DatasetClauseTest)" classname="org.apache.jena.arq.querybuilder.SelectBuilderContractTest" time="0"/>
  <testcase name="testFromNamedCollection(DatasetClauseTest)" classname="org.apache.jena.arq.querybuilder.SelectBuilderContractTest" time="0.001"/>
  <testcase name="testFromNamed(DatasetClauseTest)" classname="org.apache.jena.arq.querybuilder.SelectBuilderContractTest" time="0"/>
  <testcase name="setVarsBoth(DatasetClauseTest)" classname="org.apache.jena.arq.querybuilder.SelectBuilderContractTest" time="0"/>
  <testcase name="setVarsFrom(DatasetClauseTest)" classname="org.apache.jena.arq.querybuilder.SelectBuilderContractTest" time="0"/>
  <testcase name="testAddOptionalGroupPattern(WhereClauseTest)" classname="org.apache.jena.arq.querybuilder.SelectBuilderContractTest" time="0.007"/>
  <testcase name="testBindStringVar(WhereClauseTest)" classname="org.apache.jena.arq.querybuilder.SelectBuilderContractTest" time="0.001"/>
  <testcase name="testList(WhereClauseTest)" classname="org.apache.jena.arq.querybuilder.SelectBuilderContractTest" time="0.001"/>
  <testcase name="testAddOptionalString(WhereClauseTest)" classname="org.apache.jena.arq.querybuilder.SelectBuilderContractTest" time="0.001"/>
  <testcase name="testSetVarsInFilter(WhereClauseTest)" classname="org.apache.jena.arq.querybuilder.SelectBuilderContractTest" time="0"/>
  <testcase name="testAddOptionalTriple(WhereClauseTest)" classname="org.apache.jena.arq.querybuilder.SelectBuilderContractTest" time="0.001"/>
  <testcase name="testAddOptionalObjectsWithPath(WhereClauseTest)" classname="org.apache.jena.arq.querybuilder.SelectBuilderContractTest" time="0.003"/>
  <testcase name="testSetVarsInTriple(WhereClauseTest)" classname="org.apache.jena.arq.querybuilder.SelectBuilderContractTest" time="0.002"/>
  <testcase name="testAddWhereStrings(WhereClauseTest)" classname="org.apache.jena.arq.querybuilder.SelectBuilderContractTest" time="0.001"/>
  <testcase name="testSetVarsInUnion(WhereClauseTest)" classname="org.apache.jena.arq.querybuilder.SelectBuilderContractTest" time="0.001"/>
  <testcase name="testSetVarsInSubQuery(WhereClauseTest)" classname="org.apache.jena.arq.querybuilder.SelectBuilderContractTest" time="0.003"/>
  <testcase name="testAddUnion(WhereClauseTest)" classname="org.apache.jena.arq.querybuilder.SelectBuilderContractTest" time="0.004"/>
  <testcase name="testAddOptionalObjects(WhereClauseTest)" classname="org.apache.jena.arq.querybuilder.SelectBuilderContractTest" time="0"/>
  <testcase name="testAddFilter(WhereClauseTest)" classname="org.apache.jena.arq.querybuilder.SelectBuilderContractTest" time="0.001"/>
  <testcase name="testAddOptionalStringWithPath(WhereClauseTest)" classname="org.apache.jena.arq.querybuilder.SelectBuilderContractTest" time="0.002"/>
  <testcase name="testAddSubQuery(WhereClauseTest)" classname="org.apache.jena.arq.querybuilder.SelectBuilderContractTest" time="0.017"/>
  <testcase name="testSetVarsInOptional(WhereClauseTest)" classname="org.apache.jena.arq.querybuilder.SelectBuilderContractTest" time="0"/>
  <testcase name="testBindExprVar(WhereClauseTest)" classname="org.apache.jena.arq.querybuilder.SelectBuilderContractTest" time="0"/>
  <testcase name="testAddOptionalTriplePath(WhereClauseTest)" classname="org.apache.jena.arq.querybuilder.SelectBuilderContractTest" time="0.003"/>
  <testcase name="testAddOrderByString(SolutionModifierTest)" classname="org.apache.jena.arq.querybuilder.SelectBuilderContractTest" time="0.007"/>
  <testcase name="testAddGroupByString(SolutionModifierTest)" classname="org.apache.jena.arq.querybuilder.SelectBuilderContractTest" time="0"/>
  <testcase name="testAddOrderByStringAscending(SolutionModifierTest)" classname="org.apache.jena.arq.querybuilder.SelectBuilderContractTest" time="0"/>
  <testcase name="testAddGroupByVar(SolutionModifierTest)" classname="org.apache.jena.arq.querybuilder.SelectBuilderContractTest" time="0"/>
  <testcase name="testSetVarsHaving(SolutionModifierTest)" classname="org.apache.jena.arq.querybuilder.SelectBuilderContractTest" time="0"/>
  <testcase name="testAddHavingObject(SolutionModifierTest)" classname="org.apache.jena.arq.querybuilder.SelectBuilderContractTest" time="0"/>
  <testcase name="testAddHavingString(SolutionModifierTest)" classname="org.apache.jena.arq.querybuilder.SelectBuilderContractTest" time="0"/>
  <testcase name="testAddOrderByExprAscending(SolutionModifierTest)" classname="org.apache.jena.arq.querybuilder.SelectBuilderContractTest" time="0.006"/>
  <testcase name="testAddGroupByExpr(SolutionModifierTest)" classname="org.apache.jena.arq.querybuilder.SelectBuilderContractTest" time="0.001"/>
  <testcase name="testAddGroupByVarAndExpr(SolutionModifierTest)" classname="org.apache.jena.arq.querybuilder.SelectBuilderContractTest" time="0"/>
  <testcase name="testAddOrderByExprDescending(SolutionModifierTest)" classname="org.apache.jena.arq.querybuilder.SelectBuilderContractTest" time="0"/>
  <testcase name="testAddOrderByExpr(SolutionModifierTest)" classname="org.apache.jena.arq.querybuilder.SelectBuilderContractTest" time="0"/>
  <testcase name="testSetVarsOrderBy(SolutionModifierTest)" classname="org.apache.jena.arq.querybuilder.SelectBuilderContractTest" time="0.001"/>
  <testcase name="testAddHavingExpr(SolutionModifierTest)" classname="org.apache.jena.arq.querybuilder.SelectBuilderContractTest" time="0.001"/>
  <testcase name="testSetOffset(SolutionModifierTest)" classname="org.apache.jena.arq.querybuilder.SelectBuilderContractTest" time="0"/>
  <testcase name="testAddOrderByStringDescending(SolutionModifierTest)" classname="org.apache.jena.arq.querybuilder.SelectBuilderContractTest" time="0.001"/>
  <testcase name="testSetVarsGroupBy(SolutionModifierTest)" classname="org.apache.jena.arq.querybuilder.SelectBuilderContractTest" time="0.001"/>
  <testcase name="testSetLimit(SolutionModifierTest)" classname="org.apache.jena.arq.querybuilder.SelectBuilderContractTest" time="0"/>
  <testcase name="setDistinctTest(SelectClauseTest)" classname="org.apache.jena.arq.querybuilder.SelectBuilderContractTest" time="0.002"/>
  <testcase name="setReducedTest(SelectClauseTest)" classname="org.apache.jena.arq.querybuilder.SelectBuilderContractTest" time="0"/>
  <testcase name="testAddExprVar(SelectClauseTest)" classname="org.apache.jena.arq.querybuilder.SelectBuilderContractTest" time="0"/>
  <testcase name="testAddVarAsterisk(SelectClauseTest)" classname="org.apache.jena.arq.querybuilder.SelectBuilderContractTest" time="0"/>
  <testcase name="getSelectHandlerTest(SelectClauseTest)" classname="org.apache.jena.arq.querybuilder.SelectBuilderContractTest" time="0"/>
  <testcase name="testAddVarString(SelectClauseTest)" classname="org.apache.jena.arq.querybuilder.SelectBuilderContractTest" time="0"/>
  <testcase name="testAddStringVar(SelectClauseTest)" classname="org.apache.jena.arq.querybuilder.SelectBuilderContractTest" time="0"/>
  <testcase name="testAddVarVar(SelectClauseTest)" classname="org.apache.jena.arq.querybuilder.SelectBuilderContractTest" time="0"/>
  <testcase name="getVarsTest(SelectClauseTest)" classname="org.apache.jena.arq.querybuilder.SelectBuilderContractTest" time="0"/>
  <testcase name="testAddVarNode(SelectClauseTest)" classname="org.apache.jena.arq.querybuilder.SelectBuilderContractTest" time="0"/>
  <testcase name="testGetPrologHandler(PrologClauseTest)" classname="org.apache.jena.arq.querybuilder.SelectBuilderContractTest" time="0"/>
  <testcase name="testAddPrefixString(PrologClauseTest)" classname="org.apache.jena.arq.querybuilder.SelectBuilderContractTest" time="0.001"/>
  <testcase name="testSetBaseNode(PrologClauseTest)" classname="org.apache.jena.arq.querybuilder.SelectBuilderContractTest" time="0.001"/>
  <testcase name="testAddPrefixResource(PrologClauseTest)" classname="org.apache.jena.arq.querybuilder.SelectBuilderContractTest" time="0"/>
  <testcase name="testSetBaseResource(PrologClauseTest)" classname="org.apache.jena.arq.querybuilder.SelectBuilderContractTest" time="0.001"/>
  <testcase name="testAddPrefixNode(PrologClauseTest)" classname="org.apache.jena.arq.querybuilder.SelectBuilderContractTest" time="0"/>
  <testcase name="testSetBaseTwice(PrologClauseTest)" classname="org.apache.jena.arq.querybuilder.SelectBuilderContractTest" time="0.002"/>
  <testcase name="testAddPrefixes(PrologClauseTest)" classname="org.apache.jena.arq.querybuilder.SelectBuilderContractTest" time="0.001"/>
  <testcase name="testSetBaseString(PrologClauseTest)" classname="org.apache.jena.arq.querybuilder.SelectBuilderContractTest" time="0"/>
  <testcase name="testSetOneVarTwoValues(ValuesClauseTest)" classname="org.apache.jena.arq.querybuilder.SelectBuilderContractTest" time="0"/>
  <testcase name="testSetTwoVarTwoValues(ValuesClauseTest)" classname="org.apache.jena.arq.querybuilder.SelectBuilderContractTest" time="0"/>
  <testcase name="testSetOneVar(ValuesClauseTest)" classname="org.apache.jena.arq.querybuilder.SelectBuilderContractTest" time="0"/>
</testsuite>