<?xml version="1.0" encoding="UTF-8"?>
<testsuite xmlns:xsi="http://www.w3.org/2001/XMLSchema-instance" xsi:schemaLocation="https://maven.apache.org/surefire/maven-surefire-plugin/xsd/surefire-test-report.xsd" name="org.apache.jena.jdbc.mem.statements.TestMemStatements" time="1.584" tests="183" errors="0" skipped="0" failures="0">
  <properties>
    <property name="java.runtime.name" value="Java(TM) SE Runtime Environment"/>
    <property name="sun.boot.library.path" value="/usr/lib/jvm/java-8-oracle/jre/lib/amd64"/>
    <property name="java.vm.version" value="25.111-b14"/>
    <property name="java.vm.vendor" value="Oracle Corporation"/>
    <property name="java.vendor.url" value="http://java.oracle.com/"/>
    <property name="path.separator" value=":"/>
    <property name="guice.disable.misplaced.annotation.check" value="true"/>
    <property name="java.vm.name" value="Java HotSpot(TM) 64-Bit Server VM"/>
    <property name="file.encoding.pkg" value="sun.io"/>
    <property name="user.country" value="US"/>
    <property name="sun.java.launcher" value="SUN_STANDARD"/>
    <property name="sun.os.patch.level" value="unknown"/>
    <property name="java.vm.specification.name" value="Java Virtual Machine Specification"/>
    <property name="user.dir" value="/home/ubuntu/research/jena"/>
    <property name="java.runtime.version" value="1.8.0_111-b14"/>
    <property name="java.awt.graphicsenv" value="sun.awt.X11GraphicsEnvironment"/>
    <property name="java.endorsed.dirs" value="/usr/lib/jvm/java-8-oracle/jre/lib/endorsed"/>
    <property name="os.arch" value="amd64"/>
    <property name="java.io.tmpdir" value="/tmp"/>
    <property name="line.separator" value="&#10;"/>
    <property name="java.vm.specification.vendor" value="Oracle Corporation"/>
    <property name="os.name" value="Linux"/>
    <property name="classworlds.conf" value="/usr/share/maven/bin/m2.conf"/>
    <property name="sun.jnu.encoding" value="UTF-8"/>
    <property name="java.library.path" value="/usr/java/packages/lib/amd64:/usr/lib64:/lib64:/lib:/usr/lib"/>
    <property name="java.specification.name" value="Java Platform API Specification"/>
    <property name="java.class.version" value="52.0"/>
    <property name="sun.management.compiler" value="HotSpot 64-Bit Tiered Compilers"/>
    <property name="os.version" value="4.2.0-27-generic"/>
    <property name="user.home" value="/root"/>
    <property name="user.timezone" value="America/Los_Angeles"/>
    <property name="java.awt.printerjob" value="sun.print.PSPrinterJob"/>
    <property name="file.encoding" value="UTF-8"/>
    <property name="java.specification.version" value="1.8"/>
    <property name="user.name" value="root"/>
    <property name="java.class.path" value="/usr/share/maven/boot/plexus-classworlds-2.x.jar"/>
    <property name="java.vm.specification.version" value="1.8"/>
    <property name="sun.arch.data.model" value="64"/>
    <property name="java.home" value="/usr/lib/jvm/java-8-oracle/jre"/>
    <property name="sun.java.command" value="org.codehaus.plexus.classworlds.launcher.Launcher package"/>
    <property name="java.specification.vendor" value="Oracle Corporation"/>
    <property name="user.language" value="en"/>
    <property name="awt.toolkit" value="sun.awt.X11.XToolkit"/>
    <property name="java.vm.info" value="mixed mode"/>
    <property name="java.version" value="1.8.0_111"/>
    <property name="java.ext.dirs" value="/usr/lib/jvm/java-8-oracle/jre/lib/ext:/usr/java/packages/lib/ext"/>
    <property name="securerandom.source" value="file:/dev/./urandom"/>
    <property name="sun.boot.class.path" value="/usr/lib/jvm/java-8-oracle/jre/lib/resources.jar:/usr/lib/jvm/java-8-oracle/jre/lib/rt.jar:/usr/lib/jvm/java-8-oracle/jre/lib/sunrsasign.jar:/usr/lib/jvm/java-8-oracle/jre/lib/jsse.jar:/usr/lib/jvm/java-8-oracle/jre/lib/jce.jar:/usr/lib/jvm/java-8-oracle/jre/lib/charsets.jar:/usr/lib/jvm/java-8-oracle/jre/lib/jfr.jar:/usr/lib/jvm/java-8-oracle/jre/classes"/>
    <property name="java.vendor" value="Oracle Corporation"/>
    <property name="maven.home" value="/usr/share/maven"/>
    <property name="file.separator" value="/"/>
    <property name="java.vendor.url.bug" value="http://bugreport.sun.com/bugreport/"/>
    <property name="sun.cpu.endian" value="little"/>
    <property name="sun.io.unicode.encoding" value="UnicodeLittle"/>
    <property name="sun.desktop" value="gnome"/>
    <property name="sun.cpu.isalist" value=""/>
  </properties>
  <testcase name="statement_metadata_01" classname="org.apache.jena.jdbc.mem.statements.TestMemStatements" time="0.878"/>
  <testcase name="statement_metadata_02" classname="org.apache.jena.jdbc.mem.statements.TestMemStatements" time="0"/>
  <testcase name="prepared_statement_unsupported_setters_01" classname="org.apache.jena.jdbc.mem.statements.TestMemStatements" time="0.016"/>
  <testcase name="prepared_statement_unsupported_setters_02" classname="org.apache.jena.jdbc.mem.statements.TestMemStatements" time="0"/>
  <testcase name="prepared_statement_unsupported_setters_03" classname="org.apache.jena.jdbc.mem.statements.TestMemStatements" time="0"/>
  <testcase name="prepared_statement_unsupported_setters_04" classname="org.apache.jena.jdbc.mem.statements.TestMemStatements" time="0"/>
  <testcase name="prepared_statement_unsupported_setters_05" classname="org.apache.jena.jdbc.mem.statements.TestMemStatements" time="0"/>
  <testcase name="prepared_statement_unsupported_setters_06" classname="org.apache.jena.jdbc.mem.statements.TestMemStatements" time="0"/>
  <testcase name="prepared_statement_unsupported_setters_07" classname="org.apache.jena.jdbc.mem.statements.TestMemStatements" time="0.001"/>
  <testcase name="prepared_statement_unsupported_setters_08" classname="org.apache.jena.jdbc.mem.statements.TestMemStatements" time="0"/>
  <testcase name="prepared_statement_unsupported_setters_09" classname="org.apache.jena.jdbc.mem.statements.TestMemStatements" time="0.001"/>
  <testcase name="prepared_statement_unsupported_setters_10" classname="org.apache.jena.jdbc.mem.statements.TestMemStatements" time="0"/>
  <testcase name="prepared_statement_unsupported_setters_11" classname="org.apache.jena.jdbc.mem.statements.TestMemStatements" time="0.001"/>
  <testcase name="prepared_statement_unsupported_setters_12" classname="org.apache.jena.jdbc.mem.statements.TestMemStatements" time="0"/>
  <testcase name="prepared_statement_unsupported_setters_13" classname="org.apache.jena.jdbc.mem.statements.TestMemStatements" time="0.001"/>
  <testcase name="prepared_statement_unsupported_setters_14" classname="org.apache.jena.jdbc.mem.statements.TestMemStatements" time="0"/>
  <testcase name="prepared_statement_unsupported_setters_15" classname="org.apache.jena.jdbc.mem.statements.TestMemStatements" time="0"/>
  <testcase name="prepared_statement_unsupported_setters_16" classname="org.apache.jena.jdbc.mem.statements.TestMemStatements" time="0.001"/>
  <testcase name="prepared_statement_unsupported_setters_17" classname="org.apache.jena.jdbc.mem.statements.TestMemStatements" time="0.001"/>
  <testcase name="prepared_statement_unsupported_setters_18" classname="org.apache.jena.jdbc.mem.statements.TestMemStatements" time="0"/>
  <testcase name="prepared_statement_unsupported_setters_19" classname="org.apache.jena.jdbc.mem.statements.TestMemStatements" time="0.001"/>
  <testcase name="prepared_statement_unsupported_setters_20" classname="org.apache.jena.jdbc.mem.statements.TestMemStatements" time="0"/>
  <testcase name="prepared_statement_unsupported_setters_21" classname="org.apache.jena.jdbc.mem.statements.TestMemStatements" time="0"/>
  <testcase name="prepared_statement_unsupported_setters_22" classname="org.apache.jena.jdbc.mem.statements.TestMemStatements" time="0.001"/>
  <testcase name="prepared_statement_unsupported_setters_23" classname="org.apache.jena.jdbc.mem.statements.TestMemStatements" time="0.001"/>
  <testcase name="prepared_statement_unsupported_setters_24" classname="org.apache.jena.jdbc.mem.statements.TestMemStatements" time="0"/>
  <testcase name="prepared_statement_unsupported_setters_25" classname="org.apache.jena.jdbc.mem.statements.TestMemStatements" time="0"/>
  <testcase name="prepared_statement_unsupported_setters_26" classname="org.apache.jena.jdbc.mem.statements.TestMemStatements" time="0.001"/>
  <testcase name="prepared_statement_unsupported_setters_27" classname="org.apache.jena.jdbc.mem.statements.TestMemStatements" time="0"/>
  <testcase name="prepared_statement_unsupported_setters_28" classname="org.apache.jena.jdbc.mem.statements.TestMemStatements" time="0"/>
  <testcase name="prepared_statement_unsupported_setters_29" classname="org.apache.jena.jdbc.mem.statements.TestMemStatements" time="0"/>
  <testcase name="prepared_statement_unsupported_setters_30" classname="org.apache.jena.jdbc.mem.statements.TestMemStatements" time="0.002"/>
  <testcase name="prepared_statement_unsupported_setters_31" classname="org.apache.jena.jdbc.mem.statements.TestMemStatements" time="0"/>
  <testcase name="prepared_statement_unsupported_setters_32" classname="org.apache.jena.jdbc.mem.statements.TestMemStatements" time="0.001"/>
  <testcase name="prepared_statement_unsupported_setters_33" classname="org.apache.jena.jdbc.mem.statements.TestMemStatements" time="0"/>
  <testcase name="prepared_statement_unsupported_setters_34" classname="org.apache.jena.jdbc.mem.statements.TestMemStatements" time="0"/>
  <testcase name="statememt_readonly_execute_update_01" classname="org.apache.jena.jdbc.mem.statements.TestMemStatements" time="0.001"/>
  <testcase name="statememt_readonly_execute_update_02" classname="org.apache.jena.jdbc.mem.statements.TestMemStatements" time="0"/>
  <testcase name="statememt_readonly_execute_update_03" classname="org.apache.jena.jdbc.mem.statements.TestMemStatements" time="0"/>
  <testcase name="statememt_readonly_execute_update_04" classname="org.apache.jena.jdbc.mem.statements.TestMemStatements" time="0"/>
  <testcase name="statement_warnings_01" classname="org.apache.jena.jdbc.mem.statements.TestMemStatements" time="0"/>
  <testcase name="statement_warnings_02" classname="org.apache.jena.jdbc.mem.statements.TestMemStatements" time="0"/>
  <testcase name="statement_warnings_03" classname="org.apache.jena.jdbc.mem.statements.TestMemStatements" time="0.001"/>
  <testcase name="statement_warnings_04" classname="org.apache.jena.jdbc.mem.statements.TestMemStatements" time="0"/>
  <testcase name="statement_warnings_05" classname="org.apache.jena.jdbc.mem.statements.TestMemStatements" time="0"/>
  <testcase name="prepared_statement_bad_setters_01" classname="org.apache.jena.jdbc.mem.statements.TestMemStatements" time="0.016"/>
  <testcase name="prepared_statement_bad_setters_02" classname="org.apache.jena.jdbc.mem.statements.TestMemStatements" time="0"/>
  <testcase name="prepared_statement_bad_setters_03" classname="org.apache.jena.jdbc.mem.statements.TestMemStatements" time="0"/>
  <testcase name="prepared_statement_bad_setters_04" classname="org.apache.jena.jdbc.mem.statements.TestMemStatements" time="0.001"/>
  <testcase name="prepared_statement_bad_setters_05" classname="org.apache.jena.jdbc.mem.statements.TestMemStatements" time="0"/>
  <testcase name="prepared_statement_bad_setters_06" classname="org.apache.jena.jdbc.mem.statements.TestMemStatements" time="0.001"/>
  <testcase name="prepared_statement_bad_setters_07" classname="org.apache.jena.jdbc.mem.statements.TestMemStatements" time="0"/>
  <testcase name="prepared_statement_bad_setters_08" classname="org.apache.jena.jdbc.mem.statements.TestMemStatements" time="0.001"/>
  <testcase name="prepared_statement_bad_setters_09" classname="org.apache.jena.jdbc.mem.statements.TestMemStatements" time="0"/>
  <testcase name="prepared_statement_bad_setters_10" classname="org.apache.jena.jdbc.mem.statements.TestMemStatements" time="0"/>
  <testcase name="prepared_statement_bad_setters_11" classname="org.apache.jena.jdbc.mem.statements.TestMemStatements" time="0"/>
  <testcase name="prepared_statement_bad_setters_12" classname="org.apache.jena.jdbc.mem.statements.TestMemStatements" time="0"/>
  <testcase name="prepared_statement_bad_setters_13" classname="org.apache.jena.jdbc.mem.statements.TestMemStatements" time="0"/>
  <testcase name="prepared_statement_bad_setters_14" classname="org.apache.jena.jdbc.mem.statements.TestMemStatements" time="0"/>
  <testcase name="prepared_statement_bad_setters_15" classname="org.apache.jena.jdbc.mem.statements.TestMemStatements" time="0.001"/>
  <testcase name="statement_settings_01" classname="org.apache.jena.jdbc.mem.statements.TestMemStatements" time="0"/>
  <testcase name="statement_settings_02" classname="org.apache.jena.jdbc.mem.statements.TestMemStatements" time="0.001"/>
  <testcase name="statement_settings_03" classname="org.apache.jena.jdbc.mem.statements.TestMemStatements" time="0"/>
  <testcase name="statement_settings_04" classname="org.apache.jena.jdbc.mem.statements.TestMemStatements" time="0.001"/>
  <testcase name="statement_settings_05" classname="org.apache.jena.jdbc.mem.statements.TestMemStatements" time="0"/>
  <testcase name="statement_settings_06" classname="org.apache.jena.jdbc.mem.statements.TestMemStatements" time="0"/>
  <testcase name="statement_settings_07" classname="org.apache.jena.jdbc.mem.statements.TestMemStatements" time="0"/>
  <testcase name="statement_settings_08" classname="org.apache.jena.jdbc.mem.statements.TestMemStatements" time="0"/>
  <testcase name="prepared_statement_execution_01" classname="org.apache.jena.jdbc.mem.statements.TestMemStatements" time="0.271"/>
  <testcase name="prepared_statement_execution_02" classname="org.apache.jena.jdbc.mem.statements.TestMemStatements" time="0.003"/>
  <testcase name="prepared_statement_execution_03" classname="org.apache.jena.jdbc.mem.statements.TestMemStatements" time="0.039"/>
  <testcase name="statement_bad_creation_01" classname="org.apache.jena.jdbc.mem.statements.TestMemStatements" time="0"/>
  <testcase name="statement_closed_results_01" classname="org.apache.jena.jdbc.mem.statements.TestMemStatements" time="0.001"/>
  <testcase name="statement_closed_results_02" classname="org.apache.jena.jdbc.mem.statements.TestMemStatements" time="0"/>
  <testcase name="statement_closed_results_03" classname="org.apache.jena.jdbc.mem.statements.TestMemStatements" time="0"/>
  <testcase name="statement_fetch_direction_01" classname="org.apache.jena.jdbc.mem.statements.TestMemStatements" time="0"/>
  <testcase name="statement_fetch_direction_02" classname="org.apache.jena.jdbc.mem.statements.TestMemStatements" time="0"/>
  <testcase name="statement_bad_wrapper_01" classname="org.apache.jena.jdbc.mem.statements.TestMemStatements" time="0"/>
  <testcase name="statement_bad_wrapper_02" classname="org.apache.jena.jdbc.mem.statements.TestMemStatements" time="0.001"/>
  <testcase name="prepared_statement_metadata_01" classname="org.apache.jena.jdbc.mem.statements.TestMemStatements" time="0"/>
  <testcase name="statement_bad_cancel_01" classname="org.apache.jena.jdbc.mem.statements.TestMemStatements" time="0"/>
  <testcase name="statement_closed_execute_01" classname="org.apache.jena.jdbc.mem.statements.TestMemStatements" time="0.002"/>
  <testcase name="statement_closed_execute_02" classname="org.apache.jena.jdbc.mem.statements.TestMemStatements" time="0.004"/>
  <testcase name="statement_closed_execute_03" classname="org.apache.jena.jdbc.mem.statements.TestMemStatements" time="0"/>
  <testcase name="statement_closed_execute_04" classname="org.apache.jena.jdbc.mem.statements.TestMemStatements" time="0"/>
  <testcase name="statement_closed_execute_05" classname="org.apache.jena.jdbc.mem.statements.TestMemStatements" time="0"/>
  <testcase name="statement_closed_execute_06" classname="org.apache.jena.jdbc.mem.statements.TestMemStatements" time="0"/>
  <testcase name="statement_closed_execute_07" classname="org.apache.jena.jdbc.mem.statements.TestMemStatements" time="0"/>
  <testcase name="statement_closed_execute_08" classname="org.apache.jena.jdbc.mem.statements.TestMemStatements" time="0"/>
  <testcase name="statement_closed_execute_09" classname="org.apache.jena.jdbc.mem.statements.TestMemStatements" time="0"/>
  <testcase name="statement_closed_execute_10" classname="org.apache.jena.jdbc.mem.statements.TestMemStatements" time="0"/>
  <testcase name="statement_closed_execute_11" classname="org.apache.jena.jdbc.mem.statements.TestMemStatements" time="0.001"/>
  <testcase name="prepared_statement_setters_01" classname="org.apache.jena.jdbc.mem.statements.TestMemStatements" time="0.004"/>
  <testcase name="prepared_statement_setters_02" classname="org.apache.jena.jdbc.mem.statements.TestMemStatements" time="0.001"/>
  <testcase name="prepared_statement_setters_03" classname="org.apache.jena.jdbc.mem.statements.TestMemStatements" time="0.001"/>
  <testcase name="prepared_statement_setters_04" classname="org.apache.jena.jdbc.mem.statements.TestMemStatements" time="0.001"/>
  <testcase name="prepared_statement_setters_05" classname="org.apache.jena.jdbc.mem.statements.TestMemStatements" time="0.001"/>
  <testcase name="prepared_statement_setters_06" classname="org.apache.jena.jdbc.mem.statements.TestMemStatements" time="0.001"/>
  <testcase name="prepared_statement_setters_07" classname="org.apache.jena.jdbc.mem.statements.TestMemStatements" time="0.002"/>
  <testcase name="prepared_statement_setters_08" classname="org.apache.jena.jdbc.mem.statements.TestMemStatements" time="0.001"/>
  <testcase name="prepared_statement_setters_09" classname="org.apache.jena.jdbc.mem.statements.TestMemStatements" time="0"/>
  <testcase name="prepared_statement_setters_10" classname="org.apache.jena.jdbc.mem.statements.TestMemStatements" time="0.001"/>
  <testcase name="prepared_statement_setters_11" classname="org.apache.jena.jdbc.mem.statements.TestMemStatements" time="0"/>
  <testcase name="prepared_statement_setters_12" classname="org.apache.jena.jdbc.mem.statements.TestMemStatements" time="0.002"/>
  <testcase name="prepared_statement_setters_13" classname="org.apache.jena.jdbc.mem.statements.TestMemStatements" time="0.001"/>
  <testcase name="prepared_statement_setters_14" classname="org.apache.jena.jdbc.mem.statements.TestMemStatements" time="0"/>
  <testcase name="prepared_statement_setters_15" classname="org.apache.jena.jdbc.mem.statements.TestMemStatements" time="0"/>
  <testcase name="prepared_statement_setters_16" classname="org.apache.jena.jdbc.mem.statements.TestMemStatements" time="0"/>
  <testcase name="prepared_statement_setters_17" classname="org.apache.jena.jdbc.mem.statements.TestMemStatements" time="0.004"/>
  <testcase name="prepared_statement_setters_18" classname="org.apache.jena.jdbc.mem.statements.TestMemStatements" time="0"/>
  <testcase name="prepared_statement_setters_19" classname="org.apache.jena.jdbc.mem.statements.TestMemStatements" time="0.001"/>
  <testcase name="prepared_statement_setters_20" classname="org.apache.jena.jdbc.mem.statements.TestMemStatements" time="0.001"/>
  <testcase name="prepared_statement_setters_21" classname="org.apache.jena.jdbc.mem.statements.TestMemStatements" time="0"/>
  <testcase name="prepared_statement_setters_22" classname="org.apache.jena.jdbc.mem.statements.TestMemStatements" time="0"/>
  <testcase name="prepared_statement_setters_23" classname="org.apache.jena.jdbc.mem.statements.TestMemStatements" time="0"/>
  <testcase name="prepared_statement_setters_24" classname="org.apache.jena.jdbc.mem.statements.TestMemStatements" time="0"/>
  <testcase name="prepared_statement_setters_25" classname="org.apache.jena.jdbc.mem.statements.TestMemStatements" time="0.001"/>
  <testcase name="prepared_statement_setters_26" classname="org.apache.jena.jdbc.mem.statements.TestMemStatements" time="0.001"/>
  <testcase name="prepared_statement_setters_27" classname="org.apache.jena.jdbc.mem.statements.TestMemStatements" time="0"/>
  <testcase name="prepared_statement_setters_28" classname="org.apache.jena.jdbc.mem.statements.TestMemStatements" time="0.001"/>
  <testcase name="prepared_statement_setters_29" classname="org.apache.jena.jdbc.mem.statements.TestMemStatements" time="0"/>
  <testcase name="prepared_statement_setters_30" classname="org.apache.jena.jdbc.mem.statements.TestMemStatements" time="0.001"/>
  <testcase name="prepared_statement_setters_31" classname="org.apache.jena.jdbc.mem.statements.TestMemStatements" time="0"/>
  <testcase name="prepared_statement_setters_32" classname="org.apache.jena.jdbc.mem.statements.TestMemStatements" time="0.001"/>
  <testcase name="prepared_statement_setters_33" classname="org.apache.jena.jdbc.mem.statements.TestMemStatements" time="0"/>
  <testcase name="prepared_statement_setters_34" classname="org.apache.jena.jdbc.mem.statements.TestMemStatements" time="0"/>
  <testcase name="prepared_statement_setters_35" classname="org.apache.jena.jdbc.mem.statements.TestMemStatements" time="0.001"/>
  <testcase name="prepared_statement_setters_36" classname="org.apache.jena.jdbc.mem.statements.TestMemStatements" time="0.002"/>
  <testcase name="prepared_statement_setters_37" classname="org.apache.jena.jdbc.mem.statements.TestMemStatements" time="0.001"/>
  <testcase name="prepared_statement_setters_38" classname="org.apache.jena.jdbc.mem.statements.TestMemStatements" time="0"/>
  <testcase name="prepared_statement_setters_39" classname="org.apache.jena.jdbc.mem.statements.TestMemStatements" time="0"/>
  <testcase name="prepared_statement_setters_40" classname="org.apache.jena.jdbc.mem.statements.TestMemStatements" time="0"/>
  <testcase name="prepared_statement_setters_41" classname="org.apache.jena.jdbc.mem.statements.TestMemStatements" time="0"/>
  <testcase name="prepared_statement_setters_42" classname="org.apache.jena.jdbc.mem.statements.TestMemStatements" time="0.02"/>
  <testcase name="prepared_statement_setters_43" classname="org.apache.jena.jdbc.mem.statements.TestMemStatements" time="0"/>
  <testcase name="prepared_statement_setters_44" classname="org.apache.jena.jdbc.mem.statements.TestMemStatements" time="0"/>
  <testcase name="prepared_statement_setters_45" classname="org.apache.jena.jdbc.mem.statements.TestMemStatements" time="0"/>
  <testcase name="prepared_statement_setters_46" classname="org.apache.jena.jdbc.mem.statements.TestMemStatements" time="0"/>
  <testcase name="prepared_statement_setters_47" classname="org.apache.jena.jdbc.mem.statements.TestMemStatements" time="0.001"/>
  <testcase name="prepared_statement_setters_48" classname="org.apache.jena.jdbc.mem.statements.TestMemStatements" time="0"/>
  <testcase name="prepared_statement_setters_49" classname="org.apache.jena.jdbc.mem.statements.TestMemStatements" time="0.001"/>
  <testcase name="prepared_statement_setters_50" classname="org.apache.jena.jdbc.mem.statements.TestMemStatements" time="0"/>
  <testcase name="prepared_statement_setters_51" classname="org.apache.jena.jdbc.mem.statements.TestMemStatements" time="0.001"/>
  <testcase name="prepared_statement_setters_52" classname="org.apache.jena.jdbc.mem.statements.TestMemStatements" time="0.004"/>
  <testcase name="prepared_statement_setters_53" classname="org.apache.jena.jdbc.mem.statements.TestMemStatements" time="0.001"/>
  <testcase name="prepared_statement_setters_54" classname="org.apache.jena.jdbc.mem.statements.TestMemStatements" time="0"/>
  <testcase name="prepared_statement_setters_55" classname="org.apache.jena.jdbc.mem.statements.TestMemStatements" time="0"/>
  <testcase name="prepared_statement_setters_56" classname="org.apache.jena.jdbc.mem.statements.TestMemStatements" time="0.001"/>
  <testcase name="prepared_statement_setters_57" classname="org.apache.jena.jdbc.mem.statements.TestMemStatements" time="0"/>
  <testcase name="prepared_statement_setters_58" classname="org.apache.jena.jdbc.mem.statements.TestMemStatements" time="0"/>
  <testcase name="prepared_statement_setters_59" classname="org.apache.jena.jdbc.mem.statements.TestMemStatements" time="0"/>
  <testcase name="prepared_statement_setters_60" classname="org.apache.jena.jdbc.mem.statements.TestMemStatements" time="0.001"/>
  <testcase name="prepared_statement_setters_61" classname="org.apache.jena.jdbc.mem.statements.TestMemStatements" time="0"/>
  <testcase name="prepared_statement_setters_62" classname="org.apache.jena.jdbc.mem.statements.TestMemStatements" time="0.001"/>
  <testcase name="prepared_statement_setters_63" classname="org.apache.jena.jdbc.mem.statements.TestMemStatements" time="0"/>
  <testcase name="prepared_statement_setters_64" classname="org.apache.jena.jdbc.mem.statements.TestMemStatements" time="0.001"/>
  <testcase name="prepared_statement_setters_65" classname="org.apache.jena.jdbc.mem.statements.TestMemStatements" time="0"/>
  <testcase name="prepared_statement_setters_66" classname="org.apache.jena.jdbc.mem.statements.TestMemStatements" time="0"/>
  <testcase name="prepared_statement_setters_67" classname="org.apache.jena.jdbc.mem.statements.TestMemStatements" time="0"/>
  <testcase name="prepared_statement_setters_68" classname="org.apache.jena.jdbc.mem.statements.TestMemStatements" time="0.003"/>
  <testcase name="prepared_statement_setters_69" classname="org.apache.jena.jdbc.mem.statements.TestMemStatements" time="0.001"/>
  <testcase name="prepared_statement_setters_70" classname="org.apache.jena.jdbc.mem.statements.TestMemStatements" time="0"/>
  <testcase name="prepared_statement_setters_71" classname="org.apache.jena.jdbc.mem.statements.TestMemStatements" time="0"/>
  <testcase name="prepared_statement_setters_72" classname="org.apache.jena.jdbc.mem.statements.TestMemStatements" time="0.001"/>
  <testcase name="prepared_statement_setters_73" classname="org.apache.jena.jdbc.mem.statements.TestMemStatements" time="0"/>
  <testcase name="prepared_statement_setters_74" classname="org.apache.jena.jdbc.mem.statements.TestMemStatements" time="0.001"/>
  <testcase name="prepared_statement_setters_75" classname="org.apache.jena.jdbc.mem.statements.TestMemStatements" time="0"/>
  <testcase name="prepared_statement_setters_76" classname="org.apache.jena.jdbc.mem.statements.TestMemStatements" time="0"/>
  <testcase name="prepared_statement_setters_77" classname="org.apache.jena.jdbc.mem.statements.TestMemStatements" time="0.001"/>
  <testcase name="prepared_statement_setters_78" classname="org.apache.jena.jdbc.mem.statements.TestMemStatements" time="0"/>
  <testcase name="prepared_statement_setters_79" classname="org.apache.jena.jdbc.mem.statements.TestMemStatements" time="0.001"/>
  <testcase name="prepared_statement_setters_80" classname="org.apache.jena.jdbc.mem.statements.TestMemStatements" time="0"/>
  <testcase name="prepared_statement_setters_81" classname="org.apache.jena.jdbc.mem.statements.TestMemStatements" time="0.002"/>
  <testcase name="prepared_statement_setters_82" classname="org.apache.jena.jdbc.mem.statements.TestMemStatements" time="0.001"/>
  <testcase name="statement_bad_execute_01" classname="org.apache.jena.jdbc.mem.statements.TestMemStatements" time="0.001"/>
  <testcase name="statement_bad_execute_02" classname="org.apache.jena.jdbc.mem.statements.TestMemStatements" time="0"/>
  <testcase name="statement_bad_execute_03" classname="org.apache.jena.jdbc.mem.statements.TestMemStatements" time="0.002"/>
  <testcase name="statement_bad_execute_04" classname="org.apache.jena.jdbc.mem.statements.TestMemStatements" time="0"/>
  <testcase name="statement_bad_execute_05" classname="org.apache.jena.jdbc.mem.statements.TestMemStatements" time="0.001"/>
  <testcase name="statement_bad_execute_06" classname="org.apache.jena.jdbc.mem.statements.TestMemStatements" time="0"/>
  <testcase name="statement_bad_execute_07" classname="org.apache.jena.jdbc.mem.statements.TestMemStatements" time="0.001"/>
  <testcase name="statement_bad_execute_08" classname="org.apache.jena.jdbc.mem.statements.TestMemStatements" time="0"/>
  <testcase name="statement_bad_execute_09" classname="org.apache.jena.jdbc.mem.statements.TestMemStatements" time="0"/>
</testsuite>