<?xml version="1.0" encoding="UTF-8"?>
<testsuite xmlns:xsi="http://www.w3.org/2001/XMLSchema-instance" xsi:schemaLocation="https://maven.apache.org/surefire/maven-surefire-plugin/xsd/surefire-test-report.xsd" name="org.apache.jena.atlas.lib.TS_Lib" time="0.984" tests="362" errors="0" skipped="0" failures="0">
  <properties>
    <property name="java.runtime.name" value="Java(TM) SE Runtime Environment"/>
    <property name="sun.boot.library.path" value="/usr/lib/jvm/java-8-oracle/jre/lib/amd64"/>
    <property name="java.vm.version" value="25.111-b14"/>
    <property name="java.vm.vendor" value="Oracle Corporation"/>
    <property name="java.vendor.url" value="http://java.oracle.com/"/>
    <property name="path.separator" value=":"/>
    <property name="guice.disable.misplaced.annotation.check" value="true"/>
    <property name="java.vm.name" value="Java HotSpot(TM) 64-Bit Server VM"/>
    <property name="file.encoding.pkg" value="sun.io"/>
    <property name="user.country" value="US"/>
    <property name="sun.java.launcher" value="SUN_STANDARD"/>
    <property name="sun.os.patch.level" value="unknown"/>
    <property name="java.vm.specification.name" value="Java Virtual Machine Specification"/>
    <property name="user.dir" value="/home/ubuntu/research/jena"/>
    <property name="java.runtime.version" value="1.8.0_111-b14"/>
    <property name="java.awt.graphicsenv" value="sun.awt.X11GraphicsEnvironment"/>
    <property name="java.endorsed.dirs" value="/usr/lib/jvm/java-8-oracle/jre/lib/endorsed"/>
    <property name="os.arch" value="amd64"/>
    <property name="java.io.tmpdir" value="/tmp"/>
    <property name="line.separator" value="&#10;"/>
    <property name="java.vm.specification.vendor" value="Oracle Corporation"/>
    <property name="os.name" value="Linux"/>
    <property name="classworlds.conf" value="/usr/share/maven/bin/m2.conf"/>
    <property name="sun.jnu.encoding" value="UTF-8"/>
    <property name="java.library.path" value="/usr/java/packages/lib/amd64:/usr/lib64:/lib64:/lib:/usr/lib"/>
    <property name="java.specification.name" value="Java Platform API Specification"/>
    <property name="java.class.version" value="52.0"/>
    <property name="sun.management.compiler" value="HotSpot 64-Bit Tiered Compilers"/>
    <property name="os.version" value="4.2.0-27-generic"/>
    <property name="user.home" value="/root"/>
    <property name="user.timezone" value="America/Los_Angeles"/>
    <property name="java.awt.printerjob" value="sun.print.PSPrinterJob"/>
    <property name="file.encoding" value="UTF-8"/>
    <property name="java.specification.version" value="1.8"/>
    <property name="user.name" value="root"/>
    <property name="java.class.path" value="/usr/share/maven/boot/plexus-classworlds-2.x.jar"/>
    <property name="java.vm.specification.version" value="1.8"/>
    <property name="sun.arch.data.model" value="64"/>
    <property name="java.home" value="/usr/lib/jvm/java-8-oracle/jre"/>
    <property name="sun.java.command" value="org.codehaus.plexus.classworlds.launcher.Launcher package"/>
    <property name="java.specification.vendor" value="Oracle Corporation"/>
    <property name="user.language" value="en"/>
    <property name="awt.toolkit" value="sun.awt.X11.XToolkit"/>
    <property name="java.vm.info" value="mixed mode"/>
    <property name="java.version" value="1.8.0_111"/>
    <property name="java.ext.dirs" value="/usr/lib/jvm/java-8-oracle/jre/lib/ext:/usr/java/packages/lib/ext"/>
    <property name="securerandom.source" value="file:/dev/./urandom"/>
    <property name="sun.boot.class.path" value="/usr/lib/jvm/java-8-oracle/jre/lib/resources.jar:/usr/lib/jvm/java-8-oracle/jre/lib/rt.jar:/usr/lib/jvm/java-8-oracle/jre/lib/sunrsasign.jar:/usr/lib/jvm/java-8-oracle/jre/lib/jsse.jar:/usr/lib/jvm/java-8-oracle/jre/lib/jce.jar:/usr/lib/jvm/java-8-oracle/jre/lib/charsets.jar:/usr/lib/jvm/java-8-oracle/jre/lib/jfr.jar:/usr/lib/jvm/java-8-oracle/jre/classes"/>
    <property name="java.vendor" value="Oracle Corporation"/>
    <property name="maven.home" value="/usr/share/maven"/>
    <property name="file.separator" value="/"/>
    <property name="java.vendor.url.bug" value="http://bugreport.sun.com/bugreport/"/>
    <property name="sun.cpu.endian" value="little"/>
    <property name="sun.io.unicode.encoding" value="UnicodeLittle"/>
    <property name="sun.desktop" value="gnome"/>
    <property name="sun.cpu.isalist" value=""/>
  </properties>
  <testcase name="binary1" classname="org.apache.jena.atlas.lib.TestAlg" time="0.001"/>
  <testcase name="binary2" classname="org.apache.jena.atlas.lib.TestAlg" time="0.001"/>
  <testcase name="binary3" classname="org.apache.jena.atlas.lib.TestAlg" time="0"/>
  <testcase name="binary4" classname="org.apache.jena.atlas.lib.TestAlg" time="0"/>
  <testcase name="binary5" classname="org.apache.jena.atlas.lib.TestAlg" time="0"/>
  <testcase name="binary6" classname="org.apache.jena.atlas.lib.TestAlg" time="0"/>
  <testcase name="binary7" classname="org.apache.jena.atlas.lib.TestAlg" time="0"/>
  <testcase name="linear1" classname="org.apache.jena.atlas.lib.TestAlg" time="0"/>
  <testcase name="linear2" classname="org.apache.jena.atlas.lib.TestAlg" time="0"/>
  <testcase name="linear3" classname="org.apache.jena.atlas.lib.TestAlg" time="0"/>
  <testcase name="linear4" classname="org.apache.jena.atlas.lib.TestAlg" time="0"/>
  <testcase name="linear5" classname="org.apache.jena.atlas.lib.TestAlg" time="0"/>
  <testcase name="linear6" classname="org.apache.jena.atlas.lib.TestAlg" time="0.001"/>
  <testcase name="linear7" classname="org.apache.jena.atlas.lib.TestAlg" time="0"/>
  <testcase name="testAccess1" classname="org.apache.jena.atlas.lib.TestBitsLong" time="0.001"/>
  <testcase name="testAccess2" classname="org.apache.jena.atlas.lib.TestBitsLong" time="0"/>
  <testcase name="testAccess3" classname="org.apache.jena.atlas.lib.TestBitsLong" time="0"/>
  <testcase name="testAccess4" classname="org.apache.jena.atlas.lib.TestBitsLong" time="0"/>
  <testcase name="testAccess5" classname="org.apache.jena.atlas.lib.TestBitsLong" time="0"/>
  <testcase name="testMask1" classname="org.apache.jena.atlas.lib.TestBitsLong" time="0"/>
  <testcase name="testMask2" classname="org.apache.jena.atlas.lib.TestBitsLong" time="0"/>
  <testcase name="testMask3" classname="org.apache.jena.atlas.lib.TestBitsLong" time="0"/>
  <testcase name="testMask4" classname="org.apache.jena.atlas.lib.TestBitsLong" time="0"/>
  <testcase name="testMask5" classname="org.apache.jena.atlas.lib.TestBitsLong" time="0"/>
  <testcase name="testMask6" classname="org.apache.jena.atlas.lib.TestBitsLong" time="0"/>
  <testcase name="testMask7" classname="org.apache.jena.atlas.lib.TestBitsLong" time="0"/>
  <testcase name="testPack1" classname="org.apache.jena.atlas.lib.TestBitsLong" time="0"/>
  <testcase name="testPack2" classname="org.apache.jena.atlas.lib.TestBitsLong" time="0"/>
  <testcase name="testPack3" classname="org.apache.jena.atlas.lib.TestBitsLong" time="0"/>
  <testcase name="testPack4" classname="org.apache.jena.atlas.lib.TestBitsLong" time="0"/>
  <testcase name="testPack5" classname="org.apache.jena.atlas.lib.TestBitsLong" time="0"/>
  <testcase name="testSet1" classname="org.apache.jena.atlas.lib.TestBitsLong" time="0"/>
  <testcase name="testSet2" classname="org.apache.jena.atlas.lib.TestBitsLong" time="0"/>
  <testcase name="testSet3" classname="org.apache.jena.atlas.lib.TestBitsLong" time="0"/>
  <testcase name="testSet4" classname="org.apache.jena.atlas.lib.TestBitsLong" time="0"/>
  <testcase name="testSet5" classname="org.apache.jena.atlas.lib.TestBitsLong" time="0"/>
  <testcase name="testSet6" classname="org.apache.jena.atlas.lib.TestBitsLong" time="0"/>
  <testcase name="testSet7" classname="org.apache.jena.atlas.lib.TestBitsLong" time="0"/>
  <testcase name="testSet8" classname="org.apache.jena.atlas.lib.TestBitsLong" time="0"/>
  <testcase name="testSet9" classname="org.apache.jena.atlas.lib.TestBitsLong" time="0"/>
  <testcase name="testUnpack1" classname="org.apache.jena.atlas.lib.TestBitsLong" time="0"/>
  <testcase name="testUnpack2" classname="org.apache.jena.atlas.lib.TestBitsLong" time="0"/>
  <testcase name="testUnpack3" classname="org.apache.jena.atlas.lib.TestBitsLong" time="0"/>
  <testcase name="testUnpack4" classname="org.apache.jena.atlas.lib.TestBitsLong" time="0.001"/>
  <testcase name="testMaskZero1" classname="org.apache.jena.atlas.lib.TestBitsLong" time="0"/>
  <testcase name="testMaskZero2" classname="org.apache.jena.atlas.lib.TestBitsLong" time="0"/>
  <testcase name="testMaskZero3" classname="org.apache.jena.atlas.lib.TestBitsLong" time="0"/>
  <testcase name="testMaskZero4" classname="org.apache.jena.atlas.lib.TestBitsLong" time="0"/>
  <testcase name="testMaskZero5" classname="org.apache.jena.atlas.lib.TestBitsLong" time="0"/>
  <testcase name="testMaskZero6" classname="org.apache.jena.atlas.lib.TestBitsLong" time="0"/>
  <testcase name="testMaskZero7" classname="org.apache.jena.atlas.lib.TestBitsLong" time="0"/>
  <testcase name="testBitsTest1" classname="org.apache.jena.atlas.lib.TestBitsLong" time="0"/>
  <testcase name="testBitsTest2" classname="org.apache.jena.atlas.lib.TestBitsLong" time="0"/>
  <testcase name="testBitsTest3" classname="org.apache.jena.atlas.lib.TestBitsLong" time="0"/>
  <testcase name="testBitsTest4" classname="org.apache.jena.atlas.lib.TestBitsLong" time="0"/>
  <testcase name="testBitsTest5" classname="org.apache.jena.atlas.lib.TestBitsLong" time="0.001"/>
  <testcase name="testClear1" classname="org.apache.jena.atlas.lib.TestBitsLong" time="0"/>
  <testcase name="testClear2" classname="org.apache.jena.atlas.lib.TestBitsLong" time="0"/>
  <testcase name="testClear3" classname="org.apache.jena.atlas.lib.TestBitsLong" time="0"/>
  <testcase name="testClear4" classname="org.apache.jena.atlas.lib.TestBitsLong" time="0"/>
  <testcase name="testClear5" classname="org.apache.jena.atlas.lib.TestBitsLong" time="0"/>
  <testcase name="testClear6" classname="org.apache.jena.atlas.lib.TestBitsLong" time="0"/>
  <testcase name="testClear7" classname="org.apache.jena.atlas.lib.TestBitsLong" time="0"/>
  <testcase name="testIsSet1" classname="org.apache.jena.atlas.lib.TestBitsLong" time="0.001"/>
  <testcase name="testUnpackStr1" classname="org.apache.jena.atlas.lib.TestBitsLong" time="0"/>
  <testcase name="testUnpackStr2" classname="org.apache.jena.atlas.lib.TestBitsLong" time="0"/>
  <testcase name="testUnpackStr3" classname="org.apache.jena.atlas.lib.TestBitsLong" time="0"/>
  <testcase name="testSetBit1" classname="org.apache.jena.atlas.lib.TestBitsLong" time="0"/>
  <testcase name="testSetBit2" classname="org.apache.jena.atlas.lib.TestBitsLong" time="0"/>
  <testcase name="testSetBit3" classname="org.apache.jena.atlas.lib.TestBitsLong" time="0"/>
  <testcase name="testSetBit4" classname="org.apache.jena.atlas.lib.TestBitsLong" time="0"/>
  <testcase name="testSetBit5" classname="org.apache.jena.atlas.lib.TestBitsLong" time="0"/>
  <testcase name="testSetBit6" classname="org.apache.jena.atlas.lib.TestBitsLong" time="0.001"/>
  <testcase name="testBitTest1" classname="org.apache.jena.atlas.lib.TestBitsLong" time="0"/>
  <testcase name="testBitTest2" classname="org.apache.jena.atlas.lib.TestBitsLong" time="0"/>
  <testcase name="testBitTest3" classname="org.apache.jena.atlas.lib.TestBitsLong" time="0"/>
  <testcase name="testBitTest4" classname="org.apache.jena.atlas.lib.TestBitsLong" time="0.001"/>
  <testcase name="testAccess1" classname="org.apache.jena.atlas.lib.TestBitsInt" time="0"/>
  <testcase name="testAccess2" classname="org.apache.jena.atlas.lib.TestBitsInt" time="0"/>
  <testcase name="testAccess3" classname="org.apache.jena.atlas.lib.TestBitsInt" time="0"/>
  <testcase name="testAccess4" classname="org.apache.jena.atlas.lib.TestBitsInt" time="0"/>
  <testcase name="testAccess5" classname="org.apache.jena.atlas.lib.TestBitsInt" time="0"/>
  <testcase name="testMask1" classname="org.apache.jena.atlas.lib.TestBitsInt" time="0"/>
  <testcase name="testMask2" classname="org.apache.jena.atlas.lib.TestBitsInt" time="0"/>
  <testcase name="testMask3" classname="org.apache.jena.atlas.lib.TestBitsInt" time="0"/>
  <testcase name="testMask4" classname="org.apache.jena.atlas.lib.TestBitsInt" time="0"/>
  <testcase name="testMask5" classname="org.apache.jena.atlas.lib.TestBitsInt" time="0"/>
  <testcase name="testMask6" classname="org.apache.jena.atlas.lib.TestBitsInt" time="0"/>
  <testcase name="testMask7" classname="org.apache.jena.atlas.lib.TestBitsInt" time="0"/>
  <testcase name="testPack1" classname="org.apache.jena.atlas.lib.TestBitsInt" time="0"/>
  <testcase name="testPack2" classname="org.apache.jena.atlas.lib.TestBitsInt" time="0"/>
  <testcase name="testPack3" classname="org.apache.jena.atlas.lib.TestBitsInt" time="0"/>
  <testcase name="testPack4" classname="org.apache.jena.atlas.lib.TestBitsInt" time="0"/>
  <testcase name="testPack5" classname="org.apache.jena.atlas.lib.TestBitsInt" time="0"/>
  <testcase name="testSet1" classname="org.apache.jena.atlas.lib.TestBitsInt" time="0"/>
  <testcase name="testSet2" classname="org.apache.jena.atlas.lib.TestBitsInt" time="0"/>
  <testcase name="testSet3" classname="org.apache.jena.atlas.lib.TestBitsInt" time="0"/>
  <testcase name="testSet4" classname="org.apache.jena.atlas.lib.TestBitsInt" time="0"/>
  <testcase name="testSet5" classname="org.apache.jena.atlas.lib.TestBitsInt" time="0"/>
  <testcase name="testSet6" classname="org.apache.jena.atlas.lib.TestBitsInt" time="0"/>
  <testcase name="testSet7" classname="org.apache.jena.atlas.lib.TestBitsInt" time="0"/>
  <testcase name="testSet8" classname="org.apache.jena.atlas.lib.TestBitsInt" time="0"/>
  <testcase name="testSet9" classname="org.apache.jena.atlas.lib.TestBitsInt" time="0.001"/>
  <testcase name="testUnpack1" classname="org.apache.jena.atlas.lib.TestBitsInt" time="0"/>
  <testcase name="testUnpack2" classname="org.apache.jena.atlas.lib.TestBitsInt" time="0"/>
  <testcase name="testUnpack3" classname="org.apache.jena.atlas.lib.TestBitsInt" time="0"/>
  <testcase name="testUnpack4" classname="org.apache.jena.atlas.lib.TestBitsInt" time="0"/>
  <testcase name="testMaskZero1" classname="org.apache.jena.atlas.lib.TestBitsInt" time="0"/>
  <testcase name="testMaskZero2" classname="org.apache.jena.atlas.lib.TestBitsInt" time="0"/>
  <testcase name="testMaskZero3" classname="org.apache.jena.atlas.lib.TestBitsInt" time="0"/>
  <testcase name="testMaskZero4" classname="org.apache.jena.atlas.lib.TestBitsInt" time="0"/>
  <testcase name="testMaskZero5" classname="org.apache.jena.atlas.lib.TestBitsInt" time="0"/>
  <testcase name="testMaskZero6" classname="org.apache.jena.atlas.lib.TestBitsInt" time="0"/>
  <testcase name="testMaskZero7" classname="org.apache.jena.atlas.lib.TestBitsInt" time="0"/>
  <testcase name="testBitsTest1" classname="org.apache.jena.atlas.lib.TestBitsInt" time="0"/>
  <testcase name="testBitsTest2" classname="org.apache.jena.atlas.lib.TestBitsInt" time="0"/>
  <testcase name="testBitsTest3" classname="org.apache.jena.atlas.lib.TestBitsInt" time="0"/>
  <testcase name="testBitsTest4" classname="org.apache.jena.atlas.lib.TestBitsInt" time="0"/>
  <testcase name="testBitsTest5" classname="org.apache.jena.atlas.lib.TestBitsInt" time="0"/>
  <testcase name="testClear1" classname="org.apache.jena.atlas.lib.TestBitsInt" time="0"/>
  <testcase name="testClear2" classname="org.apache.jena.atlas.lib.TestBitsInt" time="0"/>
  <testcase name="testClear3" classname="org.apache.jena.atlas.lib.TestBitsInt" time="0"/>
  <testcase name="testClear4" classname="org.apache.jena.atlas.lib.TestBitsInt" time="0"/>
  <testcase name="testClear5" classname="org.apache.jena.atlas.lib.TestBitsInt" time="0"/>
  <testcase name="testClear6" classname="org.apache.jena.atlas.lib.TestBitsInt" time="0"/>
  <testcase name="testClear7" classname="org.apache.jena.atlas.lib.TestBitsInt" time="0"/>
  <testcase name="testIsSet1" classname="org.apache.jena.atlas.lib.TestBitsInt" time="0"/>
  <testcase name="testUnpackStr1" classname="org.apache.jena.atlas.lib.TestBitsInt" time="0"/>
  <testcase name="testUnpackStr2" classname="org.apache.jena.atlas.lib.TestBitsInt" time="0.001"/>
  <testcase name="testUnpackStr3" classname="org.apache.jena.atlas.lib.TestBitsInt" time="0"/>
  <testcase name="testSetBit1" classname="org.apache.jena.atlas.lib.TestBitsInt" time="0"/>
  <testcase name="testSetBit2" classname="org.apache.jena.atlas.lib.TestBitsInt" time="0"/>
  <testcase name="testSetBit3" classname="org.apache.jena.atlas.lib.TestBitsInt" time="0"/>
  <testcase name="testSetBit4" classname="org.apache.jena.atlas.lib.TestBitsInt" time="0"/>
  <testcase name="testSetBit5" classname="org.apache.jena.atlas.lib.TestBitsInt" time="0"/>
  <testcase name="testSetBit6" classname="org.apache.jena.atlas.lib.TestBitsInt" time="0"/>
  <testcase name="testBitTest1" classname="org.apache.jena.atlas.lib.TestBitsInt" time="0"/>
  <testcase name="testBitTest2" classname="org.apache.jena.atlas.lib.TestBitsInt" time="0.001"/>
  <testcase name="testBitTest3" classname="org.apache.jena.atlas.lib.TestBitsInt" time="0"/>
  <testcase name="testBitTest4" classname="org.apache.jena.atlas.lib.TestBitsInt" time="0"/>
  <testcase name="codec1" classname="org.apache.jena.atlas.lib.TestBytes" time="0"/>
  <testcase name="codec2" classname="org.apache.jena.atlas.lib.TestBytes" time="0"/>
  <testcase name="codec3" classname="org.apache.jena.atlas.lib.TestBytes" time="0"/>
  <testcase name="codec4" classname="org.apache.jena.atlas.lib.TestBytes" time="0"/>
  <testcase name="codec5" classname="org.apache.jena.atlas.lib.TestBytes" time="0"/>
  <testcase name="codec6" classname="org.apache.jena.atlas.lib.TestBytes" time="0"/>
  <testcase name="codec7" classname="org.apache.jena.atlas.lib.TestBytes" time="0"/>
  <testcase name="codec8" classname="org.apache.jena.atlas.lib.TestBytes" time="0"/>
  <testcase name="intToBytes1" classname="org.apache.jena.atlas.lib.TestBytes" time="0"/>
  <testcase name="slice1" classname="org.apache.jena.atlas.lib.TestBytes" time="0"/>
  <testcase name="slice2" classname="org.apache.jena.atlas.lib.TestBytes" time="0.001"/>
  <testcase name="slice3" classname="org.apache.jena.atlas.lib.TestBytes" time="0"/>
  <testcase name="compare1" classname="org.apache.jena.atlas.lib.TestBytes" time="0"/>
  <testcase name="compare2" classname="org.apache.jena.atlas.lib.TestBytes" time="0"/>
  <testcase name="compare3" classname="org.apache.jena.atlas.lib.TestBytes" time="0"/>
  <testcase name="compare4" classname="org.apache.jena.atlas.lib.TestBytes" time="0"/>
  <testcase name="compare5" classname="org.apache.jena.atlas.lib.TestBytes" time="0"/>
  <testcase name="compare6" classname="org.apache.jena.atlas.lib.TestBytes" time="0"/>
  <testcase name="longToBytes1" classname="org.apache.jena.atlas.lib.TestBytes" time="0"/>
  <testcase name="packInt1" classname="org.apache.jena.atlas.lib.TestBytes" time="0"/>
  <testcase name="packInt2" classname="org.apache.jena.atlas.lib.TestBytes" time="0"/>
  <testcase name="packInt3" classname="org.apache.jena.atlas.lib.TestBytes" time="0"/>
  <testcase name="packInt4" classname="org.apache.jena.atlas.lib.TestBytes" time="0"/>
  <testcase name="packLong5" classname="org.apache.jena.atlas.lib.TestBytes" time="0.001"/>
  <testcase name="packLong6" classname="org.apache.jena.atlas.lib.TestBytes" time="0"/>
  <testcase name="packLong7" classname="org.apache.jena.atlas.lib.TestBytes" time="0"/>
  <testcase name="packLong8" classname="org.apache.jena.atlas.lib.TestBytes" time="0"/>
  <testcase name="escape_str_01" classname="org.apache.jena.atlas.lib.TestEscapeStr" time="0.002"/>
  <testcase name="escape_str_02" classname="org.apache.jena.atlas.lib.TestEscapeStr" time="0"/>
  <testcase name="escape_str_03" classname="org.apache.jena.atlas.lib.TestEscapeStr" time="0"/>
  <testcase name="escape_str_04" classname="org.apache.jena.atlas.lib.TestEscapeStr" time="0"/>
  <testcase name="escape_str_05" classname="org.apache.jena.atlas.lib.TestEscapeStr" time="0"/>
  <testcase name="hex_01" classname="org.apache.jena.atlas.lib.TestHex" time="0.001"/>
  <testcase name="hex_02" classname="org.apache.jena.atlas.lib.TestHex" time="0"/>
  <testcase name="hex_03" classname="org.apache.jena.atlas.lib.TestHex" time="0"/>
  <testcase name="hex_04" classname="org.apache.jena.atlas.lib.TestHex" time="0"/>
  <testcase name="hex_05" classname="org.apache.jena.atlas.lib.TestHex" time="0"/>
  <testcase name="hex_06" classname="org.apache.jena.atlas.lib.TestHex" time="0"/>
  <testcase name="hexValue_01" classname="org.apache.jena.atlas.lib.TestHex" time="0"/>
  <testcase name="hexValue_02" classname="org.apache.jena.atlas.lib.TestHex" time="0"/>
  <testcase name="hexValue_03" classname="org.apache.jena.atlas.lib.TestHex" time="0"/>
  <testcase name="hexValue_04" classname="org.apache.jena.atlas.lib.TestHex" time="0"/>
  <testcase name="hexValue_05" classname="org.apache.jena.atlas.lib.TestHex" time="0"/>
  <testcase name="list01" classname="org.apache.jena.atlas.lib.TestListUtils" time="0.002"/>
  <testcase name="list02" classname="org.apache.jena.atlas.lib.TestListUtils" time="0"/>
  <testcase name="list03" classname="org.apache.jena.atlas.lib.TestListUtils" time="0.001"/>
  <testcase name="list04" classname="org.apache.jena.atlas.lib.TestListUtils" time="0"/>
  <testcase name="list05" classname="org.apache.jena.atlas.lib.TestListUtils" time="0"/>
  <testcase name="set_intersection_1" classname="org.apache.jena.atlas.lib.TestSetUtils" time="0.001"/>
  <testcase name="set_intersection_2" classname="org.apache.jena.atlas.lib.TestSetUtils" time="0"/>
  <testcase name="set_intersection_3" classname="org.apache.jena.atlas.lib.TestSetUtils" time="0"/>
  <testcase name="set_union_1" classname="org.apache.jena.atlas.lib.TestSetUtils" time="0"/>
  <testcase name="set_union_2" classname="org.apache.jena.atlas.lib.TestSetUtils" time="0"/>
  <testcase name="set_union_3" classname="org.apache.jena.atlas.lib.TestSetUtils" time="0"/>
  <testcase name="set_symmetric_differnce_1" classname="org.apache.jena.atlas.lib.TestSetUtils" time="0.001"/>
  <testcase name="set_symmetric_differnce_2" classname="org.apache.jena.atlas.lib.TestSetUtils" time="0"/>
  <testcase name="set_symmetric_differnce_3" classname="org.apache.jena.atlas.lib.TestSetUtils" time="0"/>
  <testcase name="set_symmetric_differnce_4" classname="org.apache.jena.atlas.lib.TestSetUtils" time="0"/>
  <testcase name="set01" classname="org.apache.jena.atlas.lib.TestSetUtils" time="0"/>
  <testcase name="set_difference_1" classname="org.apache.jena.atlas.lib.TestSetUtils" time="0"/>
  <testcase name="set_difference_2" classname="org.apache.jena.atlas.lib.TestSetUtils" time="0"/>
  <testcase name="set_difference_3" classname="org.apache.jena.atlas.lib.TestSetUtils" time="0"/>
  <testcase name="sameElst_01" classname="org.apache.jena.atlas.lib.TestCollectionUtils" time="0.001"/>
  <testcase name="sameElst_02" classname="org.apache.jena.atlas.lib.TestCollectionUtils" time="0"/>
  <testcase name="sameElst_03" classname="org.apache.jena.atlas.lib.TestCollectionUtils" time="0"/>
  <testcase name="sameElst_04" classname="org.apache.jena.atlas.lib.TestCollectionUtils" time="0"/>
  <testcase name="sameElst_05" classname="org.apache.jena.atlas.lib.TestCollectionUtils" time="0"/>
  <testcase name="sameElst_06" classname="org.apache.jena.atlas.lib.TestCollectionUtils" time="0"/>
  <testcase name="cache_00[0]" classname="org.apache.jena.atlas.lib.TestCache" time="0.001"/>
  <testcase name="cache_01[0]" classname="org.apache.jena.atlas.lib.TestCache" time="0"/>
  <testcase name="cache_02[0]" classname="org.apache.jena.atlas.lib.TestCache" time="0"/>
  <testcase name="cache_03[0]" classname="org.apache.jena.atlas.lib.TestCache" time="0"/>
  <testcase name="cache_04[0]" classname="org.apache.jena.atlas.lib.TestCache" time="0"/>
  <testcase name="cache_05[0]" classname="org.apache.jena.atlas.lib.TestCache" time="0"/>
  <testcase name="cache_00[1]" classname="org.apache.jena.atlas.lib.TestCache" time="0"/>
  <testcase name="cache_01[1]" classname="org.apache.jena.atlas.lib.TestCache" time="0"/>
  <testcase name="cache_02[1]" classname="org.apache.jena.atlas.lib.TestCache" time="0"/>
  <testcase name="cache_03[1]" classname="org.apache.jena.atlas.lib.TestCache" time="0"/>
  <testcase name="cache_04[1]" classname="org.apache.jena.atlas.lib.TestCache" time="0"/>
  <testcase name="cache_05[1]" classname="org.apache.jena.atlas.lib.TestCache" time="0"/>
  <testcase name="cache_00[2]" classname="org.apache.jena.atlas.lib.TestCache" time="0"/>
  <testcase name="cache_01[2]" classname="org.apache.jena.atlas.lib.TestCache" time="0"/>
  <testcase name="cache_02[2]" classname="org.apache.jena.atlas.lib.TestCache" time="0"/>
  <testcase name="cache_03[2]" classname="org.apache.jena.atlas.lib.TestCache" time="0"/>
  <testcase name="cache_04[2]" classname="org.apache.jena.atlas.lib.TestCache" time="0"/>
  <testcase name="cache_05[2]" classname="org.apache.jena.atlas.lib.TestCache" time="0"/>
  <testcase name="cache_00[3]" classname="org.apache.jena.atlas.lib.TestCache" time="0.033"/>
  <testcase name="cache_01[3]" classname="org.apache.jena.atlas.lib.TestCache" time="0.002"/>
  <testcase name="cache_02[3]" classname="org.apache.jena.atlas.lib.TestCache" time="0"/>
  <testcase name="cache_03[3]" classname="org.apache.jena.atlas.lib.TestCache" time="0.001"/>
  <testcase name="cache_04[3]" classname="org.apache.jena.atlas.lib.TestCache" time="0.002"/>
  <testcase name="cache_05[3]" classname="org.apache.jena.atlas.lib.TestCache" time="0"/>
  <testcase name="cache_00[4]" classname="org.apache.jena.atlas.lib.TestCache" time="0"/>
  <testcase name="cache_01[4]" classname="org.apache.jena.atlas.lib.TestCache" time="0"/>
  <testcase name="cache_02[4]" classname="org.apache.jena.atlas.lib.TestCache" time="0"/>
  <testcase name="cache_03[4]" classname="org.apache.jena.atlas.lib.TestCache" time="0"/>
  <testcase name="cache_04[4]" classname="org.apache.jena.atlas.lib.TestCache" time="0.001"/>
  <testcase name="cache_05[4]" classname="org.apache.jena.atlas.lib.TestCache" time="0"/>
  <testcase name="cache_00[5]" classname="org.apache.jena.atlas.lib.TestCache" time="0"/>
  <testcase name="cache_01[5]" classname="org.apache.jena.atlas.lib.TestCache" time="0"/>
  <testcase name="cache_02[5]" classname="org.apache.jena.atlas.lib.TestCache" time="0.003"/>
  <testcase name="cache_03[5]" classname="org.apache.jena.atlas.lib.TestCache" time="0"/>
  <testcase name="cache_04[5]" classname="org.apache.jena.atlas.lib.TestCache" time="0"/>
  <testcase name="cache_05[5]" classname="org.apache.jena.atlas.lib.TestCache" time="0"/>
  <testcase name="cache_10" classname="org.apache.jena.atlas.lib.TestCache2" time="0.001"/>
  <testcase name="cacheGetter_1" classname="org.apache.jena.atlas.lib.TestCache2" time="0.005"/>
  <testcase name="cacheGetter_2" classname="org.apache.jena.atlas.lib.TestCache2" time="0.001"/>
  <testcase name="split01" classname="org.apache.jena.atlas.lib.TestFileOps" time="0.002"/>
  <testcase name="split02" classname="org.apache.jena.atlas.lib.TestFileOps" time="0"/>
  <testcase name="split03" classname="org.apache.jena.atlas.lib.TestFileOps" time="0"/>
  <testcase name="split04" classname="org.apache.jena.atlas.lib.TestFileOps" time="0"/>
  <testcase name="split05" classname="org.apache.jena.atlas.lib.TestFileOps" time="0"/>
  <testcase name="split06" classname="org.apache.jena.atlas.lib.TestFileOps" time="0"/>
  <testcase name="split07" classname="org.apache.jena.atlas.lib.TestFileOps" time="0"/>
  <testcase name="split08" classname="org.apache.jena.atlas.lib.TestFileOps" time="0"/>
  <testcase name="split09" classname="org.apache.jena.atlas.lib.TestFileOps" time="0"/>
  <testcase name="enc01" classname="org.apache.jena.atlas.lib.TestStrUtils" time="0.001"/>
  <testcase name="enc02" classname="org.apache.jena.atlas.lib.TestStrUtils" time="0"/>
  <testcase name="enc03" classname="org.apache.jena.atlas.lib.TestStrUtils" time="0"/>
  <testcase name="enc04" classname="org.apache.jena.atlas.lib.TestStrUtils" time="0"/>
  <testcase name="enc05" classname="org.apache.jena.atlas.lib.TestStrUtils" time="0"/>
  <testcase name="enc06" classname="org.apache.jena.atlas.lib.TestStrUtils" time="0.001"/>
  <testcase name="enc07" classname="org.apache.jena.atlas.lib.TestStrUtils" time="0"/>
  <testcase name="enc08" classname="org.apache.jena.atlas.lib.TestStrUtils" time="0"/>
  <testcase name="ws_collapse_01" classname="org.apache.jena.atlas.lib.TestXMLLib" time="0"/>
  <testcase name="ws_collapse_02" classname="org.apache.jena.atlas.lib.TestXMLLib" time="0"/>
  <testcase name="ws_collapse_03" classname="org.apache.jena.atlas.lib.TestXMLLib" time="0"/>
  <testcase name="ws_collapse_04" classname="org.apache.jena.atlas.lib.TestXMLLib" time="0"/>
  <testcase name="ws_collapse_05" classname="org.apache.jena.atlas.lib.TestXMLLib" time="0"/>
  <testcase name="ws_collapse_06" classname="org.apache.jena.atlas.lib.TestXMLLib" time="0"/>
  <testcase name="ws_collapse_07" classname="org.apache.jena.atlas.lib.TestXMLLib" time="0"/>
  <testcase name="ws_collapse_08" classname="org.apache.jena.atlas.lib.TestXMLLib" time="0"/>
  <testcase name="alarm_01" classname="org.apache.jena.atlas.lib.TestAlarmClock" time="0.003"/>
  <testcase name="alarm_02" classname="org.apache.jena.atlas.lib.TestAlarmClock" time="0.129"/>
  <testcase name="alarm_03" classname="org.apache.jena.atlas.lib.TestAlarmClock" time="0.118"/>
  <testcase name="alarm_04" classname="org.apache.jena.atlas.lib.TestAlarmClock" time="0.104"/>
  <testcase name="alarm_05" classname="org.apache.jena.atlas.lib.TestAlarmClock" time="0.169"/>
  <testcase name="trie_longest_match_01" classname="org.apache.jena.atlas.lib.TestTrie" time="0.003"/>
  <testcase name="trie_longest_match_02" classname="org.apache.jena.atlas.lib.TestTrie" time="0.001"/>
  <testcase name="trie_longest_match_03" classname="org.apache.jena.atlas.lib.TestTrie" time="0"/>
  <testcase name="trie_prefix_search_01" classname="org.apache.jena.atlas.lib.TestTrie" time="0"/>
  <testcase name="trie_shortest_match_01" classname="org.apache.jena.atlas.lib.TestTrie" time="0"/>
  <testcase name="trie_shortest_match_02" classname="org.apache.jena.atlas.lib.TestTrie" time="0"/>
  <testcase name="trie_shortest_match_03" classname="org.apache.jena.atlas.lib.TestTrie" time="0"/>
  <testcase name="trie_contains_01" classname="org.apache.jena.atlas.lib.TestTrie" time="0"/>
  <testcase name="trie_contains_02" classname="org.apache.jena.atlas.lib.TestTrie" time="0"/>
  <testcase name="trie_contains_03" classname="org.apache.jena.atlas.lib.TestTrie" time="0"/>
  <testcase name="trie_contains_04" classname="org.apache.jena.atlas.lib.TestTrie" time="0"/>
  <testcase name="trie_clear_01" classname="org.apache.jena.atlas.lib.TestTrie" time="0.017"/>
  <testcase name="trie_clear_02" classname="org.apache.jena.atlas.lib.TestTrie" time="0"/>
  <testcase name="trie_add_01" classname="org.apache.jena.atlas.lib.TestTrie" time="0.001"/>
  <testcase name="trie_add_02" classname="org.apache.jena.atlas.lib.TestTrie" time="0"/>
  <testcase name="trie_add_03" classname="org.apache.jena.atlas.lib.TestTrie" time="0"/>
  <testcase name="trie_add_04" classname="org.apache.jena.atlas.lib.TestTrie" time="0"/>
  <testcase name="trie_add_05" classname="org.apache.jena.atlas.lib.TestTrie" time="0"/>
  <testcase name="trie_add_06" classname="org.apache.jena.atlas.lib.TestTrie" time="0"/>
  <testcase name="trie_partial_search_01" classname="org.apache.jena.atlas.lib.TestTrie" time="0.001"/>
  <testcase name="trie_remove_01" classname="org.apache.jena.atlas.lib.TestTrie" time="0"/>
  <testcase name="trie_remove_02" classname="org.apache.jena.atlas.lib.TestTrie" time="0"/>
  <testcase name="trie_remove_03" classname="org.apache.jena.atlas.lib.TestTrie" time="0"/>
  <testcase name="trie_remove_04" classname="org.apache.jena.atlas.lib.TestTrie" time="0"/>
  <testcase name="fileIRI_1" classname="org.apache.jena.atlas.lib.TestFilenameProcessing" time="0.001"/>
  <testcase name="fileIRI_2" classname="org.apache.jena.atlas.lib.TestFilenameProcessing" time="0"/>
  <testcase name="fileIRI_3" classname="org.apache.jena.atlas.lib.TestFilenameProcessing" time="0"/>
  <testcase name="fileIRI_4" classname="org.apache.jena.atlas.lib.TestFilenameProcessing" time="0"/>
  <testcase name="fileURL_1" classname="org.apache.jena.atlas.lib.TestFilenameProcessing" time="0.008"/>
  <testcase name="fileURL_2" classname="org.apache.jena.atlas.lib.TestFilenameProcessing" time="0.003"/>
  <testcase name="fileURL_3" classname="org.apache.jena.atlas.lib.TestFilenameProcessing" time="0"/>
  <testcase name="fileURL_4" classname="org.apache.jena.atlas.lib.TestFilenameProcessing" time="0"/>
  <testcase name="fileURL_5" classname="org.apache.jena.atlas.lib.TestFilenameProcessing" time="0.005"/>
  <testcase name="fileURL_6" classname="org.apache.jena.atlas.lib.TestFilenameProcessing" time="0"/>
  <testcase name="fileURL_7" classname="org.apache.jena.atlas.lib.TestFilenameProcessing" time="0"/>
  <testcase name="encode_1" classname="org.apache.jena.atlas.lib.TestFilenameProcessing" time="0"/>
  <testcase name="encode_2" classname="org.apache.jena.atlas.lib.TestFilenameProcessing" time="0"/>
  <testcase name="encode_3" classname="org.apache.jena.atlas.lib.TestFilenameProcessing" time="0"/>
  <testcase name="fileURL_10" classname="org.apache.jena.atlas.lib.TestFilenameProcessing" time="0"/>
  <testcase name="fileURL_11" classname="org.apache.jena.atlas.lib.TestFilenameProcessing" time="0"/>
  <testcase name="fileURL_12" classname="org.apache.jena.atlas.lib.TestFilenameProcessing" time="0"/>
  <testcase name="fileURL_13" classname="org.apache.jena.atlas.lib.TestFilenameProcessing" time="0"/>
  <testcase name="fileURL_14" classname="org.apache.jena.atlas.lib.TestFilenameProcessing" time="0.001"/>
  <testcase name="fileURL_15" classname="org.apache.jena.atlas.lib.TestFilenameProcessing" time="0"/>
  <testcase name="int_format_01" classname="org.apache.jena.atlas.lib.TestNumberUtils" time="0.001"/>
  <testcase name="int_format_02" classname="org.apache.jena.atlas.lib.TestNumberUtils" time="0"/>
  <testcase name="int_format_03" classname="org.apache.jena.atlas.lib.TestNumberUtils" time="0"/>
  <testcase name="int_format_04" classname="org.apache.jena.atlas.lib.TestNumberUtils" time="0"/>
  <testcase name="int_format_05" classname="org.apache.jena.atlas.lib.TestNumberUtils" time="0"/>
  <testcase name="int_format_06" classname="org.apache.jena.atlas.lib.TestNumberUtils" time="0"/>
  <testcase name="int_format_11" classname="org.apache.jena.atlas.lib.TestNumberUtils" time="0"/>
  <testcase name="int_format_12" classname="org.apache.jena.atlas.lib.TestNumberUtils" time="0"/>
  <testcase name="int_format_13" classname="org.apache.jena.atlas.lib.TestNumberUtils" time="0"/>
  <testcase name="int_format_14" classname="org.apache.jena.atlas.lib.TestNumberUtils" time="0"/>
  <testcase name="int_format_15" classname="org.apache.jena.atlas.lib.TestNumberUtils" time="0"/>
  <testcase name="int_format_16" classname="org.apache.jena.atlas.lib.TestNumberUtils" time="0"/>
  <testcase name="int_format_21" classname="org.apache.jena.atlas.lib.TestNumberUtils" time="0"/>
  <testcase name="int_format_22" classname="org.apache.jena.atlas.lib.TestNumberUtils" time="0"/>
  <testcase name="int_format_23" classname="org.apache.jena.atlas.lib.TestNumberUtils" time="0"/>
  <testcase name="int_format_24" classname="org.apache.jena.atlas.lib.TestNumberUtils" time="0.001"/>
  <testcase name="int_format_25" classname="org.apache.jena.atlas.lib.TestNumberUtils" time="0"/>
  <testcase name="int_format_26" classname="org.apache.jena.atlas.lib.TestNumberUtils" time="0"/>
  <testcase name="int_format_27" classname="org.apache.jena.atlas.lib.TestNumberUtils" time="0"/>
  <testcase name="int_format_31" classname="org.apache.jena.atlas.lib.TestNumberUtils" time="0"/>
  <testcase name="int_format_32" classname="org.apache.jena.atlas.lib.TestNumberUtils" time="0"/>
  <testcase name="int_format_33" classname="org.apache.jena.atlas.lib.TestNumberUtils" time="0"/>
  <testcase name="testCalendarToXSDDateString" classname="org.apache.jena.atlas.lib.TestDateTimeUtils" time="0.219"/>
  <testcase name="testCalendarToXSDDateTimeString_1" classname="org.apache.jena.atlas.lib.TestDateTimeUtils" time="0.002"/>
  <testcase name="testCalendarToXSDDateTimeString_2" classname="org.apache.jena.atlas.lib.TestDateTimeUtils" time="0"/>
  <testcase name="testCalendarToXSDTimeString_1" classname="org.apache.jena.atlas.lib.TestDateTimeUtils" time="0"/>
  <testcase name="testCalendarToXSDTimeString_2" classname="org.apache.jena.atlas.lib.TestDateTimeUtils" time="0"/>
  <testcase name="testReplace" classname="org.apache.jena.atlas.lib.cache.TestCacheSimple" time="0"/>
  <testcase name="testFixedSize" classname="org.apache.jena.atlas.lib.cache.TestCacheSimple" time="0.005"/>
  <testcase name="add2Remove1" classname="org.apache.jena.atlas.lib.TestRefCountingMap" time="0.002"/>
  <testcase name="add2Remove2" classname="org.apache.jena.atlas.lib.TestRefCountingMap" time="0"/>
  <testcase name="add2Remove3" classname="org.apache.jena.atlas.lib.TestRefCountingMap" time="0"/>
  <testcase name="add1Replace1" classname="org.apache.jena.atlas.lib.TestRefCountingMap" time="0"/>
  <testcase name="add0" classname="org.apache.jena.atlas.lib.TestRefCountingMap" time="0"/>
  <testcase name="add1" classname="org.apache.jena.atlas.lib.TestRefCountingMap" time="0"/>
  <testcase name="add2" classname="org.apache.jena.atlas.lib.TestRefCountingMap" time="0"/>
  <testcase name="add2DifferentValueObjects" classname="org.apache.jena.atlas.lib.TestRefCountingMap" time="0"/>
  <testcase name="testRemove1" classname="org.apache.jena.atlas.lib.TestRefCountingMap" time="0"/>
  <testcase name="add2ForceRemove" classname="org.apache.jena.atlas.lib.TestRefCountingMap" time="0"/>
  <testcase name="add2Remove3Add1" classname="org.apache.jena.atlas.lib.TestRefCountingMap" time="0"/>
  <testcase name="add1Remove1" classname="org.apache.jena.atlas.lib.TestRefCountingMap" time="0"/>
</testsuite>