<?xml version="1.0" encoding="UTF-8"?>
<testsuite xmlns:xsi="http://www.w3.org/2001/XMLSchema-instance" xsi:schemaLocation="https://maven.apache.org/surefire/maven-surefire-plugin/xsd/surefire-test-report.xsd" name="org.apache.jena.atlas.io.TS_IO" time="0.129" tests="116" errors="0" skipped="0" failures="0">
  <properties>
    <property name="java.runtime.name" value="Java(TM) SE Runtime Environment"/>
    <property name="sun.boot.library.path" value="/usr/lib/jvm/java-8-oracle/jre/lib/amd64"/>
    <property name="java.vm.version" value="25.111-b14"/>
    <property name="java.vm.vendor" value="Oracle Corporation"/>
    <property name="java.vendor.url" value="http://java.oracle.com/"/>
    <property name="path.separator" value=":"/>
    <property name="guice.disable.misplaced.annotation.check" value="true"/>
    <property name="java.vm.name" value="Java HotSpot(TM) 64-Bit Server VM"/>
    <property name="file.encoding.pkg" value="sun.io"/>
    <property name="user.country" value="US"/>
    <property name="sun.java.launcher" value="SUN_STANDARD"/>
    <property name="sun.os.patch.level" value="unknown"/>
    <property name="java.vm.specification.name" value="Java Virtual Machine Specification"/>
    <property name="user.dir" value="/home/ubuntu/research/jena"/>
    <property name="java.runtime.version" value="1.8.0_111-b14"/>
    <property name="java.awt.graphicsenv" value="sun.awt.X11GraphicsEnvironment"/>
    <property name="java.endorsed.dirs" value="/usr/lib/jvm/java-8-oracle/jre/lib/endorsed"/>
    <property name="os.arch" value="amd64"/>
    <property name="java.io.tmpdir" value="/tmp"/>
    <property name="line.separator" value="&#10;"/>
    <property name="java.vm.specification.vendor" value="Oracle Corporation"/>
    <property name="os.name" value="Linux"/>
    <property name="classworlds.conf" value="/usr/share/maven/bin/m2.conf"/>
    <property name="sun.jnu.encoding" value="UTF-8"/>
    <property name="java.library.path" value="/usr/java/packages/lib/amd64:/usr/lib64:/lib64:/lib:/usr/lib"/>
    <property name="java.specification.name" value="Java Platform API Specification"/>
    <property name="java.class.version" value="52.0"/>
    <property name="sun.management.compiler" value="HotSpot 64-Bit Tiered Compilers"/>
    <property name="os.version" value="4.2.0-27-generic"/>
    <property name="user.home" value="/root"/>
    <property name="user.timezone" value="America/Los_Angeles"/>
    <property name="java.awt.printerjob" value="sun.print.PSPrinterJob"/>
    <property name="file.encoding" value="UTF-8"/>
    <property name="java.specification.version" value="1.8"/>
    <property name="user.name" value="root"/>
    <property name="java.class.path" value="/usr/share/maven/boot/plexus-classworlds-2.x.jar"/>
    <property name="java.vm.specification.version" value="1.8"/>
    <property name="sun.arch.data.model" value="64"/>
    <property name="java.home" value="/usr/lib/jvm/java-8-oracle/jre"/>
    <property name="sun.java.command" value="org.codehaus.plexus.classworlds.launcher.Launcher package"/>
    <property name="java.specification.vendor" value="Oracle Corporation"/>
    <property name="user.language" value="en"/>
    <property name="awt.toolkit" value="sun.awt.X11.XToolkit"/>
    <property name="java.vm.info" value="mixed mode"/>
    <property name="java.version" value="1.8.0_111"/>
    <property name="java.ext.dirs" value="/usr/lib/jvm/java-8-oracle/jre/lib/ext:/usr/java/packages/lib/ext"/>
    <property name="securerandom.source" value="file:/dev/./urandom"/>
    <property name="sun.boot.class.path" value="/usr/lib/jvm/java-8-oracle/jre/lib/resources.jar:/usr/lib/jvm/java-8-oracle/jre/lib/rt.jar:/usr/lib/jvm/java-8-oracle/jre/lib/sunrsasign.jar:/usr/lib/jvm/java-8-oracle/jre/lib/jsse.jar:/usr/lib/jvm/java-8-oracle/jre/lib/jce.jar:/usr/lib/jvm/java-8-oracle/jre/lib/charsets.jar:/usr/lib/jvm/java-8-oracle/jre/lib/jfr.jar:/usr/lib/jvm/java-8-oracle/jre/classes"/>
    <property name="java.vendor" value="Oracle Corporation"/>
    <property name="maven.home" value="/usr/share/maven"/>
    <property name="file.separator" value="/"/>
    <property name="java.vendor.url.bug" value="http://bugreport.sun.com/bugreport/"/>
    <property name="sun.cpu.endian" value="little"/>
    <property name="sun.io.unicode.encoding" value="UnicodeLittle"/>
    <property name="sun.desktop" value="gnome"/>
    <property name="sun.cpu.isalist" value=""/>
  </properties>
  <testcase name="write01" classname="org.apache.jena.atlas.io.TestIndentedWriter" time="0.006"/>
  <testcase name="write02" classname="org.apache.jena.atlas.io.TestIndentedWriter" time="0"/>
  <testcase name="write03" classname="org.apache.jena.atlas.io.TestIndentedWriter" time="0"/>
  <testcase name="write04" classname="org.apache.jena.atlas.io.TestIndentedWriter" time="0"/>
  <testcase name="write05" classname="org.apache.jena.atlas.io.TestIndentedWriter" time="0"/>
  <testcase name="write06" classname="org.apache.jena.atlas.io.TestIndentedWriter" time="0"/>
  <testcase name="write07" classname="org.apache.jena.atlas.io.TestIndentedWriter" time="0.001"/>
  <testcase name="test_out_00" classname="org.apache.jena.atlas.io.TestStreamUTF8" time="0.001"/>
  <testcase name="test_out_01" classname="org.apache.jena.atlas.io.TestStreamUTF8" time="0.003"/>
  <testcase name="test_out_02" classname="org.apache.jena.atlas.io.TestStreamUTF8" time="0"/>
  <testcase name="test_out_03" classname="org.apache.jena.atlas.io.TestStreamUTF8" time="0.001"/>
  <testcase name="test_out_04" classname="org.apache.jena.atlas.io.TestStreamUTF8" time="0"/>
  <testcase name="test_out_05" classname="org.apache.jena.atlas.io.TestStreamUTF8" time="0"/>
  <testcase name="test_out_06" classname="org.apache.jena.atlas.io.TestStreamUTF8" time="0.001"/>
  <testcase name="test_out_07" classname="org.apache.jena.atlas.io.TestStreamUTF8" time="0"/>
  <testcase name="test_out_08" classname="org.apache.jena.atlas.io.TestStreamUTF8" time="0"/>
  <testcase name="test_out_09" classname="org.apache.jena.atlas.io.TestStreamUTF8" time="0.001"/>
  <testcase name="test_in_00" classname="org.apache.jena.atlas.io.TestStreamUTF8" time="0"/>
  <testcase name="test_in_01" classname="org.apache.jena.atlas.io.TestStreamUTF8" time="0"/>
  <testcase name="test_in_02" classname="org.apache.jena.atlas.io.TestStreamUTF8" time="0.001"/>
  <testcase name="test_in_03" classname="org.apache.jena.atlas.io.TestStreamUTF8" time="0.001"/>
  <testcase name="test_in_04" classname="org.apache.jena.atlas.io.TestStreamUTF8" time="0"/>
  <testcase name="test_in_05" classname="org.apache.jena.atlas.io.TestStreamUTF8" time="0"/>
  <testcase name="test_in_06" classname="org.apache.jena.atlas.io.TestStreamUTF8" time="0"/>
  <testcase name="test_in_07" classname="org.apache.jena.atlas.io.TestStreamUTF8" time="0"/>
  <testcase name="test_in_08" classname="org.apache.jena.atlas.io.TestStreamUTF8" time="0"/>
  <testcase name="test_in_09" classname="org.apache.jena.atlas.io.TestStreamUTF8" time="0"/>
  <testcase name="convert_in_00" classname="org.apache.jena.atlas.io.TestBlockUTF8" time="0.001"/>
  <testcase name="convert_in_01" classname="org.apache.jena.atlas.io.TestBlockUTF8" time="0"/>
  <testcase name="convert_in_02" classname="org.apache.jena.atlas.io.TestBlockUTF8" time="0"/>
  <testcase name="convert_in_03" classname="org.apache.jena.atlas.io.TestBlockUTF8" time="0.001"/>
  <testcase name="convert_in_04" classname="org.apache.jena.atlas.io.TestBlockUTF8" time="0"/>
  <testcase name="convert_in_05" classname="org.apache.jena.atlas.io.TestBlockUTF8" time="0.001"/>
  <testcase name="convert_in_06" classname="org.apache.jena.atlas.io.TestBlockUTF8" time="0"/>
  <testcase name="convert_in_07" classname="org.apache.jena.atlas.io.TestBlockUTF8" time="0"/>
  <testcase name="convert_in_08" classname="org.apache.jena.atlas.io.TestBlockUTF8" time="0.001"/>
  <testcase name="convert_in_09" classname="org.apache.jena.atlas.io.TestBlockUTF8" time="0.001"/>
  <testcase name="convert_in_10" classname="org.apache.jena.atlas.io.TestBlockUTF8" time="0.001"/>
  <testcase name="convert_in_11" classname="org.apache.jena.atlas.io.TestBlockUTF8" time="0"/>
  <testcase name="convert_in_12" classname="org.apache.jena.atlas.io.TestBlockUTF8" time="0"/>
  <testcase name="convert_out_00" classname="org.apache.jena.atlas.io.TestBlockUTF8" time="0"/>
  <testcase name="convert_out_01" classname="org.apache.jena.atlas.io.TestBlockUTF8" time="0"/>
  <testcase name="convert_out_02" classname="org.apache.jena.atlas.io.TestBlockUTF8" time="0.002"/>
  <testcase name="convert_out_03" classname="org.apache.jena.atlas.io.TestBlockUTF8" time="0.001"/>
  <testcase name="convert_out_04" classname="org.apache.jena.atlas.io.TestBlockUTF8" time="0"/>
  <testcase name="convert_out_05" classname="org.apache.jena.atlas.io.TestBlockUTF8" time="0"/>
  <testcase name="convert_out_06" classname="org.apache.jena.atlas.io.TestBlockUTF8" time="0"/>
  <testcase name="convert_out_07" classname="org.apache.jena.atlas.io.TestBlockUTF8" time="0.001"/>
  <testcase name="convert_out_08" classname="org.apache.jena.atlas.io.TestBlockUTF8" time="0"/>
  <testcase name="convert_out_09" classname="org.apache.jena.atlas.io.TestBlockUTF8" time="0"/>
  <testcase name="convert_out_10" classname="org.apache.jena.atlas.io.TestBlockUTF8" time="0"/>
  <testcase name="convert_out_11" classname="org.apache.jena.atlas.io.TestBlockUTF8" time="0"/>
  <testcase name="convert_out_12" classname="org.apache.jena.atlas.io.TestBlockUTF8" time="0.001"/>
  <testcase name="binary_01" classname="org.apache.jena.atlas.io.TestBlockUTF8" time="0"/>
  <testcase name="binary_02" classname="org.apache.jena.atlas.io.TestBlockUTF8" time="0"/>
  <testcase name="binary_03" classname="org.apache.jena.atlas.io.TestBlockUTF8" time="0"/>
  <testcase name="binary_10" classname="org.apache.jena.atlas.io.TestBlockUTF8" time="0.001"/>
  <testcase name="binary_11" classname="org.apache.jena.atlas.io.TestBlockUTF8" time="0"/>
  <testcase name="test_01" classname="org.apache.jena.atlas.io.TestInputStreamBuffered" time="0.002"/>
  <testcase name="test_02" classname="org.apache.jena.atlas.io.TestInputStreamBuffered" time="0"/>
  <testcase name="test_03" classname="org.apache.jena.atlas.io.TestInputStreamBuffered" time="0"/>
  <testcase name="test_04" classname="org.apache.jena.atlas.io.TestInputStreamBuffered" time="0"/>
  <testcase name="unread1" classname="org.apache.jena.atlas.io.TestPeekReaderSource" time="0.002"/>
  <testcase name="unread2" classname="org.apache.jena.atlas.io.TestPeekReaderSource" time="0.002"/>
  <testcase name="unread3" classname="org.apache.jena.atlas.io.TestPeekReaderSource" time="0"/>
  <testcase name="unread4" classname="org.apache.jena.atlas.io.TestPeekReaderSource" time="0"/>
  <testcase name="unread5" classname="org.apache.jena.atlas.io.TestPeekReaderSource" time="0"/>
  <testcase name="read0" classname="org.apache.jena.atlas.io.TestPeekReaderSource" time="0"/>
  <testcase name="read1" classname="org.apache.jena.atlas.io.TestPeekReaderSource" time="0"/>
  <testcase name="read2" classname="org.apache.jena.atlas.io.TestPeekReaderSource" time="0"/>
  <testcase name="read3" classname="org.apache.jena.atlas.io.TestPeekReaderSource" time="0"/>
  <testcase name="read4" classname="org.apache.jena.atlas.io.TestPeekReaderSource" time="0"/>
  <testcase name="read5" classname="org.apache.jena.atlas.io.TestPeekReaderSource" time="0"/>
  <testcase name="read6" classname="org.apache.jena.atlas.io.TestPeekReaderSource" time="0"/>
  <testcase name="read7" classname="org.apache.jena.atlas.io.TestPeekReaderSource" time="0"/>
  <testcase name="read8" classname="org.apache.jena.atlas.io.TestPeekReaderSource" time="0"/>
  <testcase name="read9" classname="org.apache.jena.atlas.io.TestPeekReaderSource" time="0"/>
  <testcase name="unread1" classname="org.apache.jena.atlas.io.TestPeekReaderCharSequence" time="0.001"/>
  <testcase name="unread2" classname="org.apache.jena.atlas.io.TestPeekReaderCharSequence" time="0"/>
  <testcase name="unread3" classname="org.apache.jena.atlas.io.TestPeekReaderCharSequence" time="0"/>
  <testcase name="unread4" classname="org.apache.jena.atlas.io.TestPeekReaderCharSequence" time="0"/>
  <testcase name="unread5" classname="org.apache.jena.atlas.io.TestPeekReaderCharSequence" time="0"/>
  <testcase name="read0" classname="org.apache.jena.atlas.io.TestPeekReaderCharSequence" time="0"/>
  <testcase name="read1" classname="org.apache.jena.atlas.io.TestPeekReaderCharSequence" time="0"/>
  <testcase name="read2" classname="org.apache.jena.atlas.io.TestPeekReaderCharSequence" time="0"/>
  <testcase name="read3" classname="org.apache.jena.atlas.io.TestPeekReaderCharSequence" time="0"/>
  <testcase name="read4" classname="org.apache.jena.atlas.io.TestPeekReaderCharSequence" time="0"/>
  <testcase name="read5" classname="org.apache.jena.atlas.io.TestPeekReaderCharSequence" time="0"/>
  <testcase name="read6" classname="org.apache.jena.atlas.io.TestPeekReaderCharSequence" time="0"/>
  <testcase name="read7" classname="org.apache.jena.atlas.io.TestPeekReaderCharSequence" time="0.001"/>
  <testcase name="read8" classname="org.apache.jena.atlas.io.TestPeekReaderCharSequence" time="0"/>
  <testcase name="read9" classname="org.apache.jena.atlas.io.TestPeekReaderCharSequence" time="0"/>
  <testcase name="unread1" classname="org.apache.jena.atlas.io.TestPeekInputStreamSource" time="0.004"/>
  <testcase name="unread2" classname="org.apache.jena.atlas.io.TestPeekInputStreamSource" time="0"/>
  <testcase name="unread3" classname="org.apache.jena.atlas.io.TestPeekInputStreamSource" time="0"/>
  <testcase name="unread4" classname="org.apache.jena.atlas.io.TestPeekInputStreamSource" time="0"/>
  <testcase name="unread5" classname="org.apache.jena.atlas.io.TestPeekInputStreamSource" time="0"/>
  <testcase name="read0" classname="org.apache.jena.atlas.io.TestPeekInputStreamSource" time="0"/>
  <testcase name="read1" classname="org.apache.jena.atlas.io.TestPeekInputStreamSource" time="0"/>
  <testcase name="read2" classname="org.apache.jena.atlas.io.TestPeekInputStreamSource" time="0"/>
  <testcase name="read3" classname="org.apache.jena.atlas.io.TestPeekInputStreamSource" time="0"/>
  <testcase name="read4" classname="org.apache.jena.atlas.io.TestPeekInputStreamSource" time="0"/>
  <testcase name="read5" classname="org.apache.jena.atlas.io.TestPeekInputStreamSource" time="0"/>
  <testcase name="read6" classname="org.apache.jena.atlas.io.TestPeekInputStreamSource" time="0.001"/>
  <testcase name="read7" classname="org.apache.jena.atlas.io.TestPeekInputStreamSource" time="0.001"/>
  <testcase name="read8" classname="org.apache.jena.atlas.io.TestPeekInputStreamSource" time="0"/>
  <testcase name="read9" classname="org.apache.jena.atlas.io.TestPeekInputStreamSource" time="0.001"/>
  <testcase name="write_01" classname="org.apache.jena.atlas.io.TestBufferingWriter" time="0"/>
  <testcase name="write_02" classname="org.apache.jena.atlas.io.TestBufferingWriter" time="0"/>
  <testcase name="write_03" classname="org.apache.jena.atlas.io.TestBufferingWriter" time="0"/>
  <testcase name="write_04" classname="org.apache.jena.atlas.io.TestBufferingWriter" time="0"/>
  <testcase name="write_05" classname="org.apache.jena.atlas.io.TestBufferingWriter" time="0"/>
  <testcase name="write_06" classname="org.apache.jena.atlas.io.TestBufferingWriter" time="0"/>
  <testcase name="hex1" classname="org.apache.jena.atlas.io.TestPrintUtils" time="0.001"/>
  <testcase name="hex2" classname="org.apache.jena.atlas.io.TestPrintUtils" time="0"/>
  <testcase name="hex3" classname="org.apache.jena.atlas.io.TestPrintUtils" time="0"/>
</testsuite>