<?xml version="1.0" encoding="UTF-8"?>
<testsuite xmlns:xsi="http://www.w3.org/2001/XMLSchema-instance" xsi:schemaLocation="https://maven.apache.org/surefire/maven-surefire-plugin/xsd/surefire-test-report.xsd" name="jena.cmd.TS_Cmd" time="6.592" tests="85" errors="0" skipped="0" failures="0">
  <properties>
    <property name="java.runtime.name" value="Java(TM) SE Runtime Environment"/>
    <property name="sun.boot.library.path" value="/usr/lib/jvm/java-8-oracle/jre/lib/amd64"/>
    <property name="java.vm.version" value="25.111-b14"/>
    <property name="java.vm.vendor" value="Oracle Corporation"/>
    <property name="java.vendor.url" value="http://java.oracle.com/"/>
    <property name="path.separator" value=":"/>
    <property name="guice.disable.misplaced.annotation.check" value="true"/>
    <property name="java.vm.name" value="Java HotSpot(TM) 64-Bit Server VM"/>
    <property name="file.encoding.pkg" value="sun.io"/>
    <property name="user.country" value="US"/>
    <property name="sun.java.launcher" value="SUN_STANDARD"/>
    <property name="sun.os.patch.level" value="unknown"/>
    <property name="java.vm.specification.name" value="Java Virtual Machine Specification"/>
    <property name="user.dir" value="/home/ubuntu/research/jena"/>
    <property name="java.runtime.version" value="1.8.0_111-b14"/>
    <property name="java.awt.graphicsenv" value="sun.awt.X11GraphicsEnvironment"/>
    <property name="java.endorsed.dirs" value="/usr/lib/jvm/java-8-oracle/jre/lib/endorsed"/>
    <property name="os.arch" value="amd64"/>
    <property name="java.io.tmpdir" value="/tmp"/>
    <property name="line.separator" value="&#10;"/>
    <property name="java.vm.specification.vendor" value="Oracle Corporation"/>
    <property name="os.name" value="Linux"/>
    <property name="classworlds.conf" value="/usr/share/maven/bin/m2.conf"/>
    <property name="sun.jnu.encoding" value="UTF-8"/>
    <property name="java.library.path" value="/usr/java/packages/lib/amd64:/usr/lib64:/lib64:/lib:/usr/lib"/>
    <property name="java.specification.name" value="Java Platform API Specification"/>
    <property name="java.class.version" value="52.0"/>
    <property name="sun.management.compiler" value="HotSpot 64-Bit Tiered Compilers"/>
    <property name="os.version" value="4.2.0-27-generic"/>
    <property name="user.home" value="/root"/>
    <property name="user.timezone" value="America/Los_Angeles"/>
    <property name="java.awt.printerjob" value="sun.print.PSPrinterJob"/>
    <property name="file.encoding" value="UTF-8"/>
    <property name="java.specification.version" value="1.8"/>
    <property name="user.name" value="root"/>
    <property name="java.class.path" value="/usr/share/maven/boot/plexus-classworlds-2.x.jar"/>
    <property name="java.vm.specification.version" value="1.8"/>
    <property name="sun.arch.data.model" value="64"/>
    <property name="java.home" value="/usr/lib/jvm/java-8-oracle/jre"/>
    <property name="sun.java.command" value="org.codehaus.plexus.classworlds.launcher.Launcher package"/>
    <property name="java.specification.vendor" value="Oracle Corporation"/>
    <property name="user.language" value="en"/>
    <property name="awt.toolkit" value="sun.awt.X11.XToolkit"/>
    <property name="java.vm.info" value="mixed mode"/>
    <property name="java.version" value="1.8.0_111"/>
    <property name="java.ext.dirs" value="/usr/lib/jvm/java-8-oracle/jre/lib/ext:/usr/java/packages/lib/ext"/>
    <property name="securerandom.source" value="file:/dev/./urandom"/>
    <property name="sun.boot.class.path" value="/usr/lib/jvm/java-8-oracle/jre/lib/resources.jar:/usr/lib/jvm/java-8-oracle/jre/lib/rt.jar:/usr/lib/jvm/java-8-oracle/jre/lib/sunrsasign.jar:/usr/lib/jvm/java-8-oracle/jre/lib/jsse.jar:/usr/lib/jvm/java-8-oracle/jre/lib/jce.jar:/usr/lib/jvm/java-8-oracle/jre/lib/charsets.jar:/usr/lib/jvm/java-8-oracle/jre/lib/jfr.jar:/usr/lib/jvm/java-8-oracle/jre/classes"/>
    <property name="java.vendor" value="Oracle Corporation"/>
    <property name="maven.home" value="/usr/share/maven"/>
    <property name="file.separator" value="/"/>
    <property name="java.vendor.url.bug" value="http://bugreport.sun.com/bugreport/"/>
    <property name="sun.cpu.endian" value="little"/>
    <property name="sun.io.unicode.encoding" value="UnicodeLittle"/>
    <property name="sun.desktop" value="gnome"/>
    <property name="sun.cpu.isalist" value=""/>
  </properties>
  <testcase name="test_Simple1" classname="jena.cmd.TestCmdLine" time="0.11"/>
  <testcase name="test_Arg1" classname="jena.cmd.TestCmdLine" time="0.002"/>
  <testcase name="test_Arg2" classname="jena.cmd.TestCmdLine" time="0.004"/>
  <testcase name="test_Flag1" classname="jena.cmd.TestCmdLine" time="0.001"/>
  <testcase name="test_Flag2" classname="jena.cmd.TestCmdLine" time="0"/>
  <testcase name="test_Flag3" classname="jena.cmd.TestCmdLine" time="0"/>
  <testcase name="test_nArg1" classname="jena.cmd.TestCmdLine" time="0"/>
  <testcase name="testOntClass0" classname="jena.cmd.Test_schemagen" time="1.798"/>
  <testcase name="testOntClass1" classname="jena.cmd.Test_schemagen" time="0.082"/>
  <testcase name="testOntClass2" classname="jena.cmd.Test_schemagen" time="0.081"/>
  <testcase name="testOntClass3" classname="jena.cmd.Test_schemagen" time="0.079"/>
  <testcase name="testOntProperty0" classname="jena.cmd.Test_schemagen" time="0.087"/>
  <testcase name="testOntProperty1" classname="jena.cmd.Test_schemagen" time="0.08"/>
  <testcase name="testOntProperty2" classname="jena.cmd.Test_schemagen" time="0.061"/>
  <testcase name="testOntProperty3" classname="jena.cmd.Test_schemagen" time="0.068"/>
  <testcase name="testUCNames" classname="jena.cmd.Test_schemagen" time="0.073"/>
  <testcase name="testDeclarations" classname="jena.cmd.Test_schemagen" time="0.067"/>
  <testcase name="testRC0" classname="jena.cmd.Test_schemagen" time="0.062"/>
  <testcase name="testNoBaseURI0" classname="jena.cmd.Test_schemagen" time="0.071"/>
  <testcase name="testPackage" classname="jena.cmd.Test_schemagen" time="0.051"/>
  <testcase name="testInference0" classname="jena.cmd.Test_schemagen" time="0.031"/>
  <testcase name="testInference1" classname="jena.cmd.Test_schemagen" time="0.665"/>
  <testcase name="testInference2" classname="jena.cmd.Test_schemagen" time="0.157"/>
  <testcase name="testStrictIndividuals0" classname="jena.cmd.Test_schemagen" time="0.053"/>
  <testcase name="testStrictIndividuals1" classname="jena.cmd.Test_schemagen" time="0.045"/>
  <testcase name="testProperty0" classname="jena.cmd.Test_schemagen" time="0.067"/>
  <testcase name="testProperty1" classname="jena.cmd.Test_schemagen" time="0.052"/>
  <testcase name="testProperty2" classname="jena.cmd.Test_schemagen" time="0.037"/>
  <testcase name="testProperty3" classname="jena.cmd.Test_schemagen" time="0.043"/>
  <testcase name="testComment0" classname="jena.cmd.Test_schemagen" time="0.08"/>
  <testcase name="testComment1" classname="jena.cmd.Test_schemagen" time="0.044"/>
  <testcase name="testComment2" classname="jena.cmd.Test_schemagen" time="0.042"/>
  <testcase name="testComment3" classname="jena.cmd.Test_schemagen" time="0.036"/>
  <testcase name="testConfigFile" classname="jena.cmd.Test_schemagen" time="0.069"/>
  <testcase name="testDatatype0" classname="jena.cmd.Test_schemagen" time="0.068"/>
  <testcase name="testDatatype1" classname="jena.cmd.Test_schemagen" time="0.056"/>
  <testcase name="testIncludeSource0" classname="jena.cmd.Test_schemagen" time="0.122"/>
  <testcase name="testIncludeSource1" classname="jena.cmd.Test_schemagen" time="0.049"/>
  <testcase name="testIncludeSource2" classname="jena.cmd.Test_schemagen" time="0.062"/>
  <testcase name="testIncludeSource3" classname="jena.cmd.Test_schemagen" time="0.054"/>
  <testcase name="testClassname" classname="jena.cmd.Test_schemagen" time="0.052"/>
  <testcase name="testInstance0" classname="jena.cmd.Test_schemagen" time="0.046"/>
  <testcase name="testInstance1" classname="jena.cmd.Test_schemagen" time="0.041"/>
  <testcase name="testInstance3" classname="jena.cmd.Test_schemagen" time="0.056"/>
  <testcase name="testInstance4" classname="jena.cmd.Test_schemagen" time="0.068"/>
  <testcase name="testInstance5" classname="jena.cmd.Test_schemagen" time="0.372"/>
  <testcase name="testNoHeader" classname="jena.cmd.Test_schemagen" time="0.029"/>
  <testcase name="testClass0" classname="jena.cmd.Test_schemagen" time="0.033"/>
  <testcase name="testClass1" classname="jena.cmd.Test_schemagen" time="0.042"/>
  <testcase name="testClass2" classname="jena.cmd.Test_schemagen" time="0.037"/>
  <testcase name="testClass3" classname="jena.cmd.Test_schemagen" time="0.027"/>
  <testcase name="testFooter" classname="jena.cmd.Test_schemagen" time="0.041"/>
  <testcase name="testNoIndividuals" classname="jena.cmd.Test_schemagen" time="0.032"/>
  <testcase name="testHeader" classname="jena.cmd.Test_schemagen" time="0.062"/>
  <testcase name="testClassdec" classname="jena.cmd.Test_schemagen" time="0.043"/>
  <testcase name="testNoProperties" classname="jena.cmd.Test_schemagen" time="0.037"/>
  <testcase name="testLineEnd0" classname="jena.cmd.Test_schemagen" time="0.044"/>
  <testcase name="testLineEnd1" classname="jena.cmd.Test_schemagen" time="0.052"/>
  <testcase name="testNoClasses" classname="jena.cmd.Test_schemagen" time="0.039"/>
  <testcase name="testRdfcatRDFXMLToN3" classname="jena.cmd.Test_rdfcat" time="0.04"/>
  <testcase name="testRdfcatNtripleToNtriple" classname="jena.cmd.Test_rdfcat" time="0.016"/>
  <testcase name="testRdfcatIdentity" classname="jena.cmd.Test_rdfcat" time="0.047"/>
  <testcase name="testRdfcatRDFXMLToRDFXMLDefault" classname="jena.cmd.Test_rdfcat" time="0.021"/>
  <testcase name="testRdfcatNtripleToN3" classname="jena.cmd.Test_rdfcat" time="0.01"/>
  <testcase name="testAbbreviationTable" classname="jena.cmd.Test_rdfcat" time="0"/>
  <testcase name="testRdfcatN3ToNtriple" classname="jena.cmd.Test_rdfcat" time="0.012"/>
  <testcase name="testRdfcatN3ToRDFXML_0" classname="jena.cmd.Test_rdfcat" time="0.015"/>
  <testcase name="testRdfcatN3ToRDFXML_1" classname="jena.cmd.Test_rdfcat" time="0.017"/>
  <testcase name="testRdfcatN3ToRDFXML_2" classname="jena.cmd.Test_rdfcat" time="0.011"/>
  <testcase name="testRdfcatN3ToRDFXML_3" classname="jena.cmd.Test_rdfcat" time="0.012"/>
  <testcase name="testRdfcatNtripleToRDFXML_0" classname="jena.cmd.Test_rdfcat" time="0.012"/>
  <testcase name="testRdfcatNtripleToRDFXML_1" classname="jena.cmd.Test_rdfcat" time="0.012"/>
  <testcase name="testRdfcatNtripleToRDFXML_2" classname="jena.cmd.Test_rdfcat" time="0.01"/>
  <testcase name="testRdfcatNtripleToRDFXML_3" classname="jena.cmd.Test_rdfcat" time="0.011"/>
  <testcase name="testRdfcatConcat" classname="jena.cmd.Test_rdfcat" time="0.02"/>
  <testcase name="testRdfcatConcat1" classname="jena.cmd.Test_rdfcat" time="0.017"/>
  <testcase name="testRdfcatRDFXMLToRDFXML_0" classname="jena.cmd.Test_rdfcat" time="0.045"/>
  <testcase name="testRdfcatRDFXMLToRDFXML_1" classname="jena.cmd.Test_rdfcat" time="0.014"/>
  <testcase name="testRdfcatRDFXMLToRDFXML_2" classname="jena.cmd.Test_rdfcat" time="0.014"/>
  <testcase name="testRdfcatRDFXMLToRDFXML_3" classname="jena.cmd.Test_rdfcat" time="0.01"/>
  <testcase name="testRdfcatN3ToN3" classname="jena.cmd.Test_rdfcat" time="0.008"/>
  <testcase name="testRdfcatRDFXMLToNtriple" classname="jena.cmd.Test_rdfcat" time="0.007"/>
  <testcase name="testRdfcatNtripleToRDFXMLDefault" classname="jena.cmd.Test_rdfcat" time="0.006"/>
  <testcase name="testRdfcatN3ToRDFXMLDefault" classname="jena.cmd.Test_rdfcat" time="0.005"/>
  <testcase name="testExistingLanguage" classname="jena.cmd.Test_rdfcat" time="0"/>
</testsuite>