<?xml version="1.0" encoding="UTF-8"?>
<testsuite xmlns:xsi="http://www.w3.org/2001/XMLSchema-instance" xsi:schemaLocation="https://maven.apache.org/surefire/maven-surefire-plugin/xsd/surefire-test-report.xsd" name="org.apache.jena.query.text.TS_Text" time="12.713" tests="170" errors="0" skipped="0" failures="0">
  <properties>
    <property name="java.runtime.name" value="Java(TM) SE Runtime Environment"/>
    <property name="sun.boot.library.path" value="/usr/lib/jvm/java-8-oracle/jre/lib/amd64"/>
    <property name="java.vm.version" value="25.111-b14"/>
    <property name="java.vm.vendor" value="Oracle Corporation"/>
    <property name="java.vendor.url" value="http://java.oracle.com/"/>
    <property name="path.separator" value=":"/>
    <property name="guice.disable.misplaced.annotation.check" value="true"/>
    <property name="java.vm.name" value="Java HotSpot(TM) 64-Bit Server VM"/>
    <property name="file.encoding.pkg" value="sun.io"/>
    <property name="user.country" value="US"/>
    <property name="sun.java.launcher" value="SUN_STANDARD"/>
    <property name="sun.os.patch.level" value="unknown"/>
    <property name="java.vm.specification.name" value="Java Virtual Machine Specification"/>
    <property name="user.dir" value="/home/ubuntu/research/jena"/>
    <property name="java.runtime.version" value="1.8.0_111-b14"/>
    <property name="java.awt.graphicsenv" value="sun.awt.X11GraphicsEnvironment"/>
    <property name="java.endorsed.dirs" value="/usr/lib/jvm/java-8-oracle/jre/lib/endorsed"/>
    <property name="os.arch" value="amd64"/>
    <property name="java.io.tmpdir" value="/tmp"/>
    <property name="line.separator" value="&#10;"/>
    <property name="java.vm.specification.vendor" value="Oracle Corporation"/>
    <property name="os.name" value="Linux"/>
    <property name="classworlds.conf" value="/usr/share/maven/bin/m2.conf"/>
    <property name="sun.jnu.encoding" value="UTF-8"/>
    <property name="java.library.path" value="/usr/java/packages/lib/amd64:/usr/lib64:/lib64:/lib:/usr/lib"/>
    <property name="java.specification.name" value="Java Platform API Specification"/>
    <property name="java.class.version" value="52.0"/>
    <property name="sun.management.compiler" value="HotSpot 64-Bit Tiered Compilers"/>
    <property name="os.version" value="4.2.0-27-generic"/>
    <property name="user.home" value="/root"/>
    <property name="user.timezone" value="America/Los_Angeles"/>
    <property name="java.awt.printerjob" value="sun.print.PSPrinterJob"/>
    <property name="file.encoding" value="UTF-8"/>
    <property name="java.specification.version" value="1.8"/>
    <property name="user.name" value="root"/>
    <property name="java.class.path" value="/usr/share/maven/boot/plexus-classworlds-2.x.jar"/>
    <property name="java.vm.specification.version" value="1.8"/>
    <property name="sun.arch.data.model" value="64"/>
    <property name="java.home" value="/usr/lib/jvm/java-8-oracle/jre"/>
    <property name="sun.java.command" value="org.codehaus.plexus.classworlds.launcher.Launcher package"/>
    <property name="java.specification.vendor" value="Oracle Corporation"/>
    <property name="user.language" value="en"/>
    <property name="awt.toolkit" value="sun.awt.X11.XToolkit"/>
    <property name="java.vm.info" value="mixed mode"/>
    <property name="java.version" value="1.8.0_111"/>
    <property name="java.ext.dirs" value="/usr/lib/jvm/java-8-oracle/jre/lib/ext:/usr/java/packages/lib/ext"/>
    <property name="securerandom.source" value="file:/dev/./urandom"/>
    <property name="sun.boot.class.path" value="/usr/lib/jvm/java-8-oracle/jre/lib/resources.jar:/usr/lib/jvm/java-8-oracle/jre/lib/rt.jar:/usr/lib/jvm/java-8-oracle/jre/lib/sunrsasign.jar:/usr/lib/jvm/java-8-oracle/jre/lib/jsse.jar:/usr/lib/jvm/java-8-oracle/jre/lib/jce.jar:/usr/lib/jvm/java-8-oracle/jre/lib/charsets.jar:/usr/lib/jvm/java-8-oracle/jre/lib/jfr.jar:/usr/lib/jvm/java-8-oracle/jre/classes"/>
    <property name="java.vendor" value="Oracle Corporation"/>
    <property name="maven.home" value="/usr/share/maven"/>
    <property name="file.separator" value="/"/>
    <property name="java.vendor.url.bug" value="http://bugreport.sun.com/bugreport/"/>
    <property name="sun.cpu.endian" value="little"/>
    <property name="sun.io.unicode.encoding" value="UnicodeLittle"/>
    <property name="sun.desktop" value="gnome"/>
    <property name="sun.cpu.isalist" value=""/>
  </properties>
  <testcase name="buildText_01" classname="org.apache.jena.query.text.TestBuildTextDataset" time="2.912"/>
  <testcase name="buildText_02" classname="org.apache.jena.query.text.TestBuildTextDataset" time="0.049"/>
  <testcase name="buildText_03" classname="org.apache.jena.query.text.TestBuildTextDataset" time="0.002"/>
  <testcase name="buildText_04" classname="org.apache.jena.query.text.TestBuildTextDataset" time="0.522"/>
  <testcase name="buildText_05" classname="org.apache.jena.query.text.TestBuildTextDataset" time="0.021"/>
  <testcase name="testNoResultsOnFirstCreateIndex" classname="org.apache.jena.query.text.TestDatasetWithLuceneTextIndex" time="0.072"/>
  <testcase name="propertyFunctionText_1" classname="org.apache.jena.query.text.TestDatasetWithLuceneTextIndex" time="0.041"/>
  <testcase name="propertyFunctionText_2" classname="org.apache.jena.query.text.TestDatasetWithLuceneTextIndex" time="0.047"/>
  <testcase name="propertyFunctionText_3" classname="org.apache.jena.query.text.TestDatasetWithLuceneTextIndex" time="0.033"/>
  <testcase name="propertyFunctionText_4" classname="org.apache.jena.query.text.TestDatasetWithLuceneTextIndex" time="0.034"/>
  <testcase name="propertyFunctionText_5" classname="org.apache.jena.query.text.TestDatasetWithLuceneTextIndex" time="0.054"/>
  <testcase name="propertyFunctionText_6" classname="org.apache.jena.query.text.TestDatasetWithLuceneTextIndex" time="0.05"/>
  <testcase name="propertyFunctionText_7" classname="org.apache.jena.query.text.TestDatasetWithLuceneTextIndex" time="0.049"/>
  <testcase name="propertyFunctionText_8" classname="org.apache.jena.query.text.TestDatasetWithLuceneTextIndex" time="0.045"/>
  <testcase name="propertyFunctionText_1_score" classname="org.apache.jena.query.text.TestDatasetWithLuceneTextIndex" time="0.068"/>
  <testcase name="testMultipleResults" classname="org.apache.jena.query.text.TestDatasetWithLuceneTextIndex" time="0.07"/>
  <testcase name="testOneSimpleResult" classname="org.apache.jena.query.text.TestDatasetWithLuceneTextIndex" time="0.016"/>
  <testcase name="testMultipleResults_dft" classname="org.apache.jena.query.text.TestDatasetWithLuceneTextIndex" time="0.034"/>
  <testcase name="propertyFunctionText_2_score" classname="org.apache.jena.query.text.TestDatasetWithLuceneTextIndex" time="0.042"/>
  <testcase name="testMultipleResults_score" classname="org.apache.jena.query.text.TestDatasetWithLuceneTextIndex" time="0.036"/>
  <testcase name="propertyFunctionText_1_dft" classname="org.apache.jena.query.text.TestDatasetWithLuceneTextIndex" time="0.043"/>
  <testcase name="propertyFunctionText_2_dft" classname="org.apache.jena.query.text.TestDatasetWithLuceneTextIndex" time="0.031"/>
  <testcase name="propertyFunctionText_3_dft" classname="org.apache.jena.query.text.TestDatasetWithLuceneTextIndex" time="0.033"/>
  <testcase name="testSearchDefaultField_dft" classname="org.apache.jena.query.text.TestDatasetWithLuceneTextIndex" time="0.048"/>
  <testcase name="testSearchCorrectField" classname="org.apache.jena.query.text.TestDatasetWithLuceneTextIndex" time="0.07"/>
  <testcase name="propertyFunctionText_3_score" classname="org.apache.jena.query.text.TestDatasetWithLuceneTextIndex" time="0.038"/>
  <testcase name="testSearchLimitsResults" classname="org.apache.jena.query.text.TestDatasetWithLuceneTextIndex" time="0.033"/>
  <testcase name="testSearchDefaultField" classname="org.apache.jena.query.text.TestDatasetWithLuceneTextIndex" time="0.028"/>
  <testcase name="testRetrievingEnglishLocalizedResource" classname="org.apache.jena.query.text.TestDatasetWithLuceneMultilingualTextIndex" time="0.12"/>
  <testcase name="testRetrievingUnlocalizedResource" classname="org.apache.jena.query.text.TestDatasetWithLuceneMultilingualTextIndex" time="0.046"/>
  <testcase name="testEnglishStemming" classname="org.apache.jena.query.text.TestDatasetWithLuceneMultilingualTextIndex" time="0.038"/>
  <testcase name="testRetrievingGermanLocalizedResource" classname="org.apache.jena.query.text.TestDatasetWithLuceneMultilingualTextIndex" time="0.028"/>
  <testcase name="testRetrievingSKOSConcepts" classname="org.apache.jena.query.text.TestDatasetWithLuceneMultilingualTextIndex" time="0.108"/>
  <testcase name="testNoResultsOnFirstCreateIndex" classname="org.apache.jena.query.text.TestDatasetWithLuceneMultilingualTextIndex" time="0.021"/>
  <testcase name="testLiteralLanguageSearchItalian" classname="org.apache.jena.query.text.TestDatasetWithLuceneTextIndexWithLangField" time="0.032"/>
  <testcase name="testLiteralLanguageSearch" classname="org.apache.jena.query.text.TestDatasetWithLuceneTextIndexWithLangField" time="0.021"/>
  <testcase name="testBnodeIdentifiedGraph" classname="org.apache.jena.query.text.TestDatasetWithLuceneGraphTextIndex" time="0.051"/>
  <testcase name="testOneSimpleResultInGraph" classname="org.apache.jena.query.text.TestDatasetWithLuceneGraphTextIndex" time="0.032"/>
  <testcase name="testOneResultTwoGraphs" classname="org.apache.jena.query.text.TestDatasetWithLuceneGraphTextIndex" time="0.051"/>
  <testcase name="testORFromGraphs" classname="org.apache.jena.query.text.TestDatasetWithLuceneGraphTextIndex" time="0.05"/>
  <testcase name="testQueryFromDefaultGraph" classname="org.apache.jena.query.text.TestDatasetWithLuceneGraphTextIndex" time="0.038"/>
  <testcase name="propertyFunctionText_1" classname="org.apache.jena.query.text.TestDatasetWithLuceneGraphTextIndex" time="0.022"/>
  <testcase name="propertyFunctionText_2" classname="org.apache.jena.query.text.TestDatasetWithLuceneGraphTextIndex" time="0.026"/>
  <testcase name="propertyFunctionText_3" classname="org.apache.jena.query.text.TestDatasetWithLuceneGraphTextIndex" time="0.024"/>
  <testcase name="propertyFunctionText_4" classname="org.apache.jena.query.text.TestDatasetWithLuceneGraphTextIndex" time="0.043"/>
  <testcase name="propertyFunctionText_5" classname="org.apache.jena.query.text.TestDatasetWithLuceneGraphTextIndex" time="0.054"/>
  <testcase name="propertyFunctionText_6" classname="org.apache.jena.query.text.TestDatasetWithLuceneGraphTextIndex" time="0.062"/>
  <testcase name="propertyFunctionText_7" classname="org.apache.jena.query.text.TestDatasetWithLuceneGraphTextIndex" time="0.031"/>
  <testcase name="propertyFunctionText_8" classname="org.apache.jena.query.text.TestDatasetWithLuceneGraphTextIndex" time="0.033"/>
  <testcase name="propertyFunctionText_1_score" classname="org.apache.jena.query.text.TestDatasetWithLuceneGraphTextIndex" time="0.022"/>
  <testcase name="testMultipleResults" classname="org.apache.jena.query.text.TestDatasetWithLuceneGraphTextIndex" time="0.021"/>
  <testcase name="testOneSimpleResult" classname="org.apache.jena.query.text.TestDatasetWithLuceneGraphTextIndex" time="0.028"/>
  <testcase name="testMultipleResults_dft" classname="org.apache.jena.query.text.TestDatasetWithLuceneGraphTextIndex" time="0.029"/>
  <testcase name="propertyFunctionText_2_score" classname="org.apache.jena.query.text.TestDatasetWithLuceneGraphTextIndex" time="0.021"/>
  <testcase name="testMultipleResults_score" classname="org.apache.jena.query.text.TestDatasetWithLuceneGraphTextIndex" time="0.024"/>
  <testcase name="propertyFunctionText_1_dft" classname="org.apache.jena.query.text.TestDatasetWithLuceneGraphTextIndex" time="0.029"/>
  <testcase name="propertyFunctionText_2_dft" classname="org.apache.jena.query.text.TestDatasetWithLuceneGraphTextIndex" time="0.02"/>
  <testcase name="propertyFunctionText_3_dft" classname="org.apache.jena.query.text.TestDatasetWithLuceneGraphTextIndex" time="0.021"/>
  <testcase name="testSearchDefaultField_dft" classname="org.apache.jena.query.text.TestDatasetWithLuceneGraphTextIndex" time="0.02"/>
  <testcase name="testSearchCorrectField" classname="org.apache.jena.query.text.TestDatasetWithLuceneGraphTextIndex" time="0.025"/>
  <testcase name="propertyFunctionText_3_score" classname="org.apache.jena.query.text.TestDatasetWithLuceneGraphTextIndex" time="0.027"/>
  <testcase name="testSearchLimitsResults" classname="org.apache.jena.query.text.TestDatasetWithLuceneGraphTextIndex" time="0.015"/>
  <testcase name="testSearchDefaultField" classname="org.apache.jena.query.text.TestDatasetWithLuceneGraphTextIndex" time="0.017"/>
  <testcase name="testInsert2WithSameLabelAndDelete1" classname="org.apache.jena.query.text.TestDatasetWithLuceneTextIndexDeletionSupport" time="0.056"/>
  <testcase name="testInsertDeleteOneTriple" classname="org.apache.jena.query.text.TestDatasetWithLuceneTextIndexDeletionSupport" time="0.027"/>
  <testcase name="propertyFunctionText_1" classname="org.apache.jena.query.text.TestDatasetWithLuceneTextIndexDeletionSupport" time="0.042"/>
  <testcase name="propertyFunctionText_2" classname="org.apache.jena.query.text.TestDatasetWithLuceneTextIndexDeletionSupport" time="0.028"/>
  <testcase name="propertyFunctionText_3" classname="org.apache.jena.query.text.TestDatasetWithLuceneTextIndexDeletionSupport" time="0.024"/>
  <testcase name="propertyFunctionText_4" classname="org.apache.jena.query.text.TestDatasetWithLuceneTextIndexDeletionSupport" time="0.034"/>
  <testcase name="propertyFunctionText_5" classname="org.apache.jena.query.text.TestDatasetWithLuceneTextIndexDeletionSupport" time="0.023"/>
  <testcase name="propertyFunctionText_6" classname="org.apache.jena.query.text.TestDatasetWithLuceneTextIndexDeletionSupport" time="0.013"/>
  <testcase name="propertyFunctionText_7" classname="org.apache.jena.query.text.TestDatasetWithLuceneTextIndexDeletionSupport" time="0.02"/>
  <testcase name="propertyFunctionText_8" classname="org.apache.jena.query.text.TestDatasetWithLuceneTextIndexDeletionSupport" time="0.021"/>
  <testcase name="propertyFunctionText_1_score" classname="org.apache.jena.query.text.TestDatasetWithLuceneTextIndexDeletionSupport" time="0.021"/>
  <testcase name="testMultipleResults" classname="org.apache.jena.query.text.TestDatasetWithLuceneTextIndexDeletionSupport" time="0.026"/>
  <testcase name="testOneSimpleResult" classname="org.apache.jena.query.text.TestDatasetWithLuceneTextIndexDeletionSupport" time="0.013"/>
  <testcase name="testMultipleResults_dft" classname="org.apache.jena.query.text.TestDatasetWithLuceneTextIndexDeletionSupport" time="0.023"/>
  <testcase name="propertyFunctionText_2_score" classname="org.apache.jena.query.text.TestDatasetWithLuceneTextIndexDeletionSupport" time="0.024"/>
  <testcase name="testMultipleResults_score" classname="org.apache.jena.query.text.TestDatasetWithLuceneTextIndexDeletionSupport" time="0.03"/>
  <testcase name="propertyFunctionText_1_dft" classname="org.apache.jena.query.text.TestDatasetWithLuceneTextIndexDeletionSupport" time="0.023"/>
  <testcase name="propertyFunctionText_2_dft" classname="org.apache.jena.query.text.TestDatasetWithLuceneTextIndexDeletionSupport" time="0.016"/>
  <testcase name="propertyFunctionText_3_dft" classname="org.apache.jena.query.text.TestDatasetWithLuceneTextIndexDeletionSupport" time="0.022"/>
  <testcase name="testSearchDefaultField_dft" classname="org.apache.jena.query.text.TestDatasetWithLuceneTextIndexDeletionSupport" time="0.03"/>
  <testcase name="testSearchCorrectField" classname="org.apache.jena.query.text.TestDatasetWithLuceneTextIndexDeletionSupport" time="0.042"/>
  <testcase name="propertyFunctionText_3_score" classname="org.apache.jena.query.text.TestDatasetWithLuceneTextIndexDeletionSupport" time="0.019"/>
  <testcase name="testSearchLimitsResults" classname="org.apache.jena.query.text.TestDatasetWithLuceneTextIndexDeletionSupport" time="0.033"/>
  <testcase name="testSearchDefaultField" classname="org.apache.jena.query.text.TestDatasetWithLuceneTextIndexDeletionSupport" time="0.016"/>
  <testcase name="testLiteralValueMultipleBoundSubject" classname="org.apache.jena.query.text.TestDatasetWithLuceneStoredLiterals" time="0.031"/>
  <testcase name="testLiteralValueMultiple" classname="org.apache.jena.query.text.TestDatasetWithLuceneStoredLiterals" time="0.031"/>
  <testcase name="testLiteralValueWithLanguage" classname="org.apache.jena.query.text.TestDatasetWithLuceneStoredLiterals" time="0.02"/>
  <testcase name="testLiteralValue" classname="org.apache.jena.query.text.TestDatasetWithLuceneStoredLiterals" time="0.029"/>
  <testcase name="testLiteralValueNonDefaultField" classname="org.apache.jena.query.text.TestDatasetWithLuceneStoredLiterals" time="0.016"/>
  <testcase name="testLiteralValueWithDatatype" classname="org.apache.jena.query.text.TestDatasetWithLuceneStoredLiterals" time="0.024"/>
  <testcase name="propertyFunctionText_1" classname="org.apache.jena.query.text.TestDatasetWithLuceneStoredLiterals" time="0.034"/>
  <testcase name="propertyFunctionText_2" classname="org.apache.jena.query.text.TestDatasetWithLuceneStoredLiterals" time="0.033"/>
  <testcase name="propertyFunctionText_3" classname="org.apache.jena.query.text.TestDatasetWithLuceneStoredLiterals" time="0.042"/>
  <testcase name="propertyFunctionText_4" classname="org.apache.jena.query.text.TestDatasetWithLuceneStoredLiterals" time="0.02"/>
  <testcase name="propertyFunctionText_5" classname="org.apache.jena.query.text.TestDatasetWithLuceneStoredLiterals" time="0.028"/>
  <testcase name="propertyFunctionText_6" classname="org.apache.jena.query.text.TestDatasetWithLuceneStoredLiterals" time="0.031"/>
  <testcase name="propertyFunctionText_7" classname="org.apache.jena.query.text.TestDatasetWithLuceneStoredLiterals" time="0.031"/>
  <testcase name="propertyFunctionText_8" classname="org.apache.jena.query.text.TestDatasetWithLuceneStoredLiterals" time="0.021"/>
  <testcase name="propertyFunctionText_1_score" classname="org.apache.jena.query.text.TestDatasetWithLuceneStoredLiterals" time="0.031"/>
  <testcase name="testMultipleResults" classname="org.apache.jena.query.text.TestDatasetWithLuceneStoredLiterals" time="0.037"/>
  <testcase name="testOneSimpleResult" classname="org.apache.jena.query.text.TestDatasetWithLuceneStoredLiterals" time="0.021"/>
  <testcase name="testMultipleResults_dft" classname="org.apache.jena.query.text.TestDatasetWithLuceneStoredLiterals" time="0.02"/>
  <testcase name="propertyFunctionText_2_score" classname="org.apache.jena.query.text.TestDatasetWithLuceneStoredLiterals" time="0.028"/>
  <testcase name="testMultipleResults_score" classname="org.apache.jena.query.text.TestDatasetWithLuceneStoredLiterals" time="0.027"/>
  <testcase name="propertyFunctionText_1_dft" classname="org.apache.jena.query.text.TestDatasetWithLuceneStoredLiterals" time="0.021"/>
  <testcase name="propertyFunctionText_2_dft" classname="org.apache.jena.query.text.TestDatasetWithLuceneStoredLiterals" time="0.026"/>
  <testcase name="propertyFunctionText_3_dft" classname="org.apache.jena.query.text.TestDatasetWithLuceneStoredLiterals" time="0.019"/>
  <testcase name="testSearchDefaultField_dft" classname="org.apache.jena.query.text.TestDatasetWithLuceneStoredLiterals" time="0.025"/>
  <testcase name="testSearchCorrectField" classname="org.apache.jena.query.text.TestDatasetWithLuceneStoredLiterals" time="0.022"/>
  <testcase name="propertyFunctionText_3_score" classname="org.apache.jena.query.text.TestDatasetWithLuceneStoredLiterals" time="0.018"/>
  <testcase name="testSearchLimitsResults" classname="org.apache.jena.query.text.TestDatasetWithLuceneStoredLiterals" time="0.011"/>
  <testcase name="testSearchDefaultField" classname="org.apache.jena.query.text.TestDatasetWithLuceneStoredLiterals" time="0.019"/>
  <testcase name="EntityHasMapEntryWithKeywordAnalyzer" classname="org.apache.jena.query.text.assembler.TestEntityMapAssembler" time="0.015"/>
  <testcase name="EntityHasEntityField" classname="org.apache.jena.query.text.assembler.TestEntityMapAssembler" time="0.004"/>
  <testcase name="EntityHasPrimaryField" classname="org.apache.jena.query.text.assembler.TestEntityMapAssembler" time="0.002"/>
  <testcase name="EntityHasMapEntryWithStandardAnalyzerAndStopWords" classname="org.apache.jena.query.text.assembler.TestEntityMapAssembler" time="0.004"/>
  <testcase name="errorOnNoMapProperty" classname="org.apache.jena.query.text.assembler.TestEntityMapAssembler" time="0.005"/>
  <testcase name="EntityHasMapEntryWithLowerCaseKeywordAnalyzer" classname="org.apache.jena.query.text.assembler.TestEntityMapAssembler" time="0.002"/>
  <testcase name="EntityHasMapEntryWithConfigurableAnalyzer" classname="org.apache.jena.query.text.assembler.TestEntityMapAssembler" time="0.004"/>
  <testcase name="errorOnNoPrimaryFieldDef" classname="org.apache.jena.query.text.assembler.TestEntityMapAssembler" time="0.002"/>
  <testcase name="errorOnNoDefaultField" classname="org.apache.jena.query.text.assembler.TestEntityMapAssembler" time="0.003"/>
  <testcase name="EntityHasMultipleMapEntries" classname="org.apache.jena.query.text.assembler.TestEntityMapAssembler" time="0.001"/>
  <testcase name="errorOnNoEntityField" classname="org.apache.jena.query.text.assembler.TestEntityMapAssembler" time="0.001"/>
  <testcase name="EntityHasMapEntries" classname="org.apache.jena.query.text.assembler.TestEntityMapAssembler" time="0.001"/>
  <testcase name="EntityHasMapEntryWithSimpleAnalyzer" classname="org.apache.jena.query.text.assembler.TestEntityMapAssembler" time="0.005"/>
  <testcase name="testCustomTextDocProducer" classname="org.apache.jena.query.text.assembler.TestTextDatasetAssembler" time="0.115"/>
  <testcase name="testErrorOnNoDataset" classname="org.apache.jena.query.text.assembler.TestTextDatasetAssembler" time="0.007"/>
  <testcase name="testErrorOnNoIndex" classname="org.apache.jena.query.text.assembler.TestTextDatasetAssembler" time="0.047"/>
  <testcase name="testSimpleDatasetAssembler" classname="org.apache.jena.query.text.assembler.TestTextDatasetAssembler" time="0.021"/>
  <testcase name="testCustomTextDocProducerDyadicConstructor" classname="org.apache.jena.query.text.assembler.TestTextDatasetAssembler" time="0.043"/>
  <testcase name="testMemDirectory" classname="org.apache.jena.query.text.assembler.TestTextIndexLuceneAssembler" time="0.013"/>
  <testcase name="testQueryAnalyzer" classname="org.apache.jena.query.text.assembler.TestTextIndexLuceneAssembler" time="0.013"/>
  <testcase name="testIndexHasEntityMap" classname="org.apache.jena.query.text.assembler.TestTextIndexLuceneAssembler" time="0.014"/>
  <testcase name="testResourceDirectory" classname="org.apache.jena.query.text.assembler.TestTextIndexLuceneAssembler" time="0.012"/>
  <testcase name="testLiteralDirectory" classname="org.apache.jena.query.text.assembler.TestTextIndexLuceneAssembler" time="0.019"/>
  <testcase name="testIndexUsesHttpServer" classname="org.apache.jena.query.text.assembler.TestTextIndexSolrAssembler" time="0.338"/>
  <testcase name="textDB_9_bnode_subject_bound_first" classname="org.apache.jena.query.text.TestTextTDB" time="0.028"/>
  <testcase name="textDB_1" classname="org.apache.jena.query.text.TestTextTDB" time="0.056"/>
  <testcase name="textDB_2" classname="org.apache.jena.query.text.TestTextTDB" time="0.01"/>
  <testcase name="textDB_3" classname="org.apache.jena.query.text.TestTextTDB" time="0.022"/>
  <testcase name="textDB_4" classname="org.apache.jena.query.text.TestTextTDB" time="0.028"/>
  <testcase name="textDB_5" classname="org.apache.jena.query.text.TestTextTDB" time="0.048"/>
  <testcase name="textDB_6" classname="org.apache.jena.query.text.TestTextTDB" time="0.028"/>
  <testcase name="textDB_7_subject_bound_first" classname="org.apache.jena.query.text.TestTextTDB" time="0.037"/>
  <testcase name="textDB_8_bnode_subject" classname="org.apache.jena.query.text.TestTextTDB" time="0.028"/>
  <testcase name="testSimpleAnalyzer" classname="org.apache.jena.query.text.TestDatasetWithSimpleAnalyzer" time="0.068"/>
  <testcase name="testStandardAnalyzerWithSpecifiedStopWords" classname="org.apache.jena.query.text.TestDatasetWithStandardAnalyzer" time="0.052"/>
  <testcase name="testStandardAnalyzerIgnoresSpecifiedStopWords" classname="org.apache.jena.query.text.TestDatasetWithStandardAnalyzer" time="0.034"/>
  <testcase name="testKeywordAnalyzerMatchesWholeField" classname="org.apache.jena.query.text.TestDatasetWithKeywordAnalyzer" time="0.018"/>
  <testcase name="testKeywordAnalyzerDoesNotSplitTokensAtSpace" classname="org.apache.jena.query.text.TestDatasetWithKeywordAnalyzer" time="0.015"/>
  <testcase name="testLowerCaseKeywordAnalyzerIsCaseInsensitive" classname="org.apache.jena.query.text.TestDatasetWithLowerCaseKeywordAnalyzer" time="0.026"/>
  <testcase name="testKeywordAnalyzerMatchesWholeField" classname="org.apache.jena.query.text.TestDatasetWithLowerCaseKeywordAnalyzer" time="0.014"/>
  <testcase name="testKeywordAnalyzerDoesNotSplitTokensAtSpace" classname="org.apache.jena.query.text.TestDatasetWithLowerCaseKeywordAnalyzer" time="0.019"/>
  <testcase name="testReadInMiddleOfWrite" classname="org.apache.jena.query.text.TestLuceneWithMultipleThreads" time="0.111"/>
  <testcase name="testIsolation" classname="org.apache.jena.query.text.TestLuceneWithMultipleThreads" time="1.009"/>
  <testcase name="testWriteInMiddleOfRead" classname="org.apache.jena.query.text.TestLuceneWithMultipleThreads" time="2.227"/>
  <testcase name="testLocalizedAnalyzer" classname="org.apache.jena.query.text.TestDatasetWithLocalizedAnalyzer" time="0.074"/>
  <testcase name="testConfigurableAnalyzerIsCaseAndAccentInsensitive" classname="org.apache.jena.query.text.TestDatasetWithConfigurableAnalyzer" time="0.04"/>
  <testcase name="testLowerCaseKeywordAnalyzerIsCaseInsensitive" classname="org.apache.jena.query.text.TestDatasetWithConfigurableAnalyzer" time="0.045"/>
  <testcase name="testKeywordAnalyzerMatchesWholeField" classname="org.apache.jena.query.text.TestDatasetWithConfigurableAnalyzer" time="0.027"/>
  <testcase name="testKeywordAnalyzerDoesNotSplitTokensAtSpace" classname="org.apache.jena.query.text.TestDatasetWithConfigurableAnalyzer" time="0.017"/>
  <testcase name="testAnalyzingQueryParserAnalyzesWildcards" classname="org.apache.jena.query.text.TestDatasetWithAnalyzingQueryParser" time="0.014"/>
  <testcase name="testConfigurableAnalyzerIsCaseAndAccentInsensitive" classname="org.apache.jena.query.text.TestDatasetWithAnalyzingQueryParser" time="0.016"/>
  <testcase name="testLowerCaseKeywordAnalyzerIsCaseInsensitive" classname="org.apache.jena.query.text.TestDatasetWithAnalyzingQueryParser" time="0.024"/>
  <testcase name="testKeywordAnalyzerMatchesWholeField" classname="org.apache.jena.query.text.TestDatasetWithAnalyzingQueryParser" time="0.037"/>
  <testcase name="testKeywordAnalyzerDoesNotSplitTokensAtSpace" classname="org.apache.jena.query.text.TestDatasetWithAnalyzingQueryParser" time="0.019"/>
  <testcase name="testComplexPhraseQueryParserPerformsPhraseFuzzyQuery" classname="org.apache.jena.query.text.TestDatasetWithComplexPhraseQueryParser" time="0.073"/>
</testsuite>