<?xml version="1.0" encoding="UTF-8"?>
<testsuite xmlns:xsi="http://www.w3.org/2001/XMLSchema-instance" xsi:schemaLocation="https://maven.apache.org/surefire/maven-surefire-plugin/xsd/surefire-test-report.xsd" name="org.apache.jena.hadoop.rdf.io.input.util.TrackedInputStreamTest" time="0.274" tests="50" errors="0" skipped="0" failures="0">
  <properties>
    <property name="java.runtime.name" value="Java(TM) SE Runtime Environment"/>
    <property name="sun.boot.library.path" value="/usr/lib/jvm/java-8-oracle/jre/lib/amd64"/>
    <property name="java.vm.version" value="25.111-b14"/>
    <property name="java.vm.vendor" value="Oracle Corporation"/>
    <property name="java.vendor.url" value="http://java.oracle.com/"/>
    <property name="path.separator" value=":"/>
    <property name="guice.disable.misplaced.annotation.check" value="true"/>
    <property name="java.vm.name" value="Java HotSpot(TM) 64-Bit Server VM"/>
    <property name="file.encoding.pkg" value="sun.io"/>
    <property name="user.country" value="US"/>
    <property name="sun.java.launcher" value="SUN_STANDARD"/>
    <property name="sun.os.patch.level" value="unknown"/>
    <property name="java.vm.specification.name" value="Java Virtual Machine Specification"/>
    <property name="user.dir" value="/home/ubuntu/research/jena"/>
    <property name="java.runtime.version" value="1.8.0_111-b14"/>
    <property name="java.awt.graphicsenv" value="sun.awt.X11GraphicsEnvironment"/>
    <property name="java.endorsed.dirs" value="/usr/lib/jvm/java-8-oracle/jre/lib/endorsed"/>
    <property name="os.arch" value="amd64"/>
    <property name="java.io.tmpdir" value="/tmp"/>
    <property name="line.separator" value="&#10;"/>
    <property name="java.vm.specification.vendor" value="Oracle Corporation"/>
    <property name="os.name" value="Linux"/>
    <property name="classworlds.conf" value="/usr/share/maven/bin/m2.conf"/>
    <property name="sun.jnu.encoding" value="UTF-8"/>
    <property name="java.library.path" value="/usr/java/packages/lib/amd64:/usr/lib64:/lib64:/lib:/usr/lib"/>
    <property name="java.specification.name" value="Java Platform API Specification"/>
    <property name="java.class.version" value="52.0"/>
    <property name="sun.management.compiler" value="HotSpot 64-Bit Tiered Compilers"/>
    <property name="os.version" value="4.2.0-27-generic"/>
    <property name="user.home" value="/root"/>
    <property name="user.timezone" value="America/Los_Angeles"/>
    <property name="java.awt.printerjob" value="sun.print.PSPrinterJob"/>
    <property name="file.encoding" value="UTF-8"/>
    <property name="java.specification.version" value="1.8"/>
    <property name="user.name" value="root"/>
    <property name="java.class.path" value="/usr/share/maven/boot/plexus-classworlds-2.x.jar"/>
    <property name="java.vm.specification.version" value="1.8"/>
    <property name="sun.arch.data.model" value="64"/>
    <property name="java.home" value="/usr/lib/jvm/java-8-oracle/jre"/>
    <property name="sun.java.command" value="org.codehaus.plexus.classworlds.launcher.Launcher package"/>
    <property name="java.specification.vendor" value="Oracle Corporation"/>
    <property name="user.language" value="en"/>
    <property name="awt.toolkit" value="sun.awt.X11.XToolkit"/>
    <property name="java.vm.info" value="mixed mode"/>
    <property name="java.version" value="1.8.0_111"/>
    <property name="java.ext.dirs" value="/usr/lib/jvm/java-8-oracle/jre/lib/ext:/usr/java/packages/lib/ext"/>
    <property name="securerandom.source" value="file:/dev/./urandom"/>
    <property name="sun.boot.class.path" value="/usr/lib/jvm/java-8-oracle/jre/lib/resources.jar:/usr/lib/jvm/java-8-oracle/jre/lib/rt.jar:/usr/lib/jvm/java-8-oracle/jre/lib/sunrsasign.jar:/usr/lib/jvm/java-8-oracle/jre/lib/jsse.jar:/usr/lib/jvm/java-8-oracle/jre/lib/jce.jar:/usr/lib/jvm/java-8-oracle/jre/lib/charsets.jar:/usr/lib/jvm/java-8-oracle/jre/lib/jfr.jar:/usr/lib/jvm/java-8-oracle/jre/classes"/>
    <property name="java.vendor" value="Oracle Corporation"/>
    <property name="maven.home" value="/usr/share/maven"/>
    <property name="file.separator" value="/"/>
    <property name="java.vendor.url.bug" value="http://bugreport.sun.com/bugreport/"/>
    <property name="sun.cpu.endian" value="little"/>
    <property name="sun.io.unicode.encoding" value="UnicodeLittle"/>
    <property name="sun.desktop" value="gnome"/>
    <property name="sun.cpu.isalist" value=""/>
  </properties>
  <testcase name="trackable_input_read_multiple_01" classname="org.apache.jena.hadoop.rdf.io.input.util.TrackedInputStreamTest" time="0"/>
  <testcase name="trackable_input_read_multiple_02" classname="org.apache.jena.hadoop.rdf.io.input.util.TrackedInputStreamTest" time="0.001"/>
  <testcase name="trackable_input_read_multiple_03" classname="org.apache.jena.hadoop.rdf.io.input.util.TrackedInputStreamTest" time="0"/>
  <testcase name="trackable_input_read_multiple_04" classname="org.apache.jena.hadoop.rdf.io.input.util.TrackedInputStreamTest" time="0.005"/>
  <testcase name="trackable_input_read_multiple_05" classname="org.apache.jena.hadoop.rdf.io.input.util.TrackedInputStreamTest" time="0.001"/>
  <testcase name="trackable_input_read_multiple_06" classname="org.apache.jena.hadoop.rdf.io.input.util.TrackedInputStreamTest" time="0.001"/>
  <testcase name="trackable_input_read_multiple_07" classname="org.apache.jena.hadoop.rdf.io.input.util.TrackedInputStreamTest" time="0.061"/>
  <testcase name="trackable_input_read_multiple_08" classname="org.apache.jena.hadoop.rdf.io.input.util.TrackedInputStreamTest" time="0.025"/>
  <testcase name="trackable_input_read_multiple_09" classname="org.apache.jena.hadoop.rdf.io.input.util.TrackedInputStreamTest" time="0.003"/>
  <testcase name="trackable_input_skip_single_01" classname="org.apache.jena.hadoop.rdf.io.input.util.TrackedInputStreamTest" time="0"/>
  <testcase name="trackable_input_skip_single_02" classname="org.apache.jena.hadoop.rdf.io.input.util.TrackedInputStreamTest" time="0"/>
  <testcase name="trackable_input_skip_single_03" classname="org.apache.jena.hadoop.rdf.io.input.util.TrackedInputStreamTest" time="0"/>
  <testcase name="trackable_input_skip_single_04" classname="org.apache.jena.hadoop.rdf.io.input.util.TrackedInputStreamTest" time="0"/>
  <testcase name="trackable_input_skip_single_05" classname="org.apache.jena.hadoop.rdf.io.input.util.TrackedInputStreamTest" time="0"/>
  <testcase name="trackable_input_skip_single_06" classname="org.apache.jena.hadoop.rdf.io.input.util.TrackedInputStreamTest" time="0"/>
  <testcase name="trackable_input_skip_single_07" classname="org.apache.jena.hadoop.rdf.io.input.util.TrackedInputStreamTest" time="0"/>
  <testcase name="trackable_input_skip_single_08" classname="org.apache.jena.hadoop.rdf.io.input.util.TrackedInputStreamTest" time="0"/>
  <testcase name="trackable_input_skip_single_09" classname="org.apache.jena.hadoop.rdf.io.input.util.TrackedInputStreamTest" time="0.062"/>
  <testcase name="trackable_input_skip_single_10" classname="org.apache.jena.hadoop.rdf.io.input.util.TrackedInputStreamTest" time="0.008"/>
  <testcase name="trackable_input_skip_single_11" classname="org.apache.jena.hadoop.rdf.io.input.util.TrackedInputStreamTest" time="0.003"/>
  <testcase name="trackable_input_skip_single_12" classname="org.apache.jena.hadoop.rdf.io.input.util.TrackedInputStreamTest" time="0.004"/>
  <testcase name="trackable_input_read_multiple_partial_01" classname="org.apache.jena.hadoop.rdf.io.input.util.TrackedInputStreamTest" time="0"/>
  <testcase name="trackable_input_read_multiple_partial_02" classname="org.apache.jena.hadoop.rdf.io.input.util.TrackedInputStreamTest" time="0"/>
  <testcase name="trackable_input_read_multiple_partial_03" classname="org.apache.jena.hadoop.rdf.io.input.util.TrackedInputStreamTest" time="0"/>
  <testcase name="trackable_input_read_multiple_partial_04" classname="org.apache.jena.hadoop.rdf.io.input.util.TrackedInputStreamTest" time="0"/>
  <testcase name="trackable_input_read_multiple_partial_05" classname="org.apache.jena.hadoop.rdf.io.input.util.TrackedInputStreamTest" time="0"/>
  <testcase name="trackable_input_read_multiple_partial_06" classname="org.apache.jena.hadoop.rdf.io.input.util.TrackedInputStreamTest" time="0.001"/>
  <testcase name="trackable_input_read_multiple_partial_07" classname="org.apache.jena.hadoop.rdf.io.input.util.TrackedInputStreamTest" time="0"/>
  <testcase name="trackable_input_read_multiple_partial_08" classname="org.apache.jena.hadoop.rdf.io.input.util.TrackedInputStreamTest" time="0"/>
  <testcase name="trackable_input_read_multiple_partial_09" classname="org.apache.jena.hadoop.rdf.io.input.util.TrackedInputStreamTest" time="0"/>
  <testcase name="trackable_input_read_multiple_partial_10" classname="org.apache.jena.hadoop.rdf.io.input.util.TrackedInputStreamTest" time="0"/>
  <testcase name="trackable_input_read_multiple_partial_11" classname="org.apache.jena.hadoop.rdf.io.input.util.TrackedInputStreamTest" time="0"/>
  <testcase name="trackable_input_read_multiple_partial_12" classname="org.apache.jena.hadoop.rdf.io.input.util.TrackedInputStreamTest" time="0"/>
  <testcase name="trackable_input_read_multiple_partial_13" classname="org.apache.jena.hadoop.rdf.io.input.util.TrackedInputStreamTest" time="0.021"/>
  <testcase name="trackable_input_read_multiple_partial_14" classname="org.apache.jena.hadoop.rdf.io.input.util.TrackedInputStreamTest" time="0.021"/>
  <testcase name="trackable_input_read_multiple_partial_15" classname="org.apache.jena.hadoop.rdf.io.input.util.TrackedInputStreamTest" time="0.005"/>
  <testcase name="trackable_input_read_multiple_partial_16" classname="org.apache.jena.hadoop.rdf.io.input.util.TrackedInputStreamTest" time="0.017"/>
  <testcase name="trackable_input_read_multiple_partial_17" classname="org.apache.jena.hadoop.rdf.io.input.util.TrackedInputStreamTest" time="0.004"/>
  <testcase name="trackable_input_read_multiple_partial_18" classname="org.apache.jena.hadoop.rdf.io.input.util.TrackedInputStreamTest" time="0.002"/>
  <testcase name="trackable_input_read_single_01" classname="org.apache.jena.hadoop.rdf.io.input.util.TrackedInputStreamTest" time="0.001"/>
  <testcase name="trackable_input_read_single_02" classname="org.apache.jena.hadoop.rdf.io.input.util.TrackedInputStreamTest" time="0"/>
  <testcase name="trackable_input_read_single_03" classname="org.apache.jena.hadoop.rdf.io.input.util.TrackedInputStreamTest" time="0.001"/>
  <testcase name="trackable_input_read_single_04" classname="org.apache.jena.hadoop.rdf.io.input.util.TrackedInputStreamTest" time="0.014"/>
  <testcase name="trackable_input_post_close_01" classname="org.apache.jena.hadoop.rdf.io.input.util.TrackedInputStreamTest" time="0"/>
  <testcase name="trackable_input_post_close_02" classname="org.apache.jena.hadoop.rdf.io.input.util.TrackedInputStreamTest" time="0"/>
  <testcase name="trackable_input_post_close_03" classname="org.apache.jena.hadoop.rdf.io.input.util.TrackedInputStreamTest" time="0"/>
  <testcase name="trackable_input_post_close_04" classname="org.apache.jena.hadoop.rdf.io.input.util.TrackedInputStreamTest" time="0"/>
  <testcase name="trackable_input_post_close_05" classname="org.apache.jena.hadoop.rdf.io.input.util.TrackedInputStreamTest" time="0"/>
  <testcase name="trackable_input_post_close_06" classname="org.apache.jena.hadoop.rdf.io.input.util.TrackedInputStreamTest" time="0"/>
  <testcase name="trackable_input_post_close_07" classname="org.apache.jena.hadoop.rdf.io.input.util.TrackedInputStreamTest" time="0"/>
</testsuite>