<?xml version="1.0" encoding="UTF-8"?>
<testsuite xmlns:xsi="http://www.w3.org/2001/XMLSchema-instance" xsi:schemaLocation="https://maven.apache.org/surefire/maven-surefire-plugin/xsd/surefire-test-report.xsd" name="org.apache.jena.sdb.test.SDBTestAll" time="19.664" tests="409" errors="0" skipped="0" failures="0">
  <properties>
    <property name="java.runtime.name" value="Java(TM) SE Runtime Environment"/>
    <property name="sun.boot.library.path" value="/usr/lib/jvm/java-8-oracle/jre/lib/amd64"/>
    <property name="java.vm.version" value="25.111-b14"/>
    <property name="java.vm.vendor" value="Oracle Corporation"/>
    <property name="java.vendor.url" value="http://java.oracle.com/"/>
    <property name="path.separator" value=":"/>
    <property name="guice.disable.misplaced.annotation.check" value="true"/>
    <property name="java.vm.name" value="Java HotSpot(TM) 64-Bit Server VM"/>
    <property name="file.encoding.pkg" value="sun.io"/>
    <property name="user.country" value="US"/>
    <property name="sun.java.launcher" value="SUN_STANDARD"/>
    <property name="sun.os.patch.level" value="unknown"/>
    <property name="java.vm.specification.name" value="Java Virtual Machine Specification"/>
    <property name="user.dir" value="/home/ubuntu/research/jena"/>
    <property name="java.runtime.version" value="1.8.0_111-b14"/>
    <property name="java.awt.graphicsenv" value="sun.awt.X11GraphicsEnvironment"/>
    <property name="java.endorsed.dirs" value="/usr/lib/jvm/java-8-oracle/jre/lib/endorsed"/>
    <property name="os.arch" value="amd64"/>
    <property name="java.io.tmpdir" value="/tmp"/>
    <property name="line.separator" value="&#10;"/>
    <property name="java.vm.specification.vendor" value="Oracle Corporation"/>
    <property name="os.name" value="Linux"/>
    <property name="classworlds.conf" value="/usr/share/maven/bin/m2.conf"/>
    <property name="sun.jnu.encoding" value="UTF-8"/>
    <property name="java.library.path" value="/usr/java/packages/lib/amd64:/usr/lib64:/lib64:/lib:/usr/lib"/>
    <property name="java.specification.name" value="Java Platform API Specification"/>
    <property name="java.class.version" value="52.0"/>
    <property name="sun.management.compiler" value="HotSpot 64-Bit Tiered Compilers"/>
    <property name="os.version" value="4.2.0-27-generic"/>
    <property name="user.home" value="/root"/>
    <property name="user.timezone" value="America/Los_Angeles"/>
    <property name="java.awt.printerjob" value="sun.print.PSPrinterJob"/>
    <property name="file.encoding" value="UTF-8"/>
    <property name="java.specification.version" value="1.8"/>
    <property name="user.name" value="root"/>
    <property name="java.class.path" value="/usr/share/maven/boot/plexus-classworlds-2.x.jar"/>
    <property name="java.vm.specification.version" value="1.8"/>
    <property name="sun.arch.data.model" value="64"/>
    <property name="java.home" value="/usr/lib/jvm/java-8-oracle/jre"/>
    <property name="sun.java.command" value="org.codehaus.plexus.classworlds.launcher.Launcher package"/>
    <property name="java.specification.vendor" value="Oracle Corporation"/>
    <property name="user.language" value="en"/>
    <property name="awt.toolkit" value="sun.awt.X11.XToolkit"/>
    <property name="java.vm.info" value="mixed mode"/>
    <property name="java.version" value="1.8.0_111"/>
    <property name="java.ext.dirs" value="/usr/lib/jvm/java-8-oracle/jre/lib/ext:/usr/java/packages/lib/ext"/>
    <property name="securerandom.source" value="file:/dev/./urandom"/>
    <property name="sun.boot.class.path" value="/usr/lib/jvm/java-8-oracle/jre/lib/resources.jar:/usr/lib/jvm/java-8-oracle/jre/lib/rt.jar:/usr/lib/jvm/java-8-oracle/jre/lib/sunrsasign.jar:/usr/lib/jvm/java-8-oracle/jre/lib/jsse.jar:/usr/lib/jvm/java-8-oracle/jre/lib/jce.jar:/usr/lib/jvm/java-8-oracle/jre/lib/charsets.jar:/usr/lib/jvm/java-8-oracle/jre/lib/jfr.jar:/usr/lib/jvm/java-8-oracle/jre/classes"/>
    <property name="java.vendor" value="Oracle Corporation"/>
    <property name="maven.home" value="/usr/share/maven"/>
    <property name="file.separator" value="/"/>
    <property name="java.vendor.url.bug" value="http://bugreport.sun.com/bugreport/"/>
    <property name="sun.cpu.endian" value="little"/>
    <property name="sun.io.unicode.encoding" value="UnicodeLittle"/>
    <property name="sun.desktop" value="gnome"/>
    <property name="sun.cpu.isalist" value=""/>
  </properties>
  <testcase name="store_1" classname="org.apache.jena.sdb.test.misc.TestAssembler" time="0.285"/>
  <testcase name="pool_1" classname="org.apache.jena.sdb.test.misc.TestAssembler" time="0.019"/>
  <testcase name="dataset_1" classname="org.apache.jena.sdb.test.misc.TestAssembler" time="0.04"/>
  <testcase name="model_1" classname="org.apache.jena.sdb.test.misc.TestAssembler" time="0.013"/>
  <testcase name="model_2" classname="org.apache.jena.sdb.test.misc.TestAssembler" time="0.012"/>
  <testcase name="model_3" classname="org.apache.jena.sdb.test.misc.TestAssembler" time="0.151"/>
  <testcase name="model_4" classname="org.apache.jena.sdb.test.misc.TestAssembler" time="0.241"/>
  <testcase name="model_5" classname="org.apache.jena.sdb.test.misc.TestAssembler" time="0.086"/>
  <testcase name="model_6" classname="org.apache.jena.sdb.test.misc.TestAssembler" time="0.066"/>
  <testcase name="connection_1" classname="org.apache.jena.sdb.test.misc.TestAssembler" time="0.012"/>
  <testcase name="cond_1" classname="org.apache.jena.sdb.test.misc.TestExprMatch" time="0.09"/>
  <testcase name="cond_2" classname="org.apache.jena.sdb.test.misc.TestExprMatch" time="0.001"/>
  <testcase name="function_1" classname="org.apache.jena.sdb.test.misc.TestExprMatch" time="0.002"/>
  <testcase name="function_2" classname="org.apache.jena.sdb.test.misc.TestExprMatch" time="0"/>
  <testcase name="match_0" classname="org.apache.jena.sdb.test.misc.TestExprMatch" time="0.001"/>
  <testcase name="match_1" classname="org.apache.jena.sdb.test.misc.TestExprMatch" time="0"/>
  <testcase name="match_2" classname="org.apache.jena.sdb.test.misc.TestExprMatch" time="0"/>
  <testcase name="match_3" classname="org.apache.jena.sdb.test.misc.TestExprMatch" time="0.001"/>
  <testcase name="match_4" classname="org.apache.jena.sdb.test.misc.TestExprMatch" time="0"/>
  <testcase name="match_5" classname="org.apache.jena.sdb.test.misc.TestExprMatch" time="0"/>
  <testcase name="regex_1" classname="org.apache.jena.sdb.test.misc.TestExprMatch" time="0.016"/>
  <testcase name="regex_2" classname="org.apache.jena.sdb.test.misc.TestExprMatch" time="0.001"/>
  <testcase name="regex_3" classname="org.apache.jena.sdb.test.misc.TestExprMatch" time="0.002"/>
  <testcase name="regex_4" classname="org.apache.jena.sdb.test.misc.TestExprMatch" time="0.006"/>
  <testcase name="regex_5" classname="org.apache.jena.sdb.test.misc.TestExprMatch" time="0.001"/>
  <testcase name="regex_6" classname="org.apache.jena.sdb.test.misc.TestExprMatch" time="0.003"/>
  <testcase name="regex_7" classname="org.apache.jena.sdb.test.misc.TestExprMatch" time="0.001"/>
  <testcase name="regex_8" classname="org.apache.jena.sdb.test.misc.TestExprMatch" time="0.004"/>
  <testcase name="struct_1" classname="org.apache.jena.sdb.test.misc.TestExprMatch" time="0.003"/>
  <testcase name="struct_2" classname="org.apache.jena.sdb.test.misc.TestExprMatch" time="0.001"/>
  <testcase name="struct_3" classname="org.apache.jena.sdb.test.misc.TestExprMatch" time="0.002"/>
  <testcase name="like_00" classname="org.apache.jena.sdb.test.misc.TestRegex" time="0.002"/>
  <testcase name="like_01" classname="org.apache.jena.sdb.test.misc.TestRegex" time="0"/>
  <testcase name="like_02" classname="org.apache.jena.sdb.test.misc.TestRegex" time="0.001"/>
  <testcase name="like_03" classname="org.apache.jena.sdb.test.misc.TestRegex" time="0"/>
  <testcase name="like_04" classname="org.apache.jena.sdb.test.misc.TestRegex" time="0"/>
  <testcase name="like_05" classname="org.apache.jena.sdb.test.misc.TestRegex" time="0"/>
  <testcase name="prefix1" classname="org.apache.jena.sdb.test.misc.TestPrefixMappingSDB" time="0.011"/>
  <testcase name="prefix2" classname="org.apache.jena.sdb.test.misc.TestPrefixMappingSDB" time="0.001"/>
  <testcase name="prefix3" classname="org.apache.jena.sdb.test.misc.TestPrefixMappingSDB" time="0.003"/>
  <testcase name="prefix4" classname="org.apache.jena.sdb.test.misc.TestPrefixMappingSDB" time="0.001"/>
  <testcase name="prefix5" classname="org.apache.jena.sdb.test.misc.TestPrefixMappingSDB" time="0.001"/>
  <testcase name="prefix6" classname="org.apache.jena.sdb.test.misc.TestPrefixMappingSDB" time="0"/>
  <testcase name="prefix7" classname="org.apache.jena.sdb.test.misc.TestPrefixMappingSDB" time="0.021"/>
  <testcase name="reg_layout_1" classname="org.apache.jena.sdb.test.misc.TestRegistry" time="0"/>
  <testcase name="reg_layout_2" classname="org.apache.jena.sdb.test.misc.TestRegistry" time="0"/>
  <testcase name="reg_layout_3" classname="org.apache.jena.sdb.test.misc.TestRegistry" time="0"/>
  <testcase name="reg_database_1" classname="org.apache.jena.sdb.test.misc.TestRegistry" time="0"/>
  <testcase name="reg_database_2" classname="org.apache.jena.sdb.test.misc.TestRegistry" time="0.004"/>
  <testcase name="reg_database_3" classname="org.apache.jena.sdb.test.misc.TestRegistry" time="0"/>
  <testcase name="Derby/Hash - Term-01" classname="org.apache.jena.sdb.test.junit.QueryTestSDB" time="0.759"/>
  <testcase name="Derby/Hash - Term-02 - plain string" classname="org.apache.jena.sdb.test.junit.QueryTestSDB" time="0.067"/>
  <testcase name="Derby/Hash - Term-03" classname="org.apache.jena.sdb.test.junit.QueryTestSDB" time="0.055"/>
  <testcase name="Derby/Hash - Term-04" classname="org.apache.jena.sdb.test.junit.QueryTestSDB" time="0.028"/>
  <testcase name="Derby/Hash - Term-05 - unknown type" classname="org.apache.jena.sdb.test.junit.QueryTestSDB" time="0.1"/>
  <testcase name="Derby/Hash - Term-06" classname="org.apache.jena.sdb.test.junit.QueryTestSDB" time="0.047"/>
  <testcase name="Derby/Hash - Term-07" classname="org.apache.jena.sdb.test.junit.QueryTestSDB" time="0.043"/>
  <testcase name="Derby/Hash - Term-08" classname="org.apache.jena.sdb.test.junit.QueryTestSDB" time="0.039"/>
  <testcase name="Derby/Hash - Term-09" classname="org.apache.jena.sdb.test.junit.QueryTestSDB" time="0.029"/>
  <testcase name="Derby/Hash - Term-10" classname="org.apache.jena.sdb.test.junit.QueryTestSDB" time="0.032"/>
  <testcase name="Derby/Hash - Term-11" classname="org.apache.jena.sdb.test.junit.QueryTestSDB" time="0.027"/>
  <testcase name="Derby/Hash - Term-12" classname="org.apache.jena.sdb.test.junit.QueryTestSDB" time="0.031"/>
  <testcase name="Derby/Hash - Vars-1" classname="org.apache.jena.sdb.test.junit.QueryTestSDB" time="0.03"/>
  <testcase name="Derby/Hash - Vars-2" classname="org.apache.jena.sdb.test.junit.QueryTestSDB" time="0.02"/>
  <testcase name="Derby/Hash - Vars-3" classname="org.apache.jena.sdb.test.junit.QueryTestSDB" time="0.023"/>
  <testcase name="Derby/Hash - Vars-4" classname="org.apache.jena.sdb.test.junit.QueryTestSDB" time="0.034"/>
  <testcase name="Derby/Hash - Vars-5" classname="org.apache.jena.sdb.test.junit.QueryTestSDB" time="0.013"/>
  <testcase name="Derby/Hash - Unicode-1" classname="org.apache.jena.sdb.test.junit.QueryTestSDB" time="0.335"/>
  <testcase name="Derby/Hash - Unicode-2" classname="org.apache.jena.sdb.test.junit.QueryTestSDB" time="0.06"/>
  <testcase name="Derby/Hash - Unicode-3" classname="org.apache.jena.sdb.test.junit.QueryTestSDB" time="0.04"/>
  <testcase name="Derby/Hash - Unicode-4" classname="org.apache.jena.sdb.test.junit.QueryTestSDB" time="0.058"/>
  <testcase name="Derby/Hash - Unicode-5" classname="org.apache.jena.sdb.test.junit.QueryTestSDB" time="0.077"/>
  <testcase name="Derby/Hash - Basic - Empty pattern, all variables" classname="org.apache.jena.sdb.test.junit.QueryTestSDB" time="0.189"/>
  <testcase name="Derby/Hash - Basic - Empty pattern -name variable" classname="org.apache.jena.sdb.test.junit.QueryTestSDB" time="0.024"/>
  <testcase name="Derby/Hash - Basic - 1 - Single triple pattern" classname="org.apache.jena.sdb.test.junit.QueryTestSDB" time="0.039"/>
  <testcase name="Derby/Hash - Basic - 2 - Two triple patterns, common subject pair, object-subject path" classname="org.apache.jena.sdb.test.junit.QueryTestSDB" time="0.046"/>
  <testcase name="Derby/Hash - Basic - 3 - Three triple patterns, common subject " classname="org.apache.jena.sdb.test.junit.QueryTestSDB" time="0.055"/>
  <testcase name="Derby/Hash - Triple - 1" classname="org.apache.jena.sdb.test.junit.QueryTestSDB" time="0.035"/>
  <testcase name="Derby/Hash - Triple - 2" classname="org.apache.jena.sdb.test.junit.QueryTestSDB" time="0.035"/>
  <testcase name="Derby/Hash - Triple - 3" classname="org.apache.jena.sdb.test.junit.QueryTestSDB" time="0.037"/>
  <testcase name="Derby/Hash - Triple - 4" classname="org.apache.jena.sdb.test.junit.QueryTestSDB" time="0.027"/>
  <testcase name="Derby/Hash - Optional - 1" classname="org.apache.jena.sdb.test.junit.QueryTestSDB" time="0.181"/>
  <testcase name="Derby/Hash - Optional - 2" classname="org.apache.jena.sdb.test.junit.QueryTestSDB" time="0.065"/>
  <testcase name="Derby/Hash - Optional - 3" classname="org.apache.jena.sdb.test.junit.QueryTestSDB" time="0.049"/>
  <testcase name="Derby/Hash - Optional - 4" classname="org.apache.jena.sdb.test.junit.QueryTestSDB" time="0.074"/>
  <testcase name="Derby/Hash - Coalesce - 1" classname="org.apache.jena.sdb.test.junit.QueryTestSDB" time="0.164"/>
  <testcase name="Derby/Hash - Coalesce - 2" classname="org.apache.jena.sdb.test.junit.QueryTestSDB" time="0.067"/>
  <testcase name="Derby/Hash - Coalesce - 3" classname="org.apache.jena.sdb.test.junit.QueryTestSDB" time="0.082"/>
  <testcase name="Derby/Hash - Partially optimized - 1" classname="org.apache.jena.sdb.test.junit.QueryTestSDB" time="0.149"/>
  <testcase name="Derby/Hash - Partially optimized - 2" classname="org.apache.jena.sdb.test.junit.QueryTestSDB" time="0.026"/>
  <testcase name="Derby/Hash - Partially optimized - 3" classname="org.apache.jena.sdb.test.junit.QueryTestSDB" time="0.042"/>
  <testcase name="Derby/Hash - Partially optimized - 4" classname="org.apache.jena.sdb.test.junit.QueryTestSDB" time="0.051"/>
  <testcase name="Derby/Hash - Regex-1" classname="org.apache.jena.sdb.test.junit.QueryTestSDB" time="0.147"/>
  <testcase name="Derby/Hash - Regex-2" classname="org.apache.jena.sdb.test.junit.QueryTestSDB" time="0.033"/>
  <testcase name="Derby/Hash - Regex-3" classname="org.apache.jena.sdb.test.junit.QueryTestSDB" time="0.024"/>
  <testcase name="Derby/Hash - Regex-opt-1" classname="org.apache.jena.sdb.test.junit.QueryTestSDB" time="0.048"/>
  <testcase name="Derby/Hash - Regex-opt-2" classname="org.apache.jena.sdb.test.junit.QueryTestSDB" time="0.024"/>
  <testcase name="Derby/Hash - Regex-opt-3" classname="org.apache.jena.sdb.test.junit.QueryTestSDB" time="0.031"/>
  <testcase name="Derby/Hash - Regex-opt-4" classname="org.apache.jena.sdb.test.junit.QueryTestSDB" time="0.022"/>
  <testcase name="Derby/Hash - Equals-1" classname="org.apache.jena.sdb.test.junit.QueryTestSDB" time="0.029"/>
  <testcase name="Derby/Hash - Equals-2" classname="org.apache.jena.sdb.test.junit.QueryTestSDB" time="0.027"/>
  <testcase name="Derby/Hash - Nested Optionals - 1" classname="org.apache.jena.sdb.test.junit.QueryTestSDB" time="0.111"/>
  <testcase name="Derby/Hash - Nested Optionals - 2" classname="org.apache.jena.sdb.test.junit.QueryTestSDB" time="0.039"/>
  <testcase name="Derby/Hash - Optional-filter - 1" classname="org.apache.jena.sdb.test.junit.QueryTestSDB" time="0.113"/>
  <testcase name="Derby/Hash - Filter-nested - 1" classname="org.apache.jena.sdb.test.junit.QueryTestSDB" time="0.094"/>
  <testcase name="Derby/Hash - Filter-nested - 2" classname="org.apache.jena.sdb.test.junit.QueryTestSDB" time="0.009"/>
  <testcase name="Derby/Hash - Structure - 1" classname="org.apache.jena.sdb.test.junit.QueryTestSDB" time="0.107"/>
  <testcase name="Derby/Hash - Structure - 2" classname="org.apache.jena.sdb.test.junit.QueryTestSDB" time="0.054"/>
  <testcase name="Derby/Hash - Structure - 3" classname="org.apache.jena.sdb.test.junit.QueryTestSDB" time="0.032"/>
  <testcase name="Derby/Hash - Structure - 4" classname="org.apache.jena.sdb.test.junit.QueryTestSDB" time="0.018"/>
  <testcase name="Derby/Hash - Structure - 5" classname="org.apache.jena.sdb.test.junit.QueryTestSDB" time="0.035"/>
  <testcase name="Derby/Hash - Structure - 6" classname="org.apache.jena.sdb.test.junit.QueryTestSDB" time="0.042"/>
  <testcase name="Derby/Hash - Structure - 10" classname="org.apache.jena.sdb.test.junit.QueryTestSDB" time="0.034"/>
  <testcase name="Derby/Hash - Quads-1" classname="org.apache.jena.sdb.test.junit.QueryTestSDB" time="0.184"/>
  <testcase name="Derby/Hash - Quads-2" classname="org.apache.jena.sdb.test.junit.QueryTestSDB" time="0.03"/>
  <testcase name="Derby/Hash - Quads-2a" classname="org.apache.jena.sdb.test.junit.QueryTestSDB" time="0.152"/>
  <testcase name="Derby/Hash - Merge-1" classname="org.apache.jena.sdb.test.junit.QueryTestSDB" time="0.228"/>
  <testcase name="Derby/Hash - Merge-2" classname="org.apache.jena.sdb.test.junit.QueryTestSDB" time="0.049"/>
  <testcase name="Derby/Hash - Merge-3" classname="org.apache.jena.sdb.test.junit.QueryTestSDB" time="0.017"/>
  <testcase name="Derby/Hash - Merge-4" classname="org.apache.jena.sdb.test.junit.QueryTestSDB" time="0.047"/>
  <testcase name="Derby/Hash - Merge-5" classname="org.apache.jena.sdb.test.junit.QueryTestSDB" time="0.033"/>
  <testcase name="Derby/Hash - Merge-6" classname="org.apache.jena.sdb.test.junit.QueryTestSDB" time="0.038"/>
  <testcase name="Derby/Hash - Merge-A" classname="org.apache.jena.sdb.test.junit.QueryTestSDB" time="0.05"/>
  <testcase name="Derby/Hash - Merge-B" classname="org.apache.jena.sdb.test.junit.QueryTestSDB" time="0.044"/>
  <testcase name="Derby/Hash - Slice 1" classname="org.apache.jena.sdb.test.junit.QueryTestSDB" time="0.11"/>
  <testcase name="Derby/Hash - Slice 2" classname="org.apache.jena.sdb.test.junit.QueryTestSDB" time="0.023"/>
  <testcase name="Derby/Hash - Slice 3" classname="org.apache.jena.sdb.test.junit.QueryTestSDB" time="0.011"/>
  <testcase name="Derby/Hash - Slice 4" classname="org.apache.jena.sdb.test.junit.QueryTestSDB" time="0.02"/>
  <testcase name="Derby/Hash - Slice 5" classname="org.apache.jena.sdb.test.junit.QueryTestSDB" time="0.011"/>
  <testcase name="Derby/Hash - Slice 6" classname="org.apache.jena.sdb.test.junit.QueryTestSDB" time="0.013"/>
  <testcase name="Derby/Hash - Distinct 1" classname="org.apache.jena.sdb.test.junit.QueryTestSDB" time="0.016"/>
  <testcase name="Derby/Hash - Distinct 2" classname="org.apache.jena.sdb.test.junit.QueryTestSDB" time="0.017"/>
  <testcase name="Derby/Index - Term-01" classname="org.apache.jena.sdb.test.junit.QueryTestSDB" time="0.249"/>
  <testcase name="Derby/Index - Term-02 - plain string" classname="org.apache.jena.sdb.test.junit.QueryTestSDB" time="0.02"/>
  <testcase name="Derby/Index - Term-03" classname="org.apache.jena.sdb.test.junit.QueryTestSDB" time="0.024"/>
  <testcase name="Derby/Index - Term-04" classname="org.apache.jena.sdb.test.junit.QueryTestSDB" time="0.01"/>
  <testcase name="Derby/Index - Term-05 - unknown type" classname="org.apache.jena.sdb.test.junit.QueryTestSDB" time="0.019"/>
  <testcase name="Derby/Index - Term-06" classname="org.apache.jena.sdb.test.junit.QueryTestSDB" time="0.019"/>
  <testcase name="Derby/Index - Term-07" classname="org.apache.jena.sdb.test.junit.QueryTestSDB" time="0.014"/>
  <testcase name="Derby/Index - Term-08" classname="org.apache.jena.sdb.test.junit.QueryTestSDB" time="0.019"/>
  <testcase name="Derby/Index - Term-09" classname="org.apache.jena.sdb.test.junit.QueryTestSDB" time="0.017"/>
  <testcase name="Derby/Index - Term-10" classname="org.apache.jena.sdb.test.junit.QueryTestSDB" time="0.015"/>
  <testcase name="Derby/Index - Term-11" classname="org.apache.jena.sdb.test.junit.QueryTestSDB" time="0.02"/>
  <testcase name="Derby/Index - Term-12" classname="org.apache.jena.sdb.test.junit.QueryTestSDB" time="0.013"/>
  <testcase name="Derby/Index - Vars-1" classname="org.apache.jena.sdb.test.junit.QueryTestSDB" time="0.011"/>
  <testcase name="Derby/Index - Vars-2" classname="org.apache.jena.sdb.test.junit.QueryTestSDB" time="0.008"/>
  <testcase name="Derby/Index - Vars-3" classname="org.apache.jena.sdb.test.junit.QueryTestSDB" time="0.014"/>
  <testcase name="Derby/Index - Vars-4" classname="org.apache.jena.sdb.test.junit.QueryTestSDB" time="0.018"/>
  <testcase name="Derby/Index - Vars-5" classname="org.apache.jena.sdb.test.junit.QueryTestSDB" time="0.006"/>
  <testcase name="Derby/Index - Unicode-1" classname="org.apache.jena.sdb.test.junit.QueryTestSDB" time="0.182"/>
  <testcase name="Derby/Index - Unicode-2" classname="org.apache.jena.sdb.test.junit.QueryTestSDB" time="0.029"/>
  <testcase name="Derby/Index - Unicode-3" classname="org.apache.jena.sdb.test.junit.QueryTestSDB" time="0.018"/>
  <testcase name="Derby/Index - Unicode-4" classname="org.apache.jena.sdb.test.junit.QueryTestSDB" time="0.021"/>
  <testcase name="Derby/Index - Unicode-5" classname="org.apache.jena.sdb.test.junit.QueryTestSDB" time="0.029"/>
  <testcase name="Derby/Index - Basic - Empty pattern, all variables" classname="org.apache.jena.sdb.test.junit.QueryTestSDB" time="0.073"/>
  <testcase name="Derby/Index - Basic - Empty pattern -name variable" classname="org.apache.jena.sdb.test.junit.QueryTestSDB" time="0.007"/>
  <testcase name="Derby/Index - Basic - 1 - Single triple pattern" classname="org.apache.jena.sdb.test.junit.QueryTestSDB" time="0.021"/>
  <testcase name="Derby/Index - Basic - 2 - Two triple patterns, common subject pair, object-subject path" classname="org.apache.jena.sdb.test.junit.QueryTestSDB" time="0.022"/>
  <testcase name="Derby/Index - Basic - 3 - Three triple patterns, common subject " classname="org.apache.jena.sdb.test.junit.QueryTestSDB" time="0.023"/>
  <testcase name="Derby/Index - Triple - 1" classname="org.apache.jena.sdb.test.junit.QueryTestSDB" time="0.012"/>
  <testcase name="Derby/Index - Triple - 2" classname="org.apache.jena.sdb.test.junit.QueryTestSDB" time="0.017"/>
  <testcase name="Derby/Index - Triple - 3" classname="org.apache.jena.sdb.test.junit.QueryTestSDB" time="0.017"/>
  <testcase name="Derby/Index - Triple - 4" classname="org.apache.jena.sdb.test.junit.QueryTestSDB" time="0.011"/>
  <testcase name="Derby/Index - Optional - 1" classname="org.apache.jena.sdb.test.junit.QueryTestSDB" time="0.083"/>
  <testcase name="Derby/Index - Optional - 2" classname="org.apache.jena.sdb.test.junit.QueryTestSDB" time="0.021"/>
  <testcase name="Derby/Index - Optional - 3" classname="org.apache.jena.sdb.test.junit.QueryTestSDB" time="0.03"/>
  <testcase name="Derby/Index - Optional - 4" classname="org.apache.jena.sdb.test.junit.QueryTestSDB" time="0.032"/>
  <testcase name="Derby/Index - Coalesce - 1" classname="org.apache.jena.sdb.test.junit.QueryTestSDB" time="0.11"/>
  <testcase name="Derby/Index - Coalesce - 2" classname="org.apache.jena.sdb.test.junit.QueryTestSDB" time="0.031"/>
  <testcase name="Derby/Index - Coalesce - 3" classname="org.apache.jena.sdb.test.junit.QueryTestSDB" time="0.054"/>
  <testcase name="Derby/Index - Partially optimized - 1" classname="org.apache.jena.sdb.test.junit.QueryTestSDB" time="0.104"/>
  <testcase name="Derby/Index - Partially optimized - 2" classname="org.apache.jena.sdb.test.junit.QueryTestSDB" time="0.02"/>
  <testcase name="Derby/Index - Partially optimized - 3" classname="org.apache.jena.sdb.test.junit.QueryTestSDB" time="0.043"/>
  <testcase name="Derby/Index - Partially optimized - 4" classname="org.apache.jena.sdb.test.junit.QueryTestSDB" time="0.023"/>
  <testcase name="Derby/Index - Regex-1" classname="org.apache.jena.sdb.test.junit.QueryTestSDB" time="0.098"/>
  <testcase name="Derby/Index - Regex-2" classname="org.apache.jena.sdb.test.junit.QueryTestSDB" time="0.031"/>
  <testcase name="Derby/Index - Regex-3" classname="org.apache.jena.sdb.test.junit.QueryTestSDB" time="0.02"/>
  <testcase name="Derby/Index - Regex-opt-1" classname="org.apache.jena.sdb.test.junit.QueryTestSDB" time="0.042"/>
  <testcase name="Derby/Index - Regex-opt-2" classname="org.apache.jena.sdb.test.junit.QueryTestSDB" time="0.015"/>
  <testcase name="Derby/Index - Regex-opt-3" classname="org.apache.jena.sdb.test.junit.QueryTestSDB" time="0.026"/>
  <testcase name="Derby/Index - Regex-opt-4" classname="org.apache.jena.sdb.test.junit.QueryTestSDB" time="0.009"/>
  <testcase name="Derby/Index - Equals-1" classname="org.apache.jena.sdb.test.junit.QueryTestSDB" time="0.021"/>
  <testcase name="Derby/Index - Equals-2" classname="org.apache.jena.sdb.test.junit.QueryTestSDB" time="0.015"/>
  <testcase name="Derby/Index - Nested Optionals - 1" classname="org.apache.jena.sdb.test.junit.QueryTestSDB" time="0.109"/>
  <testcase name="Derby/Index - Nested Optionals - 2" classname="org.apache.jena.sdb.test.junit.QueryTestSDB" time="0.031"/>
  <testcase name="Derby/Index - Optional-filter - 1" classname="org.apache.jena.sdb.test.junit.QueryTestSDB" time="0.088"/>
  <testcase name="Derby/Index - Filter-nested - 1" classname="org.apache.jena.sdb.test.junit.QueryTestSDB" time="0.096"/>
  <testcase name="Derby/Index - Filter-nested - 2" classname="org.apache.jena.sdb.test.junit.QueryTestSDB" time="0.009"/>
  <testcase name="Derby/Index - Structure - 1" classname="org.apache.jena.sdb.test.junit.QueryTestSDB" time="0.085"/>
  <testcase name="Derby/Index - Structure - 2" classname="org.apache.jena.sdb.test.junit.QueryTestSDB" time="0.041"/>
  <testcase name="Derby/Index - Structure - 3" classname="org.apache.jena.sdb.test.junit.QueryTestSDB" time="0.031"/>
  <testcase name="Derby/Index - Structure - 4" classname="org.apache.jena.sdb.test.junit.QueryTestSDB" time="0.012"/>
  <testcase name="Derby/Index - Structure - 5" classname="org.apache.jena.sdb.test.junit.QueryTestSDB" time="0.039"/>
  <testcase name="Derby/Index - Structure - 6" classname="org.apache.jena.sdb.test.junit.QueryTestSDB" time="0.031"/>
  <testcase name="Derby/Index - Structure - 10" classname="org.apache.jena.sdb.test.junit.QueryTestSDB" time="0.019"/>
  <testcase name="Derby/Index - Quads-1" classname="org.apache.jena.sdb.test.junit.QueryTestSDB" time="0.135"/>
  <testcase name="Derby/Index - Quads-2" classname="org.apache.jena.sdb.test.junit.QueryTestSDB" time="0.021"/>
  <testcase name="Derby/Index - Quads-2a" classname="org.apache.jena.sdb.test.junit.QueryTestSDB" time="0.135"/>
  <testcase name="Derby/Index - Merge-1" classname="org.apache.jena.sdb.test.junit.QueryTestSDB" time="0.148"/>
  <testcase name="Derby/Index - Merge-2" classname="org.apache.jena.sdb.test.junit.QueryTestSDB" time="0.023"/>
  <testcase name="Derby/Index - Merge-3" classname="org.apache.jena.sdb.test.junit.QueryTestSDB" time="0.016"/>
  <testcase name="Derby/Index - Merge-4" classname="org.apache.jena.sdb.test.junit.QueryTestSDB" time="0.026"/>
  <testcase name="Derby/Index - Merge-5" classname="org.apache.jena.sdb.test.junit.QueryTestSDB" time="0.019"/>
  <testcase name="Derby/Index - Merge-6" classname="org.apache.jena.sdb.test.junit.QueryTestSDB" time="0.041"/>
  <testcase name="Derby/Index - Merge-A" classname="org.apache.jena.sdb.test.junit.QueryTestSDB" time="0.042"/>
  <testcase name="Derby/Index - Merge-B" classname="org.apache.jena.sdb.test.junit.QueryTestSDB" time="0.037"/>
  <testcase name="Derby/Index - Slice 1" classname="org.apache.jena.sdb.test.junit.QueryTestSDB" time="0.071"/>
  <testcase name="Derby/Index - Slice 2" classname="org.apache.jena.sdb.test.junit.QueryTestSDB" time="0.051"/>
  <testcase name="Derby/Index - Slice 3" classname="org.apache.jena.sdb.test.junit.QueryTestSDB" time="0.005"/>
  <testcase name="Derby/Index - Slice 4" classname="org.apache.jena.sdb.test.junit.QueryTestSDB" time="0.018"/>
  <testcase name="Derby/Index - Slice 5" classname="org.apache.jena.sdb.test.junit.QueryTestSDB" time="0.004"/>
  <testcase name="Derby/Index - Slice 6" classname="org.apache.jena.sdb.test.junit.QueryTestSDB" time="0.008"/>
  <testcase name="Derby/Index - Distinct 1" classname="org.apache.jena.sdb.test.junit.QueryTestSDB" time="0.014"/>
  <testcase name="Derby/Index - Distinct 2" classname="org.apache.jena.sdb.test.junit.QueryTestSDB" time="0.015"/>
  <testcase name="HSQLDB/Hash - Term-01" classname="org.apache.jena.sdb.test.junit.QueryTestSDB" time="0.049"/>
  <testcase name="HSQLDB/Hash - Term-02 - plain string" classname="org.apache.jena.sdb.test.junit.QueryTestSDB" time="0.039"/>
  <testcase name="HSQLDB/Hash - Term-03" classname="org.apache.jena.sdb.test.junit.QueryTestSDB" time="0.029"/>
  <testcase name="HSQLDB/Hash - Term-04" classname="org.apache.jena.sdb.test.junit.QueryTestSDB" time="0.028"/>
  <testcase name="HSQLDB/Hash - Term-05 - unknown type" classname="org.apache.jena.sdb.test.junit.QueryTestSDB" time="0.032"/>
  <testcase name="HSQLDB/Hash - Term-06" classname="org.apache.jena.sdb.test.junit.QueryTestSDB" time="0.036"/>
  <testcase name="HSQLDB/Hash - Term-07" classname="org.apache.jena.sdb.test.junit.QueryTestSDB" time="0.029"/>
  <testcase name="HSQLDB/Hash - Term-08" classname="org.apache.jena.sdb.test.junit.QueryTestSDB" time="0.029"/>
  <testcase name="HSQLDB/Hash - Term-09" classname="org.apache.jena.sdb.test.junit.QueryTestSDB" time="0.03"/>
  <testcase name="HSQLDB/Hash - Term-10" classname="org.apache.jena.sdb.test.junit.QueryTestSDB" time="0.049"/>
  <testcase name="HSQLDB/Hash - Term-11" classname="org.apache.jena.sdb.test.junit.QueryTestSDB" time="0.031"/>
  <testcase name="HSQLDB/Hash - Term-12" classname="org.apache.jena.sdb.test.junit.QueryTestSDB" time="0.029"/>
  <testcase name="HSQLDB/Hash - Vars-1" classname="org.apache.jena.sdb.test.junit.QueryTestSDB" time="0.024"/>
  <testcase name="HSQLDB/Hash - Vars-2" classname="org.apache.jena.sdb.test.junit.QueryTestSDB" time="0.026"/>
  <testcase name="HSQLDB/Hash - Vars-3" classname="org.apache.jena.sdb.test.junit.QueryTestSDB" time="0.038"/>
  <testcase name="HSQLDB/Hash - Vars-4" classname="org.apache.jena.sdb.test.junit.QueryTestSDB" time="0.023"/>
  <testcase name="HSQLDB/Hash - Vars-5" classname="org.apache.jena.sdb.test.junit.QueryTestSDB" time="0.034"/>
  <testcase name="HSQLDB/Hash - Unicode-1" classname="org.apache.jena.sdb.test.junit.QueryTestSDB" time="0.024"/>
  <testcase name="HSQLDB/Hash - Unicode-2" classname="org.apache.jena.sdb.test.junit.QueryTestSDB" time="0.025"/>
  <testcase name="HSQLDB/Hash - Unicode-3" classname="org.apache.jena.sdb.test.junit.QueryTestSDB" time="0.031"/>
  <testcase name="HSQLDB/Hash - Unicode-4" classname="org.apache.jena.sdb.test.junit.QueryTestSDB" time="0.023"/>
  <testcase name="HSQLDB/Hash - Unicode-5" classname="org.apache.jena.sdb.test.junit.QueryTestSDB" time="0.024"/>
  <testcase name="HSQLDB/Hash - Basic - Empty pattern, all variables" classname="org.apache.jena.sdb.test.junit.QueryTestSDB" time="0.036"/>
  <testcase name="HSQLDB/Hash - Basic - Empty pattern -name variable" classname="org.apache.jena.sdb.test.junit.QueryTestSDB" time="0.016"/>
  <testcase name="HSQLDB/Hash - Basic - 1 - Single triple pattern" classname="org.apache.jena.sdb.test.junit.QueryTestSDB" time="0.015"/>
  <testcase name="HSQLDB/Hash - Basic - 2 - Two triple patterns, common subject pair, object-subject path" classname="org.apache.jena.sdb.test.junit.QueryTestSDB" time="0.019"/>
  <testcase name="HSQLDB/Hash - Basic - 3 - Three triple patterns, common subject " classname="org.apache.jena.sdb.test.junit.QueryTestSDB" time="0.019"/>
  <testcase name="HSQLDB/Hash - Triple - 1" classname="org.apache.jena.sdb.test.junit.QueryTestSDB" time="0.017"/>
  <testcase name="HSQLDB/Hash - Triple - 2" classname="org.apache.jena.sdb.test.junit.QueryTestSDB" time="0.015"/>
  <testcase name="HSQLDB/Hash - Triple - 3" classname="org.apache.jena.sdb.test.junit.QueryTestSDB" time="0.02"/>
  <testcase name="HSQLDB/Hash - Triple - 4" classname="org.apache.jena.sdb.test.junit.QueryTestSDB" time="0.017"/>
  <testcase name="HSQLDB/Hash - Optional - 1" classname="org.apache.jena.sdb.test.junit.QueryTestSDB" time="0.014"/>
  <testcase name="HSQLDB/Hash - Optional - 2" classname="org.apache.jena.sdb.test.junit.QueryTestSDB" time="0.019"/>
  <testcase name="HSQLDB/Hash - Optional - 3" classname="org.apache.jena.sdb.test.junit.QueryTestSDB" time="0.012"/>
  <testcase name="HSQLDB/Hash - Optional - 4" classname="org.apache.jena.sdb.test.junit.QueryTestSDB" time="0.014"/>
  <testcase name="HSQLDB/Hash - Coalesce - 1" classname="org.apache.jena.sdb.test.junit.QueryTestSDB" time="0.018"/>
  <testcase name="HSQLDB/Hash - Coalesce - 2" classname="org.apache.jena.sdb.test.junit.QueryTestSDB" time="0.017"/>
  <testcase name="HSQLDB/Hash - Coalesce - 3" classname="org.apache.jena.sdb.test.junit.QueryTestSDB" time="0.023"/>
  <testcase name="HSQLDB/Hash - Partially optimized - 1" classname="org.apache.jena.sdb.test.junit.QueryTestSDB" time="0.018"/>
  <testcase name="HSQLDB/Hash - Partially optimized - 2" classname="org.apache.jena.sdb.test.junit.QueryTestSDB" time="0.018"/>
  <testcase name="HSQLDB/Hash - Partially optimized - 3" classname="org.apache.jena.sdb.test.junit.QueryTestSDB" time="0.017"/>
  <testcase name="HSQLDB/Hash - Partially optimized - 4" classname="org.apache.jena.sdb.test.junit.QueryTestSDB" time="0.011"/>
  <testcase name="HSQLDB/Hash - Regex-1" classname="org.apache.jena.sdb.test.junit.QueryTestSDB" time="0.019"/>
  <testcase name="HSQLDB/Hash - Regex-2" classname="org.apache.jena.sdb.test.junit.QueryTestSDB" time="0.014"/>
  <testcase name="HSQLDB/Hash - Regex-3" classname="org.apache.jena.sdb.test.junit.QueryTestSDB" time="0.017"/>
  <testcase name="HSQLDB/Hash - Regex-opt-1" classname="org.apache.jena.sdb.test.junit.QueryTestSDB" time="0.015"/>
  <testcase name="HSQLDB/Hash - Regex-opt-2" classname="org.apache.jena.sdb.test.junit.QueryTestSDB" time="0.02"/>
  <testcase name="HSQLDB/Hash - Regex-opt-3" classname="org.apache.jena.sdb.test.junit.QueryTestSDB" time="0.024"/>
  <testcase name="HSQLDB/Hash - Regex-opt-4" classname="org.apache.jena.sdb.test.junit.QueryTestSDB" time="0.018"/>
  <testcase name="HSQLDB/Hash - Equals-1" classname="org.apache.jena.sdb.test.junit.QueryTestSDB" time="0.017"/>
  <testcase name="HSQLDB/Hash - Equals-2" classname="org.apache.jena.sdb.test.junit.QueryTestSDB" time="0.025"/>
  <testcase name="HSQLDB/Hash - Nested Optionals - 1" classname="org.apache.jena.sdb.test.junit.QueryTestSDB" time="0.012"/>
  <testcase name="HSQLDB/Hash - Nested Optionals - 2" classname="org.apache.jena.sdb.test.junit.QueryTestSDB" time="0.02"/>
  <testcase name="HSQLDB/Hash - Optional-filter - 1" classname="org.apache.jena.sdb.test.junit.QueryTestSDB" time="0.013"/>
  <testcase name="HSQLDB/Hash - Filter-nested - 1" classname="org.apache.jena.sdb.test.junit.QueryTestSDB" time="0.012"/>
  <testcase name="HSQLDB/Hash - Filter-nested - 2" classname="org.apache.jena.sdb.test.junit.QueryTestSDB" time="0.017"/>
  <testcase name="HSQLDB/Hash - Structure - 1" classname="org.apache.jena.sdb.test.junit.QueryTestSDB" time="0.014"/>
  <testcase name="HSQLDB/Hash - Structure - 2" classname="org.apache.jena.sdb.test.junit.QueryTestSDB" time="0.013"/>
  <testcase name="HSQLDB/Hash - Structure - 3" classname="org.apache.jena.sdb.test.junit.QueryTestSDB" time="0.012"/>
  <testcase name="HSQLDB/Hash - Structure - 4" classname="org.apache.jena.sdb.test.junit.QueryTestSDB" time="0.024"/>
  <testcase name="HSQLDB/Hash - Structure - 5" classname="org.apache.jena.sdb.test.junit.QueryTestSDB" time="0.024"/>
  <testcase name="HSQLDB/Hash - Structure - 6" classname="org.apache.jena.sdb.test.junit.QueryTestSDB" time="0.013"/>
  <testcase name="HSQLDB/Hash - Structure - 10" classname="org.apache.jena.sdb.test.junit.QueryTestSDB" time="0.014"/>
  <testcase name="HSQLDB/Hash - Quads-1" classname="org.apache.jena.sdb.test.junit.QueryTestSDB" time="0.016"/>
  <testcase name="HSQLDB/Hash - Quads-2" classname="org.apache.jena.sdb.test.junit.QueryTestSDB" time="0.017"/>
  <testcase name="HSQLDB/Hash - Quads-2a" classname="org.apache.jena.sdb.test.junit.QueryTestSDB" time="0.013"/>
  <testcase name="HSQLDB/Hash - Merge-1" classname="org.apache.jena.sdb.test.junit.QueryTestSDB" time="0.021"/>
  <testcase name="HSQLDB/Hash - Merge-2" classname="org.apache.jena.sdb.test.junit.QueryTestSDB" time="0.014"/>
  <testcase name="HSQLDB/Hash - Merge-3" classname="org.apache.jena.sdb.test.junit.QueryTestSDB" time="0.014"/>
  <testcase name="HSQLDB/Hash - Merge-4" classname="org.apache.jena.sdb.test.junit.QueryTestSDB" time="0.018"/>
  <testcase name="HSQLDB/Hash - Merge-5" classname="org.apache.jena.sdb.test.junit.QueryTestSDB" time="0.019"/>
  <testcase name="HSQLDB/Hash - Merge-6" classname="org.apache.jena.sdb.test.junit.QueryTestSDB" time="0.027"/>
  <testcase name="HSQLDB/Hash - Merge-A" classname="org.apache.jena.sdb.test.junit.QueryTestSDB" time="0.021"/>
  <testcase name="HSQLDB/Hash - Merge-B" classname="org.apache.jena.sdb.test.junit.QueryTestSDB" time="0.026"/>
  <testcase name="HSQLDB/Hash - Slice 1" classname="org.apache.jena.sdb.test.junit.QueryTestSDB" time="0.022"/>
  <testcase name="HSQLDB/Hash - Slice 2" classname="org.apache.jena.sdb.test.junit.QueryTestSDB" time="0.014"/>
  <testcase name="HSQLDB/Hash - Slice 3" classname="org.apache.jena.sdb.test.junit.QueryTestSDB" time="0.013"/>
  <testcase name="HSQLDB/Hash - Slice 4" classname="org.apache.jena.sdb.test.junit.QueryTestSDB" time="0.013"/>
  <testcase name="HSQLDB/Hash - Slice 5" classname="org.apache.jena.sdb.test.junit.QueryTestSDB" time="0.012"/>
  <testcase name="HSQLDB/Hash - Slice 6" classname="org.apache.jena.sdb.test.junit.QueryTestSDB" time="0.012"/>
  <testcase name="HSQLDB/Hash - Distinct 1" classname="org.apache.jena.sdb.test.junit.QueryTestSDB" time="0.016"/>
  <testcase name="HSQLDB/Hash - Distinct 2" classname="org.apache.jena.sdb.test.junit.QueryTestSDB" time="0.011"/>
  <testcase name="HSQLDB/Index - Term-01" classname="org.apache.jena.sdb.test.junit.QueryTestSDB" time="0.028"/>
  <testcase name="HSQLDB/Index - Term-02 - plain string" classname="org.apache.jena.sdb.test.junit.QueryTestSDB" time="0.013"/>
  <testcase name="HSQLDB/Index - Term-03" classname="org.apache.jena.sdb.test.junit.QueryTestSDB" time="0.014"/>
  <testcase name="HSQLDB/Index - Term-04" classname="org.apache.jena.sdb.test.junit.QueryTestSDB" time="0.011"/>
  <testcase name="HSQLDB/Index - Term-05 - unknown type" classname="org.apache.jena.sdb.test.junit.QueryTestSDB" time="0.014"/>
  <testcase name="HSQLDB/Index - Term-06" classname="org.apache.jena.sdb.test.junit.QueryTestSDB" time="0.016"/>
  <testcase name="HSQLDB/Index - Term-07" classname="org.apache.jena.sdb.test.junit.QueryTestSDB" time="0.014"/>
  <testcase name="HSQLDB/Index - Term-08" classname="org.apache.jena.sdb.test.junit.QueryTestSDB" time="0.01"/>
  <testcase name="HSQLDB/Index - Term-09" classname="org.apache.jena.sdb.test.junit.QueryTestSDB" time="0.013"/>
  <testcase name="HSQLDB/Index - Term-10" classname="org.apache.jena.sdb.test.junit.QueryTestSDB" time="0.015"/>
  <testcase name="HSQLDB/Index - Term-11" classname="org.apache.jena.sdb.test.junit.QueryTestSDB" time="0.013"/>
  <testcase name="HSQLDB/Index - Term-12" classname="org.apache.jena.sdb.test.junit.QueryTestSDB" time="0.015"/>
  <testcase name="HSQLDB/Index - Vars-1" classname="org.apache.jena.sdb.test.junit.QueryTestSDB" time="0.015"/>
  <testcase name="HSQLDB/Index - Vars-2" classname="org.apache.jena.sdb.test.junit.QueryTestSDB" time="0.013"/>
  <testcase name="HSQLDB/Index - Vars-3" classname="org.apache.jena.sdb.test.junit.QueryTestSDB" time="0.022"/>
  <testcase name="HSQLDB/Index - Vars-4" classname="org.apache.jena.sdb.test.junit.QueryTestSDB" time="0.011"/>
  <testcase name="HSQLDB/Index - Vars-5" classname="org.apache.jena.sdb.test.junit.QueryTestSDB" time="0.014"/>
  <testcase name="HSQLDB/Index - Unicode-1" classname="org.apache.jena.sdb.test.junit.QueryTestSDB" time="0.012"/>
  <testcase name="HSQLDB/Index - Unicode-2" classname="org.apache.jena.sdb.test.junit.QueryTestSDB" time="0.017"/>
  <testcase name="HSQLDB/Index - Unicode-3" classname="org.apache.jena.sdb.test.junit.QueryTestSDB" time="0.01"/>
  <testcase name="HSQLDB/Index - Unicode-4" classname="org.apache.jena.sdb.test.junit.QueryTestSDB" time="0.013"/>
  <testcase name="HSQLDB/Index - Unicode-5" classname="org.apache.jena.sdb.test.junit.QueryTestSDB" time="0.014"/>
  <testcase name="HSQLDB/Index - Basic - Empty pattern, all variables" classname="org.apache.jena.sdb.test.junit.QueryTestSDB" time="0.012"/>
  <testcase name="HSQLDB/Index - Basic - Empty pattern -name variable" classname="org.apache.jena.sdb.test.junit.QueryTestSDB" time="0.011"/>
  <testcase name="HSQLDB/Index - Basic - 1 - Single triple pattern" classname="org.apache.jena.sdb.test.junit.QueryTestSDB" time="0.011"/>
  <testcase name="HSQLDB/Index - Basic - 2 - Two triple patterns, common subject pair, object-subject path" classname="org.apache.jena.sdb.test.junit.QueryTestSDB" time="0.009"/>
  <testcase name="HSQLDB/Index - Basic - 3 - Three triple patterns, common subject " classname="org.apache.jena.sdb.test.junit.QueryTestSDB" time="0.015"/>
  <testcase name="HSQLDB/Index - Triple - 1" classname="org.apache.jena.sdb.test.junit.QueryTestSDB" time="0.017"/>
  <testcase name="HSQLDB/Index - Triple - 2" classname="org.apache.jena.sdb.test.junit.QueryTestSDB" time="0.012"/>
  <testcase name="HSQLDB/Index - Triple - 3" classname="org.apache.jena.sdb.test.junit.QueryTestSDB" time="0.011"/>
  <testcase name="HSQLDB/Index - Triple - 4" classname="org.apache.jena.sdb.test.junit.QueryTestSDB" time="0.012"/>
  <testcase name="HSQLDB/Index - Optional - 1" classname="org.apache.jena.sdb.test.junit.QueryTestSDB" time="0.016"/>
  <testcase name="HSQLDB/Index - Optional - 2" classname="org.apache.jena.sdb.test.junit.QueryTestSDB" time="0.016"/>
  <testcase name="HSQLDB/Index - Optional - 3" classname="org.apache.jena.sdb.test.junit.QueryTestSDB" time="0.013"/>
  <testcase name="HSQLDB/Index - Optional - 4" classname="org.apache.jena.sdb.test.junit.QueryTestSDB" time="0.017"/>
  <testcase name="HSQLDB/Index - Coalesce - 1" classname="org.apache.jena.sdb.test.junit.QueryTestSDB" time="0.019"/>
  <testcase name="HSQLDB/Index - Coalesce - 2" classname="org.apache.jena.sdb.test.junit.QueryTestSDB" time="0.016"/>
  <testcase name="HSQLDB/Index - Coalesce - 3" classname="org.apache.jena.sdb.test.junit.QueryTestSDB" time="0.018"/>
  <testcase name="HSQLDB/Index - Partially optimized - 1" classname="org.apache.jena.sdb.test.junit.QueryTestSDB" time="0.019"/>
  <testcase name="HSQLDB/Index - Partially optimized - 2" classname="org.apache.jena.sdb.test.junit.QueryTestSDB" time="0.02"/>
  <testcase name="HSQLDB/Index - Partially optimized - 3" classname="org.apache.jena.sdb.test.junit.QueryTestSDB" time="0.014"/>
  <testcase name="HSQLDB/Index - Partially optimized - 4" classname="org.apache.jena.sdb.test.junit.QueryTestSDB" time="0.01"/>
  <testcase name="HSQLDB/Index - Regex-1" classname="org.apache.jena.sdb.test.junit.QueryTestSDB" time="0.013"/>
  <testcase name="HSQLDB/Index - Regex-2" classname="org.apache.jena.sdb.test.junit.QueryTestSDB" time="0.011"/>
  <testcase name="HSQLDB/Index - Regex-3" classname="org.apache.jena.sdb.test.junit.QueryTestSDB" time="0.015"/>
  <testcase name="HSQLDB/Index - Regex-opt-1" classname="org.apache.jena.sdb.test.junit.QueryTestSDB" time="0.014"/>
  <testcase name="HSQLDB/Index - Regex-opt-2" classname="org.apache.jena.sdb.test.junit.QueryTestSDB" time="0.017"/>
  <testcase name="HSQLDB/Index - Regex-opt-3" classname="org.apache.jena.sdb.test.junit.QueryTestSDB" time="0.012"/>
  <testcase name="HSQLDB/Index - Regex-opt-4" classname="org.apache.jena.sdb.test.junit.QueryTestSDB" time="0.017"/>
  <testcase name="HSQLDB/Index - Equals-1" classname="org.apache.jena.sdb.test.junit.QueryTestSDB" time="0.014"/>
  <testcase name="HSQLDB/Index - Equals-2" classname="org.apache.jena.sdb.test.junit.QueryTestSDB" time="0.011"/>
  <testcase name="HSQLDB/Index - Nested Optionals - 1" classname="org.apache.jena.sdb.test.junit.QueryTestSDB" time="0.01"/>
  <testcase name="HSQLDB/Index - Nested Optionals - 2" classname="org.apache.jena.sdb.test.junit.QueryTestSDB" time="0.011"/>
  <testcase name="HSQLDB/Index - Optional-filter - 1" classname="org.apache.jena.sdb.test.junit.QueryTestSDB" time="0.012"/>
  <testcase name="HSQLDB/Index - Filter-nested - 1" classname="org.apache.jena.sdb.test.junit.QueryTestSDB" time="0.013"/>
  <testcase name="HSQLDB/Index - Filter-nested - 2" classname="org.apache.jena.sdb.test.junit.QueryTestSDB" time="0.007"/>
  <testcase name="HSQLDB/Index - Structure - 1" classname="org.apache.jena.sdb.test.junit.QueryTestSDB" time="0.011"/>
  <testcase name="HSQLDB/Index - Structure - 2" classname="org.apache.jena.sdb.test.junit.QueryTestSDB" time="0.017"/>
  <testcase name="HSQLDB/Index - Structure - 3" classname="org.apache.jena.sdb.test.junit.QueryTestSDB" time="0.008"/>
  <testcase name="HSQLDB/Index - Structure - 4" classname="org.apache.jena.sdb.test.junit.QueryTestSDB" time="0.011"/>
  <testcase name="HSQLDB/Index - Structure - 5" classname="org.apache.jena.sdb.test.junit.QueryTestSDB" time="0.018"/>
  <testcase name="HSQLDB/Index - Structure - 6" classname="org.apache.jena.sdb.test.junit.QueryTestSDB" time="0.008"/>
  <testcase name="HSQLDB/Index - Structure - 10" classname="org.apache.jena.sdb.test.junit.QueryTestSDB" time="0.009"/>
  <testcase name="HSQLDB/Index - Quads-1" classname="org.apache.jena.sdb.test.junit.QueryTestSDB" time="0.014"/>
  <testcase name="HSQLDB/Index - Quads-2" classname="org.apache.jena.sdb.test.junit.QueryTestSDB" time="0.011"/>
  <testcase name="HSQLDB/Index - Quads-2a" classname="org.apache.jena.sdb.test.junit.QueryTestSDB" time="0.008"/>
  <testcase name="HSQLDB/Index - Merge-1" classname="org.apache.jena.sdb.test.junit.QueryTestSDB" time="0.014"/>
  <testcase name="HSQLDB/Index - Merge-2" classname="org.apache.jena.sdb.test.junit.QueryTestSDB" time="0.018"/>
  <testcase name="HSQLDB/Index - Merge-3" classname="org.apache.jena.sdb.test.junit.QueryTestSDB" time="0.011"/>
  <testcase name="HSQLDB/Index - Merge-4" classname="org.apache.jena.sdb.test.junit.QueryTestSDB" time="0.013"/>
  <testcase name="HSQLDB/Index - Merge-5" classname="org.apache.jena.sdb.test.junit.QueryTestSDB" time="0.049"/>
  <testcase name="HSQLDB/Index - Merge-6" classname="org.apache.jena.sdb.test.junit.QueryTestSDB" time="0.014"/>
  <testcase name="HSQLDB/Index - Merge-A" classname="org.apache.jena.sdb.test.junit.QueryTestSDB" time="0.017"/>
  <testcase name="HSQLDB/Index - Merge-B" classname="org.apache.jena.sdb.test.junit.QueryTestSDB" time="0.02"/>
  <testcase name="HSQLDB/Index - Slice 1" classname="org.apache.jena.sdb.test.junit.QueryTestSDB" time="0.008"/>
  <testcase name="HSQLDB/Index - Slice 2" classname="org.apache.jena.sdb.test.junit.QueryTestSDB" time="0.009"/>
  <testcase name="HSQLDB/Index - Slice 3" classname="org.apache.jena.sdb.test.junit.QueryTestSDB" time="0.01"/>
  <testcase name="HSQLDB/Index - Slice 4" classname="org.apache.jena.sdb.test.junit.QueryTestSDB" time="0.008"/>
  <testcase name="HSQLDB/Index - Slice 5" classname="org.apache.jena.sdb.test.junit.QueryTestSDB" time="0.012"/>
  <testcase name="HSQLDB/Index - Slice 6" classname="org.apache.jena.sdb.test.junit.QueryTestSDB" time="0.009"/>
  <testcase name="HSQLDB/Index - Distinct 1" classname="org.apache.jena.sdb.test.junit.QueryTestSDB" time="0.007"/>
  <testcase name="HSQLDB/Index - Distinct 2" classname="org.apache.jena.sdb.test.junit.QueryTestSDB" time="0.012"/>
  <testcase name="testUpdateScript1" classname="org.apache.jena.sdb.test.modify.TestSPARQLUpdate" time="0.025"/>
  <testcase name="testUpdateScript2" classname="org.apache.jena.sdb.test.modify.TestSPARQLUpdate" time="0.014"/>
  <testcase name="testUpdateScript3" classname="org.apache.jena.sdb.test.modify.TestSPARQLUpdate" time="0.016"/>
  <testcase name="testUpdateScript4" classname="org.apache.jena.sdb.test.modify.TestSPARQLUpdate" time="0.014"/>
  <testcase name="testUpdateScript5" classname="org.apache.jena.sdb.test.modify.TestSPARQLUpdate" time="0.014"/>
  <testcase name="testUpdateScript6" classname="org.apache.jena.sdb.test.modify.TestSPARQLUpdate" time="0.012"/>
  <testcase name="testUpdateScript7" classname="org.apache.jena.sdb.test.modify.TestSPARQLUpdate" time="0.016"/>
  <testcase name="testUpdateScript8" classname="org.apache.jena.sdb.test.modify.TestSPARQLUpdate" time="0.026"/>
  <testcase name="testDeleteData1" classname="org.apache.jena.sdb.test.modify.TestSPARQLUpdate" time="0.007"/>
  <testcase name="testDeleteData2" classname="org.apache.jena.sdb.test.modify.TestSPARQLUpdate" time="0.009"/>
  <testcase name="testCopy" classname="org.apache.jena.sdb.test.modify.TestSPARQLUpdate" time="0.066"/>
  <testcase name="testUpdateBad1" classname="org.apache.jena.sdb.test.modify.TestSPARQLUpdate" time="0.007"/>
  <testcase name="testUpdateBad2" classname="org.apache.jena.sdb.test.modify.TestSPARQLUpdate" time="0.02"/>
  <testcase name="testUpdateBad3" classname="org.apache.jena.sdb.test.modify.TestSPARQLUpdate" time="0.005"/>
  <testcase name="testInsertData1" classname="org.apache.jena.sdb.test.modify.TestSPARQLUpdate" time="0.013"/>
  <testcase name="testModifyInitialBindings" classname="org.apache.jena.sdb.test.modify.TestSPARQLUpdate" time="0.032"/>
  <testcase name="testModify1" classname="org.apache.jena.sdb.test.modify.TestSPARQLUpdate" time="0.019"/>
  <testcase name="testModify2" classname="org.apache.jena.sdb.test.modify.TestSPARQLUpdate" time="0.025"/>
  <testcase name="testDelete1" classname="org.apache.jena.sdb.test.modify.TestSPARQLUpdate" time="0.001"/>
  <testcase name="testDelete2" classname="org.apache.jena.sdb.test.modify.TestSPARQLUpdate" time="0.011"/>
  <testcase name="testDelete3" classname="org.apache.jena.sdb.test.modify.TestSPARQLUpdate" time="0.007"/>
  <testcase name="testDelete4" classname="org.apache.jena.sdb.test.modify.TestSPARQLUpdate" time="0.01"/>
  <testcase name="testDelete5" classname="org.apache.jena.sdb.test.modify.TestSPARQLUpdate" time="0.005"/>
  <testcase name="testInsert1" classname="org.apache.jena.sdb.test.modify.TestSPARQLUpdate" time="0.001"/>
  <testcase name="testInsert2" classname="org.apache.jena.sdb.test.modify.TestSPARQLUpdate" time="0.008"/>
  <testcase name="testInsert3" classname="org.apache.jena.sdb.test.modify.TestSPARQLUpdate" time="0.007"/>
  <testcase name="testInsert4" classname="org.apache.jena.sdb.test.modify.TestSPARQLUpdate" time="0.003"/>
  <testcase name="testCreateDrop1" classname="org.apache.jena.sdb.test.modify.TestSPARQLUpdateMgt" time="0.014"/>
  <testcase name="testCreateDrop2" classname="org.apache.jena.sdb.test.modify.TestSPARQLUpdateMgt" time="0.006"/>
  <testcase name="testCreateDrop3" classname="org.apache.jena.sdb.test.modify.TestSPARQLUpdateMgt" time="0.008"/>
  <testcase name="testCreateDrop4" classname="org.apache.jena.sdb.test.modify.TestSPARQLUpdateMgt" time="0.018"/>
</testsuite>